========================================================================================================================
Current random seed:  16
['Cost-', 'Score-', 'Idle-']
1. top6:[['1.0', '0.480146072095748', '0.20979020979020976'], ['1.0', '0.7354086739497404', '0.20512820512820507'], ['1.0', '0.5679691848059709', '0.8144796380090498'], ['1.0', '0.5075292121287752', '0.18761726078799248'], ['1.0', '0.592860696537856', '0.7692307692307692'], ['1.0', '0.7866022994501664', '0.4102564102564103']]
2. top50:[[['1.0', '0.480146072095748', '0.20979020979020976'], ['1.0', '0.7354086739497404', '0.20512820512820507'], ['1.0', '0.5679691848059709', '0.8144796380090498'], ['1.0', '0.5075292121287752', '0.18761726078799248'], ['1.0', '0.592860696537856', '0.7692307692307692'], ['1.0', '0.7866022994501664', '0.4102564102564103'], ['1.0', '0.34164570033407515', '0.1636661211129297'], ['1.0', '0.262439995959241', '0.0'], ['1.0', '0.5427846300636304', '0.4395604395604395'], ['1.0', '0.29266863074548244', '0.0'], ['1.0', '0.1476213542105785', '0.0'], ['1.0', '0.5377043431973513', '0.5465587044534412'], ['1.0', '0.7712744874911159', '0.7692307692307692'], ['1.0', '0.14394097835572725', '0.25641025641025633'], ['1.0', '0.87938570829424', '0.0'], ['1.0', '0.05753091565116957', '0.03344481605351168'], ['1.0', '0.3457657954574675', '0.6993006993006994'], ['1.0', '0.7697948568871563', '0.1538461538461538'], ['1.0', '0.3012958771182707', '0.0'], ['1.0', '0.1746775761675382', '0.0'], ['1.0', '0.4821867772202588', '0.170940170940171'], ['1.0', '0.1268304617590905', '0.0'], ['1.0', '0.4068509832017028', '0.6153846153846154'], ['1.0', '0.7029744496836556', '0.5594405594405595'], ['1.0', '0.6946935211688621', '0.09615384615384615'], ['1.0', '0.3699140182837288', '0.0'], ['1.0', '0.4379504564827494', '0.08205128205128207'], ['1.0', '0.6176367612052952', '0.6440071556350625'], ['1.0', '0.20962888540386274', '0.23076923076923078'], ['1.0', '0.7077277509351874', '0.32967032967032966'], ['1.0', '0.45093714630972703', '0.4733727810650888'], ['1.0', '0.798544866247378', '0.7977207977207978'], ['1.0', '0.880554795300196', '0.879120879120879'], ['1.0', '0.13023297523521035', '0.8333333333333334'], ['1.0', '0.3306265159301931', '0.8547008547008547'], ['1.0', '0.6440982701530296', '0.1923076923076923'], ['1.0', '0.4069295813894458', '0.0'], ['1.0', '0.3692003632677576', '0.25641025641025633'], ['1.0', '0.7640056181142776', '0.1538461538461538'], ['1.0', '0.7487716915548084', '0.35164835164835156'], ['1.0', '0.19444974871963347', '0.0'], ['1.0', '0.6285133842751442', '0.27972027972027963'], ['1.0', '0.6627626994509423', '0.717948717948718'], ['1.0', '0.7203331881966777', '0.6593406593406593'], ['1.0', '0.8433762724450603', '0.7100591715976331'], ['1.0', '0.7336061117546132', '0.45503791982665226'], ['1.0', '0.6354013641842751', '0.1923076923076923'], ['1.0', '0.22982045893956948', '0.0'], ['1.0', '0.3145004344109713', '0.0'], ['1.0', '0.40880561347065636', '0.4395604395604395']]]
3. most: ['1.0', '0.0', '0.0']
4: rand:[1.         0.48032994 0.56464358]
4: rand:[1.         0.39721405 0.53186093]
4: rand:[1.         0.55318647 0.20030268]
4: rand:[1.         0.44896637 0.42231265]
4: rand:[1.         0.44880036 0.43461398]
4: rand:[1.         0.49203672 0.37251715]
4: rand:[1.         0.57014312 0.39007302]
4: rand:[1.         0.58875734 0.25333047]
4: rand:[1.         0.41177503 0.38605984]
4: rand:[1.         0.44571771 0.22479581]
5: mid: [1.0, 0.49473970700452974, 0.22425482543629488]
5: mid: [1.0, 0.46352285018841355, 0.23681891437302727]
5: mid: [1.0, 0.5685623294831416, 0.269204536033745]
5: mid: [1.0, 0.5068530304569641, 0.34493040529655994]
5: mid: [1.0, 0.556126072126397, 0.4043806741160019]
5: mid: [1.0, 0.5209170542360484, 0.42413773078878286]
5: mid: [1.0, 0.5299253316451983, 0.40383236098160735]
5: mid: [1.0, 0.5747059828808211, 0.30819215327258404]
5: mid: [1.0, 0.6250681296979527, 0.31261695652421617]
5: mid: [1.0, 0.42846118128944466, 0.4433317364257744]

Time Taken to run SVM on the dataset = 0.4393599033355713
========================================================================================================================
========================================================================================================================
Current random seed:  53
['Cost-', 'Score-', 'Idle-']
1. top6:[['1.0', '0.3904238667867794', '0.521978021978022'], ['1.0', '0.7584343349788741', '0.7040417209908735'], ['1.0', '0.6632710240628423', '0.6993006993006994'], ['1.0', '0.8212040826483523', '0.3365384615384615'], ['1.0', '0.19444974871963347', '0.0'], ['1.0', '0.8164699202045018', '0.7818411097099621']]
2. top50:[[['1.0', '0.3904238667867794', '0.521978021978022'], ['1.0', '0.7584343349788741', '0.7040417209908735'], ['1.0', '0.6632710240628423', '0.6993006993006994'], ['1.0', '0.8212040826483523', '0.3365384615384615'], ['1.0', '0.19444974871963347', '0.0'], ['1.0', '0.8164699202045018', '0.7818411097099621'], ['1.0', '0.5377043431973513', '0.5465587044534412'], ['1.0', '0.6953332015367253', '0.7357859531772575'], ['1.0', '0.6569367147991267', '0.0'], ['1.0', '0.36661846669465137', '0.21978021978021983'], ['1.0', '0.47125251260124523', '0.6552706552706552'], ['1.0', '0.5827997601026579', '0.5594405594405595'], ['1.0', '0.6346283506280187', '0.5128205128205129'], ['1.0', '1.0', '0.1923076923076923'], ['1.0', '0.38320303682280565', '0.6153846153846154'], ['1.0', '0.8085560424167252', '0.12307692307692301'], ['1.0', '0.7690112891447416', '0.7692307692307692'], ['1.0', '0.7077277509351874', '0.32967032967032966'], ['1.0', '0.39602782500178396', '0.46703296703296704'], ['1.0', '0.20050018323646868', '1.0'], ['1.0', '0.6231526321772047', '0.6923076923076922'], ['1.0', '0.5668719749699502', '0.9049773755656109'], ['1.0', '0.25613525108535146', '0.0'], ['1.0', '0.29798920223771175', '0.0'], ['1.0', '0.35995050128362954', '0.4682274247491639'], ['1.0', '0.8286474702541661', '0.0854700854700855'], ['1.0', '0.7029744496836556', '0.5594405594405595'], ['1.0', '0.3923424733362719', '0.9049773755656109'], ['1.0', '0.5110019137580363', '0.0'], ['1.0', '0.5452423767973638', '0.3525641025641025'], ['1.0', '0.5538339767733886', '0.6877828054298641'], ['1.0', '0.18354371151845558', '0.7692307692307692'], ['1.0', '0.3499359149841855', '0.5728314238952538'], ['1.0', '0.770718137335216', '0.6029106029106028'], ['1.0', '0.583803635473612', '0.3550295857988165'], ['1.0', '0.6068849464091599', '0.0'], ['1.0', '0.221033911726927', '0.3001876172607879'], ['1.0', '0.5826903497929555', '0.0'], ['1.0', '0.6772998275618652', '0.606060606060606'], ['1.0', '0.2612584532488408', '0.0'], ['1.0', '0.5477912414179767', '0.8026755852842808'], ['1.0', '0.5059896922634238', '0.5128205128205129'], ['1.0', '0.7917048844199869', '0.25641025641025633'], ['1.0', '0.3880871290947411', '0.19851116625310172'], ['1.0', '0.7505642783068296', '0.0'], ['1.0', '0.3222638452588592', '0.31558185404339256'], ['1.0', '0.3949422390867544', '0.0'], ['1.0', '0.6445330053258813', '0.3619909502262444'], ['1.0', '0.6098590052398374', '0.6706114398422091'], ['1.0', '0.13023297523521035', '0.8333333333333334']]]
3. most: ['1.0', '0.0', '0.0']
4: rand:[1.        0.3926066 0.3989344]
4: rand:[1.         0.31111065 0.11904762]
4: rand:[1.         0.49796365 0.31797334]
4: rand:[1.         0.42810354 0.2200395 ]
4: rand:[1.         0.47441993 0.38149457]
4: rand:[1.         0.65122114 0.29401344]
4: rand:[1.         0.60971104 0.3819842 ]
4: rand:[1.         0.54873078 0.53373471]
4: rand:[1.         0.58540537 0.39446925]
4: rand:[1.         0.45816599 0.30093277]
5: mid: [1.0, 0.4855141326749337, 0.3429005945564447]
5: mid: [1.0, 0.5563002914010119, 0.3328860336933245]
5: mid: [1.0, 0.5203070049706431, 0.30319691001283083]
5: mid: [1.0, 0.49021747605825167, 0.4091964553183709]
5: mid: [1.0, 0.4634289900815096, 0.326989202070555]
5: mid: [1.0, 0.4878816849560367, 0.37762165986841817]
5: mid: [1.0, 0.49331202967077287, 0.46057802608836607]
5: mid: [1.0, 0.5858908505610383, 0.4906556842148235]
5: mid: [1.0, 0.5144125333803976, 0.48910085609534143]
5: mid: [1.0, 0.5174882567070263, 0.5209732820312515]

Time Taken to run SVM on the dataset = 0.44585704803466797
========================================================================================================================
========================================================================================================================
Current random seed:  75
['Cost-', 'Score-', 'Idle-']
1. top6:[['1.0', '0.2631996845074287', '0.0'], ['1.0', '0.5787467111903812', '0.8888888888888887'], ['1.0', '0.6977034064062189', '0.34188034188034183'], ['1.0', '1.0', '0.1923076923076923'], ['1.0', '0.48228736413722373', '0.32258064516129037'], ['1.0', '0.5774480295746028', '0.3076923076923076']]
2. top50:[[['1.0', '0.2631996845074287', '0.0'], ['1.0', '0.5787467111903812', '0.8888888888888887'], ['1.0', '0.6977034064062189', '0.34188034188034183'], ['1.0', '1.0', '0.1923076923076923'], ['1.0', '0.48228736413722373', '0.32258064516129037'], ['1.0', '0.5774480295746028', '0.3076923076923076'], ['1.0', '0.329700874000569', '0.5429864253393665'], ['1.0', '0.32613088209056096', '0.661703887510339'], ['1.0', '0.3758249122834642', '0.4347826086956522'], ['1.0', '0.7584343349788741', '0.7040417209908735'], ['1.0', '0.749248483544642', '0.0'], ['1.0', '0.22982045893956948', '0.0'], ['1.0', '0.3152991911410498', '0.1183431952662721'], ['1.0', '0.3072906257806875', '0.8026755852842808'], ['1.0', '0.5110019137580363', '0.0'], ['1.0', '0.6723206519504132', '0.3139717425431711'], ['1.0', '0.8286474702541661', '0.0854700854700855'], ['1.0', '0.7420027608764279', '0.21978021978021983'], ['1.0', '0.5584483473568504', '0.5874125874125874'], ['1.0', '0.4867365396831092', '0.45028142589118203'], ['1.0', '0.5668719749699502', '0.9049773755656109'], ['1.0', '0.6102207964175518', '0.5570291777188328'], ['1.0', '0.5536558163909621', '0.32967032967032966'], ['1.0', '0.38487068646085026', '0.0'], ['1.0', '0.7917048844199869', '0.25641025641025633'], ['1.0', '0.5538339767733886', '0.6877828054298641'], ['1.0', '0.6545481622094188', '0.0'], ['1.0', '0.3472611107815701', '0.0'], ['1.0', '0.6857033128038623', '0.1465201465201465'], ['1.0', '0.2925605122531943', '0.0'], ['1.0', '0.3890818587978395', '0.043956043956043966'], ['1.0', '0.4271129200750352', '0.5690200210748156'], ['1.0', '1.0', '0.8097165991902835'], ['1.0', '0.7380376697287494', '0.1398601398601399'], ['1.0', '0.24003718621802317', '0.0'], ['1.0', '0.6440982701530296', '0.1923076923076923'], ['1.0', '0.7505642783068296', '0.0'], ['1.0', '0.6682050934090065', '0.3496503496503497'], ['1.0', '0.46647734496501664', '0.1809954751131222'], ['1.0', '0.5427846300636304', '0.4395604395604395'], ['1.0', '0.7640056181142776', '0.1538461538461538'], ['1.0', '0.758185836892483', '0.06410256410256404'], ['1.0', '0.18477043916602306', '0.41958041958041953'], ['1.0', '0.42571039339676753', '0.22624434389140274'], ['1.0', '0.605856413697872', '0.6688963210702341'], ['1.0', '0.7521304584709575', '0.0'], ['1.0', '0.3970743667154215', '0.5039787798408488'], ['1.0', '0.770718137335216', '0.6029106029106028'], ['1.0', '0.29798920223771175', '0.0'], ['1.0', '0.6719034275105294', '0.05698005698005706']]]
3. most: ['1.0', '0.0', '0.0']
4: rand:[1.         0.34113445 0.61448656]
4: rand:[1.         0.5583723  0.23695844]
4: rand:[1.         0.56542978 0.27847567]
4: rand:[1.         0.3776697  0.33890597]
4: rand:[1.         0.49455665 0.46421   ]
4: rand:[1.         0.45698691 0.20316915]
4: rand:[1.         0.4434116  0.47245087]
4: rand:[1.         0.5000048  0.52609299]
4: rand:[1.         0.50577607 0.33306115]
4: rand:[1.         0.49359635 0.20329572]
5: mid: [1.0, 0.5198434473532664, 0.39039432106814764]
5: mid: [1.0, 0.6097132011393938, 0.493343686952241]
5: mid: [1.0, 0.48636531364838376, 0.43729241865320756]
5: mid: [1.0, 0.6418884934766451, 0.3988892158443934]
5: mid: [1.0, 0.5762590874094144, 0.2733399505356817]
5: mid: [1.0, 0.5377007211818198, 0.28483930559227516]
5: mid: [1.0, 0.47190849309337274, 0.3916228734318973]
5: mid: [1.0, 0.6024667265069324, 0.342480335663713]
5: mid: [1.0, 0.48347373335155447, 0.4033567013933694]
5: mid: [1.0, 0.5034977101567997, 0.4206390013187961]

Time Taken to run SVM on the dataset = 0.42143893241882324
========================================================================================================================
========================================================================================================================
Current random seed:  65
['Cost-', 'Score-', 'Idle-']
1. top6:[['1.0', '0.3277829987722747', '0.8097165991902835'], ['1.0', '0.6416395428159419', '0.7692307692307692'], ['1.0', '0.5059896922634238', '0.5128205128205129'], ['1.0', '0.32613088209056096', '0.661703887510339'], ['1.0', '0.5102355345875842', '0.3505355404089581'], ['1.0', '0.20962888540386274', '0.23076923076923078']]
2. top50:[[['1.0', '0.3277829987722747', '0.8097165991902835'], ['1.0', '0.6416395428159419', '0.7692307692307692'], ['1.0', '0.5059896922634238', '0.5128205128205129'], ['1.0', '0.32613088209056096', '0.661703887510339'], ['1.0', '0.5102355345875842', '0.3505355404089581'], ['1.0', '0.20962888540386274', '0.23076923076923078'], ['1.0', '0.8218177062832158', '0.8547008547008547'], ['1.0', '0.25933839393850205', '0.32967032967032966'], ['1.0', '0.15461323190537787', '0.3076923076923076'], ['1.0', '0.48477563403249097', '0.641025641025641'], ['1.0', '0.6689209448196212', '0.717948717948718'], ['1.0', '0.22982045893956948', '0.0'], ['1.0', '0.4526244605620998', '0.7165437302423603'], ['1.0', '0.7671733048653127', '0.2393162393162393'], ['1.0', '0.6090624358009551', '0.39702233250620345'], ['1.0', '0.6977034064062189', '0.34188034188034183'], ['1.0', '0.7553006319640158', '0.0'], ['1.0', '0.6321766155695037', '0.0'], ['1.0', '0.32385477752223957', '0.21978021978021983'], ['1.0', '0.35445866928569614', '0.0'], ['1.0', '0.4419826195182264', '0.04048582995951412'], ['1.0', '0.11335801349061252', '0.7438715131022823'], ['1.0', '0.3546438930467601', '0.0'], ['1.0', '0.6719034275105294', '0.05698005698005706'], ['1.0', '0.7499329043436751', '0.1538461538461538'], ['1.0', '0.3152991911410498', '0.1183431952662721'], ['1.0', '0.3652747605528516', '0.3278688524590164'], ['1.0', '0.6146181919159853', '0.12820512820512825'], ['1.0', '0.4910568666804687', '0.3001876172607879'], ['1.0', '0.2745871218744137', '0.8974358974358972'], ['1.0', '0.22581380666604012', '0.9557109557109557'], ['1.0', '0.25834925183298235', '0.05698005698005706'], ['1.0', '0.5110019137580363', '0.0'], ['1.0', '0.4795165357398858', '0.3479853479853479'], ['1.0', '0.7690112891447416', '0.7692307692307692'], ['1.0', '0.5224741065745377', '0.3496503496503497'], ['1.0', '0.7757873037614771', '0.1923076923076923'], ['1.0', '0.7803550473448094', '0.27613412228796846'], ['1.0', '0.4717716628211696', '0.42440318302387264'], ['1.0', '0.8807399320451058', '0.3076923076923076'], ['1.0', '0.221033911726927', '0.3001876172607879'], ['1.0', '0.7136847698597026', '0.49346879535558785'], ['1.0', '0.5826903497929555', '0.0'], ['1.0', '0.4023211270851974', '0.9401709401709402'], ['1.0', '0.5639006394215135', '0.0'], ['1.0', '0.7794125993370673', '0.7472527472527473'], ['1.0', '0.11098560883627881', '0.7692307692307692'], ['1.0', '0.3593118273092826', '0.3238866396761133'], ['1.0', '0.849204112769148', '0.5128205128205129'], ['1.0', '0.6474505064005825', '0.5200433369447454']]]
3. most: ['1.0', '0.0', '0.0']
4: rand:[1.         0.40738251 0.36725912]
4: rand:[1.         0.58045931 0.45388462]
4: rand:[1.         0.53385361 0.35226383]
4: rand:[1.         0.66101264 0.35223354]
4: rand:[1.         0.37396563 0.32197557]
4: rand:[1.         0.40440233 0.34587855]
4: rand:[1.         0.45780205 0.3719439 ]
4: rand:[1.         0.36808001 0.35807765]
4: rand:[1.         0.54304169 0.33315564]
4: rand:[1.         0.42591759 0.3870223 ]
5: mid: [1.0, 0.5947145728577035, 0.39180605441053085]
5: mid: [1.0, 0.5204137238189014, 0.34913785986921614]
5: mid: [1.0, 0.43321296259567327, 0.40511742349672836]
5: mid: [1.0, 0.5645179020955403, 0.35994411812157157]
5: mid: [1.0, 0.44931897889165723, 0.34543322994035125]
5: mid: [1.0, 0.4530361787181867, 0.4570554630723636]
5: mid: [1.0, 0.5799580757814274, 0.14440344400424995]
5: mid: [1.0, 0.5733484765133936, 0.40043052556156256]
5: mid: [1.0, 0.49533197373741933, 0.4381437063886859]
5: mid: [1.0, 0.5541443314580637, 0.3850371486548423]

Time Taken to run SVM on the dataset = 0.4138529300689697
========================================================================================================================
========================================================================================================================
Current random seed:  4
['Cost-', 'Score-', 'Idle-']
1. top6:[['1.0', '0.7834265803732801', '0.4023668639053254'], ['1.0', '0.4401818684126407', '0.1183431952662721'], ['1.0', '0.7638893891658647', '0.28846153846153844'], ['1.0', '0.6108628109699409', '0.1431127012522362'], ['1.0', '0.3179662076551596', '0.0'], ['1.0', '0.6676965808112953', '0.4395604395604395']]
2. top50:[[['1.0', '0.7834265803732801', '0.4023668639053254'], ['1.0', '0.4401818684126407', '0.1183431952662721'], ['1.0', '0.7638893891658647', '0.28846153846153844'], ['1.0', '0.6108628109699409', '0.1431127012522362'], ['1.0', '0.3179662076551596', '0.0'], ['1.0', '0.6676965808112953', '0.4395604395604395'], ['1.0', '0.07820385163066285', '1.0'], ['1.0', '0.49065684589020403', '0.5384615384615384'], ['1.0', '0.14765456183417688', '0.651890482398957'], ['1.0', '0.798544866247378', '0.7977207977207978'], ['1.0', '0.1611757348253099', '1.0'], ['1.0', '0.31787732283247955', '0.5594405594405595'], ['1.0', '0.7781690498884826', '0.7100591715976331'], ['1.0', '0.45194858434137414', '0.21367521367521358'], ['1.0', '0.6129643161335658', '0.6108597285067874'], ['1.0', '0.2612584532488408', '0.0'], ['1.0', '0.6831392895210867', '0.0'], ['1.0', '0.05753091565116957', '0.03344481605351168'], ['1.0', '0.47125251260124523', '0.6552706552706552'], ['1.0', '0.7503769896852218', '0.879120879120879'], ['1.0', '0.5827997601026579', '0.5594405594405595'], ['1.0', '0.4461372725456996', '0.41958041958041953'], ['1.0', '0.348828778300268', '0.1923076923076923'], ['1.0', '0.9059911788333866', '0.588235294117647'], ['1.0', '0.37894525915906585', '0.5668016194331984'], ['1.0', '0.7036200040102367', '0.6203473945409429'], ['1.0', '0.7805227266669038', '0.4395604395604395'], ['1.0', '0.2718164123527708', '0.170940170940171'], ['1.0', '0.9010521476593695', '0.32967032967032966'], ['1.0', '0.554698103922434', '0.10989010989010983'], ['1.0', '0.7755650008593371', '0.3496503496503497'], ['1.0', '0.3306265159301931', '0.8547008547008547'], ['1.0', '0.35995050128362954', '0.4682274247491639'], ['1.0', '0.25097139726746226', '0.8391608391608391'], ['1.0', '0.6735251570016997', '0.6219312602291326'], ['1.0', '0.5467651078632411', '0.4158004158004158'], ['1.0', '0.5969011828340985', '0.7201309328968903'], ['1.0', '0.3699140182837288', '0.0'], ['1.0', '0.30546790416053826', '0.2692307692307693'], ['1.0', '0.80697142286253', '0.6947890818858561'], ['1.0', '0.5692465870687105', '0.32967032967032966'], ['1.0', '0.3019333301964308', '0.0'], ['1.0', '0.29266863074548244', '0.0'], ['1.0', '0.46805223866764195', '0.590094836670179'], ['1.0', '0.6431427430091511', '0.2714932126696833'], ['1.0', '0.46816258467750477', '0.5594405594405595'], ['1.0', '0.27528164664902044', '0.4524886877828053'], ['1.0', '0.5102355345875842', '0.3505355404089581'], ['1.0', '0.6440982701530296', '0.1923076923076923'], ['1.0', '0.33555165919307156', '0.0']]]
3. most: ['1.0', '0.0', '0.0']
4: rand:[1.         0.57939299 0.45961571]
4: rand:[1.         0.50662729 0.12568375]
4: rand:[1.         0.55485185 0.5171873 ]
4: rand:[1.         0.45279276 0.47750349]
4: rand:[1.         0.60129483 0.36969098]
4: rand:[1.         0.48584198 0.28373478]
4: rand:[1.         0.57008954 0.45970771]
4: rand:[1.         0.45486832 0.5779993 ]
4: rand:[1.         0.54651924 0.24574966]
4: rand:[1.         0.40051444 0.39018504]
5: mid: [1.0, 0.5406732661211108, 0.2833527482525335]
5: mid: [1.0, 0.5910056927569789, 0.2538741792650764]
5: mid: [1.0, 0.4619108206138539, 0.4320509046352112]
5: mid: [1.0, 0.5665194173536611, 0.2155102854175698]
5: mid: [1.0, 0.4661410306554795, 0.2772891246368392]
5: mid: [1.0, 0.4984687045742039, 0.29460018254366843]
5: mid: [1.0, 0.4668006299621105, 0.4036741223530298]
5: mid: [1.0, 0.5006179211539116, 0.3510883686443726]
5: mid: [1.0, 0.43944835692271056, 0.206235889698411]
5: mid: [1.0, 0.46230334967516656, 0.3182658125982895]

Time Taken to run SVM on the dataset = 0.424191951751709
========================================================================================================================
========================================================================================================================
Current random seed:  57
['Cost-', 'Score-', 'Idle-']
1. top6:[['1.0', '0.48228736413722373', '0.32258064516129037'], ['1.0', '0.4023211270851974', '0.9401709401709402'], ['1.0', '0.2800029532666239', '0.0'], ['1.0', '0.5166852061557006', '0.1923076923076923'], ['1.0', '0.40569523476085767', '0.0'], ['1.0', '0.6321766155695037', '0.0']]
2. top50:[[['1.0', '0.48228736413722373', '0.32258064516129037'], ['1.0', '0.4023211270851974', '0.9401709401709402'], ['1.0', '0.2800029532666239', '0.0'], ['1.0', '0.5166852061557006', '0.1923076923076923'], ['1.0', '0.40569523476085767', '0.0'], ['1.0', '0.6321766155695037', '0.0'], ['1.0', '0.32613088209056096', '0.661703887510339'], ['1.0', '0.32123902556358636', '0.0'], ['1.0', '0.0', '0.0'], ['1.0', '0.45194858434137414', '0.21367521367521358'], ['1.0', '0.6977034064062189', '0.34188034188034183'], ['1.0', '0.87938570829424', '0.0'], ['1.0', '0.28769369170942544', '0.10256410256410253'], ['1.0', '0.4410325122866526', '0.5668016194331984'], ['1.0', '0.758185836892483', '0.06410256410256404'], ['1.0', '0.798544866247378', '0.7977207977207978'], ['1.0', '0.801543949499575', '0.08097165991902842'], ['1.0', '0.4186509473202861', '0.10033444816053505'], ['1.0', '0.5969011828340985', '0.7201309328968903'], ['1.0', '0.20705161795999652', '0.9846153846153846'], ['1.0', '0.6858407929999158', '0.0'], ['1.0', '0.6240976148753099', '0.7459207459207459'], ['1.0', '0.46816258467750477', '0.5594405594405595'], ['1.0', '0.25097139726746226', '0.8391608391608391'], ['1.0', '0.4711888678260311', '0.7239819004524887'], ['1.0', '0.5691487736882886', '0.6153846153846154'], ['1.0', '0.7499329043436751', '0.1538461538461538'], ['1.0', '0.8286474702541661', '0.0854700854700855'], ['1.0', '0.8730166604829818', '0.25641025641025633'], ['1.0', '0.5787467111903812', '0.8888888888888887'], ['1.0', '0.605856413697872', '0.6688963210702341'], ['1.0', '0.6682050934090065', '0.3496503496503497'], ['1.0', '0.25776827966543364', '0.0'], ['1.0', '0.3449787911919208', '0.170940170940171'], ['1.0', '0.8875018801469786', '0.0'], ['1.0', '0.5477912414179767', '0.8026755852842808'], ['1.0', '0.3904238667867794', '0.521978021978022'], ['1.0', '0.6843160700033423', '0.4487179487179486'], ['1.0', '0.6690569875103075', '0.48582995951417'], ['1.0', '0.4068509832017028', '0.6153846153846154'], ['1.0', '0.34587909703489417', '0.1538461538461538'], ['1.0', '0.3974682180119476', '0.5128205128205129'], ['1.0', '0.207110521300371', '0.0'], ['1.0', '0.07820385163066285', '1.0'], ['1.0', '0.3072906257806875', '0.8026755852842808'], ['1.0', '0.9397859415275274', '0.6923076923076922'], ['1.0', '0.4480424653448664', '0.8653846153846153'], ['1.0', '0.3880871290947411', '0.19851116625310172'], ['1.0', '0.37095690076345533', '0.8717948717948717'], ['1.0', '0.5647030815883203', '0.0']]]
3. most: ['1.0', '0.0', '0.0']
4: rand:[1.         0.60098766 0.34822775]
4: rand:[1.         0.61903225 0.2266376 ]
4: rand:[1.         0.4572196  0.40336241]
4: rand:[1.         0.47485518 0.23123103]
4: rand:[1.         0.47725656 0.29009222]
4: rand:[1.         0.42662928 0.38662392]
4: rand:[1.         0.46985717 0.2999051 ]
4: rand:[1.         0.52583528 0.49506698]
4: rand:[1.         0.47042979 0.43555034]
4: rand:[1.         0.51736455 0.32400896]
5: mid: [1.0, 0.41319674196973877, 0.2641474201716928]
5: mid: [1.0, 0.3839245272453026, 0.28302628331898305]
5: mid: [1.0, 0.5344286201921649, 0.3472588369626874]
5: mid: [1.0, 0.6210641856251621, 0.3420572709897213]
5: mid: [1.0, 0.5612615730243459, 0.3849623147563955]
5: mid: [1.0, 0.5201844642376185, 0.31016761462772025]
5: mid: [1.0, 0.5068681739161821, 0.23349534595091725]
5: mid: [1.0, 0.4863334307268803, 0.23024785929253863]
5: mid: [1.0, 0.43089153360495797, 0.2721131444581275]
5: mid: [1.0, 0.46109825220077744, 0.462287767631702]

Time Taken to run SVM on the dataset = 0.4221827983856201
========================================================================================================================
========================================================================================================================
Current random seed:  88
['Cost-', 'Score-', 'Idle-']
1. top6:[['1.0', '0.4711888678260311', '0.7239819004524887'], ['1.0', '0.5059896922634238', '0.5128205128205129'], ['1.0', '0.7478309728782464', '0.6293706293706293'], ['1.0', '0.6445330053258813', '0.3619909502262444'], ['1.0', '0.34587909703489417', '0.1538461538461538'], ['1.0', '0.5896256466849873', '0.9743589743589742']]
2. top50:[[['1.0', '0.4711888678260311', '0.7239819004524887'], ['1.0', '0.5059896922634238', '0.5128205128205129'], ['1.0', '0.7478309728782464', '0.6293706293706293'], ['1.0', '0.6445330053258813', '0.3619909502262444'], ['1.0', '0.34587909703489417', '0.1538461538461538'], ['1.0', '0.5896256466849873', '0.9743589743589742'], ['1.0', '0.6627626994509423', '0.717948717948718'], ['1.0', '0.209191359116642', '0.3001876172607879'], ['1.0', '0.613206310454743', '0.641025641025641'], ['1.0', '0.329700874000569', '0.5429864253393665'], ['1.0', '0.5766789994958976', '0.49773755656108587'], ['1.0', '0.24844284733630256', '0.8191808191808193'], ['1.0', '0.7584343349788741', '0.7040417209908735'], ['1.0', '0.29796078138177723', '0.6627218934911243'], ['1.0', '0.7803550473448094', '0.27613412228796846'], ['1.0', '0.7487716915548084', '0.35164835164835156'], ['1.0', '0.5224741065745377', '0.3496503496503497'], ['1.0', '0.7336061117546132', '0.45503791982665226'], ['1.0', '0.3810821947895189', '0.0'], ['1.0', '0.29801056900759265', '0.0'], ['1.0', '0.6843160700033423', '0.4487179487179486'], ['1.0', '0.6946935211688621', '0.09615384615384615'], ['1.0', '0.9059911788333866', '0.588235294117647'], ['1.0', '0.48477563403249097', '0.641025641025641'], ['1.0', '0.4525475965337757', '0.7100591715976331'], ['1.0', '0.512469386561524', '0.0'], ['1.0', '0.5264535287934978', '0.06410256410256404'], ['1.0', '0.6977034064062189', '0.34188034188034183'], ['1.0', '0.6569367147991267', '0.0'], ['1.0', '0.31300629118403783', '0.6366047745358091'], ['1.0', '0.4141960943252494', '0.2626641651031896'], ['1.0', '0.5454218411819367', '0.1923076923076923'], ['1.0', '0.26835685462037756', '0.0'], ['1.0', '0.7671733048653127', '0.2393162393162393'], ['1.0', '0.40215973302195746', '0.621301775147929'], ['1.0', '0.33555165919307156', '0.0'], ['1.0', '0.6831392895210867', '0.0'], ['1.0', '0.13023297523521035', '0.8333333333333334'], ['1.0', '0.22107427126061763', '0.21978021978021983'], ['1.0', '0.1646657496863521', '0.0'], ['1.0', '0.6431427430091511', '0.2714932126696833'], ['1.0', '0.770718137335216', '0.6029106029106028'], ['1.0', '0.20962888540386274', '0.23076923076923078'], ['1.0', '0.5647030815883203', '0.0'], ['1.0', '0.8051439971479067', '0.8284023668639052'], ['1.0', '0.7834265803732801', '0.4023668639053254'], ['1.0', '0.5477912414179767', '0.8026755852842808'], ['1.0', '0.20914969458975452', '0.25641025641025633'], ['1.0', '1.0', '0.1923076923076923'], ['1.0', '0.6401264486920509', '0.641025641025641']]]
3. most: ['1.0', '0.0', '0.0']
4: rand:[1.         0.59250218 0.23155527]
4: rand:[1.         0.63599422 0.42446279]
4: rand:[1.         0.52709946 0.41597323]
4: rand:[1.         0.5502506  0.37514929]
4: rand:[1.         0.46513944 0.47528292]
4: rand:[1.         0.49189843 0.39418094]
4: rand:[1.         0.40047591 0.28892051]
4: rand:[1.         0.48848234 0.23284738]
4: rand:[1.         0.54030376 0.44391113]
4: rand:[1.         0.43598264 0.28877286]
5: mid: [1.0, 0.46353648056664915, 0.3707121419381025]
5: mid: [1.0, 0.4052741020242383, 0.3513488558684445]
5: mid: [1.0, 0.5210249794007893, 0.33869011774312885]
5: mid: [1.0, 0.5461742953721398, 0.3542953207803064]
5: mid: [1.0, 0.4473027474105552, 0.3771576198732108]
5: mid: [1.0, 0.4833411843081182, 0.3558170311430216]
5: mid: [1.0, 0.4723594973071077, 0.366990922679996]
5: mid: [1.0, 0.45881066171036755, 0.32800325035948374]
5: mid: [1.0, 0.4169544813388452, 0.25227020322827176]
5: mid: [1.0, 0.44845089732454696, 0.27149454306059956]

Time Taken to run SVM on the dataset = 0.43910813331604004
========================================================================================================================
========================================================================================================================
Current random seed:  71
['Cost-', 'Score-', 'Idle-']
1. top6:[['1.0', '0.512469386561524', '0.0'], ['1.0', '0.24189865306631428', '0.170940170940171'], ['1.0', '0.3803323342744152', '0.5314685314685315'], ['1.0', '0.7757873037614771', '0.1923076923076923'], ['1.0', '0.24844284733630256', '0.8191808191808193'], ['1.0', '0.3546438930467601', '0.0']]
2. top50:[[['1.0', '0.512469386561524', '0.0'], ['1.0', '0.24189865306631428', '0.170940170940171'], ['1.0', '0.3803323342744152', '0.5314685314685315'], ['1.0', '0.7757873037614771', '0.1923076923076923'], ['1.0', '0.24844284733630256', '0.8191808191808193'], ['1.0', '0.3546438930467601', '0.0'], ['1.0', '0.07820385163066285', '1.0'], ['1.0', '0.4867365396831092', '0.45028142589118203'], ['1.0', '0.3472611107815701', '0.0'], ['1.0', '0.9433503644843023', '0.0'], ['1.0', '0.7805227266669038', '0.4395604395604395'], ['1.0', '0.27528164664902044', '0.4524886877828053'], ['1.0', '0.8919492660227205', '0.5128205128205129'], ['1.0', '0.704129502333454', '0.32967032967032966'], ['1.0', '0.3923424733362719', '0.9049773755656109'], ['1.0', '0.20063288119672668', '0.523076923076923'], ['1.0', '0.5467651078632411', '0.4158004158004158'], ['1.0', '0.7512299593920883', '0.4081632653061224'], ['1.0', '0.10387830287284644', '0.0'], ['1.0', '0.8875018801469786', '0.0'], ['1.0', '0.5584483473568504', '0.5874125874125874'], ['1.0', '0.613206310454743', '0.641025641025641'], ['1.0', '0.11098560883627881', '0.7692307692307692'], ['1.0', '0.1646657496863521', '0.0'], ['1.0', '0.1746775761675382', '0.0'], ['1.0', '0.25933839393850205', '0.32967032967032966'], ['1.0', '0.2915698381094367', '0.717948717948718'], ['1.0', '0.4551602788733679', '0.15009380863039395'], ['1.0', '0.24003718621802317', '0.0'], ['1.0', '0.5477912414179767', '0.8026755852842808'], ['1.0', '0.1344596885499091', '0.21978021978021983'], ['1.0', '0.39602782500178396', '0.46703296703296704'], ['1.0', '0.46798776179872575', '0.7894736842105262'], ['1.0', '0.6440982701530296', '0.1923076923076923'], ['1.0', '0.8085560424167252', '0.12307692307692301'], ['1.0', '0.7816883421582552', '0.8284023668639052'], ['1.0', '0.46015855832201363', '0.6293706293706293'], ['1.0', '0.6005817166534122', '0.10256410256410253'], ['1.0', '0.7478309728782464', '0.6293706293706293'], ['1.0', '0.60936411877702', '0.8097165991902835'], ['1.0', '0.32123902556358636', '0.0'], ['1.0', '0.5546217917664612', '0.10989010989010983'], ['1.0', '0.6768863452329472', '0.25641025641025633'], ['1.0', '0.6977034064062189', '0.34188034188034183'], ['1.0', '0.34164570033407515', '0.1636661211129297'], ['1.0', '0.4892682775304377', '0.8058608058608059'], ['1.0', '0.06797865376170427', '0.0'], ['1.0', '0.798544866247378', '0.7977207977207978'], ['1.0', '0.5759389753775342', '0.9615384615384615'], ['1.0', '0.5166852061557006', '0.1923076923076923']]]
3. most: ['1.0', '0.0', '0.0']
4: rand:[1.         0.5967845  0.34307199]
4: rand:[1.         0.62128599 0.38298148]
4: rand:[1.         0.40487973 0.63071584]
4: rand:[1.         0.34440878 0.38724486]
4: rand:[1.         0.48440663 0.22562739]
4: rand:[1.         0.65509037 0.45934066]
4: rand:[1.         0.53912594 0.37861583]
4: rand:[1.         0.50296105 0.32694578]
4: rand:[1.         0.51788394 0.4309592 ]
4: rand:[1.         0.55883542 0.27790869]
5: mid: [1.0, 0.45591210717348407, 0.01535799870390117]
5: mid: [1.0, 0.4824208249331617, 0.23209601474405056]
5: mid: [1.0, 0.42030860455880775, 0.4149314146744933]
5: mid: [1.0, 0.44428458017969563, 0.3669244739217321]
5: mid: [1.0, 0.44530038526531934, 0.42829548555112085]
5: mid: [1.0, 0.5246969916875157, 0.39607851167327135]
5: mid: [1.0, 0.4775130606328898, 0.3100037286289064]
5: mid: [1.0, 0.4226707326874041, 0.26434910365475933]
5: mid: [1.0, 0.4196867040761542, 0.24093521078218824]
5: mid: [1.0, 0.49160380702497225, 0.2595734067983295]

Time Taken to run SVM on the dataset = 0.4401841163635254
========================================================================================================================
========================================================================================================================
Current random seed:  30
['Cost-', 'Score-', 'Idle-']
1. top6:[['1.0', '0.6397217839670802', '0.7032967032967034'], ['1.0', '0.3306265159301931', '0.8547008547008547'], ['1.0', '0.45194858434137414', '0.21367521367521358'], ['1.0', '0.9518457492827287', '0.0'], ['1.0', '0.8085560424167252', '0.12307692307692301'], ['1.0', '0.2891203713625623', '0.0']]
2. top50:[[['1.0', '0.6397217839670802', '0.7032967032967034'], ['1.0', '0.3306265159301931', '0.8547008547008547'], ['1.0', '0.45194858434137414', '0.21367521367521358'], ['1.0', '0.9518457492827287', '0.0'], ['1.0', '0.8085560424167252', '0.12307692307692301'], ['1.0', '0.2891203713625623', '0.0'], ['1.0', '0.7794125993370673', '0.7472527472527473'], ['1.0', '0.37894525915906585', '0.5668016194331984'], ['1.0', '0.5943883285254443', '0.0'], ['1.0', '0.2745871218744137', '0.8974358974358972'], ['1.0', '0.5452423767973638', '0.3525641025641025'], ['1.0', '0.4711888678260311', '0.7239819004524887'], ['1.0', '0.5427045275986638', '0.6334841628959276'], ['1.0', '0.7755650008593371', '0.3496503496503497'], ['1.0', '0.5803058536221922', '0.0'], ['1.0', '0.466198310104026', '0.4081632653061224'], ['1.0', '0.7521304584709575', '0.0'], ['1.0', '0.18872025585320165', '0.0'], ['1.0', '0.41827216699153824', '0.6699751861042182'], ['1.0', '0.6008271907496804', '0.586080586080586'], ['1.0', '0.5857743399111928', '0.6888633754305395'], ['1.0', '0.9010521476593695', '0.32967032967032966'], ['1.0', '0.3648928314250252', '0.0'], ['1.0', '0.25834925183298235', '0.05698005698005706'], ['1.0', '0.3072906257806875', '0.8026755852842808'], ['1.0', '0.11897577222477879', '0.8547008547008547'], ['1.0', '0.1746775761675382', '0.0'], ['1.0', '0.6285133842751442', '0.27972027972027963'], ['1.0', '0.4946398434730377', '0.05917159763313605'], ['1.0', '0.7781690498884826', '0.7100591715976331'], ['1.0', '0.1611757348253099', '1.0'], ['1.0', '0.6768863452329472', '0.25641025641025633'], ['1.0', '0.7499329043436751', '0.1538461538461538'], ['1.0', '0.24003718621802317', '0.0'], ['1.0', '0.7503769896852218', '0.879120879120879'], ['1.0', '0.8286474702541661', '0.0854700854700855'], ['1.0', '0.14765456183417688', '0.651890482398957'], ['1.0', '0.46015855832201363', '0.6293706293706293'], ['1.0', '0.10387830287284644', '0.0'], ['1.0', '0.5759389753775342', '0.9615384615384615'], ['1.0', '0.4905360093380776', '0.21978021978021983'], ['1.0', '0.2775153738809942', '1.0'], ['1.0', '0.3758249122834642', '0.4347826086956522'], ['1.0', '0.20541869872994875', '0.0'], ['1.0', '0.37095690076345533', '0.8717948717948717'], ['1.0', '0.6712011299679685', '0.7201309328968903'], ['1.0', '0.6690569875103075', '0.48582995951417'], ['1.0', '0.7492661661578791', '0.4923076923076922'], ['1.0', '0.22847608140655676', '0.5508072174738842'], ['1.0', '0.6098590052398374', '0.6706114398422091']]]
3. most: ['1.0', '0.0', '0.0']
4: rand:[1.         0.4812033  0.41844647]
4: rand:[1.         0.32668579 0.59467712]
4: rand:[1.         0.54545837 0.56371779]
4: rand:[1.         0.4231111  0.43021531]
4: rand:[1.         0.52969337 0.40604324]
4: rand:[1.         0.46689764 0.41210651]
4: rand:[1.         0.41662822 0.29852941]
4: rand:[1.        0.4196806 0.2129549]
4: rand:[1.         0.4706386  0.31524725]
4: rand:[1.         0.45252182 0.23412791]
5: mid: [1.0, 0.6301458860379661, 0.4575973500637238]
5: mid: [1.0, 0.6591322370028654, 0.40753326868550205]
5: mid: [1.0, 0.5532483559213158, 0.3188364269166964]
5: mid: [1.0, 0.4545966189885355, 0.4581021679321617]
5: mid: [1.0, 0.4919500176714593, 0.40075326062541344]
5: mid: [1.0, 0.5098343532765316, 0.3802766819119112]
5: mid: [1.0, 0.5821045736401466, 0.4470756476531059]
5: mid: [1.0, 0.5917537486764864, 0.4359700914885377]
5: mid: [1.0, 0.6223500327824851, 0.3361150975296196]
5: mid: [1.0, 0.5692130723683181, 0.40583136989381013]

Time Taken to run SVM on the dataset = 0.4324941635131836
========================================================================================================================
========================================================================================================================
Current random seed:  37
['Cost-', 'Score-', 'Idle-']
1. top6:[['1.0', '0.605856413697872', '0.6688963210702341'], ['1.0', '0.7566853324250261', '0.8228980322003578'], ['1.0', '0.49065684589020403', '0.5384615384615384'], ['1.0', '0.4069295813894458', '0.0'], ['1.0', '0.3593118273092826', '0.3238866396761133'], ['1.0', '0.7380376697287494', '0.1398601398601399']]
2. top50:[[['1.0', '0.605856413697872', '0.6688963210702341'], ['1.0', '0.7566853324250261', '0.8228980322003578'], ['1.0', '0.49065684589020403', '0.5384615384615384'], ['1.0', '0.4069295813894458', '0.0'], ['1.0', '0.3593118273092826', '0.3238866396761133'], ['1.0', '0.7380376697287494', '0.1398601398601399'], ['1.0', '0.11897577222477879', '0.8547008547008547'], ['1.0', '0.25613525108535146', '0.0'], ['1.0', '0.5336037778318089', '0.05917159763313605'], ['1.0', '0.34672272946846117', '0.6076276664511959'], ['1.0', '0.32613088209056096', '0.661703887510339'], ['1.0', '0.39602782500178396', '0.46703296703296704'], ['1.0', '0.3692003632677576', '0.25641025641025633'], ['1.0', '0.24414363657518845', '0.3846153846153846'], ['1.0', '0.5871682322613884', '0.34188034188034183'], ['1.0', '0.15461323190537787', '0.3076923076923076'], ['1.0', '0.6176367612052952', '0.6440071556350625'], ['1.0', '0.5691487736882886', '0.6153846153846154'], ['1.0', '0.3145004344109713', '0.0'], ['1.0', '0.19444974871963347', '0.0'], ['1.0', '0.24578921922060476', '0.641025641025641'], ['1.0', '0.7339411006117393', '0.6366047745358091'], ['1.0', '0.5009208444822455', '0.17751479289940833'], ['1.0', '0.7922471616407928', '0.1538461538461538'], ['1.0', '0.758185836892483', '0.06410256410256404'], ['1.0', '0.4186509473202861', '0.10033444816053505'], ['1.0', '0.12423181592844994', '0.8723235527359238'], ['1.0', '0.8218177062832158', '0.8547008547008547'], ['1.0', '0.6103886732573002', '0.7692307692307692'], ['1.0', '0.6129643161335658', '0.6108597285067874'], ['1.0', '0.34587909703489417', '0.1538461538461538'], ['1.0', '0.6296460516401686', '0.46153846153846156'], ['1.0', '0.6025217661840913', '0.0'], ['1.0', '0.6689304743733138', '0.1564537157757496'], ['1.0', '0.20780668464144392', '0.16194331983805665'], ['1.0', '0.7282882195815588', '1.0'], ['1.0', '0.6611371793146434', '0.37735849056603765'], ['1.0', '0.6416395428159419', '0.7692307692307692'], ['1.0', '0.5827997601026579', '0.5594405594405595'], ['1.0', '0.5477912414179767', '0.8026755852842808'], ['1.0', '0.7203331881966777', '0.6593406593406593'], ['1.0', '0.5867191109861083', '0.1809954751131222'], ['1.0', '0.37894525915906585', '0.5668016194331984'], ['1.0', '0.9397859415275274', '0.6923076923076922'], ['1.0', '0.2775153738809942', '1.0'], ['1.0', '0.11098560883627881', '0.7692307692307692'], ['1.0', '0.6090624358009551', '0.39702233250620345'], ['1.0', '0.633785936686384', '0.0'], ['1.0', '0.42571039339676753', '0.22624434389140274'], ['1.0', '0.5229248249363105', '0.5394605394605394']]]
3. most: ['1.0', '0.0', '0.0']
4: rand:[1.         0.6114787  0.33820591]
4: rand:[1.         0.43251786 0.25945622]
4: rand:[1.         0.56312574 0.21431785]
4: rand:[1.         0.55595844 0.51188563]
4: rand:[1.         0.48577525 0.24490108]
4: rand:[1.         0.54578607 0.37768745]
4: rand:[1.         0.57680431 0.44352878]
4: rand:[1.         0.56792255 0.35403647]
4: rand:[1.         0.51305626 0.3516621 ]
4: rand:[1.         0.49600721 0.42197809]
5: mid: [1.0, 0.42548673502131057, 0.3902809309293188]
5: mid: [1.0, 0.5127727295554746, 0.46577292077463006]
5: mid: [1.0, 0.5408631255945777, 0.30742966005119554]
5: mid: [1.0, 0.42913808842396406, 0.36638727173194063]
5: mid: [1.0, 0.5022062758637507, 0.4097596562450809]
5: mid: [1.0, 0.5205649064097667, 0.2288370754743829]
5: mid: [1.0, 0.47262231254457737, 0.4040340129690173]
5: mid: [1.0, 0.4358039788668326, 0.4875624920178337]
5: mid: [1.0, 0.5310362146032058, 0.33866531988207443]
5: mid: [1.0, 0.5550879089463543, 0.30147055420279123]

Time Taken to run SVM on the dataset = 0.42926907539367676
========================================================================================================================
========================================================================================================================
Current random seed:  92
['Cost-', 'Score-', 'Idle-']
1. top6:[['1.0', '0.4868833968887202', '0.5641025641025641'], ['1.0', '0.20705161795999652', '0.9846153846153846'], ['1.0', '0.6690569875103075', '0.48582995951417'], ['1.0', '0.31787732283247955', '0.5594405594405595'], ['1.0', '0.5173807350197029', '0.9725906277630415'], ['1.0', '0.4522207899921283', '0.841799709724238']]
2. top50:[[['1.0', '0.4868833968887202', '0.5641025641025641'], ['1.0', '0.20705161795999652', '0.9846153846153846'], ['1.0', '0.6690569875103075', '0.48582995951417'], ['1.0', '0.31787732283247955', '0.5594405594405595'], ['1.0', '0.5173807350197029', '0.9725906277630415'], ['1.0', '0.4522207899921283', '0.841799709724238'], ['1.0', '0.2800029532666239', '0.0'], ['1.0', '0.6724006167906499', '0.170940170940171'], ['1.0', '0.44239458293397693', '0.1923076923076923'], ['1.0', '0.5498228627172613', '0.0'], ['1.0', '0.5292540972083514', '0.7100591715976331'], ['1.0', '0.3758249122834642', '0.4347826086956522'], ['1.0', '0.37095690076345533', '0.8717948717948717'], ['1.0', '0.12910471315765124', '0.6923076923076922'], ['1.0', '0.7492661661578791', '0.4923076923076922'], ['1.0', '0.14653146069843329', '0.6676342525399129'], ['1.0', '0.41827216699153824', '0.6699751861042182'], ['1.0', '0.6648924360299309', '0.5128205128205129'], ['1.0', '0.25834925183298235', '0.05698005698005706'], ['1.0', '0.6296460516401686', '0.46153846153846156'], ['1.0', '0.6768863452329472', '0.25641025641025633'], ['1.0', '0.4246352118550626', '0.7692307692307692'], ['1.0', '0.42571039339676753', '0.22624434389140274'], ['1.0', '0.1268304617590905', '0.0'], ['1.0', '0.3692003632677576', '0.25641025641025633'], ['1.0', '0.4526244605620998', '0.7165437302423603'], ['1.0', '0.14854197646217332', '0.7784986098239112'], ['1.0', '0.698259731059971', '0.08791208791208793'], ['1.0', '0.40215973302195746', '0.621301775147929'], ['1.0', '0.9010521476593695', '0.32967032967032966'], ['1.0', '0.7755650008593371', '0.3496503496503497'], ['1.0', '0.35445866928569614', '0.0'], ['1.0', '0.34672272946846117', '0.6076276664511959'], ['1.0', '0.6129643161335658', '0.6108597285067874'], ['1.0', '0.5969011828340985', '0.7201309328968903'], ['1.0', '0.46798776179872575', '0.7894736842105262'], ['1.0', '0.09528813674501377', '0.0'], ['1.0', '0.38487068646085026', '0.0'], ['1.0', '0.6440982701530296', '0.1923076923076923'], ['1.0', '0.48672930544781756', '0.1538461538461538'], ['1.0', '0.2973439678755135', '0.0'], ['1.0', '0.38320303682280565', '0.6153846153846154'], ['1.0', '0.4525475965337757', '0.7100591715976331'], ['1.0', '0.6953332015367253', '0.7357859531772575'], ['1.0', '0.7029744496836556', '0.5594405594405595'], ['1.0', '0.22847608140655676', '0.5508072174738842'], ['1.0', '0.348828778300268', '0.1923076923076923'], ['1.0', '0.3072906257806875', '0.8026755852842808'], ['1.0', '0.6961776088555978', '0.925155925155925'], ['1.0', '0.5495226683929625', '0.4905239687848383']]]
3. most: ['1.0', '0.0', '0.0']
4: rand:[1.         0.60858432 0.5831784 ]
4: rand:[1.         0.56214155 0.44436416]
4: rand:[1.         0.46349054 0.44356643]
4: rand:[1.         0.41068077 0.36272682]
4: rand:[1.         0.55444651 0.46775923]
4: rand:[1.         0.6117909  0.32899354]
4: rand:[1.         0.41732931 0.39538795]
4: rand:[1.         0.44567082 0.37677581]
4: rand:[1.         0.45858232 0.44254109]
4: rand:[1.         0.4537735  0.36573124]
5: mid: [1.0, 0.4585512576213392, 0.3745865887962489]
5: mid: [1.0, 0.5099721200477005, 0.32503024165961286]
5: mid: [1.0, 0.35098015993532755, 0.3457432536120179]
5: mid: [1.0, 0.40064397355255404, 0.3409223245014929]
5: mid: [1.0, 0.365519305008671, 0.3696580369761271]
5: mid: [1.0, 0.41210715069442294, 0.35820154566125817]
5: mid: [1.0, 0.5819152939574068, 0.3771906710915261]
5: mid: [1.0, 0.6017427821386199, 0.2990315889288564]
5: mid: [1.0, 0.5610723446033297, 0.23796119005190627]
5: mid: [1.0, 0.5337555398104809, 0.47147931723764214]

Time Taken to run SVM on the dataset = 0.4455287456512451
========================================================================================================================
========================================================================================================================
Current random seed:  12
['Cost-', 'Score-', 'Idle-']
1. top6:[['1.0', '0.3152991911410498', '0.1183431952662721'], ['1.0', '0.46647734496501664', '0.1809954751131222'], ['1.0', '0.1476213542105785', '0.0'], ['1.0', '0.15461323190537787', '0.3076923076923076'], ['1.0', '0.1268304617590905', '0.0'], ['1.0', '0.5826903497929555', '0.0']]
2. top50:[[['1.0', '0.3152991911410498', '0.1183431952662721'], ['1.0', '0.46647734496501664', '0.1809954751131222'], ['1.0', '0.1476213542105785', '0.0'], ['1.0', '0.15461323190537787', '0.3076923076923076'], ['1.0', '0.1268304617590905', '0.0'], ['1.0', '0.5826903497929555', '0.0'], ['1.0', '0.6103886732573002', '0.7692307692307692'], ['1.0', '0.1425684019822926', '0.24813895781637713'], ['1.0', '0.3457657954574675', '0.6993006993006994'], ['1.0', '0.6553611080529278', '0.0'], ['1.0', '0.6953332015367253', '0.7357859531772575'], ['1.0', '0.2925605122531943', '0.0'], ['1.0', '0.1475231267401278', '0.5128205128205129'], ['1.0', '0.12910471315765124', '0.6923076923076922'], ['1.0', '0.8496236793317239', '0.5698005698005697'], ['1.0', '0.7136847698597026', '0.49346879535558785'], ['1.0', '0.07676613179535449', '0.6153846153846154'], ['1.0', '0.24578921922060476', '0.641025641025641'], ['1.0', '0.7866022994501664', '0.4102564102564103'], ['1.0', '0.5173807350197029', '0.9725906277630415'], ['1.0', '0.2563682719041216', '0.5128205128205129'], ['1.0', '0.7505642783068296', '0.0'], ['1.0', '0.3652747605528516', '0.3278688524590164'], ['1.0', '0.41092057816460054', '0.9568480300187617'], ['1.0', '0.3499359149841855', '0.5728314238952538'], ['1.0', '0.4023211270851974', '0.9401709401709402'], ['1.0', '0.4141960943252494', '0.2626641651031896'], ['1.0', '0.4526244605620998', '0.7165437302423603'], ['1.0', '0.3086760115449137', '0.17751479289940833'], ['1.0', '0.5943883285254443', '0.0'], ['1.0', '0.6831392895210867', '0.0'], ['1.0', '0.5639006394215135', '0.0'], ['1.0', '0.7578455719090241', '0.0'], ['1.0', '0.9433503644843023', '0.0'], ['1.0', '0.7282882195815588', '1.0'], ['1.0', '0.704129502333454', '0.32967032967032966'], ['1.0', '0.7803550473448094', '0.27613412228796846'], ['1.0', '0.6858407929999158', '0.0'], ['1.0', '0.33555165919307156', '0.0'], ['1.0', '0.54204640732085', '0.5314685314685315'], ['1.0', '0.36252494607276753', '0.41958041958041953'], ['1.0', '0.7757873037614771', '0.1923076923076923'], ['1.0', '0.11897577222477879', '0.8547008547008547'], ['1.0', '0.27528164664902044', '0.4524886877828053'], ['1.0', '0.40569523476085767', '0.0'], ['1.0', '0.14854197646217332', '0.7784986098239112'], ['1.0', '0.34587909703489417', '0.1538461538461538'], ['1.0', '0.4069295813894458', '0.0'], ['1.0', '0.24189865306631428', '0.170940170940171'], ['1.0', '0.7336061117546132', '0.45503791982665226']]]
3. most: ['1.0', '0.0', '0.0']
4: rand:[1.         0.43596653 0.54704012]
4: rand:[1.         0.71002226 0.46926313]
4: rand:[1.         0.60414083 0.35217063]
4: rand:[1.         0.54967216 0.17417365]
4: rand:[1.         0.48304587 0.41653786]
4: rand:[1.         0.42798147 0.37911726]
4: rand:[1.         0.51477143 0.32235689]
4: rand:[1.         0.5260348  0.39302334]
4: rand:[1.         0.49421241 0.29451227]
4: rand:[1.         0.45424242 0.50967053]
5: mid: [1.0, 0.5086885738588571, 0.38499378795946915]
5: mid: [1.0, 0.44442287272198155, 0.4127845959982816]
5: mid: [1.0, 0.4789435620244673, 0.37144952797286657]
5: mid: [1.0, 0.5799978821166435, 0.4400443762900594]
5: mid: [1.0, 0.5260953011332219, 0.3946163574659382]
5: mid: [1.0, 0.5044533246256566, 0.4548115576108408]
5: mid: [1.0, 0.5196931052945977, 0.4179648852312153]
5: mid: [1.0, 0.49166112621551944, 0.38163274991380164]
5: mid: [1.0, 0.46302153374407506, 0.4954775592661466]
5: mid: [1.0, 0.4972007896966546, 0.4097581700643425]

Time Taken to run SVM on the dataset = 0.46021413803100586
========================================================================================================================
========================================================================================================================
Current random seed:  69
['Cost-', 'Score-', 'Idle-']
1. top6:[['1.0', '0.4261915871940382', '0.8717948717948717'], ['1.0', '0.28012514230099067', '0.41958041958041953'], ['1.0', '0.4892682775304377', '0.8058608058608059'], ['1.0', '0.44239458293397693', '0.1923076923076923'], ['1.0', '0.1344596885499091', '0.21978021978021983'], ['1.0', '0.14765456183417688', '0.651890482398957']]
2. top50:[[['1.0', '0.4261915871940382', '0.8717948717948717'], ['1.0', '0.28012514230099067', '0.41958041958041953'], ['1.0', '0.4892682775304377', '0.8058608058608059'], ['1.0', '0.44239458293397693', '0.1923076923076923'], ['1.0', '0.1344596885499091', '0.21978021978021983'], ['1.0', '0.14765456183417688', '0.651890482398957'], ['1.0', '0.5166852061557006', '0.1923076923076923'], ['1.0', '0.5668719749699502', '0.9049773755656109'], ['1.0', '0.670250808756713', '0.4895104895104896'], ['1.0', '0.46015855832201363', '0.6293706293706293'], ['1.0', '0.583803635473612', '0.3550295857988165'], ['1.0', '0.6968616779842957', '0.293040293040293'], ['1.0', '0.45618067035146975', '0.0'], ['1.0', '0.4522010844139638', '0.0'], ['1.0', '0.07676613179535449', '0.6153846153846154'], ['1.0', '0.31787732283247955', '0.5594405594405595'], ['1.0', '0.3277829987722747', '0.8097165991902835'], ['1.0', '0.7487716915548084', '0.35164835164835156'], ['1.0', '0.554698103922434', '0.10989010989010983'], ['1.0', '0.6712011299679685', '0.7201309328968903'], ['1.0', '0.1919786989247274', '0.4962779156327544'], ['1.0', '0.5871682322613884', '0.34188034188034183'], ['1.0', '0.6768863452329472', '0.25641025641025633'], ['1.0', '0.45175661989575855', '0.8391608391608391'], ['1.0', '0.32123902556358636', '0.0'], ['1.0', '0.2798997307109979', '0.5494505494505494'], ['1.0', '0.5448462448927527', '0.7852564102564104'], ['1.0', '0.12910471315765124', '0.6923076923076922'], ['1.0', '0.3499359149841855', '0.5728314238952538'], ['1.0', '0.4068509832017028', '0.6153846153846154'], ['1.0', '0.20780668464144392', '0.16194331983805665'], ['1.0', '0.6209904101828789', '0.20979020979020976'], ['1.0', '0.4740852268790192', '1.0'], ['1.0', '0.5196481536968932', '0.611439842209073'], ['1.0', '0.7134809008430197', '0.1183431952662721'], ['1.0', '0.5560606941812147', '0.3846153846153846'], ['1.0', '0.6719034275105294', '0.05698005698005706'], ['1.0', '0.8919492660227205', '0.5128205128205129'], ['1.0', '0.3699140182837288', '0.0'], ['1.0', '0.5352067341663994', '0.5333333333333333'], ['1.0', '0.6146181919159853', '0.12820512820512825'], ['1.0', '0.7505642783068296', '0.0'], ['1.0', '0.26626435463194514', '0.641025641025641'], ['1.0', '0.8730166604829818', '0.25641025641025633'], ['1.0', '0.8164699202045018', '0.7818411097099621'], ['1.0', '0.7312348902677668', '0.7905982905982905'], ['1.0', '0.3565524615781673', '0.7692307692307692'], ['1.0', '0.7638893891658647', '0.28846153846153844'], ['1.0', '0.6659397197787629', '0.5023547880690739'], ['1.0', '0.7816883421582552', '0.8284023668639052']]]
3. most: ['1.0', '0.0', '0.0']
4: rand:[1.         0.52183028 0.30631868]
4: rand:[1.         0.51203396 0.21589149]
4: rand:[1.         0.50250248 0.39030544]
4: rand:[1.         0.53462948 0.42625689]
4: rand:[1.         0.4088786  0.45356775]
4: rand:[1.         0.46340979 0.28264073]
4: rand:[1.         0.35317177 0.31587004]
4: rand:[1.         0.57060088 0.34242987]
4: rand:[1.         0.52393186 0.50971065]
4: rand:[1.         0.51276447 0.32327951]
5: mid: [1.0, 0.5329913078916093, 0.396675855957551]
5: mid: [1.0, 0.5325529646942543, 0.3619083257026097]
5: mid: [1.0, 0.6701461684694585, 0.268721342161535]
5: mid: [1.0, 0.5280659688689857, 0.36916855799475273]
5: mid: [1.0, 0.5501072972266798, 0.44845784470612726]
5: mid: [1.0, 0.5732464177152975, 0.367628986831383]
5: mid: [1.0, 0.4827608593332068, 0.31896518319460365]
5: mid: [1.0, 0.5104010869759309, 0.2964043437984272]
5: mid: [1.0, 0.4603901729039181, 0.2686051285385627]
5: mid: [1.0, 0.5189862544449965, 0.33832890262190524]

Time Taken to run SVM on the dataset = 0.4293498992919922
========================================================================================================================
========================================================================================================================
Current random seed:  54
['Cost-', 'Score-', 'Idle-']
1. top6:[['1.0', '0.6858407929999158', '0.0'], ['1.0', '0.221033911726927', '0.3001876172607879'], ['1.0', '0.5871682322613884', '0.34188034188034183'], ['1.0', '0.207110521300371', '0.0'], ['1.0', '0.7595555012524678', '0.879120879120879'], ['1.0', '0.6953332015367253', '0.7357859531772575']]
2. top50:[[['1.0', '0.6858407929999158', '0.0'], ['1.0', '0.221033911726927', '0.3001876172607879'], ['1.0', '0.5871682322613884', '0.34188034188034183'], ['1.0', '0.207110521300371', '0.0'], ['1.0', '0.7595555012524678', '0.879120879120879'], ['1.0', '0.6953332015367253', '0.7357859531772575'], ['1.0', '0.6632710240628423', '0.6993006993006994'], ['1.0', '0.8919492660227205', '0.5128205128205129'], ['1.0', '0.529906576814425', '0.40485829959514175'], ['1.0', '0.3974682180119476', '0.5128205128205129'], ['1.0', '0.20962888540386274', '0.23076923076923078'], ['1.0', '0.34164570033407515', '0.1636661211129297'], ['1.0', '0.663808040435951', '0.27972027972027963'], ['1.0', '0.5639006394215135', '0.0'], ['1.0', '0.3019333301964308', '0.0'], ['1.0', '0.1425684019822926', '0.24813895781637713'], ['1.0', '0.6478855108207102', '0.0'], ['1.0', '0.20050018323646868', '1.0'], ['1.0', '0.5292540972083514', '0.7100591715976331'], ['1.0', '0.3565524615781673', '0.7692307692307692'], ['1.0', '0.5527394291547922', '0.5769230769230769'], ['1.0', '0.9433503644843023', '0.0'], ['1.0', '0.3923424733362719', '0.9049773755656109'], ['1.0', '0.4879473989012259', '0.0'], ['1.0', '0.6129643161335658', '0.6108597285067874'], ['1.0', '0.31787732283247955', '0.5594405594405595'], ['1.0', '0.9070200564859189', '0.0'], ['1.0', '0.6285133842751442', '0.27972027972027963'], ['1.0', '0.49065684589020403', '0.5384615384615384'], ['1.0', '0.18477043916602306', '0.41958041958041953'], ['1.0', '0.29796078138177723', '0.6627218934911243'], ['1.0', '0.20705161795999652', '0.9846153846153846'], ['1.0', '0.3461570824051774', '0.09925558312655094'], ['1.0', '0.3277829987722747', '0.8097165991902835'], ['1.0', '0.6735251570016997', '0.6219312602291326'], ['1.0', '0.6611371793146434', '0.37735849056603765'], ['1.0', '0.4068509832017028', '0.6153846153846154'], ['1.0', '0.4892682775304377', '0.8058608058608059'], ['1.0', '0.5802401164356296', '0.2429149797570851'], ['1.0', '0.35995050128362954', '0.4682274247491639'], ['1.0', '0.6098590052398374', '0.6706114398422091'], ['1.0', '0.6689304743733138', '0.1564537157757496'], ['1.0', '0.9397859415275274', '0.6923076923076922'], ['1.0', '0.39602782500178396', '0.46703296703296704'], ['1.0', '0.5427045275986638', '0.6334841628959276'], ['1.0', '0.3970743667154215', '0.5039787798408488'], ['1.0', '0.11748192103684227', '0.5128205128205129'], ['1.0', '0.480146072095748', '0.20979020979020976'], ['1.0', '0.6724006167906499', '0.170940170940171'], ['1.0', '0.2563682719041216', '0.5128205128205129']]]
3. most: ['1.0', '0.0', '0.0']
4: rand:[1.         0.45205491 0.29990842]
4: rand:[1.         0.59256621 0.28343907]
4: rand:[1.         0.43579414 0.32514627]
4: rand:[1.         0.48885869 0.42013854]
4: rand:[1.         0.45664848 0.40553865]
4: rand:[1.         0.49611219 0.28578089]
4: rand:[1.         0.38223526 0.36168619]
4: rand:[1.         0.52830326 0.28832473]
4: rand:[1.         0.53609626 0.37016921]
4: rand:[1.         0.45420018 0.27931975]
5: mid: [1.0, 0.4467336689022986, 0.39471408675803904]
5: mid: [1.0, 0.5233368706342405, 0.405667407070214]
5: mid: [1.0, 0.5075295327902674, 0.3255788776874701]
5: mid: [1.0, 0.4624595898684495, 0.30847404590864597]
5: mid: [1.0, 0.49580717360520277, 0.45087864948454587]
5: mid: [1.0, 0.4991073449498927, 0.3720915568526862]
5: mid: [1.0, 0.5000580530910073, 0.37745781344719037]
5: mid: [1.0, 0.511319272292, 0.45147309865215113]
5: mid: [1.0, 0.5020601098870565, 0.43847898585730677]
5: mid: [1.0, 0.5008704462952978, 0.44777799898406406]

Time Taken to run SVM on the dataset = 0.4549071788787842
========================================================================================================================
========================================================================================================================
Current random seed:  27
['Cost-', 'Score-', 'Idle-']
1. top6:[['1.0', '0.6194207942432713', '1.0'], ['1.0', '0.6676965808112953', '0.4395604395604395'], ['1.0', '0.48654058136665634', '0.48582995951417'], ['1.0', '0.4461372725456996', '0.41958041958041953'], ['1.0', '0.8919492660227205', '0.5128205128205129'], ['1.0', '0.7134809008430197', '0.1183431952662721']]
2. top50:[[['1.0', '0.6194207942432713', '1.0'], ['1.0', '0.6676965808112953', '0.4395604395604395'], ['1.0', '0.48654058136665634', '0.48582995951417'], ['1.0', '0.4461372725456996', '0.41958041958041953'], ['1.0', '0.8919492660227205', '0.5128205128205129'], ['1.0', '0.7134809008430197', '0.1183431952662721'], ['1.0', '0.6719034275105294', '0.05698005698005706'], ['1.0', '0.3648928314250252', '0.0'], ['1.0', '0.2578280160450963', '0.7692307692307692'], ['1.0', '0.3449787911919208', '0.170940170940171'], ['1.0', '0.7671733048653127', '0.2393162393162393'], ['1.0', '0.6397217839670802', '0.7032967032967034'], ['1.0', '0.6445330053258813', '0.3619909502262444'], ['1.0', '0.45093714630972703', '0.4733727810650888'], ['1.0', '0.46816258467750477', '0.5594405594405595'], ['1.0', '0.5336037778318089', '0.05917159763313605'], ['1.0', '0.1746775761675382', '0.0'], ['1.0', '0.3222638452588592', '0.31558185404339256'], ['1.0', '0.526858657119861', '0.1538461538461538'], ['1.0', '0.22107427126061763', '0.21978021978021983'], ['1.0', '0.3072906257806875', '0.8026755852842808'], ['1.0', '0.2819257077911979', '0.0'], ['1.0', '0.39643748750887453', '0.8391608391608391'], ['1.0', '0.4867365396831092', '0.45028142589118203'], ['1.0', '0.32385477752223957', '0.21978021978021983'], ['1.0', '0.5774480295746028', '0.3076923076923076'], ['1.0', '0.7781690498884826', '0.7100591715976331'], ['1.0', '0.5827954160270093', '0.0'], ['1.0', '0.42571039339676753', '0.22624434389140274'], ['1.0', '0.7794125993370673', '0.7472527472527473'], ['1.0', '0.33128756969448075', '0.25641025641025633'], ['1.0', '0.9518457492827287', '0.0'], ['1.0', '0.6296460516401686', '0.46153846153846156'], ['1.0', '0.3084892172386165', '0.25641025641025633'], ['1.0', '0.6133987781078587', '0.5827505827505828'], ['1.0', '0.592860696537856', '0.7692307692307692'], ['1.0', '0.39326247967146155', '0.3076923076923076'], ['1.0', '0.999030032093725', '0.0'], ['1.0', '0.1476213542105785', '0.0'], ['1.0', '0.3499359149841855', '0.5728314238952538'], ['1.0', '0.5826903497929555', '0.0'], ['1.0', '0.11748192103684227', '0.5128205128205129'], ['1.0', '0.5102355345875842', '0.3505355404089581'], ['1.0', '0.5196481536968932', '0.611439842209073'], ['1.0', '0.1475231267401278', '0.5128205128205129'], ['1.0', '0.0', '0.0'], ['1.0', '0.30546790416053826', '0.2692307692307693'], ['1.0', '0.221033911726927', '0.3001876172607879'], ['1.0', '0.688350831808635', '0.6672845227062093'], ['1.0', '0.33555165919307156', '0.0']]]
3. most: ['1.0', '0.0', '0.0']
4: rand:[1.         0.36205296 0.42152292]
4: rand:[1.         0.43490945 0.63437517]
4: rand:[1.         0.65821514 0.49365893]
4: rand:[1.         0.55145728 0.6319028 ]
4: rand:[1.         0.54813974 0.22264568]
4: rand:[1.         0.5568918  0.40081236]
4: rand:[1.         0.52878661 0.39606155]
4: rand:[1.         0.58779788 0.58076306]
4: rand:[1.         0.44277474 0.2980532 ]
4: rand:[1.         0.45921509 0.31989579]
5: mid: [1.0, 0.5156683273305226, 0.35183687560103294]
5: mid: [1.0, 0.4650245015135365, 0.3301917252410021]
5: mid: [1.0, 0.4735132028587437, 0.3641057625458046]
5: mid: [1.0, 0.4544767739023755, 0.2781065110894372]
5: mid: [1.0, 0.4957931434303319, 0.2734581278458619]
5: mid: [1.0, 0.4441228332289711, 0.3072891509700449]
5: mid: [1.0, 0.4241574473602811, 0.24673871453066576]
5: mid: [1.0, 0.4523211955459492, 0.32869305420803835]
5: mid: [1.0, 0.5222568800383308, 0.4878016019147519]
5: mid: [1.0, 0.4938477184221328, 0.3291915041939163]

Time Taken to run SVM on the dataset = 0.4449639320373535
========================================================================================================================
========================================================================================================================
Current random seed:  79
['Cost-', 'Score-', 'Idle-']
1. top6:[['1.0', '0.41092057816460054', '0.9568480300187617'], ['1.0', '0.5871682322613884', '0.34188034188034183'], ['1.0', '0.24003718621802317', '0.0'], ['1.0', '0.8442426309825626', '0.0'], ['1.0', '0.4141960943252494', '0.2626641651031896'], ['1.0', '0.5638762707616835', '0.0']]
2. top50:[[['1.0', '0.41092057816460054', '0.9568480300187617'], ['1.0', '0.5871682322613884', '0.34188034188034183'], ['1.0', '0.24003718621802317', '0.0'], ['1.0', '0.8442426309825626', '0.0'], ['1.0', '0.4141960943252494', '0.2626641651031896'], ['1.0', '0.5638762707616835', '0.0'], ['1.0', '0.40683783424654685', '0.5628517823639775'], ['1.0', '0.5527394291547922', '0.5769230769230769'], ['1.0', '0.5584483473568504', '0.5874125874125874'], ['1.0', '0.4879473989012259', '0.0'], ['1.0', '0.07820385163066285', '1.0'], ['1.0', '0.2578280160450963', '0.7692307692307692'], ['1.0', '0.5826903497929555', '0.0'], ['1.0', '0.8085560424167252', '0.12307692307692301'], ['1.0', '0.9433503644843023', '0.0'], ['1.0', '0.47917041415067096', '0.8731808731808731'], ['1.0', '0.8730166604829818', '0.25641025641025633'], ['1.0', '0.39643748750887453', '0.8391608391608391'], ['1.0', '0.36661846669465137', '0.21978021978021983'], ['1.0', '0.3699140182837288', '0.0'], ['1.0', '0.9059911788333866', '0.588235294117647'], ['1.0', '0.5427846300636304', '0.4395604395604395'], ['1.0', '0.5679691848059709', '0.8144796380090498'], ['1.0', '0.37894525915906585', '0.5668016194331984'], ['1.0', '0.29801056900759265', '0.0'], ['1.0', '0.4023211270851974', '0.9401709401709402'], ['1.0', '0.3593118273092826', '0.3238866396761133'], ['1.0', '0.7312348902677668', '0.7905982905982905'], ['1.0', '0.6315268830890522', '0.4347826086956522'], ['1.0', '0.1425684019822926', '0.24813895781637713'], ['1.0', '0.7036200040102367', '0.6203473945409429'], ['1.0', '0.7712744874911159', '0.7692307692307692'], ['1.0', '0.348828778300268', '0.1923076923076923'], ['1.0', '0.34587909703489417', '0.1538461538461538'], ['1.0', '0.6682050934090065', '0.3496503496503497'], ['1.0', '0.48228736413722373', '0.32258064516129037'], ['1.0', '0.6875867663766444', '0.40485829959514175'], ['1.0', '0.6146181919159853', '0.12820512820512825'], ['1.0', '0.8544841957609575', '0.8144796380090498'], ['1.0', '0.4271129200750352', '0.5690200210748156'], ['1.0', '0.39326247967146155', '0.3076923076923076'], ['1.0', '0.19444974871963347', '0.0'], ['1.0', '0.6301822838164889', '0.3508771929824562'], ['1.0', '0.33128756969448075', '0.25641025641025633'], ['1.0', '0.14854197646217332', '0.7784986098239112'], ['1.0', '0.25933839393850205', '0.32967032967032966'], ['1.0', '0.4892682775304377', '0.8058608058608059'], ['1.0', '0.6627626994509423', '0.717948717948718'], ['1.0', '0.961728838401461', '0.0'], ['1.0', '0.2819257077911979', '0.0']]]
3. most: ['1.0', '0.0', '0.0']
4: rand:[1.         0.6819152  0.69610401]
4: rand:[1.         0.5666659  0.46245891]
4: rand:[1.         0.53824202 0.14860303]
4: rand:[1.         0.39022049 0.38755186]
4: rand:[1.         0.53664286 0.53793246]
4: rand:[1.         0.56268082 0.20972131]
4: rand:[1.         0.50210457 0.44070219]
4: rand:[1.         0.52978703 0.38759603]
4: rand:[1.         0.56418885 0.41761738]
4: rand:[1.         0.53759454 0.40607184]
5: mid: [1.0, 0.55878922306828, 0.3769345637108257]
5: mid: [1.0, 0.5076799407116034, 0.4446815865521295]
5: mid: [1.0, 0.4622015686574518, 0.4252732507390402]
5: mid: [1.0, 0.48304148346695985, 0.26647226970890825]
5: mid: [1.0, 0.4424502289762988, 0.46071228474196924]
5: mid: [1.0, 0.5206692424557774, 0.446294111730145]
5: mid: [1.0, 0.4933814800910108, 0.4256920106183095]
5: mid: [1.0, 0.5643566213608996, 0.3080619858854518]
5: mid: [1.0, 0.5113535933941893, 0.389123365664777]
5: mid: [1.0, 0.47641450768670585, 0.3369859995459087]

Time Taken to run SVM on the dataset = 0.4433739185333252
========================================================================================================================
========================================================================================================================
Current random seed:  22
['Cost-', 'Score-', 'Idle-']
1. top6:[['1.0', '0.8919492660227205', '0.5128205128205129'], ['1.0', '0.8436102453482351', '0.035778175313059095'], ['1.0', '0.6843160700033423', '0.4487179487179486'], ['1.0', '0.5857743399111928', '0.6888633754305395'], ['1.0', '0.10387830287284644', '0.0'], ['1.0', '0.688350831808635', '0.6672845227062093']]
2. top50:[[['1.0', '0.8919492660227205', '0.5128205128205129'], ['1.0', '0.8436102453482351', '0.035778175313059095'], ['1.0', '0.6843160700033423', '0.4487179487179486'], ['1.0', '0.5857743399111928', '0.6888633754305395'], ['1.0', '0.10387830287284644', '0.0'], ['1.0', '0.688350831808635', '0.6672845227062093'], ['1.0', '0.34164570033407515', '0.1636661211129297'], ['1.0', '0.5896256466849873', '0.9743589743589742'], ['1.0', '0.48654058136665634', '0.48582995951417'], ['1.0', '0.5454218411819367', '0.1923076923076923'], ['1.0', '0.39326247967146155', '0.3076923076923076'], ['1.0', '0.4976649265070102', '0.3846153846153846'], ['1.0', '0.5292540972083514', '0.7100591715976331'], ['1.0', '0.5668719749699502', '0.9049773755656109'], ['1.0', '0.4522207899921283', '0.841799709724238'], ['1.0', '0.6632710240628423', '0.6993006993006994'], ['1.0', '0.33128756969448075', '0.25641025641025633'], ['1.0', '0.849204112769148', '0.5128205128205129'], ['1.0', '0.46647734496501664', '0.1809954751131222'], ['1.0', '0.6025217661840913', '0.0'], ['1.0', '0.7059543611590056', '0.3846153846153846'], ['1.0', '0.24578921922060476', '0.641025641025641'], ['1.0', '0.16147860609712644', '0.10256410256410253'], ['1.0', '0.6689209448196212', '0.717948717948718'], ['1.0', '0.4261915871940382', '0.8717948717948717'], ['1.0', '0.6346283506280187', '0.5128205128205129'], ['1.0', '0.7922471616407928', '0.1538461538461538'], ['1.0', '0.31273920266422983', '0.6153846153846154'], ['1.0', '0.6875867663766444', '0.40485829959514175'], ['1.0', '0.4410325122866526', '0.5668016194331984'], ['1.0', '0.5452423767973638', '0.3525641025641025'], ['1.0', '0.5639006394215135', '0.0'], ['1.0', '0.8286474702541661', '0.0854700854700855'], ['1.0', '0.798544866247378', '0.7977207977207978'], ['1.0', '0.2800029532666239', '0.0'], ['1.0', '0.3546438930467601', '0.0'], ['1.0', '0.5413317260978437', '0.5244755244755245'], ['1.0', '0.4868833968887202', '0.5641025641025641'], ['1.0', '0.7478309728782464', '0.6293706293706293'], ['1.0', '0.7814768454643284', '0.0'], ['1.0', '0.43733510358490907', '0.0'], ['1.0', '0.22581380666604012', '0.9557109557109557'], ['1.0', '0.6005817166534122', '0.10256410256410253'], ['1.0', '0.4946398434730377', '0.05917159763313605'], ['1.0', '0.5774480295746028', '0.3076923076923076'], ['1.0', '0.6133987781078587', '0.5827505827505828'], ['1.0', '0.6690569875103075', '0.48582995951417'], ['1.0', '0.14854197646217332', '0.7784986098239112'], ['1.0', '0.7351506010679285', '0.1538461538461538'], ['1.0', '0.670250808756713', '0.4895104895104896']]]
3. most: ['1.0', '0.0', '0.0']
4: rand:[1.         0.68667692 0.31083439]
4: rand:[1.         0.59458737 0.6670109 ]
4: rand:[1.         0.39837695 0.26473526]
4: rand:[1.         0.39425452 0.26134707]
4: rand:[1.         0.48840608 0.46706765]
4: rand:[1.         0.35841624 0.25213853]
4: rand:[1.         0.45054527 0.17891014]
4: rand:[1.         0.47825596 0.34706437]
4: rand:[1.         0.50212164 0.30877118]
4: rand:[1.         0.56169265 0.31536444]
5: mid: [1.0, 0.4318532451951094, 0.508460363065039]
5: mid: [1.0, 0.6089317624614271, 0.2882756853569463]
5: mid: [1.0, 0.5549877231626097, 0.5508677992592971]
5: mid: [1.0, 0.46959306498611464, 0.42557692715887846]
5: mid: [1.0, 0.5538860318246941, 0.3641126331135597]
5: mid: [1.0, 0.43061411591271637, 0.35030797443943057]
5: mid: [1.0, 0.48807972574183295, 0.3437913524856389]
5: mid: [1.0, 0.4687111615389708, 0.3268481357678551]
5: mid: [1.0, 0.4515584443126233, 0.4398590152849342]
5: mid: [1.0, 0.5321545886672125, 0.3999939234271163]

Time Taken to run SVM on the dataset = 0.3867008686065674
========================================================================================================================
========================================================================================================================
Current random seed:  3
['Cost-', 'Score-', 'Idle-']
1. top6:[['1.0', '0.14394097835572725', '0.25641025641025633'], ['1.0', '0.5892559949279281', '0.1538461538461538'], ['1.0', '0.6611371793146434', '0.37735849056603765'], ['1.0', '0.4551602788733679', '0.15009380863039395'], ['1.0', '0.24414363657518845', '0.3846153846153846'], ['1.0', '0.583803635473612', '0.3550295857988165']]
2. top50:[[['1.0', '0.14394097835572725', '0.25641025641025633'], ['1.0', '0.5892559949279281', '0.1538461538461538'], ['1.0', '0.6611371793146434', '0.37735849056603765'], ['1.0', '0.4551602788733679', '0.15009380863039395'], ['1.0', '0.24414363657518845', '0.3846153846153846'], ['1.0', '0.583803635473612', '0.3550295857988165'], ['1.0', '0.5166852061557006', '0.1923076923076923'], ['1.0', '0.3152991911410498', '0.1183431952662721'], ['1.0', '0.6627626994509423', '0.717948717948718'], ['1.0', '0.09528813674501377', '0.0'], ['1.0', '0.2578280160450963', '0.7692307692307692'], ['1.0', '0.6440982701530296', '0.1923076923076923'], ['1.0', '0.11748192103684227', '0.5128205128205129'], ['1.0', '0.3072906257806875', '0.8026755852842808'], ['1.0', '0.35953049561353034', '0.0'], ['1.0', '0.7354086739497404', '0.20512820512820507'], ['1.0', '0.7712744874911159', '0.7692307692307692'], ['1.0', '0.6689209448196212', '0.717948717948718'], ['1.0', '0.10394320286877987', '0.0'], ['1.0', '0.58342437097869', '0.7264957264957265'], ['1.0', '0.36661846669465137', '0.21978021978021983'], ['1.0', '0.26835685462037756', '0.0'], ['1.0', '0.6397217839670802', '0.7032967032967034'], ['1.0', '0.25097139726746226', '0.8391608391608391'], ['1.0', '0.31787732283247955', '0.5594405594405595'], ['1.0', '0.49686859715845716', '0.3016591251885369'], ['1.0', '0.4711888678260311', '0.7239819004524887'], ['1.0', '0.6090624358009551', '0.39702233250620345'], ['1.0', '1.0', '0.8097165991902835'], ['1.0', '0.2528711021485286', '0.0'], ['1.0', '0.849204112769148', '0.5128205128205129'], ['1.0', '0.87938570829424', '0.0'], ['1.0', '0.46015855832201363', '0.6293706293706293'], ['1.0', '0.5692465870687105', '0.32967032967032966'], ['1.0', '0.41827216699153824', '0.6699751861042182'], ['1.0', '0.4175312010876515', '0.574052812858783'], ['1.0', '0.0907664194887143', '0.0'], ['1.0', '0.209191359116642', '0.3001876172607879'], ['1.0', '0.749248483544642', '0.0'], ['1.0', '0.40263939705492535', '0.0'], ['1.0', '0.4740852268790192', '1.0'], ['1.0', '0.25834925183298235', '0.05698005698005706'], ['1.0', '0.35800971013775584', '0.8695652173913044'], ['1.0', '0.515240421139051', '0.8421052631578946'], ['1.0', '0.48228736413722373', '0.32258064516129037'], ['1.0', '0.3012958771182707', '0.0'], ['1.0', '0.348828778300268', '0.1923076923076923'], ['1.0', '0.8085560424167252', '0.12307692307692301'], ['1.0', '0.4717716628211696', '0.42440318302387264'], ['1.0', '0.801543949499575', '0.08097165991902842']]]
3. most: ['1.0', '0.0', '0.0']
4: rand:[1.         0.4520521  0.46473961]
4: rand:[1.         0.36557987 0.48966289]
4: rand:[1.         0.37699692 0.32057915]
4: rand:[1.         0.51326118 0.24907817]
4: rand:[1.         0.50833524 0.28530157]
4: rand:[1.         0.51432337 0.32796978]
4: rand:[1.         0.6180462  0.24621812]
4: rand:[1.         0.37722809 0.35104533]
4: rand:[1.         0.41948297 0.37003815]
4: rand:[1.         0.523979   0.35312618]
5: mid: [1.0, 0.5995286262483375, 0.35409182529311517]
5: mid: [1.0, 0.44035694620116894, 0.44214786248457827]
5: mid: [1.0, 0.4909746289086656, 0.3829091717587082]
5: mid: [1.0, 0.5051613982069721, 0.34047995179167345]
5: mid: [1.0, 0.4815695335604863, 0.4015432284370717]
5: mid: [1.0, 0.46927240829126243, 0.3755359487043811]
5: mid: [1.0, 0.530264880640481, 0.37443800431271057]
5: mid: [1.0, 0.41465227096674956, 0.4081796993677693]
5: mid: [1.0, 0.5346250297864635, 0.4980550296914315]
5: mid: [1.0, 0.48554868092501946, 0.5744862762013438]

Time Taken to run SVM on the dataset = 0.42292213439941406
========================================================================================================================
========================================================================================================================
Current random seed:  21
['Cost-', 'Score-', 'Idle-']
1. top6:[['1.0', '0.5969011828340985', '0.7201309328968903'], ['1.0', '0.27902359109811936', '0.10256410256410253'], ['1.0', '0.7136847698597026', '0.49346879535558785'], ['1.0', '0.5059896922634238', '0.5128205128205129'], ['1.0', '0.87938570829424', '0.0'], ['1.0', '0.5009208444822455', '0.17751479289940833']]
2. top50:[[['1.0', '0.5969011828340985', '0.7201309328968903'], ['1.0', '0.27902359109811936', '0.10256410256410253'], ['1.0', '0.7136847698597026', '0.49346879535558785'], ['1.0', '0.5059896922634238', '0.5128205128205129'], ['1.0', '0.87938570829424', '0.0'], ['1.0', '0.5009208444822455', '0.17751479289940833'], ['1.0', '0.6676965808112953', '0.4395604395604395'], ['1.0', '0.11897577222477879', '0.8547008547008547'], ['1.0', '0.8212040826483523', '0.3365384615384615'], ['1.0', '0.4522207899921283', '0.841799709724238'], ['1.0', '0.49686859715845716', '0.3016591251885369'], ['1.0', '0.3306265159301931', '0.8547008547008547'], ['1.0', '0.704129502333454', '0.32967032967032966'], ['1.0', '0.526858657119861', '0.1538461538461538'], ['1.0', '0.7512299593920883', '0.4081632653061224'], ['1.0', '0.15461323190537787', '0.3076923076923076'], ['1.0', '0.7834265803732801', '0.4023668639053254'], ['1.0', '0.45618067035146975', '0.0'], ['1.0', '0.6522286133283123', '0.0'], ['1.0', '0.209191359116642', '0.3001876172607879'], ['1.0', '0.24414363657518845', '0.3846153846153846'], ['1.0', '0.6008271907496804', '0.586080586080586'], ['1.0', '0.5787467111903812', '0.8888888888888887'], ['1.0', '0.6712011299679685', '0.7201309328968903'], ['1.0', '0.3367812507541325', '0.6433566433566433'], ['1.0', '0.41092057816460054', '0.9568480300187617'], ['1.0', '0.4522010844139638', '0.0'], ['1.0', '0.6366662193879934', '0.0'], ['1.0', '0.849204112769148', '0.5128205128205129'], ['1.0', '0.10394320286877987', '0.0'], ['1.0', '0.6146181919159853', '0.12820512820512825'], ['1.0', '0.48228736413722373', '0.32258064516129037'], ['1.0', '0.6977034064062189', '0.34188034188034183'], ['1.0', '0.39326247967146155', '0.3076923076923076'], ['1.0', '0.6567800145935004', '0.0'], ['1.0', '0.6478855108207102', '0.0'], ['1.0', '0.4491740945048858', '0.4807692307692307'], ['1.0', '0.3904238667867794', '0.521978021978022'], ['1.0', '0.48477563403249097', '0.641025641025641'], ['1.0', '0.5229248249363105', '0.5394605394605394'], ['1.0', '0.663808040435951', '0.27972027972027963'], ['1.0', '0.6397217839670802', '0.7032967032967034'], ['1.0', '0.3890818587978395', '0.043956043956043966'], ['1.0', '0.7781690498884826', '0.7100591715976331'], ['1.0', '0.5104560407445268', '0.0'], ['1.0', '0.6194207942432713', '1.0'], ['1.0', '0.4023211270851974', '0.9401709401709402'], ['1.0', '0.4379504564827494', '0.08205128205128207'], ['1.0', '0.07820385163066285', '1.0'], ['1.0', '0.0907664194887143', '0.0']]]
3. most: ['1.0', '0.0', '0.0']
4: rand:[1.         0.56475614 0.22508676]
4: rand:[1.         0.50209375 0.31656175]
4: rand:[1.         0.50349233 0.06016644]
4: rand:[1.         0.59185075 0.22437087]
4: rand:[1.         0.54107033 0.4408776 ]
4: rand:[1.         0.47340143 0.24679055]
4: rand:[1.         0.49661746 0.34546666]
4: rand:[1.         0.39670356 0.31739671]
4: rand:[1.         0.52871128 0.36613029]
4: rand:[1.         0.48154877 0.49733692]
5: mid: [1.0, 0.3435444412365248, 0.34906796315396293]
5: mid: [1.0, 0.4584604360722412, 0.32451738711626466]
5: mid: [1.0, 0.43715931611198566, 0.506155920890906]
5: mid: [1.0, 0.5563482836005416, 0.3917641886347339]
5: mid: [1.0, 0.5609953454683096, 0.34922650963007845]
5: mid: [1.0, 0.47316779326094865, 0.36989490910761913]
5: mid: [1.0, 0.43349094992727116, 0.43395474907077675]
5: mid: [1.0, 0.45300834832781467, 0.431843110217605]
5: mid: [1.0, 0.544604085249976, 0.4020118494588534]
5: mid: [1.0, 0.4968361020105753, 0.3256105538528422]

Time Taken to run SVM on the dataset = 0.4254169464111328
========================================================================================================================
========================================================================================================================
Current random seed:  55
['Cost-', 'Score-', 'Idle-']
1. top6:[['1.0', '0.49065684589020403', '0.5384615384615384'], ['1.0', '0.30546790416053826', '0.2692307692307693'], ['1.0', '0.6719034275105294', '0.05698005698005706'], ['1.0', '0.60936411877702', '0.8097165991902835'], ['1.0', '0.39326247967146155', '0.3076923076923076'], ['1.0', '0.3012958771182707', '0.0']]
2. top50:[[['1.0', '0.49065684589020403', '0.5384615384615384'], ['1.0', '0.30546790416053826', '0.2692307692307693'], ['1.0', '0.6719034275105294', '0.05698005698005706'], ['1.0', '0.60936411877702', '0.8097165991902835'], ['1.0', '0.39326247967146155', '0.3076923076923076'], ['1.0', '0.3012958771182707', '0.0'], ['1.0', '0.4738498403136969', '0.6923076923076922'], ['1.0', '0.33128756969448075', '0.25641025641025633'], ['1.0', '0.25613525108535146', '0.0'], ['1.0', '0.5896256466849873', '0.9743589743589742'], ['1.0', '0.3543920863088966', '0.7692307692307692'], ['1.0', '0.4806325326767934', '0.5128205128205129'], ['1.0', '0.4719314657687822', '0.0'], ['1.0', '0.583803635473612', '0.3550295857988165'], ['1.0', '0.6108628109699409', '0.1431127012522362'], ['1.0', '0.3949422390867544', '0.0'], ['1.0', '0.801543949499575', '0.08097165991902842'], ['1.0', '0.06797865376170427', '0.0'], ['1.0', '0.6648924360299309', '0.5128205128205129'], ['1.0', '0.6397217839670802', '0.7032967032967034'], ['1.0', '0.17423435536747475', '0.0'], ['1.0', '0.7816883421582552', '0.8284023668639052'], ['1.0', '0.8164699202045018', '0.7818411097099621'], ['1.0', '0.36252494607276753', '0.41958041958041953'], ['1.0', '0.7917048844199869', '0.25641025641025633'], ['1.0', '0.4271129200750352', '0.5690200210748156'], ['1.0', '0.6712011299679685', '0.7201309328968903'], ['1.0', '0.6297379858664242', '0.5437665782493368'], ['1.0', '0.7151142184319721', '0.4524886877828053'], ['1.0', '0.3692003632677576', '0.25641025641025633'], ['1.0', '0.6733591092402669', '0.0'], ['1.0', '0.46015855832201363', '0.6293706293706293'], ['1.0', '0.2745871218744137', '0.8974358974358972'], ['1.0', '0.48228736413722373', '0.32258064516129037'], ['1.0', '0.849204112769148', '0.5128205128205129'], ['1.0', '0.704129502333454', '0.32967032967032966'], ['1.0', '0.633785936686384', '0.0'], ['1.0', '0.209191359116642', '0.3001876172607879'], ['1.0', '0.5999313448977424', '0.25641025641025633'], ['1.0', '0.7487716915548084', '0.35164835164835156'], ['1.0', '0.6296460516401686', '0.46153846153846156'], ['1.0', '0.7336061117546132', '0.45503791982665226'], ['1.0', '0.999030032093725', '0.0'], ['1.0', '0.758185836892483', '0.06410256410256404'], ['1.0', '0.3072906257806875', '0.8026755852842808'], ['1.0', '0.5538339767733886', '0.6877828054298641'], ['1.0', '0.6008271907496804', '0.586080586080586'], ['1.0', '0.1475231267401278', '0.5128205128205129'], ['1.0', '0.5110019137580363', '0.0'], ['1.0', '0.7922471616407928', '0.1538461538461538']]]
3. most: ['1.0', '0.0', '0.0']
4: rand:[1.         0.43018715 0.45359758]
4: rand:[1.         0.44030215 0.06569465]
4: rand:[1.         0.56510786 0.52302896]
4: rand:[1.         0.38890538 0.54354123]
4: rand:[1.         0.54596814 0.51922288]
4: rand:[1.         0.67253553 0.37370154]
4: rand:[1.         0.62555206 0.49274913]
4: rand:[1.         0.475709   0.45526383]
4: rand:[1.         0.63367989 0.32343719]
4: rand:[1.         0.37001012 0.35705199]
5: mid: [1.0, 0.5220264271994277, 0.3721000307013945]
5: mid: [1.0, 0.5100731423465714, 0.4335950528699683]
5: mid: [1.0, 0.5043402640868534, 0.46074537278900246]
5: mid: [1.0, 0.48375111130224197, 0.3421256493611344]
5: mid: [1.0, 0.4814612800696875, 0.29460125767070877]
5: mid: [1.0, 0.4908919660679571, 0.2505388710146483]
5: mid: [1.0, 0.5302747765455571, 0.28990351922243734]
5: mid: [1.0, 0.49010842514863107, 0.43569770632117555]
5: mid: [1.0, 0.4244977755999099, 0.411223382832053]
5: mid: [1.0, 0.5734671929299409, 0.27710493777763556]

Time Taken to run SVM on the dataset = 0.44838500022888184
========================================================================================================================
