========================================================================================================================
Current random seed:  52
[' EFFORT-', ' MONTHS-', ' DEFECTS-', ' RISKS-']
1. top6:[[' 32.09', ' 6349.405', ' 1.609'], [' 11.404', ' 175.019', ' 0.536'], [' 30.799', ' 6081.66', ' 0.0'], [' 24.286', ' 2311.651', ' 0.536'], [' 28.724', ' 13212.781', ' 1.34'], [' 16.564', ' 1191.778', ' 0.0']]
2. top50:[[[' 32.09', ' 6349.405', ' 1.609'], [' 11.404', ' 175.019', ' 0.536'], [' 30.799', ' 6081.66', ' 0.0'], [' 24.286', ' 2311.651', ' 0.536'], [' 28.724', ' 13212.781', ' 1.34'], [' 16.564', ' 1191.778', ' 0.0'], [' 18.724', ' 1114.147', ' 2.413'], [' 14.639', ' 163.253', ' 1.609'], [' 36.422', ' 22848.372', ' 1.072'], [' 27.641', ' 10369.868', ' 0.536'], [' 19.716', ' 2029.204', ' 0.0'], [' 32.094', ' 16510.199', ' 0.268'], [' 23.911', ' 5119.434', ' 2.145'], [' 25.087', ' 3148.708', ' 0.536'], [' 23.953', ' 2584.052', ' 0.0'], [' 21.615', ' 2399.814', ' 2.145'], [' 22.527', ' 3377.494', ' 2.413'], [' 22.011', ' 2109.089', ' 0.0'], [' 32.335', ' 16458.675', ' 1.072'], [' 16.836', ' 639.394', ' 1.609'], [' 25.049', ' 4801.988', ' 1.072'], [' 38.014', ' 28600.375', ' 2.681'], [' 31.874', ' 9550.756', ' 2.145'], [' 32.654', ' 12160.552', ' 0.268'], [' 28.663', ' 5680.122', ' 2.145'], [' 38.774', ' 11387.715', ' 0.0'], [' 34.795', ' 14298.354', ' 1.072'], [' 22.105', ' 2792.894', ' 0.0'], [' 25.659', ' 7435.808', ' 0.536'], [' 19.562', ' 1126.926', ' 0.0'], [' 20.62', ' 1181.64', ' 0.536'], [' 26.4', ' 4884.602', ' 1.609'], [' 31.673', ' 6019.371', ' 3.217'], [' 28.158', ' 8457.178', ' 1.072'], [' 33.873', ' 5877.83', ' 0.268'], [' 17.618', ' 1822.05', ' 0.0'], [' 33.178', ' 7260.233', ' 0.0'], [' 32.455', ' 10446.976', ' 2.145'], [' 23.117', ' 12568.746', ' 0.536'], [' 33.822', ' 3591.24', ' 1.072'], [' 26.698', ' 1987.244', ' 1.072'], [' 25.826', ' 6364.241', ' 1.072'], [' 27.22', ' 6764.315', ' 1.072'], [' 14.895', ' 187.459', ' 0.0'], [' 28.408', ' 4489.247', ' 1.609'], [' 20.513', ' 1499.594', ' 0.0'], [' 27.564', ' 7923.22', ' 1.609'], [' 30.155', ' 2296.402', ' 0.0'], [' 22.288', ' 2402.665', ' 0.536'], [' 26.843', ' 13581.351', ' 1.609']]]
3. most: [' 32.09', ' 6349.405', ' 1.609']
4: rand:2480.6208333333334
4: rand:2312.5847999999996
4: rand:1098.5665555555556
4: rand:1380.5209047619046
4: rand:2178.1962916666666
4: rand:2042.5763703703703
4: rand:1604.7719333333332
4: rand:1760.1317272727274
4: rand:1625.8473333333332
4: rand:1396.0206410256408
5: mid: [0, 0, 0]
5: mid: [0, 0, 0]
5: mid: [0, 0, 0]
5: mid: [0, 0, 0]
5: mid: [0, 0, 0]
5: mid: [0, 0, 0]
5: mid: [0, 0, 0]
5: mid: [0, 0, 0]
5: mid: [0, 0, 0]
5: mid: [0, 0, 0]

Time Taken to run SVM on the dataset = 5.941670894622803
========================================================================================================================
========================================================================================================================
Current random seed:  45
[' EFFORT-', ' MONTHS-', ' DEFECTS-', ' RISKS-']
1. top6:[[' 25.037', ' 2189.083', ' 1.072'], [' 44.432', ' 34993.87', ' 0.268'], [' 27.322', ' 3598.794', ' 0.536'], [' 32.722', ' 17173.464', ' 2.681'], [' 31.689', ' 6918.296', ' 2.145'], [' 15.007', ' 409.038', ' 0.0']]
2. top50:[[[' 25.037', ' 2189.083', ' 1.072'], [' 44.432', ' 34993.87', ' 0.268'], [' 27.322', ' 3598.794', ' 0.536'], [' 32.722', ' 17173.464', ' 2.681'], [' 31.689', ' 6918.296', ' 2.145'], [' 15.007', ' 409.038', ' 0.0'], [' 30.764', ' 6131.923', ' 1.609'], [' 25.68', ' 4641.473', ' 1.072'], [' 29.928', ' 13177.797', ' 0.0'], [' 14.751', ' 176.468', ' 0.536'], [' 20.043', ' 1758.193', ' 1.072'], [' 18.531', ' 4052.133', ' 1.609'], [' 16.036', ' 1190.252', ' 1.072'], [' 27.746', ' 4260.561', ' 1.072'], [' 26.104', ' 5400.304', ' 0.0'], [' 28.919', ' 7382.365', ' 0.536'], [' 30.931', ' 4331.854', ' 1.072'], [' 30.963', ' 12538.556', ' 2.413'], [' 20.247', ' 994.296', ' 0.0'], [' 29.889', ' 18397.954', ' 2.145'], [' 27.145', ' 12316.09', ' 0.268'], [' 28.619', ' 6368.685', ' 0.268'], [' 26.118', ' 3893.143', ' 0.0'], [' 35.132', ' 10016.326', ' 1.072'], [' 21.881', ' 3221.429', ' 0.536'], [' 25.391', ' 4350.595', ' 1.34'], [' 34.811', ' 21775.143', ' 0.536'], [' 28.369', ' 7668.43', ' 2.145'], [' 36.403', ' 12142.216', ' 1.34'], [' 23.926', ' 2792.853', ' 2.145'], [' 27.406', ' 1994.526', ' 0.536'], [' 25.103', ' 10500.038', ' 2.145'], [' 29.421', ' 26258.206', ' 2.413'], [' 25.511', ' 2274.567', ' 0.268'], [' 23.159', ' 5242.226', ' 0.536'], [' 19.228', ' 4136.036', ' 3.217'], [' 23.592', ' 1267.022', ' 0.0'], [' 30.886', ' 11747.947', ' 0.0'], [' 39.159', ' 19544.88', ' 0.268'], [' 30.343', ' 3856.813', ' 0.0'], [' 34.29', ' 21077.877', ' 0.804'], [' 31.256', ' 7444.774', ' 0.804'], [' 32.05', ' 17257.972', ' 1.34'], [' 23.556', ' 2736.196', ' 3.217'], [' 29.417', ' 4677.85', ' 0.0'], [' 40.744', ' 30796.27', ' 2.145'], [' 25.606', ' 2975.444', ' 1.609'], [' 23.33', ' 6126.108', ' 1.877'], [' 27.819', ' 4799.961', ' 0.536'], [' 19.806', ' 1321.48', ' 0.804']]]
3. most: [' 25.037', ' 2189.083', ' 1.072']
4: rand:1974.6940833333335
4: rand:2112.7171333333335
4: rand:2305.168055555556
4: rand:3482.608238095238
4: rand:3050.7807500000004
4: rand:2114.6217777777774
4: rand:1559.6541666666667
4: rand:1734.2299999999998
4: rand:1629.5572222222222
4: rand:1874.3547179487177
5: mid: [0, 0, 0]
5: mid: [0, 0, 0]
5: mid: [0, 0, 0]
5: mid: [0, 0, 0]
5: mid: [0, 0, 0]
5: mid: [0, 0, 0]
5: mid: [0, 0, 0]
5: mid: [0, 0, 0]
5: mid: [0, 0, 0]
5: mid: [0, 0, 0]

Time Taken to run SVM on the dataset = 5.910967111587524
========================================================================================================================
========================================================================================================================
Current random seed:  51
[' EFFORT-', ' MONTHS-', ' DEFECTS-', ' RISKS-']
1. top6:[[' 16.811', ' 354.271', ' 0.804'], [' 20.349', ' 989.058', ' 1.072'], [' 26.167', ' 2433.585', ' 0.0'], [' 23.987', ' 6501.53', ' 1.34'], [' 24.538', ' 3975.157', ' 0.804'], [' 12.453', ' 183.401', ' 1.072']]
2. top50:[[[' 16.811', ' 354.271', ' 0.804'], [' 20.349', ' 989.058', ' 1.072'], [' 26.167', ' 2433.585', ' 0.0'], [' 23.987', ' 6501.53', ' 1.34'], [' 24.538', ' 3975.157', ' 0.804'], [' 12.453', ' 183.401', ' 1.072'], [' 28.701', ' 3999.119', ' 0.0'], [' 10.548', ' 422.83', ' 2.413'], [' 22.618', ' 1491.258', ' 1.072'], [' 23.597', ' 3054.84', ' 1.072'], [' 22.713', ' 1577.838', ' 0.268'], [' 40.197', ' 13290.108', ' 1.609'], [' 27.205', ' 3093.484', ' 0.268'], [' 15.586', ' 1711.619', ' 2.145'], [' 21.204', ' 2488.756', ' 2.145'], [' 24.079', ' 7793.99', ' 1.072'], [' 39.159', ' 19544.88', ' 0.268'], [' 14.632', ' 1712.212', ' 2.145'], [' 28.658', ' 5468.043', ' 1.609'], [' 26.005', ' 2922.889', ' 3.217'], [' 31.527', ' 2548.659', ' 0.0'], [' 27.429', ' 5085.692', ' 0.0'], [' 19.939', ' 3477.414', ' 0.268'], [' 21.278', ' 937.16', ' 0.0'], [' 31.848', ' 22145.802', ' 1.877'], [' 13.566', ' 183.613', ' 0.536'], [' 17.066', ' 1271.512', ' 2.145'], [' 34.888', ' 17345.334', ' 0.0'], [' 30.465', ' 16749.621', ' 1.34'], [' 31.144', ' 11705.026', ' 1.877'], [' 21.98', ' 2674.094', ' 1.609'], [' 22.481', ' 2754.924', ' 1.072'], [' 30.713', ' 10391.375', ' 0.268'], [' 34.787', ' 12896.811', ' 0.536'], [' 32.134', ' 4577.979', ' 0.0'], [' 15.368', ' 521.417', ' 0.0'], [' 27.187', ' 6356.927', ' 0.0'], [' 18.111', ' 628.122', ' 0.268'], [' 41.175', ' 20865.442', ' 1.609'], [' 35.664', ' 14953.724', ' 1.34'], [' 29.893', ' 7489.529', ' 0.536'], [' 22.194', ' 4293.076', ' 1.072'], [' 29.819', ' 8762.409', ' 1.609'], [' 29.876', ' 3920.729', ' 0.0'], [' 22.968', ' 1293.912', ' 0.0'], [' 16.543', ' 850.676', ' 2.145'], [' 22.025', ' 3194.63', ' 1.34'], [' 40.58', ' 11446.132', ' 1.072'], [' 23.927', ' 5612.086', ' 0.536'], [' 21.451', ' 3164.274', ' 0.536']]]
3. most: [' 16.811', ' 354.271', ' 0.804']
4: rand:1344.8724166666666
4: rand:4065.887666666667
4: rand:2582.0523888888893
4: rand:2462.1602857142852
4: rand:826.8067499999999
4: rand:1750.7771481481482
4: rand:1655.6573666666663
4: rand:1617.8320303030303
4: rand:1512.6396666666665
4: rand:3236.159923076923
5: mid: [0, 0, 0]
5: mid: [0, 0, 0]
5: mid: [0, 0, 0]
5: mid: [0, 0, 0]
5: mid: [0, 0, 0]
5: mid: [0, 0, 0]
5: mid: [0, 0, 0]
5: mid: [0, 0, 0]
5: mid: [0, 0, 0]
5: mid: [0, 0, 0]

Time Taken to run SVM on the dataset = 5.654851913452148
========================================================================================================================
========================================================================================================================
Current random seed:  41
[' EFFORT-', ' MONTHS-', ' DEFECTS-', ' RISKS-']
1. top6:[[' 16.776', ' 985.96', ' 0.536'], [' 33.898', ' 6767.852', ' 0.0'], [' 20.69', ' 2475.055', ' 1.072'], [' 21.08', ' 2940.525', ' 2.145'], [' 34.748', ' 12035.773', ' 1.072'], [' 17.175', ' 783.057', ' 1.072']]
2. top50:[[[' 16.776', ' 985.96', ' 0.536'], [' 33.898', ' 6767.852', ' 0.0'], [' 20.69', ' 2475.055', ' 1.072'], [' 21.08', ' 2940.525', ' 2.145'], [' 34.748', ' 12035.773', ' 1.072'], [' 17.175', ' 783.057', ' 1.072'], [' 28.344', ' 5741.041', ' 1.34'], [' 30.468', ' 5360.524', ' 1.609'], [' 27.361', ' 6589.501', ' 0.536'], [' 38.584', ' 21771.935', ' 1.609'], [' 39.103', ' 6422.447', ' 0.804'], [' 27.754', ' 7167.425', ' 0.268'], [' 34.192', ' 5639.672', ' 0.0'], [' 12.361', ' 175.428', ' 2.145'], [' 37.851', ' 11726.934', ' 0.804'], [' 47.089', ' 17253.694', ' 1.877'], [' 24.442', ' 3121.725', ' 0.0'], [' 30.898', ' 3919.223', ' 0.0'], [' 28.819', ' 3230.477', ' 0.268'], [' 21.427', ' 2358.545', ' 0.0'], [' 18.916', ' 5132.099', ' 1.609'], [' 36.225', ' 5863.9', ' 0.0'], [' 22.746', ' 7085.989', ' 0.536'], [' 25.186', ' 2664.601', ' 0.0'], [' 26.567', ' 2015.915', ' 0.536'], [' 18.255', ' 1372.144', ' 0.536'], [' 17.152', ' 1224.78', ' 0.0'], [' 18.856', ' 650.604', ' 1.609'], [' 32.655', ' 9976.78', ' 0.536'], [' 24.079', ' 7793.99', ' 1.072'], [' 28.74', ' 7529.274', ' 1.609'], [' 25.635', ' 5357.22', ' 0.0'], [' 21.702', ' 5923.105', ' 2.145'], [' 29.139', ' 7766.561', ' 1.072'], [' 28.566', ' 6654.069', ' 2.145'], [' 28.349', ' 4542.988', ' 1.34'], [' 25.554', ' 9450.552', ' 1.609'], [' 31.523', ' 8204.21', ' 0.536'], [' 21.696', ' 2142.606', ' 2.145'], [' 33.426', ' 6345.331', ' 0.0'], [' 23.182', ' 6428.754', ' 0.0'], [' 24.235', ' 8698.849', ' 1.877'], [' 23.378', ' 4635.413', ' 2.145'], [' 22.572', ' 2483.76', ' 1.072'], [' 20.677', ' 2392.463', ' 0.268'], [' 14.371', ' 652.04', ' 2.145'], [' 29.556', ' 4084.758', ' 0.0'], [' 23.079', ' 2049.758', ' 0.536'], [' 34.548', ' 4980.495', ' 0.536'], [' 24.46', ' 7756.005', ' 2.145']]]
3. most: [' 16.776', ' 985.96', ' 0.536']
4: rand:1879.0395
4: rand:1964.0200666666667
4: rand:1600.080777777778
4: rand:2331.8554285714285
4: rand:2460.6500416666663
4: rand:1553.8144074074078
4: rand:1931.9029666666668
4: rand:3107.2477272727274
4: rand:971.2319444444444
4: rand:1879.4754102564098
5: mid: [0, 0, 0]
5: mid: [0, 0, 0]
5: mid: [0, 0, 0]
5: mid: [0, 0, 0]
5: mid: [0, 0, 0]
5: mid: [0, 0, 0]
5: mid: [0, 0, 0]
5: mid: [0, 0, 0]
5: mid: [0, 0, 0]
5: mid: [0, 0, 0]

Time Taken to run SVM on the dataset = 5.927867889404297
========================================================================================================================
========================================================================================================================
Current random seed:  28
[' EFFORT-', ' MONTHS-', ' DEFECTS-', ' RISKS-']
1. top6:[[' 24.438', ' 1647.189', ' 0.268'], [' 28.009', ' 2171.942', ' 0.0'], [' 35.683', ' 4877.117', ' 0.536'], [' 17.601', ' 2359.969', ' 2.145'], [' 23.394', ' 4469.426', ' 1.072'], [' 17.222', ' 1134.781', ' 3.217']]
2. top50:[[[' 24.438', ' 1647.189', ' 0.268'], [' 28.009', ' 2171.942', ' 0.0'], [' 35.683', ' 4877.117', ' 0.536'], [' 17.601', ' 2359.969', ' 2.145'], [' 23.394', ' 4469.426', ' 1.072'], [' 17.222', ' 1134.781', ' 3.217'], [' 17.276', ' 621.508', ' 2.145'], [' 21.009', ' 1256.542', ' 0.268'], [' 21.947', ' 4298.019', ' 1.072'], [' 22.425', ' 10223.21', ' 0.536'], [' 27.885', ' 3778.48', ' 1.072'], [' 22.956', ' 3559.74', ' 1.072'], [' 32.972', ' 2064.698', ' 0.0'], [' 27.287', ' 6174.316', ' 1.072'], [' 27.98', ' 6525.199', ' 0.536'], [' 31.633', ' 2986.802', ' 0.0'], [' 30.672', ' 7010.013', ' 0.0'], [' 30.769', ' 4033.352', ' 1.609'], [' 19.992', ' 1284.207', ' 0.0'], [' 31.486', ' 2719.499', ' 0.0'], [' 27.054', ' 4961.402', ' 0.0'], [' 28.881', ' 3238.918', ' 3.217'], [' 21.144', ' 4342.038', ' 1.609'], [' 27.689', ' 8141.426', ' 0.0'], [' 31.133', ' 9751.467', ' 0.268'], [' 22.35', ' 3057.985', ' 2.413'], [' 26.649', ' 5053.885', ' 0.536'], [' 28.939', ' 14437.874', ' 1.072'], [' 37.094', ' 10358.987', ' 0.268'], [' 24.57', ' 2040.221', ' 0.268'], [' 24.13', ' 3941.812', ' 3.217'], [' 33.777', ' 23915.147', ' 0.804'], [' 29.205', ' 5388.647', ' 0.536'], [' 17.242', ' 2297.862', ' 0.536'], [' 17.722', ' 338.442', ' 0.0'], [' 23.454', ' 5215.076', ' 1.072'], [' 26.399', ' 5414.465', ' 2.413'], [' 22.686', ' 3213.708', ' 1.072'], [' 18.525', ' 741.833', ' 0.268'], [' 16.069', ' 708.345', ' 2.145'], [' 30.515', ' 3564.419', ' 0.268'], [' 30.833', ' 6223.188', ' 0.804'], [' 33.084', ' 29777.197', ' 0.0'], [' 25.948', ' 10750.208', ' 0.536'], [' 28.819', ' 3230.477', ' 0.268'], [' 23.963', ' 3323.21', ' 0.0'], [' 39.332', ' 8500.695', ' 0.0'], [' 27.549', ' 2943.851', ' 0.0'], [' 29.165', ' 15644.705', ' 0.268'], [' 19.025', ' 862.233', ' 0.0']]]
3. most: [' 24.438', ' 1647.189', ' 0.268']
4: rand:2068.758333333333
4: rand:1450.9666000000002
4: rand:1222.6910555555555
4: rand:1429.644
4: rand:995.8922083333333
4: rand:1463.378074074074
4: rand:2469.7545999999998
4: rand:1553.496606060606
4: rand:3189.5926388888884
4: rand:1605.6774871794871
5: mid: [0, 0, 0]
5: mid: [0, 0, 0]
5: mid: [0, 0, 0]
5: mid: [0, 0, 0]
5: mid: [0, 0, 0]
5: mid: [0, 0, 0]
5: mid: [0, 0, 0]
5: mid: [0, 0, 0]
5: mid: [0, 0, 0]
5: mid: [0, 0, 0]

Time Taken to run SVM on the dataset = 5.612519025802612
========================================================================================================================
========================================================================================================================
Current random seed:  54
[' EFFORT-', ' MONTHS-', ' DEFECTS-', ' RISKS-']
1. top6:[[' 26.421', ' 2969.625', ' 0.536'], [' 30.987', ' 8217.982', ' 1.072'], [' 29.639', ' 23413.438', ' 0.268'], [' 31.416', ' 7108.047', ' 0.0'], [' 32.392', ' 5268.467', ' 1.072'], [' 21.315', ' 2567.78', ' 1.877']]
2. top50:[[[' 26.421', ' 2969.625', ' 0.536'], [' 30.987', ' 8217.982', ' 1.072'], [' 29.639', ' 23413.438', ' 0.268'], [' 31.416', ' 7108.047', ' 0.0'], [' 32.392', ' 5268.467', ' 1.072'], [' 21.315', ' 2567.78', ' 1.877'], [' 30.126', ' 3327.237', ' 1.609'], [' 17.532', ' 1908.151', ' 0.0'], [' 26.523', ' 3483.173', ' 1.609'], [' 32.649', ' 27435.307', ' 2.413'], [' 36.207', ' 6853.254', ' 0.804'], [' 19.8', ' 404.478', ' 0.0'], [' 22.335', ' 1986.682', ' 1.072'], [' 17.242', ' 2297.862', ' 0.536'], [' 23.841', ' 2529.85', ' 2.145'], [' 23.129', ' 3294.383', ' 2.681'], [' 22.653', ' 6828.622', ' 2.145'], [' 16.56', ' 503.904', ' 2.145'], [' 30.987', ' 15174.025', ' 1.072'], [' 24.773', ' 5441.942', ' 0.268'], [' 25.087', ' 5266.171', ' 2.145'], [' 39.709', ' 25133.017', ' 2.949'], [' 29.921', ' 15308.631', ' 1.072'], [' 29.301', ' 5365.643', ' 1.072'], [' 22.192', ' 1651.761', ' 3.217'], [' 24.216', ' 3405.698', ' 0.0'], [' 38.212', ' 12535.649', ' 0.536'], [' 28.5', ' 2200.316', ' 0.536'], [' 40.644', ' 20356.271', ' 1.072'], [' 24.481', ' 2087.439', ' 0.268'], [' 36.426', ' 11031.04', ' 1.609'], [' 27.233', ' 11030.101', ' 2.681'], [' 17.766', ' 1968.046', ' 0.536'], [' 22.375', ' 2435.35', ' 1.072'], [' 25.911', ' 4962.97', ' 2.145'], [' 24.244', ' 1700.979', ' 1.072'], [' 17.161', ' 506.934', ' 0.536'], [' 32.175', ' 8843.245', ' 1.877'], [' 33.323', ' 11902.666', ' 0.268'], [' 27.132', ' 4380.036', ' 2.145'], [' 16.95', ' 1267.608', ' 0.268'], [' 12.642', ' 287.557', ' 0.0'], [' 24.018', ' 5319.467', ' 0.804'], [' 29.226', ' 7702.334', ' 2.145'], [' 30.853', ' 5821.866', ' 0.0'], [' 18.826', ' 884.927', ' 1.072'], [' 26.161', ' 4937.722', ' 0.536'], [' 25.08', ' 2589.166', ' 0.0'], [' 10.923', ' 146.136', ' 1.609'], [' 19.799', ' 1226.168', ' 0.0']]]
3. most: [' 26.421', ' 2969.625', ' 0.536']
4: rand:1631.6296666666665
4: rand:3735.737533333333
4: rand:2700.3314444444445
4: rand:3173.615047619047
4: rand:1841.2607916666668
4: rand:1863.1533333333334
4: rand:2561.8942000000006
4: rand:1659.4165151515153
4: rand:2052.333194444445
4: rand:1890.2657435897434
5: mid: [0, 0, 0]
5: mid: [0, 0, 0]
5: mid: [0, 0, 0]
5: mid: [0, 0, 0]
5: mid: [0, 0, 0]
5: mid: [0, 0, 0]
5: mid: [0, 0, 0]
5: mid: [0, 0, 0]
5: mid: [0, 0, 0]
5: mid: [0, 0, 0]

Time Taken to run SVM on the dataset = 5.8719871044158936
========================================================================================================================
========================================================================================================================
Current random seed:  38
[' EFFORT-', ' MONTHS-', ' DEFECTS-', ' RISKS-']
1. top6:[[' 27.133', ' 2176.717', ' 0.268'], [' 18.593', ' 1465.683', ' 2.145'], [' 26.117', ' 7915.192', ' 1.609'], [' 22.049', ' 5787.857', ' 2.949'], [' 19.896', ' 878.622', ' 1.072'], [' 22.837', ' 3357.594', ' 1.072']]
2. top50:[[[' 27.133', ' 2176.717', ' 0.268'], [' 18.593', ' 1465.683', ' 2.145'], [' 26.117', ' 7915.192', ' 1.609'], [' 22.049', ' 5787.857', ' 2.949'], [' 19.896', ' 878.622', ' 1.072'], [' 22.837', ' 3357.594', ' 1.072'], [' 23.287', ' 6086.28', ' 1.609'], [' 35.256', ' 9273.754', ' 1.072'], [' 35.783', ' 20607.262', ' 1.072'], [' 12.642', ' 287.557', ' 0.0'], [' 33.989', ' 11863.962', ' 0.536'], [' 19.459', ' 1392.848', ' 1.609'], [' 24.098', ' 4447.046', ' 1.609'], [' 25.129', ' 2751.598', ' 0.536'], [' 25.983', ' 8978.16', ' 0.0'], [' 23.739', ' 7523.841', ' 1.34'], [' 30.787', ' 10382.744', ' 2.145'], [' 27.155', ' 10774.863', ' 3.485'], [' 27.915', ' 5943.831', ' 1.072'], [' 25.11', ' 4149.773', ' 1.609'], [' 33.253', ' 17084.807', ' 0.804'], [' 39.562', ' 29224.592', ' 0.536'], [' 17.448', ' 329.314', ' 1.072'], [' 21.111', ' 2962.927', ' 0.0'], [' 24.709', ' 4976.774', ' 0.0'], [' 26.862', ' 4924.545', ' 1.072'], [' 22.31', ' 1258.713', ' 2.145'], [' 29.164', ' 6765.482', ' 2.145'], [' 30.126', ' 3327.237', ' 1.609'], [' 24.55', ' 5511.712', ' 0.804'], [' 32.401', ' 16712.962', ' 1.072'], [' 23.849', ' 3398.39', ' 1.609'], [' 19.589', ' 1376.506', ' 0.536'], [' 26.14', ' 8238.646', ' 1.609'], [' 24.667', ' 1642.002', ' 0.536'], [' 15.903', ' 1153.129', ' 0.268'], [' 26.588', ' 1765.136', ' 0.0'], [' 21.533', ' 2588.028', ' 1.609'], [' 36.299', ' 19030.663', ' 0.536'], [' 14.966', ' 771.874', ' 2.145'], [' 23.129', ' 5353.188', ' 0.0'], [' 24.334', ' 10056.472', ' 1.34'], [' 24.208', ' 3011.176', ' 1.609'], [' 29.301', ' 5365.643', ' 1.072'], [' 25.971', ' 3521.412', ' 1.072'], [' 29.455', ' 5236.027', ' 1.609'], [' 23.86', ' 2584.225', ' 1.609'], [' 37.08', ' 5664.609', ' 0.0'], [' 23.383', ' 2977.177', ' 1.609'], [' 24.959', ' 2292.98', ' 2.145']]]
3. most: [' 27.133', ' 2176.717', ' 0.268']
4: rand:1432.3435
4: rand:1040.762066666667
4: rand:1690.3367777777778
4: rand:1493.3345714285715
4: rand:1473.2179583333334
4: rand:1548.5083333333332
4: rand:1527.9364333333333
4: rand:1976.2188484848484
4: rand:1882.2225277777773
4: rand:2464.1841282051287
5: mid: [0, 0, 0]
5: mid: [0, 0, 0]
5: mid: [0, 0, 0]
5: mid: [0, 0, 0]
5: mid: [0, 0, 0]
5: mid: [0, 0, 0]
5: mid: [0, 0, 0]
5: mid: [0, 0, 0]
5: mid: [0, 0, 0]
5: mid: [0, 0, 0]

Time Taken to run SVM on the dataset = 5.733209848403931
========================================================================================================================
========================================================================================================================
Current random seed:  72
[' EFFORT-', ' MONTHS-', ' DEFECTS-', ' RISKS-']
1. top6:[[' 38.494', ' 8063.622', ' 0.0'], [' 31.899', ' 5657.552', ' 0.0'], [' 31.47', ' 5468.09', ' 0.0'], [' 19.676', ' 1062.324', ' 1.609'], [' 38.212', ' 12535.649', ' 0.536'], [' 28.999', ' 14450.837', ' 1.072']]
2. top50:[[[' 38.494', ' 8063.622', ' 0.0'], [' 31.899', ' 5657.552', ' 0.0'], [' 31.47', ' 5468.09', ' 0.0'], [' 19.676', ' 1062.324', ' 1.609'], [' 38.212', ' 12535.649', ' 0.536'], [' 28.999', ' 14450.837', ' 1.072'], [' 24.914', ' 3441.135', ' 0.268'], [' 34.571', ' 6784.269', ' 0.536'], [' 29.886', ' 10462.723', ' 0.0'], [' 31.613', ' 5078.995', ' 0.268'], [' 16.381', ' 910.407', ' 3.217'], [' 37.085', ' 9765.679', ' 0.804'], [' 21.231', ' 2182.67', ' 0.536'], [' 29.541', ' 6111.804', ' 1.072'], [' 16.439', ' 1429.548', ' 0.0'], [' 13.029', ' 3113.711', ' 1.877'], [' 29.345', ' 3906.617', ' 1.072'], [' 34.117', ' 9730.406', ' 0.0'], [' 41.676', ' 17901.226', ' 0.268'], [' 21.925', ' 1690.436', ' 1.609'], [' 31.673', ' 6019.371', ' 3.217'], [' 19.898', ' 867.609', ' 0.536'], [' 20.83', ' 709.374', ' 2.145'], [' 34.163', ' 2053.982', ' 0.0'], [' 33.013', ' 6701.787', ' 2.145'], [' 23.13', ' 3433.766', ' 0.0'], [' 19.315', ' 1962.176', ' 1.609'], [' 26.286', ' 5319.975', ' 0.536'], [' 30.299', ' 16620.486', ' 2.413'], [' 17.713', ' 1023.582', ' 0.536'], [' 24.071', ' 7851.138', ' 0.536'], [' 18.333', ' 1673.39', ' 0.0'], [' 37.155', ' 12037.139', ' 0.268'], [' 20.836', ' 7274.954', ' 1.072'], [' 31.586', ' 4996.177', ' 1.072'], [' 28.77', ' 13727.452', ' 0.536'], [' 27.852', ' 7423.507', ' 0.536'], [' 27.666', ' 1723.2', ' 0.536'], [' 29.278', ' 6654.532', ' 0.804'], [' 24.854', ' 2173.826', ' 0.0'], [' 27.059', ' 4074.368', ' 2.145'], [' 36.047', ' 11410.286', ' 0.0'], [' 25.921', ' 2574.764', ' 0.0'], [' 20.05', ' 948.938', ' 0.268'], [' 24.939', ' 7344.11', ' 3.217'], [' 27.525', ' 1573.19', ' 1.072'], [' 20.697', ' 7505.83', ' 1.34'], [' 23.883', ' 7830.465', ' 2.145'], [' 14.971', ' 2064.164', ' 2.145'], [' 18.385', ' 1478.788', ' 1.877']]]
3. most: [' 38.494', ' 8063.622', ' 0.0']
4: rand:1476.7463333333335
4: rand:1930.6249333333333
4: rand:888.3991111111112
4: rand:3527.455714285714
4: rand:2161.404
4: rand:959.3706296296295
4: rand:2244.0445333333337
4: rand:2273.937
4: rand:2458.6105000000002
4: rand:1599.8114102564105
5: mid: [0, 0, 0]
5: mid: [0, 0, 0]
5: mid: [0, 0, 0]
5: mid: [0, 0, 0]
5: mid: [0, 0, 0]
5: mid: [0, 0, 0]
5: mid: [0, 0, 0]
5: mid: [0, 0, 0]
5: mid: [0, 0, 0]
5: mid: [0, 0, 0]

Time Taken to run SVM on the dataset = 5.975173711776733
========================================================================================================================
========================================================================================================================
Current random seed:  37
[' EFFORT-', ' MONTHS-', ' DEFECTS-', ' RISKS-']
1. top6:[[' 22.487', ' 1830.912', ' 1.072'], [' 22.653', ' 4366.178', ' 0.268'], [' 33.381', ' 4164.571', ' 0.268'], [' 19.114', ' 1153.864', ' 2.145'], [' 16.612', ' 607.956', ' 0.536'], [' 23.003', ' 2184.101', ' 1.072']]
2. top50:[[[' 22.487', ' 1830.912', ' 1.072'], [' 22.653', ' 4366.178', ' 0.268'], [' 33.381', ' 4164.571', ' 0.268'], [' 19.114', ' 1153.864', ' 2.145'], [' 16.612', ' 607.956', ' 0.536'], [' 23.003', ' 2184.101', ' 1.072'], [' 39.562', ' 29224.592', ' 0.536'], [' 27.457', ' 2772.552', ' 0.536'], [' 16.754', ' 1308.998', ' 0.536'], [' 16.567', ' 1194.904', ' 1.072'], [' 30.193', ' 5275.556', ' 0.536'], [' 36.101', ' 11176.369', ' 0.536'], [' 31.241', ' 19025.316', ' 1.609'], [' 28.256', ' 7936.345', ' 0.804'], [' 24.316', ' 1328.718', ' 0.0'], [' 30.854', ' 3793.486', ' 0.0'], [' 15.737', ' 1015.76', ' 0.268'], [' 27.995', ' 3971.778', ' 2.145'], [' 44.927', ' 12422.911', ' 0.0'], [' 26.368', ' 3294.69', ' 0.268'], [' 21.512', ' 1620.966', ' 1.072'], [' 21.656', ' 1823.094', ' 0.0'], [' 30.064', ' 11957.22', ' 1.072'], [' 39.963', ' 47718.781', ' 0.536'], [' 26.296', ' 1529.894', ' 0.268'], [' 25.459', ' 3938.573', ' 2.413'], [' 12.652', ' 588.047', ' 2.145'], [' 18.724', ' 1114.147', ' 2.413'], [' 30.409', ' 6091.832', ' 0.268'], [' 23.882', ' 7053.652', ' 1.877'], [' 21.309', ' 1615.798', ' 0.0'], [' 33.013', ' 6701.787', ' 2.145'], [' 22.097', ' 6729.948', ' 1.609'], [' 28.443', ' 4170.095', ' 0.536'], [' 26.005', ' 2922.889', ' 3.217'], [' 26.419', ' 3219.142', ' 1.072'], [' 30.298', ' 4809.187', ' 0.0'], [' 36.399', ' 14316.454', ' 0.268'], [' 33.008', ' 13119.559', ' 0.268'], [' 23.319', ' 2838.298', ' 1.609'], [' 22.752', ' 4684.673', ' 0.536'], [' 30.086', ' 11326.502', ' 2.145'], [' 32.021', ' 4681.735', ' 0.0'], [' 28.64', ' 8237.787', ' 1.072'], [' 18.083', ' 2063.166', ' 1.34'], [' 21.789', ' 14225.134', ' 2.413'], [' 20.185', ' 4201.913', ' 0.0'], [' 24.095', ' 3592.935', ' 1.34'], [' 19.414', ' 1231.395', ' 2.681'], [' 36.443', ' 10820.274', ' 1.072']]]
3. most: [' 22.487', ' 1830.912', ' 1.072']
4: rand:1802.9046666666666
4: rand:818.6882666666667
4: rand:3249.6782777777776
4: rand:1869.7288571428574
4: rand:1778.4644166666667
4: rand:1924.5233333333333
4: rand:1467.7957000000001
4: rand:2389.5914545454543
4: rand:1652.5937222222221
4: rand:1636.9650769230768
5: mid: [0, 0, 0]
5: mid: [0, 0, 0]
5: mid: [0, 0, 0]
5: mid: [0, 0, 0]
5: mid: [0, 0, 0]
5: mid: [0, 0, 0]
5: mid: [0, 0, 0]
5: mid: [0, 0, 0]
5: mid: [0, 0, 0]
5: mid: [0, 0, 0]

Time Taken to run SVM on the dataset = 5.823242902755737
========================================================================================================================
========================================================================================================================
Current random seed:  78
[' EFFORT-', ' MONTHS-', ' DEFECTS-', ' RISKS-']
1. top6:[[' 19.325', ' 2500.372', ' 0.536'], [' 20.971', ' 1607.667', ' 1.34'], [' 22.014', ' 2235.775', ' 0.268'], [' 21.241', ' 2540.937', ' 1.877'], [' 33.436', ' 3660.757', ' 1.072'], [' 26.107', ' 7654.789', ' 0.804']]
2. top50:[[[' 19.325', ' 2500.372', ' 0.536'], [' 20.971', ' 1607.667', ' 1.34'], [' 22.014', ' 2235.775', ' 0.268'], [' 21.241', ' 2540.937', ' 1.877'], [' 33.436', ' 3660.757', ' 1.072'], [' 26.107', ' 7654.789', ' 0.804'], [' 24.583', ' 6948.239', ' 0.0'], [' 27.915', ' 5943.831', ' 1.072'], [' 20.661', ' 2981.634', ' 2.145'], [' 29.059', ' 13831.923', ' 1.609'], [' 23.154', ' 2074.498', ' 0.0'], [' 31.81', ' 3788.883', ' 0.268'], [' 17.993', ' 2666.144', ' 0.268'], [' 19.877', ' 393.575', ' 0.0'], [' 27.429', ' 2884.406', ' 0.0'], [' 27.084', ' 3118.22', ' 1.609'], [' 30.569', ' 8700.539', ' 1.609'], [' 31.064', ' 5659.177', ' 0.0'], [' 19.596', ' 3296.58', ' 1.072'], [' 28.533', ' 7795.704', ' 1.072'], [' 16.063', ' 2203.134', ' 1.072'], [' 22.853', ' 786.655', ' 0.536'], [' 14.657', ' 1738.798', ' 2.413'], [' 23.698', ' 2328.09', ' 1.34'], [' 29.136', ' 3765.374', ' 0.268'], [' 27.211', ' 6221.584', ' 1.34'], [' 30.577', ' 5574.743', ' 1.072'], [' 25.196', ' 1289.392', ' 0.0'], [' 25.867', ' 15597.022', ' 0.804'], [' 22.786', ' 2914.596', ' 0.0'], [' 34.504', ' 14820.888', ' 1.609'], [' 31.104', ' 6982.107', ' 0.268'], [' 23.476', ' 2226.066', ' 0.536'], [' 26.837', ' 16130.072', ' 2.145'], [' 35.447', ' 8009.209', ' 0.536'], [' 16.994', ' 720.934', ' 0.804'], [' 32.31', ' 5830.4', ' 1.609'], [' 22.917', ' 3279.847', ' 1.072'], [' 20.657', ' 4912.464', ' 0.0'], [' 26.355', ' 1958.089', ' 2.145'], [' 28.703', ' 9080.896', ' 2.145'], [' 16.877', ' 1530.516', ' 3.217'], [' 24.141', ' 1506.629', ' 0.0'], [' 32.726', ' 13969.725', ' 0.804'], [' 35.092', ' 9937.982', ' 0.0'], [' 16.518', ' 654.073', ' 1.609'], [' 39.329', ' 19353.126', ' 1.609'], [' 20.234', ' 1743.514', ' 1.609'], [' 23.18', ' 1947.271', ' 0.804'], [' 16.791', ' 3411.204', ' 2.145']]]
3. most: [' 19.325', ' 2500.372', ' 0.536']
4: rand:4442.7195833333335
4: rand:1527.1874666666665
4: rand:1236.9056666666665
4: rand:1060.6588095238094
4: rand:1499.24575
4: rand:3273.708481481482
4: rand:1132.7912333333336
4: rand:2039.0800606060604
4: rand:2289.6935555555556
4: rand:1998.5161025641028
5: mid: [0, 0, 0]
5: mid: [0, 0, 0]
5: mid: [0, 0, 0]
5: mid: [0, 0, 0]
5: mid: [0, 0, 0]
5: mid: [0, 0, 0]
5: mid: [0, 0, 0]
5: mid: [0, 0, 0]
5: mid: [0, 0, 0]
5: mid: [0, 0, 0]

Time Taken to run SVM on the dataset = 5.944078207015991
========================================================================================================================
========================================================================================================================
Current random seed:  6
[' EFFORT-', ' MONTHS-', ' DEFECTS-', ' RISKS-']
1. top6:[[' 27.1', ' 3719.799', ' 1.34'], [' 28.803', ' 8961.252', ' 0.268'], [' 21.878', ' 2562.478', ' 1.609'], [' 29.14', ' 7405.136', ' 0.536'], [' 28.835', ' 12705.377', ' 2.145'], [' 28.982', ' 4527.902', ' 0.268']]
2. top50:[[[' 27.1', ' 3719.799', ' 1.34'], [' 28.803', ' 8961.252', ' 0.268'], [' 21.878', ' 2562.478', ' 1.609'], [' 29.14', ' 7405.136', ' 0.536'], [' 28.835', ' 12705.377', ' 2.145'], [' 28.982', ' 4527.902', ' 0.268'], [' 19.775', ' 753.457', ' 1.072'], [' 25.118', ' 24887.976', ' 0.536'], [' 29.23', ' 5607.214', ' 1.34'], [' 25.402', ' 3886.137', ' 2.145'], [' 13.394', ' 155.946', ' 0.0'], [' 30.504', ' 8574.981', ' 0.0'], [' 19.471', ' 4837.836', ' 1.877'], [' 16.922', ' 722.05', ' 2.145'], [' 19.096', ' 1397.384', ' 1.072'], [' 27.424', ' 4308.039', ' 2.145'], [' 19.346', ' 721.295', ' 2.145'], [' 30.297', ' 5867.888', ' 0.0'], [' 27.936', ' 5940.021', ' 1.609'], [' 21.891', ' 3269.994', ' 0.536'], [' 30.675', ' 7124.187', ' 2.145'], [' 27.531', ' 10492.91', ' 1.609'], [' 31.968', ' 6414.778', ' 0.0'], [' 29.743', ' 16448.353', ' 1.072'], [' 25.52', ' 2690.754', ' 2.145'], [' 24.905', ' 6552.391', ' 0.0'], [' 19.599', ' 2861.465', ' 1.072'], [' 17.161', ' 506.934', ' 0.536'], [' 19.184', ' 1563.079', ' 2.145'], [' 28.236', ' 3289.785', ' 1.072'], [' 25.052', ' 4184.214', ' 1.072'], [' 29.421', ' 26258.206', ' 2.413'], [' 10.433', ' 220.733', ' 1.877'], [' 24.303', ' 2309.825', ' 1.34'], [' 26.638', ' 2486.306', ' 0.804'], [' 24.552', ' 12258.587', ' 1.072'], [' 37.622', ' 6162.85', ' 0.0'], [' 40.58', ' 11446.132', ' 1.072'], [' 36.725', ' 27800.536', ' 1.34'], [' 25.937', ' 4319.763', ' 0.0'], [' 19.81', ' 629.625', ' 0.0'], [' 18.206', ' 532.523', ' 1.609'], [' 33.084', ' 29777.197', ' 0.0'], [' 28.491', ' 3777.516', ' 0.0'], [' 21.72', ' 2789.921', ' 2.145'], [' 24.656', ' 9507.72', ' 0.804'], [' 27.518', ' 6161.737', ' 1.877'], [' 17.213', ' 452.178', ' 2.145'], [' 30.487', ' 10040.497', ' 1.072'], [' 20.703', ' 882.802', ' 1.072']]]
3. most: [' 27.1', ' 3719.799', ' 1.34']
4: rand:1790.4213333333335
4: rand:744.5459999999999
4: rand:2170.568333333333
4: rand:2678.9656666666665
4: rand:1865.9484999999997
4: rand:3304.2704074074077
4: rand:1564.1329333333333
4: rand:2491.8442727272727
4: rand:2695.2126666666663
4: rand:2580.6123076923072
5: mid: [0, 0, 0]
5: mid: [0, 0, 0]
5: mid: [0, 0, 0]
5: mid: [0, 0, 0]
5: mid: [0, 0, 0]
5: mid: [0, 0, 0]
5: mid: [0, 0, 0]
5: mid: [0, 0, 0]
5: mid: [0, 0, 0]
5: mid: [0, 0, 0]

Time Taken to run SVM on the dataset = 5.889884948730469
========================================================================================================================
========================================================================================================================
Current random seed:  92
[' EFFORT-', ' MONTHS-', ' DEFECTS-', ' RISKS-']
1. top6:[[' 31.01', ' 8316.321', ' 0.0'], [' 34.419', ' 8133.809', ' 0.0'], [' 25.417', ' 7296.836', ' 1.609'], [' 35.068', ' 20940.472', ' 1.072'], [' 25.518', ' 7184.795', ' 1.609'], [' 30.558', ' 15261.209', ' 1.34']]
2. top50:[[[' 31.01', ' 8316.321', ' 0.0'], [' 34.419', ' 8133.809', ' 0.0'], [' 25.417', ' 7296.836', ' 1.609'], [' 35.068', ' 20940.472', ' 1.072'], [' 25.518', ' 7184.795', ' 1.609'], [' 30.558', ' 15261.209', ' 1.34'], [' 32.767', ' 35433.067', ' 1.609'], [' 13.036', ' 336.969', ' 0.536'], [' 19.753', ' 3518.628', ' 1.34'], [' 20.092', ' 717.715', ' 0.536'], [' 18.655', ' 968.66', ' 0.268'], [' 37.314', ' 11486.902', ' 0.0'], [' 29.605', ' 12580.627', ' 1.609'], [' 37.779', ' 28028.983', ' 1.609'], [' 24.687', ' 4914.048', ' 0.0'], [' 29.409', ' 3318.865', ' 0.804'], [' 29.792', ' 10714.667', ' 0.0'], [' 23.378', ' 4635.413', ' 2.145'], [' 17.546', ' 467.362', ' 0.0'], [' 24.818', ' 3119.659', ' 0.0'], [' 23.573', ' 4768.664', ' 0.0'], [' 33.093', ' 7211.059', ' 1.072'], [' 29.639', ' 5196.641', ' 1.072'], [' 23.145', ' 5910.859', ' 0.0'], [' 21.328', ' 3896.99', ' 2.145'], [' 27.991', ' 20542.974', ' 2.145'], [' 31.383', ' 12492.196', ' 3.217'], [' 26.182', ' 1504.894', ' 2.145'], [' 31.616', ' 11697.605', ' 1.072'], [' 19.623', ' 1440.601', ' 1.877'], [' 15.806', ' 416.699', ' 0.0'], [' 28.53', ' 17612.634', ' 1.34'], [' 39.329', ' 19353.126', ' 1.609'], [' 27.37', ' 1232.471', ' 1.072'], [' 27.468', ' 2954.779', ' 0.0'], [' 28.895', ' 8804.79', ' 1.34'], [' 32.694', ' 7740.642', ' 0.0'], [' 29.162', ' 5565.17', ' 0.0'], [' 26.574', ' 11690.688', ' 0.268'], [' 31.464', ' 38665.022', ' 2.145'], [' 31.634', ' 5869.597', ' 0.0'], [' 26.152', ' 1825.264', ' 0.268'], [' 38.922', ' 11119.598', ' 0.536'], [' 30.21', ' 6400.152', ' 0.0'], [' 36.823', ' 10371.572', ' 2.145'], [' 17.231', ' 889.014', ' 2.145'], [' 30.314', ' 10964.028', ' 1.072'], [' 20.961', ' 1735.276', ' 0.536'], [' 27.339', ' 7068.745', ' 3.217'], [' 40.295', ' 13566.507', ' 0.268']]]
3. most: [' 31.01', ' 8316.321', ' 0.0']
4: rand:2470.4216666666666
4: rand:1729.3021333333334
4: rand:1153.5693333333336
4: rand:1425.6094285714287
4: rand:2523.1129166666665
4: rand:1695.189222222222
4: rand:1276.2468
4: rand:1716.1399393939394
4: rand:2076.7586111111113
4: rand:3106.013615384615
5: mid: [0, 0, 0]
5: mid: [0, 0, 0]
5: mid: [0, 0, 0]
5: mid: [0, 0, 0]
5: mid: [0, 0, 0]
5: mid: [0, 0, 0]
5: mid: [0, 0, 0]
5: mid: [0, 0, 0]
5: mid: [0, 0, 0]
5: mid: [0, 0, 0]

Time Taken to run SVM on the dataset = 5.942546129226685
========================================================================================================================
========================================================================================================================
Current random seed:  53
[' EFFORT-', ' MONTHS-', ' DEFECTS-', ' RISKS-']
1. top6:[[' 22.057', ' 6955.411', ' 1.34'], [' 32.055', ' 7939.57', ' 0.536'], [' 30.274', ' 3964.39', ' 0.804'], [' 13.466', ' 396.769', ' 1.609'], [' 17.901', ' 916.596', ' 0.536'], [' 25.19', ' 5550.089', ' 1.072']]
2. top50:[[[' 22.057', ' 6955.411', ' 1.34'], [' 32.055', ' 7939.57', ' 0.536'], [' 30.274', ' 3964.39', ' 0.804'], [' 13.466', ' 396.769', ' 1.609'], [' 17.901', ' 916.596', ' 0.536'], [' 25.19', ' 5550.089', ' 1.072'], [' 38.039', ' 2644.641', ' 0.0'], [' 29.841', ' 3192.429', ' 0.536'], [' 23.62', ' 5758.984', ' 0.268'], [' 36.339', ' 12830.511', ' 0.0'], [' 22.598', ' 4866.231', ' 1.609'], [' 23.732', ' 2136.785', ' 3.217'], [' 35.788', ' 13069.476', ' 0.268'], [' 25.795', ' 2510.837', ' 0.536'], [' 32.54', ' 20368.104', ' 1.34'], [' 14.624', ' 179.132', ' 0.0'], [' 23.956', ' 2335.684', ' 0.536'], [' 17.395', ' 982.497', ' 1.609'], [' 26.373', ' 2437.835', ' 0.536'], [' 26.908', ' 11068.484', ' 1.072'], [' 26.514', ' 3172.484', ' 0.804'], [' 17.699', ' 1322.52', ' 1.072'], [' 30.39', ' 9136.17', ' 1.072'], [' 20.415', ' 833.809', ' 0.804'], [' 19.494', ' 1790.247', ' 0.0'], [' 23.983', ' 7204.791', ' 0.0'], [' 33.11', ' 18699.62', ' 1.34'], [' 31.004', ' 5542.34', ' 0.0'], [' 21.558', ' 5274.051', ' 3.217'], [' 24.94', ' 2962.685', ' 0.0'], [' 20.811', ' 2147.978', ' 0.0'], [' 27.269', ' 5660.376', ' 0.536'], [' 23.86', ' 3192.263', ' 1.072'], [' 13.291', ' 470.822', ' 0.0'], [' 35.083', ' 7550.466', ' 0.536'], [' 26.661', ' 3642.824', ' 0.536'], [' 37.851', ' 11726.934', ' 0.804'], [' 36.637', ' 11399.349', ' 2.145'], [' 29.149', ' 13045.755', ' 2.145'], [' 18.229', ' 3800.426', ' 1.34'], [' 22.821', ' 1955.31', ' 0.536'], [' 25.649', ' 7997.87', ' 0.0'], [' 26.02', ' 5472.936', ' 0.268'], [' 20.736', ' 1124.183', ' 1.609'], [' 30.635', ' 16984.912', ' 0.268'], [' 24.252', ' 4066.072', ' 1.072'], [' 22.719', ' 6255.915', ' 1.609'], [' 26.321', ' 5944.988', ' 2.145'], [' 31.846', ' 7584.472', ' 0.0'], [' 24.754', ' 4053.281', ' 1.072']]]
3. most: [' 22.057', ' 6955.411', ' 1.34']
4: rand:2148.5217500000003
4: rand:1286.1722000000002
4: rand:4309.083166666667
4: rand:943.6071904761905
4: rand:3025.3905
4: rand:4053.3247407407407
4: rand:2071.6277333333333
4: rand:3256.380121212121
4: rand:1615.0249166666667
4: rand:2440.006051282052
5: mid: [0, 0, 0]
5: mid: [0, 0, 0]
5: mid: [0, 0, 0]
5: mid: [0, 0, 0]
5: mid: [0, 0, 0]
5: mid: [0, 0, 0]
5: mid: [0, 0, 0]
5: mid: [0, 0, 0]
5: mid: [0, 0, 0]
5: mid: [0, 0, 0]

Time Taken to run SVM on the dataset = 5.721142053604126
========================================================================================================================
========================================================================================================================
Current random seed:  12
[' EFFORT-', ' MONTHS-', ' DEFECTS-', ' RISKS-']
1. top6:[[' 30.269', ' 1367.095', ' 0.0'], [' 25.399', ' 1304.668', ' 0.536'], [' 34.1', ' 5823.105', ' 0.268'], [' 20.074', ' 932.554', ' 0.536'], [' 26.262', ' 2825.255', ' 0.0'], [' 28.4', ' 1978.504', ' 0.268']]
2. top50:[[[' 30.269', ' 1367.095', ' 0.0'], [' 25.399', ' 1304.668', ' 0.536'], [' 34.1', ' 5823.105', ' 0.268'], [' 20.074', ' 932.554', ' 0.536'], [' 26.262', ' 2825.255', ' 0.0'], [' 28.4', ' 1978.504', ' 0.268'], [' 33.205', ' 8494.085', ' 0.0'], [' 26.672', ' 2416.21', ' 1.072'], [' 28.808', ' 6253.421', ' 0.804'], [' 29.174', ' 7152.317', ' 1.072'], [' 27.136', ' 2005.027', ' 1.609'], [' 17.931', ' 752.412', ' 1.609'], [' 31.634', ' 5869.597', ' 0.0'], [' 16.3', ' 2418.439', ' 2.145'], [' 34.672', ' 6999.043', ' 1.609'], [' 21.595', ' 3475.888', ' 0.536'], [' 27.549', ' 1835.085', ' 0.0'], [' 24.726', ' 2723.469', ' 0.0'], [' 19.317', ' 1995.888', ' 0.536'], [' 41.636', ' 11999.639', ' 0.268'], [' 28.715', ' 5624.368', ' 0.0'], [' 36.418', ' 4467.645', ' 0.0'], [' 17.605', ' 648.552', ' 0.0'], [' 16.005', ' 918.008', ' 1.609'], [' 37.701', ' 7909.311', ' 0.0'], [' 34.939', ' 11006.364', ' 0.0'], [' 35.983', ' 9754.834', ' 0.268'], [' 17.383', ' 1479.644', ' 0.0'], [' 20.493', ' 698.68', ' 1.072'], [' 17.222', ' 942.785', ' 3.217'], [' 24.198', ' 3980.692', ' 0.0'], [' 31.216', ' 3250.538', ' 1.072'], [' 18.458', ' 1765.247', ' 1.072'], [' 24.773', ' 5441.942', ' 0.268'], [' 11.52', ' 172.022', ' 0.0'], [' 27.527', ' 6301.74', ' 1.072'], [' 18.196', ' 477.075', ' 0.0'], [' 33.268', ' 4557.955', ' 0.268'], [' 30.963', ' 12538.556', ' 2.413'], [' 26.814', ' 3067.242', ' 0.268'], [' 38.521', ' 25843.948', ' 1.877'], [' 25.518', ' 7184.795', ' 1.609'], [' 28.261', ' 3894.764', ' 1.072'], [' 23.969', ' 8699.306', ' 1.877'], [' 22.194', ' 6023.643', ' 1.072'], [' 21.033', ' 2510.448', ' 1.072'], [' 20.869', ' 968.797', ' 0.804'], [' 35.814', ' 12325.654', ' 3.485'], [' 19.232', ' 896.024', ' 1.072'], [' 30.704', ' 18625.61', ' 0.536']]]
3. most: [' 30.269', ' 1367.095', ' 0.0']
4: rand:4773.57575
4: rand:2590.632066666666
4: rand:2208.7444444444445
4: rand:1918.832857142857
4: rand:3034.916416666667
4: rand:1760.3029999999999
4: rand:3333.3450000000003
4: rand:2869.0815757575756
4: rand:1783.674472222222
4: rand:2062.665692307692
5: mid: [0, 0, 0]
5: mid: [0, 0, 0]
5: mid: [0, 0, 0]
5: mid: [0, 0, 0]
5: mid: [0, 0, 0]
5: mid: [0, 0, 0]
5: mid: [0, 0, 0]
5: mid: [0, 0, 0]
5: mid: [0, 0, 0]
5: mid: [0, 0, 0]

Time Taken to run SVM on the dataset = 5.6876139640808105
========================================================================================================================
========================================================================================================================
Current random seed:  58
[' EFFORT-', ' MONTHS-', ' DEFECTS-', ' RISKS-']
1. top6:[[' 24.124', ' 3126.41', ' 0.0'], [' 10.433', ' 220.733', ' 1.877'], [' 11.778', ' 88.424', ' 0.536'], [' 34.331', ' 8203.17', ' 0.268'], [' 14.83', ' 469.54', ' 0.536'], [' 17.17', ' 656.487', ' 0.0']]
2. top50:[[[' 24.124', ' 3126.41', ' 0.0'], [' 10.433', ' 220.733', ' 1.877'], [' 11.778', ' 88.424', ' 0.536'], [' 34.331', ' 8203.17', ' 0.268'], [' 14.83', ' 469.54', ' 0.536'], [' 17.17', ' 656.487', ' 0.0'], [' 37.426', ' 24647.029', ' 0.268'], [' 38.523', ' 13811.701', ' 0.536'], [' 23.27', ' 2866.846', ' 0.536'], [' 27.968', ' 3706.278', ' 0.804'], [' 19.346', ' 2464.665', ' 0.0'], [' 26.475', ' 4099.1', ' 2.145'], [' 27.842', ' 9495.62', ' 1.877'], [' 31.628', ' 3478.104', ' 0.0'], [' 30.097', ' 2769.389', ' 0.0'], [' 27.977', ' 8573.018', ' 0.0'], [' 33.657', ' 6966.664', ' 0.536'], [' 21.174', ' 625.64', ' 0.0'], [' 33.16', ' 21855.057', ' 0.536'], [' 26.571', ' 2845.414', ' 0.536'], [' 38.494', ' 8063.622', ' 0.0'], [' 21.403', ' 2770.566', ' 0.536'], [' 29.282', ' 5357.109', ' 0.0'], [' 21.513', ' 3167.873', ' 1.34'], [' 26.968', ' 1647.612', ' 1.072'], [' 27.123', ' 5722.77', ' 1.072'], [' 36.675', ' 7026.549', ' 0.0'], [' 22.389', ' 2868.816', ' 2.413'], [' 22.024', ' 10907.78', ' 2.145'], [' 34.798', ' 19775.933', ' 1.34'], [' 28.474', ' 5154.586', ' 2.145'], [' 25.144', ' 3738.576', ' 0.0'], [' 35.641', ' 8627.889', ' 0.268'], [' 28.369', ' 7668.43', ' 2.145'], [' 21.649', ' 2039.88', ' 0.0'], [' 27.393', ' 12100.081', ' 2.949'], [' 27.137', ' 8961.865', ' 1.072'], [' 15.908', ' 543.464', ' 0.0'], [' 17.792', ' 582.285', ' 1.609'], [' 24.225', ' 1501.002', ' 0.0'], [' 36.009', ' 14178.836', ' 0.536'], [' 33.012', ' 5444.266', ' 0.536'], [' 23.684', ' 2349.115', ' 0.0'], [' 18.164', ' 1803.617', ' 1.609'], [' 14.554', ' 831.577', ' 0.804'], [' 28.532', ' 8907.563', ' 1.609'], [' 22.04', ' 1482.841', ' 0.536'], [' 23.317', ' 10661.139', ' 2.145'], [' 32.78', ' 15167.839', ' 0.0'], [' 26.744', ' 3665.53', ' 0.536']]]
3. most: [' 24.124', ' 3126.41', ' 0.0']
4: rand:3103.001916666666
4: rand:3312.380866666667
4: rand:4540.5445
4: rand:1156.681761904762
4: rand:1749.913625
4: rand:1009.493111111111
4: rand:1946.3344333333337
4: rand:3329.281909090909
4: rand:1284.7629166666668
4: rand:1739.3220256410252
5: mid: [0, 0, 0]
5: mid: [0, 0, 0]
5: mid: [0, 0, 0]
5: mid: [0, 0, 0]
5: mid: [0, 0, 0]
5: mid: [0, 0, 0]
5: mid: [0, 0, 0]
5: mid: [0, 0, 0]
5: mid: [0, 0, 0]
5: mid: [0, 0, 0]

Time Taken to run SVM on the dataset = 5.8335120677948
========================================================================================================================
========================================================================================================================
Current random seed:  57
[' EFFORT-', ' MONTHS-', ' DEFECTS-', ' RISKS-']
1. top6:[[' 11.565', ' 560.265', ' 0.0'], [' 27.031', ' 4758.05', ' 0.268'], [' 34.963', ' 13950.713', ' 1.072'], [' 25.828', ' 2124.123', ' 0.268'], [' 31.23', ' 10769.173', ' 2.681'], [' 23.319', ' 2838.298', ' 1.609']]
2. top50:[[[' 11.565', ' 560.265', ' 0.0'], [' 27.031', ' 4758.05', ' 0.268'], [' 34.963', ' 13950.713', ' 1.072'], [' 25.828', ' 2124.123', ' 0.268'], [' 31.23', ' 10769.173', ' 2.681'], [' 23.319', ' 2838.298', ' 1.609'], [' 36.544', ' 32312.097', ' 0.268'], [' 24.156', ' 6508.188', ' 1.072'], [' 27.687', ' 7931.949', ' 0.0'], [' 24.74', ' 3712.104', ' 2.145'], [' 41.846', ' 16527.835', ' 0.804'], [' 22.09', ' 1400.346', ' 0.0'], [' 36.477', ' 8236.146', ' 0.536'], [' 19.954', ' 3319.938', ' 1.609'], [' 17.37', ' 844.511', ' 0.536'], [' 11.989', ' 255.159', ' 1.072'], [' 41.167', ' 18239.005', ' 1.34'], [' 37.499', ' 14580.328', ' 1.072'], [' 33.855', ' 9183.273', ' 0.0'], [' 29.061', ' 7209.357', ' 3.217'], [' 26.324', ' 7809.087', ' 2.145'], [' 31.566', ' 8849.787', ' 0.804'], [' 14.746', ' 886.425', ' 1.072'], [' 20.915', ' 3782.592', ' 1.072'], [' 39.142', ' 22008.554', ' 1.072'], [' 18.035', ' 1955.679', ' 0.0'], [' 12.624', ' 470.215', ' 3.217'], [' 19.675', ' 2061.822', ' 1.877'], [' 24.762', ' 4262.649', ' 0.0'], [' 31.383', ' 5119.608', ' 0.0'], [' 29.997', ' 4238.313', ' 0.0'], [' 30.283', ' 6794.094', ' 3.217'], [' 20.543', ' 538.648', ' 0.536'], [' 17.262', ' 3336.745', ' 1.072'], [' 20.689', ' 1166.102', ' 1.34'], [' 15.585', ' 423.125', ' 2.145'], [' 23.24', ' 3113.267', ' 1.072'], [' 14.657', ' 1738.798', ' 2.413'], [' 34.14', ' 35044.187', ' 1.609'], [' 23.038', ' 4052.127', ' 1.877'], [' 32.145', ' 5943.654', ' 0.0'], [' 27.04', ' 7117.289', ' 1.072'], [' 24.054', ' 6936.913', ' 2.145'], [' 32.456', ' 12555.836', ' 1.877'], [' 27.091', ' 10115.238', ' 2.145'], [' 26.627', ' 4198.885', ' 1.877'], [' 24.048', ' 4050.996', ' 0.536'], [' 18.598', ' 1839.5', ' 0.0'], [' 19.941', ' 1869.665', ' 0.0'], [' 22.866', ' 2088.404', ' 0.536']]]
3. most: [' 11.565', ' 560.265', ' 0.0']
4: rand:1612.3365000000001
4: rand:2282.987466666666
4: rand:532.7259444444445
4: rand:1589.9568095238096
4: rand:1750.5597083333334
4: rand:1737.172481481481
4: rand:1663.4243
4: rand:2449.8072727272734
4: rand:2719.817916666667
4: rand:2321.5028717948717
5: mid: [0, 0, 0]
5: mid: [0, 0, 0]
5: mid: [0, 0, 0]
5: mid: [0, 0, 0]
5: mid: [0, 0, 0]
5: mid: [0, 0, 0]
5: mid: [0, 0, 0]
5: mid: [0, 0, 0]
5: mid: [0, 0, 0]
5: mid: [0, 0, 0]

Time Taken to run SVM on the dataset = 5.82999324798584
========================================================================================================================
========================================================================================================================
Current random seed:  18
[' EFFORT-', ' MONTHS-', ' DEFECTS-', ' RISKS-']
1. top6:[[' 18.843', ' 1435.976', ' 2.145'], [' 19.562', ' 1126.926', ' 0.0'], [' 21.496', ' 1386.714', ' 1.072'], [' 34.568', ' 6549.894', ' 1.072'], [' 21.757', ' 969.437', ' 0.804'], [' 12.21', ' 219.472', ' 1.072']]
2. top50:[[[' 18.843', ' 1435.976', ' 2.145'], [' 19.562', ' 1126.926', ' 0.0'], [' 21.496', ' 1386.714', ' 1.072'], [' 34.568', ' 6549.894', ' 1.072'], [' 21.757', ' 969.437', ' 0.804'], [' 12.21', ' 219.472', ' 1.072'], [' 17.08', ' 2348.233', ' 1.072'], [' 19.022', ' 4170.22', ' 0.536'], [' 26.558', ' 8879.785', ' 0.0'], [' 31.085', ' 8670.646', ' 1.877'], [' 40.577', ' 12611.3', ' 0.268'], [' 38.912', ' 13621.718', ' 0.804'], [' 24.359', ' 5324.249', ' 1.34'], [' 26.024', ' 1457.633', ' 1.072'], [' 23.506', ' 8037.608', ' 1.609'], [' 24.826', ' 3340.117', ' 1.34'], [' 25.445', ' 1401.074', ' 0.0'], [' 30.339', ' 17649.215', ' 0.268'], [' 28.019', ' 5295.785', ' 0.0'], [' 32.306', ' 9945.53', ' 1.072'], [' 24.869', ' 2487.55', ' 0.804'], [' 31.841', ' 7159.917', ' 0.0'], [' 31.222', ' 11383.189', ' 1.072'], [' 26.098', ' 2664.294', ' 2.145'], [' 15.341', ' 737.245', ' 2.413'], [' 24.613', ' 2109.723', ' 1.34'], [' 18.843', ' 628.101', ' 1.072'], [' 15.796', ' 490.885', ' 0.804'], [' 30.066', ' 4912.927', ' 2.145'], [' 42.149', ' 24919.881', ' 1.34'], [' 22.947', ' 4579.354', ' 1.072'], [' 24.827', ' 2517.094', ' 1.609'], [' 33.952', ' 1632.814', ' 0.0'], [' 30.084', ' 8073.61', ' 1.34'], [' 20.491', ' 1363.85', ' 1.609'], [' 31.405', ' 6158.631', ' 1.609'], [' 27.222', ' 7770.059', ' 0.0'], [' 17.563', ' 2356.244', ' 1.609'], [' 31.586', ' 4996.177', ' 1.072'], [' 14.278', ' 354.588', ' 1.609'], [' 23.303', ' 8497.569', ' 0.268'], [' 22.988', ' 4825.682', ' 0.804'], [' 20.654', ' 5762.517', ' 1.34'], [' 37.16', ' 12501.385', ' 0.268'], [' 15.007', ' 409.038', ' 0.0'], [' 25.723', ' 4907.129', ' 1.072'], [' 18.531', ' 4052.133', ' 1.609'], [' 31.125', ' 8204.288', ' 1.072'], [' 27.687', ' 7931.949', ' 0.0'], [' 15.473', ' 1351.16', ' 2.145']]]
3. most: [' 18.843', ' 1435.976', ' 2.145']
4: rand:1534.7134166666672
4: rand:1352.5921999999998
4: rand:2223.5745555555554
4: rand:1808.4774285714288
4: rand:2553.414666666667
4: rand:3065.969222222222
4: rand:3241.2051999999994
4: rand:1564.3195454545455
4: rand:2643.3182777777774
4: rand:1655.6561794871793
5: mid: [0, 0, 0]
5: mid: [0, 0, 0]
5: mid: [0, 0, 0]
5: mid: [0, 0, 0]
5: mid: [0, 0, 0]
5: mid: [0, 0, 0]
5: mid: [0, 0, 0]
5: mid: [0, 0, 0]
5: mid: [0, 0, 0]
5: mid: [0, 0, 0]

Time Taken to run SVM on the dataset = 5.907141923904419
========================================================================================================================
========================================================================================================================
Current random seed:  34
[' EFFORT-', ' MONTHS-', ' DEFECTS-', ' RISKS-']
1. top6:[[' 16.826', ' 1422.639', ' 0.0'], [' 24.34', ' 3924.508', ' 2.145'], [' 31.08', ' 7022.842', ' 2.145'], [' 22.398', ' 2057.012', ' 1.072'], [' 28.505', ' 6596.625', ' 1.34'], [' 30.883', ' 3776.615', ' 1.072']]
2. top50:[[[' 16.826', ' 1422.639', ' 0.0'], [' 24.34', ' 3924.508', ' 2.145'], [' 31.08', ' 7022.842', ' 2.145'], [' 22.398', ' 2057.012', ' 1.072'], [' 28.505', ' 6596.625', ' 1.34'], [' 30.883', ' 3776.615', ' 1.072'], [' 12.727', ' 346.948', ' 2.145'], [' 16.189', ' 383.352', ' 2.145'], [' 15.642', ' 815.94', ' 2.145'], [' 34.343', ' 8307.582', ' 1.072'], [' 25.555', ' 3846.223', ' 2.145'], [' 21.84', ' 4100.614', ' 2.681'], [' 28.286', ' 12882.073', ' 2.145'], [' 22.945', ' 2900.178', ' 0.804'], [' 11.174', ' 116.595', ' 2.145'], [' 26.182', ' 1504.894', ' 2.145'], [' 27.691', ' 23028.084', ' 1.609'], [' 31.956', ' 5165.839', ' 0.268'], [' 24.412', ' 4178.411', ' 1.072'], [' 14.003', ' 618.058', ' 2.145'], [' 29.785', ' 20075.864', ' 2.145'], [' 21.684', ' 824.238', ' 1.072'], [' 30.288', ' 16483.731', ' 0.268'], [' 14.971', ' 2064.164', ' 2.145'], [' 16.612', ' 607.956', ' 0.536'], [' 21.544', ' 3311.773', ' 1.609'], [' 21.137', ' 3904.524', ' 2.145'], [' 31.879', ' 7354.114', ' 2.145'], [' 39.159', ' 19544.88', ' 0.268'], [' 17.939', ' 458.359', ' 0.536'], [' 21.842', ' 3204.559', ' 3.217'], [' 38.291', ' 7346.268', ' 0.804'], [' 30.758', ' 5789.337', ' 0.0'], [' 28.4', ' 1978.504', ' 0.268'], [' 25.947', ' 3603.743', ' 0.268'], [' 21.839', ' 1010.885', ' 2.413'], [' 32.877', ' 8683.67', ' 1.609'], [' 15.667', ' 2077.321', ' 1.609'], [' 24.707', ' 993.249', ' 0.0'], [' 21.474', ' 1739.94', ' 0.0'], [' 31.276', ' 11726.31', ' 1.34'], [' 26.098', ' 9504.377', ' 0.536'], [' 14.278', ' 354.588', ' 1.609'], [' 29.15', ' 7047.858', ' 0.804'], [' 28.655', ' 12386.163', ' 2.145'], [' 20.787', ' 2050.33', ' 0.536'], [' 34.963', ' 6130.264', ' 1.877'], [' 29.432', ' 7049.961', ' 1.072'], [' 27.385', ' 4286.878', ' 2.145'], [' 25.404', ' 12527.375', ' 0.268']]]
3. most: [' 16.826', ' 1422.639', ' 0.0']
4: rand:803.4153333333334
4: rand:1887.7384
4: rand:1341.7986666666666
4: rand:1340.3594761904762
4: rand:2545.7668333333336
4: rand:1124.148962962963
4: rand:2115.3270666666667
4: rand:2080.179818181818
4: rand:1917.1148888888888
4: rand:2400.820435897436
5: mid: [0, 0, 0]
5: mid: [0, 0, 0]
5: mid: [0, 0, 0]
5: mid: [0, 0, 0]
5: mid: [0, 0, 0]
5: mid: [0, 0, 0]
5: mid: [0, 0, 0]
5: mid: [0, 0, 0]
5: mid: [0, 0, 0]
5: mid: [0, 0, 0]

Time Taken to run SVM on the dataset = 6.063754081726074
========================================================================================================================
========================================================================================================================
Current random seed:  7
[' EFFORT-', ' MONTHS-', ' DEFECTS-', ' RISKS-']
1. top6:[[' 25.7', ' 5410.795', ' 0.536'], [' 36.225', ' 13402.489', ' 0.268'], [' 31.132', ' 4912.812', ' 1.072'], [' 29.803', ' 8258.84', ' 2.145'], [' 30.713', ' 7663.381', ' 0.536'], [' 22.885', ' 3456.577', ' 2.681']]
2. top50:[[[' 25.7', ' 5410.795', ' 0.536'], [' 36.225', ' 13402.489', ' 0.268'], [' 31.132', ' 4912.812', ' 1.072'], [' 29.803', ' 8258.84', ' 2.145'], [' 30.713', ' 7663.381', ' 0.536'], [' 22.885', ' 3456.577', ' 2.681'], [' 22.742', ' 9493.844', ' 0.536'], [' 17.889', ' 1429.052', ' 0.536'], [' 26.256', ' 3935.496', ' 0.536'], [' 19.961', ' 1829.192', ' 0.536'], [' 18.392', ' 2814.996', ' 1.609'], [' 29.311', ' 24351.292', ' 1.877'], [' 15.229', ' 821.988', ' 2.145'], [' 11.206', ' 435.957', ' 1.072'], [' 17.743', ' 1668.535', ' 2.145'], [' 27.921', ' 3433.758', ' 0.0'], [' 24.95', ' 2646.054', ' 1.072'], [' 29.759', ' 9336.911', ' 0.0'], [' 34.446', ' 10226.168', ' 0.268'], [' 25.48', ' 4061.235', ' 1.072'], [' 13.327', ' 306.188', ' 1.072'], [' 24.144', ' 4455.423', ' 0.536'], [' 16.547', ' 1550.28', ' 3.217'], [' 30.833', ' 6223.188', ' 0.804'], [' 18.458', ' 1765.247', ' 1.072'], [' 37.251', ' 24848.062', ' 0.804'], [' 27.123', ' 5722.77', ' 1.072'], [' 25.502', ' 1180.621', ' 0.268'], [' 30.427', ' 6464.723', ' 1.072'], [' 23.322', ' 13066.186', ' 3.217'], [' 17.376', ' 813.064', ' 0.804'], [' 33.418', ' 11295.077', ' 0.536'], [' 28.388', ' 8479.468', ' 2.145'], [' 25.653', ' 6317.676', ' 0.0'], [' 22.366', ' 1626.216', ' 0.0'], [' 28.67', ' 15060.212', ' 2.145'], [' 25.139', ' 7807.642', ' 0.268'], [' 25.549', ' 5588.831', ' 0.0'], [' 25.574', ' 10294.945', ' 1.072'], [' 21.115', ' 2290.059', ' 0.0'], [' 22.267', ' 2055.892', ' 1.34'], [' 34.681', ' 15860.669', ' 0.268'], [' 15.573', ' 2376.294', ' 1.609'], [' 26.966', ' 1379.206', ' 0.0'], [' 26.641', ' 16255.959', ' 1.609'], [' 22.757', ' 3211.489', ' 3.217'], [' 16.582', ' 756.24', ' 0.536'], [' 26.617', ' 4169.043', ' 0.0'], [' 17.377', ' 1498.649', ' 2.145'], [' 28.201', ' 9659.462', ' 3.217']]]
3. most: [' 25.7', ' 5410.795', ' 0.536']
4: rand:2156.9250000000006
4: rand:4141.2738
4: rand:2186.181833333334
4: rand:2505.6904285714286
4: rand:3732.9323333333327
4: rand:1864.3589629629628
4: rand:2009.1318666666666
4: rand:2148.9973333333332
4: rand:1652.6391944444447
4: rand:839.8414358974359
5: mid: [0, 0, 0]
5: mid: [0, 0, 0]
5: mid: [0, 0, 0]
5: mid: [0, 0, 0]
5: mid: [0, 0, 0]
5: mid: [0, 0, 0]
5: mid: [0, 0, 0]
5: mid: [0, 0, 0]
5: mid: [0, 0, 0]
5: mid: [0, 0, 0]

Time Taken to run SVM on the dataset = 6.286014080047607
========================================================================================================================
========================================================================================================================
Current random seed:  21
[' EFFORT-', ' MONTHS-', ' DEFECTS-', ' RISKS-']
1. top6:[[' 17.546', ' 467.362', ' 0.0'], [' 21.55', ' 1294.475', ' 0.536'], [' 25.426', ' 3807.584', ' 1.072'], [' 24.305', ' 7116.439', ' 1.609'], [' 33.287', ' 20669.218', ' 0.268'], [' 22.057', ' 6955.411', ' 1.34']]
2. top50:[[[' 17.546', ' 467.362', ' 0.0'], [' 21.55', ' 1294.475', ' 0.536'], [' 25.426', ' 3807.584', ' 1.072'], [' 24.305', ' 7116.439', ' 1.609'], [' 33.287', ' 20669.218', ' 0.268'], [' 22.057', ' 6955.411', ' 1.34'], [' 21.009', ' 861.833', ' 0.0'], [' 21.056', ' 1697.954', ' 0.0'], [' 19.1', ' 2948.989', ' 1.072'], [' 15.207', ' 2780.833', ' 0.536'], [' 21.395', ' 3307.311', ' 1.609'], [' 26.39', ' 5308.644', ' 1.34'], [' 40.243', ' 11204.307', ' 0.536'], [' 17.394', ' 1005.991', ' 1.072'], [' 15.629', ' 612.033', ' 1.072'], [' 26.577', ' 3965.325', ' 1.072'], [' 26.003', ' 4855.024', ' 1.609'], [' 27.549', ' 2943.851', ' 0.0'], [' 27.784', ' 11337.697', ' 3.217'], [' 24.743', ' 4274.334', ' 1.072'], [' 29.427', ' 8850.286', ' 1.34'], [' 26.659', ' 5114.232', ' 0.268'], [' 24.108', ' 7679.023', ' 0.536'], [' 17.843', ' 619.995', ' 0.0'], [' 21.489', ' 2924.848', ' 0.536'], [' 33.37', ' 9938.529', ' 1.072'], [' 22.503', ' 3716.837', ' 1.609'], [' 17.186', ' 1724.58', ' 2.681'], [' 33.101', ' 5583.637', ' 1.609'], [' 32.464', ' 7172.797', ' 0.804'], [' 27.228', ' 8839.958', ' 1.34'], [' 34.442', ' 6939.376', ' 0.0'], [' 26.182', ' 1504.894', ' 2.145'], [' 38.163', ' 28605.633', ' 3.217'], [' 23.108', ' 2199.084', ' 1.072'], [' 14.221', ' 814.682', ' 0.0'], [' 24.51', ' 4408.623', ' 1.072'], [' 23.205', ' 2196.951', ' 1.609'], [' 35.681', ' 18392.035', ' 0.0'], [' 32.166', ' 18393.897', ' 1.877'], [' 19.101', ' 879.427', ' 1.34'], [' 40.001', ' 31664.203', ' 1.609'], [' 38.894', ' 9652.849', ' 0.268'], [' 23.888', ' 7175.065', ' 0.536'], [' 23.715', ' 3307.058', ' 1.34'], [' 26.571', ' 2845.414', ' 0.536'], [' 35.848', ' 18767.779', ' 0.804'], [' 37.701', ' 7909.311', ' 0.0'], [' 31.685', ' 4421.832', ' 0.536'], [' 18.09', ' 1676.856', ' 0.0']]]
3. most: [' 17.546', ' 467.362', ' 0.0']
4: rand:1566.32275
4: rand:1704.852333333333
4: rand:1932.6109999999999
4: rand:2111.675142857143
4: rand:1208.0011666666667
4: rand:1872.349888888889
4: rand:2962.7601999999997
4: rand:1369.905393939394
4: rand:2221.557055555555
4: rand:1067.0223846153842
5: mid: [0, 0, 0]
5: mid: [0, 0, 0]
5: mid: [0, 0, 0]
5: mid: [0, 0, 0]
5: mid: [0, 0, 0]
5: mid: [0, 0, 0]
5: mid: [0, 0, 0]
5: mid: [0, 0, 0]
5: mid: [0, 0, 0]
5: mid: [0, 0, 0]

Time Taken to run SVM on the dataset = 6.040823936462402
========================================================================================================================
