========================================================================================================================
Current random seed:  23
[' EFFORT-', ' MONTHS-', ' DEFECTS-', ' RISKS-']
1. top6:[[' 26.736', ' 5772.366', ' 0.0'], [' 32.138', ' 6597.143', ' 1.072'], [' 31.936', ' 6393.474', ' 0.0'], [' 27.107', ' 1285.469', ' 0.0'], [' 27.236', ' 2567.624', ' 0.0'], [' 30.881', ' 5402.501', ' 0.536']]
2. top50:[[[' 26.736', ' 5772.366', ' 0.0'], [' 32.138', ' 6597.143', ' 1.072'], [' 31.936', ' 6393.474', ' 0.0'], [' 27.107', ' 1285.469', ' 0.0'], [' 27.236', ' 2567.624', ' 0.0'], [' 30.881', ' 5402.501', ' 0.536'], [' 40.352', ' 36124.223', ' 0.536'], [' 34.744', ' 6623.819', ' 0.268'], [' 18.422', ' 1056.274', ' 0.0'], [' 19.491', ' 1252.31', ' 0.0'], [' 33.632', ' 6534.257', ' 0.268'], [' 23.02', ' 1655.769', ' 0.536'], [' 18.472', ' 1592.164', ' 0.0'], [' 25.736', ' 2812.498', ' 0.536'], [' 26.03', ' 2403.201', ' 1.072'], [' 29.336', ' 3318.894', ' 0.536'], [' 13.781', ' 179.818', ' 0.536'], [' 40.921', ' 25882.112', ' 0.0'], [' 16.293', ' 399.002', ' 0.0'], [' 29.043', ' 5910.599', ' 0.536'], [' 20.173', ' 973.56', ' 1.072'], [' 26.703', ' 7701.385', ' 0.0'], [' 22.169', ' 1551.745', ' 0.0'], [' 27.195', ' 5282.677', ' 0.0'], [' 14.003', ' 499.358', ' 0.0'], [' 27.117', ' 8850.214', ' 0.536'], [' 38.252', ' 9549.305', ' 0.0'], [' 30.843', ' 3021.659', ' 0.536'], [' 37.433', ' 17022.814', ' 0.0'], [' 28.547', ' 6978.195', ' 0.268'], [' 31.393', ' 5236.353', ' 0.0'], [' 40.675', ' 9942.075', ' 0.804'], [' 25.613', ' 2250.402', ' 0.0'], [' 22.079', ' 3352.682', ' 0.0'], [' 32.825', ' 7291.464', ' 0.0'], [' 25.723', ' 6063.201', ' 0.268'], [' 31.658', ' 6078.591', ' 1.34'], [' 34.745', ' 26362.375', ' 0.804'], [' 28.606', ' 7501.013', ' 0.536'], [' 35.944', ' 7905.09', ' 0.536'], [' 24.074', ' 10407.55', ' 0.268'], [' 20.602', ' 1274.253', ' 0.268'], [' 22.256', ' 2572.864', ' 0.536'], [' 23.562', ' 3184.503', ' 0.0'], [' 8.575', ' 53.788', ' 0.0'], [' 32.87', ' 7339.253', ' 0.0'], [' 44.899', ' 35387.893', ' 0.0'], [' 29.236', ' 7311.161', ' 0.0'], [' 37.909', ' 17956.5', ' 1.609'], [' 36.446', ' 12123.54', ' 0.268']]]
3. most: [' 26.736', ' 5772.366', ' 0.0']
4: rand:6482.80275
4: rand:4199.948799999999
4: rand:2254.501222222222
4: rand:4228.711857142857
4: rand:2780.801708333334
4: rand:2795.536888888889
4: rand:2724.9527666666663
4: rand:2232.0556060606064
4: rand:2846.597027777778
4: rand:2590.7315384615385
5: mid: [0, 0, 0]
5: mid: [0, 0, 0]
5: mid: [0, 0, 0]
5: mid: [0, 0, 0]
5: mid: [0, 0, 0]
5: mid: [0, 0, 0]
5: mid: [0, 0, 0]
5: mid: [0, 0, 0]
5: mid: [0, 0, 0]
5: mid: [0, 0, 0]

Time Taken to run SVM on the dataset = 5.969580888748169
========================================================================================================================
========================================================================================================================
Current random seed:  51
[' EFFORT-', ' MONTHS-', ' DEFECTS-', ' RISKS-']
1. top6:[[' 29.888', ' 3563.671', ' 0.0'], [' 39.069', ' 13044.86', ' 0.0'], [' 31.404', ' 9542.685', ' 0.0'], [' 18.121', ' 687.238', ' 1.072'], [' 33.107', ' 14341.651', ' 0.0'], [' 26.421', ' 3732.677', ' 0.0']]
2. top50:[[[' 29.888', ' 3563.671', ' 0.0'], [' 39.069', ' 13044.86', ' 0.0'], [' 31.404', ' 9542.685', ' 0.0'], [' 18.121', ' 687.238', ' 1.072'], [' 33.107', ' 14341.651', ' 0.0'], [' 26.421', ' 3732.677', ' 0.0'], [' 37.838', ' 8861.634', ' 0.0'], [' 40.581', ' 17331.426', ' 1.072'], [' 34.83', ' 10803.512', ' 1.34'], [' 37.557', ' 14512.011', ' 0.268'], [' 28.855', ' 6865.672', ' 0.0'], [' 20.193', ' 1109.375', ' 0.0'], [' 23.252', ' 1893.379', ' 0.804'], [' 31.054', ' 12279.807', ' 0.268'], [' 32.366', ' 11938.135', ' 0.0'], [' 25.417', ' 6726.663', ' 0.0'], [' 38.686', ' 8628.963', ' 0.268'], [' 35.566', ' 20355.419', ' 0.536'], [' 33.697', ' 10450.845', ' 0.0'], [' 26.673', ' 4543.593', ' 0.804'], [' 40.941', ' 10132.316', ' 0.804'], [' 39.943', ' 13325.924', ' 0.0'], [' 27.669', ' 7292.39', ' 1.609'], [' 35.685', ' 23356.656', ' 0.536'], [' 34.584', ' 9393.365', ' 1.34'], [' 31.996', ' 3943.718', ' 0.0'], [' 20.602', ' 1274.253', ' 0.268'], [' 36.965', ' 14647.867', ' 0.0'], [' 22.672', ' 2779.988', ' 0.0'], [' 29.059', ' 5301.538', ' 0.0'], [' 32.337', ' 6044.305', ' 0.0'], [' 29.227', ' 3051.246', ' 0.536'], [' 27.161', ' 4019.439', ' 1.34'], [' 39.64', ' 9769.858', ' 0.0'], [' 32.366', ' 10633.072', ' 0.536'], [' 38.006', ' 7538.462', ' 1.072'], [' 22.708', ' 2194.052', ' 0.0'], [' 33.329', ' 3667.674', ' 0.0'], [' 43.455', ' 12565.854', ' 0.268'], [' 34.099', ' 18441.015', ' 0.268'], [' 30.631', ' 13599.759', ' 0.268'], [' 21.526', ' 1582.13', ' 0.268'], [' 25.093', ' 5004.508', ' 0.268'], [' 29.173', ' 3435.345', ' 0.536'], [' 11.334', ' 174.559', ' 0.536'], [' 23.69', ' 3239.244', ' 0.0'], [' 20.411', ' 2070.878', ' 0.0'], [' 21.345', ' 3194.614', ' 0.268'], [' 36.884', ' 24491.175', ' 0.268'], [' 33.486', ' 11604.156', ' 0.0']]]
3. most: [' 29.888', ' 3563.671', ' 0.0']
4: rand:2204.512666666667
4: rand:2713.333733333333
4: rand:1891.1584444444443
4: rand:2381.6820952380954
4: rand:2578.8255
4: rand:1651.7848148148148
4: rand:3026.098466666667
4: rand:1830.760696969697
4: rand:3256.0351944444446
4: rand:3544.776025641025
5: mid: [0, 0, 0]
5: mid: [0, 0, 0]
5: mid: [0, 0, 0]
5: mid: [0, 0, 0]
5: mid: [0, 0, 0]
5: mid: [0, 0, 0]
5: mid: [0, 0, 0]
5: mid: [0, 0, 0]
5: mid: [0, 0, 0]
5: mid: [0, 0, 0]

Time Taken to run SVM on the dataset = 6.1180548667907715
========================================================================================================================
========================================================================================================================
Current random seed:  14
[' EFFORT-', ' MONTHS-', ' DEFECTS-', ' RISKS-']
1. top6:[[' 41.596', ' 10200.393', ' 1.609'], [' 27.165', ' 7267.036', ' 0.536'], [' 29.587', ' 4187.785', ' 0.536'], [' 32.604', ' 13408.473', ' 0.536'], [' 27.621', ' 2921.402', ' 0.268'], [' 32.175', ' 7971.76', ' 0.0']]
2. top50:[[[' 41.596', ' 10200.393', ' 1.609'], [' 27.165', ' 7267.036', ' 0.536'], [' 29.587', ' 4187.785', ' 0.536'], [' 32.604', ' 13408.473', ' 0.536'], [' 27.621', ' 2921.402', ' 0.268'], [' 32.175', ' 7971.76', ' 0.0'], [' 35.831', ' 9058.291', ' 1.34'], [' 21.279', ' 2015.047', ' 0.0'], [' 25.545', ' 2294.403', ' 0.0'], [' 28.455', ' 17767.527', ' 0.536'], [' 25.448', ' 3075.021', ' 0.0'], [' 30.151', ' 19652.307', ' 0.804'], [' 29.692', ' 10865.646', ' 0.536'], [' 22.553', ' 1668.573', ' 0.0'], [' 16.366', ' 364.513', ' 0.0'], [' 22.613', ' 3351.757', ' 0.0'], [' 18.422', ' 1056.274', ' 0.0'], [' 33.988', ' 10229.083', ' 0.268'], [' 33.109', ' 4311.131', ' 0.0'], [' 40.843', ' 12245.514', ' 0.536'], [' 20.66', ' 722.907', ' 0.536'], [' 27.969', ' 3617.264', ' 0.536'], [' 30.44', ' 19280.403', ' 0.804'], [' 30.093', ' 6193.751', ' 0.536'], [' 29.144', ' 4088.176', ' 1.609'], [' 16.655', ' 757.731', ' 0.0'], [' 23.685', ' 4198.382', ' 0.268'], [' 31.164', ' 3146.308', ' 0.268'], [' 43.41', ' 32319.959', ' 1.877'], [' 20.377', ' 2893.643', ' 0.536'], [' 43.16', ' 38594.851', ' 0.536'], [' 25.029', ' 3370.849', ' 1.34'], [' 34.816', ' 2151.204', ' 0.536'], [' 32.03', ' 6943.085', ' 1.609'], [' 27.405', ' 2551.116', ' 1.072'], [' 22.301', ' 1026.214', ' 0.0'], [' 20.697', ' 1871.489', ' 1.072'], [' 33.048', ' 5581.943', ' 0.0'], [' 35.055', ' 8678.067', ' 0.0'], [' 35.057', ' 7820.437', ' 0.536'], [' 32.733', ' 4001.552', ' 0.0'], [' 37.427', ' 5986.404', ' 0.268'], [' 26.699', ' 3019.226', ' 0.0'], [' 31.666', ' 5230.959', ' 0.0'], [' 27.285', ' 5124.166', ' 0.268'], [' 31.197', ' 4733.305', ' 0.268'], [' 27.749', ' 6332.698', ' 0.0'], [' 44.843', ' 18841.319', ' 0.536'], [' 26.493', ' 5169.546', ' 0.268'], [' 21.843', ' 2963.194', ' 0.0']]]
3. most: [' 41.596', ' 10200.393', ' 1.609']
4: rand:1989.0749999999998
4: rand:2333.928733333333
4: rand:964.6292222222221
4: rand:2486.437857142857
4: rand:2823.7949166666663
4: rand:2935.628
4: rand:3588.842633333333
4: rand:2090.1831818181818
4: rand:2640.033361111111
4: rand:1997.0214871794872
5: mid: [0, 0, 0]
5: mid: [0, 0, 0]
5: mid: [0, 0, 0]
5: mid: [0, 0, 0]
5: mid: [0, 0, 0]
5: mid: [0, 0, 0]
5: mid: [0, 0, 0]
5: mid: [0, 0, 0]
5: mid: [0, 0, 0]
5: mid: [0, 0, 0]

Time Taken to run SVM on the dataset = 6.126100063323975
========================================================================================================================
========================================================================================================================
Current random seed:  89
[' EFFORT-', ' MONTHS-', ' DEFECTS-', ' RISKS-']
1. top6:[[' 16.733', ' 960.815', ' 0.268'], [' 25.307', ' 3261.038', ' 0.536'], [' 28.514', ' 7217.26', ' 0.536'], [' 25.294', ' 4249.518', ' 0.0'], [' 27.272', ' 4277.07', ' 0.268'], [' 33.88', ' 13932.34', ' 1.072']]
2. top50:[[[' 16.733', ' 960.815', ' 0.268'], [' 25.307', ' 3261.038', ' 0.536'], [' 28.514', ' 7217.26', ' 0.536'], [' 25.294', ' 4249.518', ' 0.0'], [' 27.272', ' 4277.07', ' 0.268'], [' 33.88', ' 13932.34', ' 1.072'], [' 23.457', ' 1424.132', ' 0.0'], [' 22.701', ' 1861.398', ' 0.0'], [' 26.563', ' 6750.726', ' 0.536'], [' 54.574', ' 37938.72', ' 1.609'], [' 22.672', ' 2779.988', ' 0.0'], [' 35.921', ' 7541.991', ' 0.0'], [' 42.56', ' 35048.902', ' 1.072'], [' 29.327', ' 9077.433', ' 0.536'], [' 23.546', ' 1046.33', ' 0.0'], [' 21.934', ' 1966.65', ' 0.0'], [' 31.827', ' 3734.941', ' 0.0'], [' 32.336', ' 8834.408', ' 0.0'], [' 40.862', ' 13535.045', ' 0.0'], [' 26.467', ' 5782.639', ' 1.34'], [' 28.78', ' 3276.004', ' 1.609'], [' 26.247', ' 3625.461', ' 0.0'], [' 31.351', ' 17546.723', ' 0.536'], [' 34.752', ' 19133.694', ' 1.34'], [' 22.526', ' 1773.002', ' 0.0'], [' 10.555', ' 54.211', ' 0.0'], [' 23.776', ' 1333.562', ' 0.0'], [' 40.773', ' 20905.059', ' 0.0'], [' 19.188', ' 1729.217', ' 0.0'], [' 34.665', ' 8588.452', ' 0.268'], [' 35.065', ' 8908.28', ' 0.536'], [' 24.123', ' 1655.956', ' 0.0'], [' 24.044', ' 3317.638', ' 0.536'], [' 34.743', ' 7093.064', ' 0.0'], [' 39.583', ' 17073.187', ' 2.145'], [' 34.862', ' 8508.018', ' 0.0'], [' 44.174', ' 19338.526', ' 1.34'], [' 38.517', ' 8671.596', ' 0.0'], [' 40.46', ' 26959.44', ' 0.536'], [' 34.299', ' 11004.46', ' 0.0'], [' 25.14', ' 4147.645', ' 0.536'], [' 29.686', ' 3446.769', ' 0.0'], [' 29.019', ' 7121.351', ' 0.0'], [' 20.827', ' 2618.523', ' 0.536'], [' 24.435', ' 2266.939', ' 0.0'], [' 25.701', ' 4319.137', ' 0.0'], [' 47.49', ' 60636.697', ' 0.0'], [' 41.098', ' 26225.881', ' 0.268'], [' 18.038', ' 1995.484', ' 0.0'], [' 28.117', ' 3482.726', ' 0.536']]]
3. most: [' 16.733', ' 960.815', ' 0.268']
4: rand:1395.6047499999997
4: rand:1335.8827999999999
4: rand:2373.7692222222217
4: rand:2479.7541904761906
4: rand:3357.2353333333335
4: rand:3379.056074074074
4: rand:2053.8771
4: rand:2109.2412727272726
4: rand:3068.666638888889
4: rand:1388.1195897435896
5: mid: [0, 0, 0]
5: mid: [0, 0, 0]
5: mid: [0, 0, 0]
5: mid: [0, 0, 0]
5: mid: [0, 0, 0]
5: mid: [0, 0, 0]
5: mid: [0, 0, 0]
5: mid: [0, 0, 0]
5: mid: [0, 0, 0]
5: mid: [0, 0, 0]

Time Taken to run SVM on the dataset = 6.110127925872803
========================================================================================================================
========================================================================================================================
Current random seed:  72
[' EFFORT-', ' MONTHS-', ' DEFECTS-', ' RISKS-']
1. top6:[[' 32.838', ' 9968.367', ' 0.268'], [' 36.867', ' 23147.264', ' 0.804'], [' 35.274', ' 24830.955', ' 0.0'], [' 32.782', ' 12645.481', ' 0.0'], [' 41.033', ' 8058.563', ' 1.072'], [' 26.81', ' 7243.012', ' 0.268']]
2. top50:[[[' 32.838', ' 9968.367', ' 0.268'], [' 36.867', ' 23147.264', ' 0.804'], [' 35.274', ' 24830.955', ' 0.0'], [' 32.782', ' 12645.481', ' 0.0'], [' 41.033', ' 8058.563', ' 1.072'], [' 26.81', ' 7243.012', ' 0.268'], [' 18.668', ' 1751.688', ' 0.536'], [' 32.114', ' 11843.977', ' 0.268'], [' 31.595', ' 11998.049', ' 0.0'], [' 32.408', ' 13576.785', ' 1.072'], [' 28.866', ' 5821.906', ' 0.0'], [' 24.549', ' 5414.179', ' 1.609'], [' 16.529', ' 900.005', ' 0.268'], [' 25.955', ' 2988.71', ' 0.0'], [' 28.478', ' 7793.82', ' 0.0'], [' 38.807', ' 13064.368', ' 0.536'], [' 34.171', ' 15304.168', ' 0.0'], [' 27.599', ' 4412.266', ' 0.0'], [' 26.306', ' 5901.62', ' 0.0'], [' 37.709', ' 16290.151', ' 1.072'], [' 37.451', ' 29620.524', ' 0.536'], [' 22.965', ' 1045.096', ' 0.536'], [' 19.407', ' 1922.633', ' 0.0'], [' 24.375', ' 2213.243', ' 0.0'], [' 24.442', ' 6149.221', ' 0.0'], [' 35.915', ' 15283.87', ' 0.268'], [' 34.968', ' 19713.501', ' 1.877'], [' 18.56', ' 1499.766', ' 0.536'], [' 30.757', ' 11367.217', ' 0.0'], [' 39.38', ' 8294.557', ' 2.413'], [' 48.267', ' 25597.193', ' 0.0'], [' 27.822', ' 4181.547', ' 0.0'], [' 27.661', ' 2610.535', ' 0.268'], [' 20.516', ' 1862.111', ' 0.0'], [' 10.847', ' 109.509', ' 0.0'], [' 35.339', ' 12944.096', ' 0.0'], [' 28.92', ' 4796.11', ' 0.0'], [' 32.188', ' 6326.109', ' 0.0'], [' 41.803', ' 21512.042', ' 1.072'], [' 20.934', ' 1540.322', ' 0.0'], [' 20.709', ' 1640.425', ' 0.0'], [' 39.43', ' 16161.114', ' 0.0'], [' 31.641', ' 6616.7', ' 1.877'], [' 33.447', ' 12324.501', ' 0.0'], [' 32.183', ' 5248.696', ' 0.0'], [' 15.113', ' 772.417', ' 0.268'], [' 26.351', ' 4566.084', ' 0.0'], [' 30.694', ' 11532.122', ' 0.536'], [' 29.717', ' 9863.347', ' 0.268'], [' 21.704', ' 953.652', ' 0.0']]]
3. most: [' 32.838', ' 9968.367', ' 0.268']
4: rand:1790.0230833333335
4: rand:3685.1477999999997
4: rand:2204.5679999999998
4: rand:1839.2384761904764
4: rand:2716.3645
4: rand:4707.634888888889
4: rand:1929.8986333333335
4: rand:2928.7524848484845
4: rand:2548.2426111111113
4: rand:2388.820282051282
5: mid: [0, 0, 0]
5: mid: [0, 0, 0]
5: mid: [0, 0, 0]
5: mid: [0, 0, 0]
5: mid: [0, 0, 0]
5: mid: [0, 0, 0]
5: mid: [0, 0, 0]
5: mid: [0, 0, 0]
5: mid: [0, 0, 0]
5: mid: [0, 0, 0]

Time Taken to run SVM on the dataset = 5.694920301437378
========================================================================================================================
========================================================================================================================
Current random seed:  5
[' EFFORT-', ' MONTHS-', ' DEFECTS-', ' RISKS-']
1. top6:[[' 38.156', ' 15137.905', ' 0.536'], [' 41.129', ' 10481.224', ' 0.0'], [' 34.744', ' 6623.819', ' 0.268'], [' 28.535', ' 6606.634', ' 0.0'], [' 46.661', ' 44211.824', ' 0.536'], [' 38.69', ' 4633.075', ' 0.268']]
2. top50:[[[' 38.156', ' 15137.905', ' 0.536'], [' 41.129', ' 10481.224', ' 0.0'], [' 34.744', ' 6623.819', ' 0.268'], [' 28.535', ' 6606.634', ' 0.0'], [' 46.661', ' 44211.824', ' 0.536'], [' 38.69', ' 4633.075', ' 0.268'], [' 32.232', ' 8903.725', ' 0.0'], [' 24.259', ' 2681.258', ' 0.0'], [' 22.434', ' 2649.419', ' 0.0'], [' 35.235', ' 16638.352', ' 0.536'], [' 27.11', ' 9592.885', ' 0.536'], [' 31.386', ' 11418.686', ' 0.0'], [' 37.534', ' 23945.665', ' 0.536'], [' 22.577', ' 2461.226', ' 0.0'], [' 29.714', ' 3096.981', ' 0.0'], [' 35.145', ' 11773.19', ' 0.268'], [' 30.609', ' 4304.92', ' 0.0'], [' 31.408', ' 25769.6', ' 0.0'], [' 44.991', ' 19053.064', ' 1.072'], [' 41.803', ' 21512.042', ' 1.072'], [' 27.475', ' 11864.816', ' 0.268'], [' 36.862', ' 10579.097', ' 0.0'], [' 19.823', ' 1607.052', ' 0.268'], [' 37.69', ' 12684.996', ' 0.536'], [' 28.59', ' 3122.354', ' 0.536'], [' 25.807', ' 2168.56', ' 0.0'], [' 28.373', ' 5177.503', ' 0.0'], [' 25.835', ' 2044.13', ' 0.0'], [' 31.516', ' 9708.53', ' 0.536'], [' 41.484', ' 11750.555', ' 0.268'], [' 33.587', ' 5090.792', ' 0.0'], [' 20.293', ' 3194.519', ' 0.268'], [' 46.042', ' 22811.629', ' 1.609'], [' 34.086', ' 5574.244', ' 0.0'], [' 34.273', ' 14229.602', ' 0.536'], [' 31.096', ' 3882.11', ' 0.536'], [' 40.992', ' 8866.955', ' 0.0'], [' 35.747', ' 6888.32', ' 0.0'], [' 34.649', ' 12368.906', ' 0.0'], [' 27.262', ' 3947.626', ' 1.609'], [' 22.716', ' 2588.519', ' 1.072'], [' 17.144', ' 626.326', ' 0.0'], [' 34.809', ' 12339.647', ' 0.804'], [' 34.68', ' 3397.66', ' 0.268'], [' 34.22', ' 12141.207', ' 0.804'], [' 33.968', ' 8879.192', ' 0.0'], [' 26.481', ' 7524.346', ' 0.0'], [' 17.365', ' 838.539', ' 0.804'], [' 22.877', ' 885.861', ' 0.536'], [' 40.903', ' 17307.811', ' 0.0']]]
3. most: [' 38.156', ' 15137.905', ' 0.536']
4: rand:11279.641083333334
4: rand:2028.131666666667
4: rand:1702.3452777777777
4: rand:2652.086952380952
4: rand:3816.6671666666666
4: rand:3336.169148148148
4: rand:1463.5759666666665
4: rand:1518.3508181818179
4: rand:2021.630388888889
4: rand:1116.3622564102566
5: mid: [0, 0, 0]
5: mid: [0, 0, 0]
5: mid: [0, 0, 0]
5: mid: [0, 0, 0]
5: mid: [0, 0, 0]
5: mid: [0, 0, 0]
5: mid: [0, 0, 0]
5: mid: [0, 0, 0]
5: mid: [0, 0, 0]
5: mid: [0, 0, 0]

Time Taken to run SVM on the dataset = 6.019207954406738
========================================================================================================================
========================================================================================================================
Current random seed:  48
[' EFFORT-', ' MONTHS-', ' DEFECTS-', ' RISKS-']
1. top6:[[' 29.162', ' 9852.91', ' 0.0'], [' 31.856', ' 8857.985', ' 0.268'], [' 24.699', ' 3344.914', ' 0.804'], [' 35.529', ' 11984.502', ' 0.268'], [' 43.904', ' 16659.335', ' 0.804'], [' 43.827', ' 37556.41', ' 0.0']]
2. top50:[[[' 29.162', ' 9852.91', ' 0.0'], [' 31.856', ' 8857.985', ' 0.268'], [' 24.699', ' 3344.914', ' 0.804'], [' 35.529', ' 11984.502', ' 0.268'], [' 43.904', ' 16659.335', ' 0.804'], [' 43.827', ' 37556.41', ' 0.0'], [' 25.303', ' 5149.558', ' 0.0'], [' 23.065', ' 1496.785', ' 0.0'], [' 29.717', ' 2194.854', ' 1.609'], [' 21.05', ' 2046.412', ' 0.0'], [' 23.887', ' 4887.373', ' 0.268'], [' 33.544', ' 18934.048', ' 0.0'], [' 41.758', ' 9473.007', ' 1.072'], [' 31.054', ' 14387.77', ' 0.0'], [' 43.491', ' 19005.7', ' 0.268'], [' 24.183', ' 6179.82', ' 0.268'], [' 29.942', ' 4923.299', ' 1.072'], [' 26.292', ' 5581.498', ' 0.0'], [' 38.146', ' 11288.719', ' 2.413'], [' 24.024', ' 1233.233', ' 0.0'], [' 26.726', ' 3009.877', ' 0.536'], [' 41.429', ' 20129.443', ' 0.536'], [' 41.284', ' 15701.599', ' 0.268'], [' 42.849', ' 21066.722', ' 0.268'], [' 29.053', ' 6574.818', ' 0.536'], [' 24.317', ' 3032.235', ' 0.536'], [' 30.82', ' 13886.387', ' 0.0'], [' 29.827', ' 6317.626', ' 0.0'], [' 37.02', ' 16292.732', ' 0.0'], [' 34.074', ' 13389.001', ' 1.072'], [' 20.193', ' 1109.375', ' 0.0'], [' 22.788', ' 2326.178', ' 0.536'], [' 21.496', ' 1698.518', ' 0.0'], [' 23.539', ' 4477.486', ' 1.072'], [' 28.324', ' 2388.488', ' 0.0'], [' 23.017', ' 1368.482', ' 0.0'], [' 39.063', ' 32736.082', ' 0.0'], [' 32.978', ' 7571.585', ' 0.0'], [' 16.32', ' 1152.261', ' 1.609'], [' 30.66', ' 5953.904', ' 0.0'], [' 31.631', ' 3853.342', ' 0.0'], [' 15.553', ' 189.521', ' 0.268'], [' 33.911', ' 12070.236', ' 0.268'], [' 32.556', ' 13271.976', ' 0.536'], [' 34.036', ' 6905.222', ' 1.34'], [' 17.28', ' 1540.224', ' 0.0'], [' 41.353', ' 35592.626', ' 0.536'], [' 25.969', ' 3955.168', ' 0.0'], [' 18.477', ' 827.489', ' 0.0'], [' 29.24', ' 5370.162', ' 0.268']]]
3. most: [' 29.162', ' 9852.91', ' 0.0']
4: rand:3420.7708333333335
4: rand:1938.3766666666668
4: rand:842.6815
4: rand:3134.3514761904758
4: rand:2732.96025
4: rand:1909.4619999999998
4: rand:1795.4748666666667
4: rand:2888.30203030303
4: rand:2165.883305555556
4: rand:3033.7127692307686
5: mid: [0, 0, 0]
5: mid: [0, 0, 0]
5: mid: [0, 0, 0]
5: mid: [0, 0, 0]
5: mid: [0, 0, 0]
5: mid: [0, 0, 0]
5: mid: [0, 0, 0]
5: mid: [0, 0, 0]
5: mid: [0, 0, 0]
5: mid: [0, 0, 0]

Time Taken to run SVM on the dataset = 5.6446027755737305
========================================================================================================================
========================================================================================================================
Current random seed:  64
[' EFFORT-', ' MONTHS-', ' DEFECTS-', ' RISKS-']
1. top6:[[' 27.642', ' 3897.135', ' 0.804'], [' 28.191', ' 2585.85', ' 0.0'], [' 25.765', ' 6752.848', ' 0.536'], [' 14.769', ' 246.24', ' 0.0'], [' 24.804', ' 6947.068', ' 1.34'], [' 23.994', ' 5526.247', ' 0.0']]
2. top50:[[[' 27.642', ' 3897.135', ' 0.804'], [' 28.191', ' 2585.85', ' 0.0'], [' 25.765', ' 6752.848', ' 0.536'], [' 14.769', ' 246.24', ' 0.0'], [' 24.804', ' 6947.068', ' 1.34'], [' 23.994', ' 5526.247', ' 0.0'], [' 42.863', ' 27752.091', ' 0.268'], [' 36.465', ' 11890.897', ' 0.0'], [' 34.291', ' 6176.448', ' 0.0'], [' 18.504', ' 2142.795', ' 0.268'], [' 43.005', ' 16548.578', ' 0.536'], [' 33.881', ' 5838.169', ' 0.0'], [' 21.626', ' 3420.398', ' 0.0'], [' 32.3', ' 10651.479', ' 0.268'], [' 23.064', ' 2713.001', ' 0.0'], [' 26.144', ' 6557.795', ' 0.0'], [' 33.587', ' 5090.792', ' 0.0'], [' 30.435', ' 17800.018', ' 0.0'], [' 28.303', ' 6753.034', ' 0.0'], [' 41.241', ' 14850.374', ' 0.536'], [' 41.367', ' 13518.229', ' 0.804'], [' 44.421', ' 22248.391', ' 0.0'], [' 30.678', ' 10179.573', ' 0.536'], [' 32.987', ' 8863.66', ' 0.0'], [' 36.235', ' 3755.27', ' 0.0'], [' 34.649', ' 12368.906', ' 0.0'], [' 18.515', ' 1293.622', ' 0.0'], [' 32.018', ' 13096.351', ' 0.0'], [' 38.427', ' 16909.472', ' 0.268'], [' 33.864', ' 7498.429', ' 0.268'], [' 33.933', ' 8281.429', ' 1.34'], [' 24.009', ' 5528.444', ' 1.072'], [' 44.183', ' 15814.972', ' 2.145'], [' 31.465', ' 4149.862', ' 0.0'], [' 37.549', ' 23134.6', ' 0.536'], [' 47.698', ' 12289.136', ' 0.268'], [' 26.764', ' 5603.015', ' 0.804'], [' 21.265', ' 1089.819', ' 0.268'], [' 33.802', ' 4535.675', ' 0.536'], [' 31.666', ' 5230.959', ' 0.0'], [' 21.645', ' 8309.396', ' 0.0'], [' 28.676', ' 4816.074', ' 0.0'], [' 31.985', ' 8903.016', ' 0.0'], [' 36.914', ' 10788.243', ' 0.0'], [' 30.794', ' 12824.499', ' 0.0'], [' 28.15', ' 5446.255', ' 0.0'], [' 33.323', ' 3055.847', ' 0.0'], [' 37.022', ' 11352.711', ' 0.0'], [' 13.272', ' 276.24', ' 0.268'], [' 15.565', ' 527.79', ' 0.0']]]
3. most: [' 27.642', ' 3897.135', ' 0.804']
4: rand:1987.1415
4: rand:4542.658733333333
4: rand:1953.138222222222
4: rand:2416.197666666667
4: rand:3202.4568333333336
4: rand:2302.852925925926
4: rand:3369.8622
4: rand:2110.4155454545457
4: rand:3360.684888888888
4: rand:2792.2132051282047
5: mid: [0, 0, 0]
5: mid: [0, 0, 0]
5: mid: [0, 0, 0]
5: mid: [0, 0, 0]
5: mid: [0, 0, 0]
5: mid: [0, 0, 0]
5: mid: [0, 0, 0]
5: mid: [0, 0, 0]
5: mid: [0, 0, 0]
5: mid: [0, 0, 0]

Time Taken to run SVM on the dataset = 5.9102489948272705
========================================================================================================================
========================================================================================================================
Current random seed:  78
[' EFFORT-', ' MONTHS-', ' DEFECTS-', ' RISKS-']
1. top6:[[' 24.721', ' 3198.416', ' 0.0'], [' 21.129', ' 1445.226', ' 0.536'], [' 31.034', ' 6739.564', ' 0.804'], [' 14.777', ' 359.727', ' 0.0'], [' 36.288', ' 13697.349', ' 1.072'], [' 47.49', ' 61429.95', ' 2.145']]
2. top50:[[[' 24.721', ' 3198.416', ' 0.0'], [' 21.129', ' 1445.226', ' 0.536'], [' 31.034', ' 6739.564', ' 0.804'], [' 14.777', ' 359.727', ' 0.0'], [' 36.288', ' 13697.349', ' 1.072'], [' 47.49', ' 61429.95', ' 2.145'], [' 35.472', ' 9804.33', ' 0.268'], [' 28.48', ' 3806.466', ' 0.0'], [' 38.218', ' 18408.927', ' 1.877'], [' 33.741', ' 18982.0', ' 0.0'], [' 29.719', ' 5337.524', ' 0.268'], [' 31.474', ' 5523.269', ' 1.072'], [' 38.229', ' 9271.139', ' 0.0'], [' 40.224', ' 12184.42', ' 0.536'], [' 42.138', ' 26522.951', ' 0.0'], [' 36.914', ' 9824.043', ' 1.34'], [' 22.893', ' 1953.144', ' 0.0'], [' 37.396', ' 32419.441', ' 0.0'], [' 40.741', ' 11383.264', ' 0.536'], [' 19.815', ' 1286.679', ' 0.0'], [' 29.052', ' 4024.457', ' 1.609'], [' 18.088', ' 440.056', ' 0.268'], [' 29.78', ' 9144.454', ' 0.0'], [' 36.618', ' 18783.959', ' 1.072'], [' 34.373', ' 9023.719', ' 1.877'], [' 29.682', ' 2568.245', ' 0.0'], [' 51.467', ' 49130.595', ' 0.268'], [' 31.727', ' 10850.435', ' 0.0'], [' 40.301', ' 39575.457', ' 1.072'], [' 38.143', ' 9404.799', ' 0.536'], [' 16.594', ' 853.676', ' 0.0'], [' 29.404', ' 2677.714', ' 0.0'], [' 27.616', ' 2478.106', ' 0.0'], [' 28.897', ' 3218.779', ' 1.877'], [' 44.336', ' 22332.733', ' 0.536'], [' 34.648', ' 12586.043', ' 0.804'], [' 33.381', ' 12585.378', ' 0.536'], [' 32.282', ' 5724.914', ' 0.804'], [' 34.956', ' 5797.964', ' 0.536'], [' 30.815', ' 8261.099', ' 0.0'], [' 12.526', ' 283.477', ' 0.0'], [' 28.464', ' 2864.882', ' 0.268'], [' 29.723', ' 7631.21', ' 0.0'], [' 39.579', ' 15191.354', ' 0.0'], [' 15.967', ' 525.732', ' 0.0'], [' 29.062', ' 8342.045', ' 0.0'], [' 23.963', ' 2908.066', ' 0.0'], [' 23.111', ' 1371.19', ' 0.268'], [' 29.637', ' 3960.234', ' 0.0'], [' 26.646', ' 3707.408', ' 0.268']]]
3. most: [' 24.721', ' 3198.416', ' 0.0']
4: rand:1055.0964999999999
4: rand:2851.929599999999
4: rand:3857.4225555555554
4: rand:3350.5369999999994
4: rand:1444.0213333333334
4: rand:2609.557185185185
4: rand:3670.4475333333335
4: rand:1967.241
4: rand:3067.378361111111
4: rand:1751.441128205128
5: mid: [0, 0, 0]
5: mid: [0, 0, 0]
5: mid: [0, 0, 0]
5: mid: [0, 0, 0]
5: mid: [0, 0, 0]
5: mid: [0, 0, 0]
5: mid: [0, 0, 0]
5: mid: [0, 0, 0]
5: mid: [0, 0, 0]
5: mid: [0, 0, 0]

Time Taken to run SVM on the dataset = 6.116804122924805
========================================================================================================================
========================================================================================================================
Current random seed:  60
[' EFFORT-', ' MONTHS-', ' DEFECTS-', ' RISKS-']
1. top6:[[' 11.823', ' 162.261', ' 0.0'], [' 37.613', ' 28696.386', ' 1.072'], [' 36.109', ' 5572.146', ' 0.0'], [' 35.795', ' 16243.151', ' 1.34'], [' 32.743', ' 11622.793', ' 0.0'], [' 36.877', ' 16135.164', ' 0.268']]
2. top50:[[[' 11.823', ' 162.261', ' 0.0'], [' 37.613', ' 28696.386', ' 1.072'], [' 36.109', ' 5572.146', ' 0.0'], [' 35.795', ' 16243.151', ' 1.34'], [' 32.743', ' 11622.793', ' 0.0'], [' 36.877', ' 16135.164', ' 0.268'], [' 23.339', ' 2903.641', ' 0.536'], [' 28.443', ' 4099.735', ' 0.0'], [' 39.524', ' 17494.63', ' 0.0'], [' 26.018', ' 2373.04', ' 0.536'], [' 32.295', ' 10383.965', ' 0.0'], [' 32.354', ' 7285.711', ' 0.0'], [' 38.903', ' 11571.204', ' 0.0'], [' 26.61', ' 2106.718', ' 0.0'], [' 38.803', ' 25483.925', ' 2.145'], [' 37.102', ' 7626.062', ' 0.0'], [' 40.479', ' 15775.532', ' 0.0'], [' 39.374', ' 21879.736', ' 0.0'], [' 35.117', ' 13262.909', ' 0.0'], [' 28.219', ' 7801.977', ' 0.0'], [' 17.591', ' 444.01', ' 0.536'], [' 19.966', ' 4415.182', ' 0.268'], [' 26.528', ' 4051.33', ' 0.0'], [' 27.301', ' 4825.411', ' 1.072'], [' 24.635', ' 7473.715', ' 0.0'], [' 30.678', ' 10179.573', ' 0.536'], [' 32.865', ' 16497.816', ' 0.0'], [' 14.223', ' 152.79', ' 0.536'], [' 35.965', ' 12685.949', ' 0.0'], [' 40.52', ' 21405.852', ' 1.877'], [' 27.597', ' 2651.906', ' 0.0'], [' 23.457', ' 1424.132', ' 0.0'], [' 19.863', ' 727.03', ' 0.0'], [' 19.88', ' 1123.311', ' 0.0'], [' 24.64', ' 3016.493', ' 0.0'], [' 31.372', ' 2297.566', ' 0.804'], [' 21.555', ' 2825.712', ' 0.0'], [' 40.302', ' 12002.066', ' 1.877'], [' 26.092', ' 5937.315', ' 0.268'], [' 33.852', ' 8236.664', ' 0.268'], [' 26.015', ' 1618.554', ' 0.268'], [' 25.909', ' 4254.068', ' 0.536'], [' 42.515', ' 15031.68', ' 0.268'], [' 22.357', ' 2049.009', ' 0.268'], [' 33.041', ' 2465.351', ' 0.0'], [' 23.669', ' 1866.724', ' 0.0'], [' 24.013', ' 5988.762', ' 0.0'], [' 34.257', ' 5698.863', ' 0.536'], [' 21.43', ' 1653.34', ' 0.0'], [' 39.047', ' 14836.068', ' 0.0']]]
3. most: [' 11.823', ' 162.261', ' 0.0']
4: rand:1908.1638333333333
4: rand:4950.521266666666
4: rand:2484.950055555555
4: rand:3763.0394761904763
4: rand:2379.6044166666666
4: rand:1828.4477037037036
4: rand:1750.548633333333
4: rand:1635.5516969696969
4: rand:2325.9583611111107
4: rand:3538.781307692308
5: mid: [0, 0, 0]
5: mid: [0, 0, 0]
5: mid: [0, 0, 0]
5: mid: [0, 0, 0]
5: mid: [0, 0, 0]
5: mid: [0, 0, 0]
5: mid: [0, 0, 0]
5: mid: [0, 0, 0]
5: mid: [0, 0, 0]
5: mid: [0, 0, 0]

Time Taken to run SVM on the dataset = 6.090357065200806
========================================================================================================================
========================================================================================================================
Current random seed:  75
[' EFFORT-', ' MONTHS-', ' DEFECTS-', ' RISKS-']
1. top6:[[' 36.5', ' 28612.752', ' 0.536'], [' 13.455', ' 969.581', ' 0.0'], [' 21.918', ' 4071.58', ' 0.268'], [' 27.55', ' 2056.043', ' 0.0'], [' 15.471', ' 435.591', ' 0.0'], [' 31.91', ' 13356.803', ' 0.536']]
2. top50:[[[' 36.5', ' 28612.752', ' 0.536'], [' 13.455', ' 969.581', ' 0.0'], [' 21.918', ' 4071.58', ' 0.268'], [' 27.55', ' 2056.043', ' 0.0'], [' 15.471', ' 435.591', ' 0.0'], [' 31.91', ' 13356.803', ' 0.536'], [' 25.585', ' 3346.861', ' 0.0'], [' 33.685', ' 19201.823', ' 1.609'], [' 37.425', ' 6553.705', ' 1.877'], [' 43.072', ' 19974.813', ' 0.536'], [' 32.702', ' 4329.056', ' 0.0'], [' 43.917', ' 19278.556', ' 0.0'], [' 28.521', ' 2954.33', ' 0.268'], [' 20.543', ' 1510.817', ' 0.0'], [' 32.248', ' 15123.43', ' 0.0'], [' 27.263', ' 11519.225', ' 1.609'], [' 14.471', ' 856.729', ' 0.0'], [' 40.217', ' 33974.703', ' 2.145'], [' 38.067', ' 12225.631', ' 0.0'], [' 24.221', ' 3136.684', ' 0.0'], [' 41.457', ' 37187.672', ' 0.268'], [' 28.576', ' 6234.664', ' 0.536'], [' 38.954', ' 28223.148', ' 1.072'], [' 28.226', ' 3216.656', ' 0.268'], [' 25.192', ' 2640.613', ' 0.268'], [' 31.66', ' 9061.693', ' 0.804'], [' 22.706', ' 2686.182', ' 0.0'], [' 31.049', ' 3162.847', ' 0.268'], [' 28.235', ' 5043.315', ' 0.0'], [' 22.611', ' 1342.213', ' 0.0'], [' 30.827', ' 3454.615', ' 0.536'], [' 20.613', ' 1834.676', ' 0.0'], [' 25.648', ' 3326.34', ' 0.0'], [' 25.833', ' 5928.52', ' 0.0'], [' 32.585', ' 6399.323', ' 0.804'], [' 15.872', ' 611.452', ' 0.536'], [' 18.337', ' 451.234', ' 0.536'], [' 27.68', ' 12521.23', ' 0.0'], [' 24.063', ' 7771.19', ' 1.877'], [' 37.42', ' 12201.442', ' 0.0'], [' 41.902', ' 45569.318', ' 0.268'], [' 19.173', ' 593.161', ' 0.0'], [' 27.83', ' 6687.638', ' 0.536'], [' 31.733', ' 5838.648', ' 0.268'], [' 21.866', ' 2133.088', ' 0.0'], [' 35.093', ' 8284.228', ' 0.804'], [' 36.762', ' 32166.469', ' 0.536'], [' 33.498', ' 13763.725', ' 1.34'], [' 33.924', ' 9460.163', ' 0.0'], [' 25.639', ' 1843.213', ' 0.0']]]
3. most: [' 36.5', ' 28612.752', ' 0.536']
4: rand:1976.7929999999997
4: rand:1056.7941333333333
4: rand:5879.810166666667
4: rand:4905.971142857143
4: rand:2742.209375
4: rand:2020.1574444444443
4: rand:2643.4367666666662
4: rand:3060.1826969696967
4: rand:1531.7525277777777
4: rand:3069.4654615384616
5: mid: [0, 0, 0]
5: mid: [0, 0, 0]
5: mid: [0, 0, 0]
5: mid: [0, 0, 0]
5: mid: [0, 0, 0]
5: mid: [0, 0, 0]
5: mid: [0, 0, 0]
5: mid: [0, 0, 0]
5: mid: [0, 0, 0]
5: mid: [0, 0, 0]

Time Taken to run SVM on the dataset = 5.989711761474609
========================================================================================================================
========================================================================================================================
Current random seed:  59
[' EFFORT-', ' MONTHS-', ' DEFECTS-', ' RISKS-']
1. top6:[[' 39.918', ' 8346.383', ' 0.0'], [' 12.032', ' 269.702', ' 0.0'], [' 25.791', ' 4378.873', ' 0.0'], [' 38.037', ' 20268.313', ' 1.072'], [' 28.85', ' 3684.463', ' 0.268'], [' 37.616', ' 5130.72', ' 0.804']]
2. top50:[[[' 39.918', ' 8346.383', ' 0.0'], [' 12.032', ' 269.702', ' 0.0'], [' 25.791', ' 4378.873', ' 0.0'], [' 38.037', ' 20268.313', ' 1.072'], [' 28.85', ' 3684.463', ' 0.268'], [' 37.616', ' 5130.72', ' 0.804'], [' 43.176', ' 32307.457', ' 0.536'], [' 16.655', ' 757.731', ' 0.0'], [' 27.916', ' 1306.43', ' 0.0'], [' 26.398', ' 3210.612', ' 0.268'], [' 35.739', ' 9115.422', ' 0.536'], [' 35.425', ' 6384.702', ' 0.0'], [' 31.28', ' 6081.016', ' 0.268'], [' 21.231', ' 2826.956', ' 0.0'], [' 38.538', ' 6814.733', ' 0.0'], [' 36.242', ' 2896.863', ' 0.0'], [' 35.742', ' 10772.895', ' 0.804'], [' 18.285', ' 701.419', ' 0.0'], [' 40.941', ' 10132.316', ' 0.804'], [' 25.392', ' 4313.328', ' 0.536'], [' 31.042', ' 10911.003', ' 0.0'], [' 30.796', ' 3917.559', ' 0.0'], [' 17.466', ' 325.108', ' 0.268'], [' 28.671', ' 3668.212', ' 0.0'], [' 24.978', ' 5581.907', ' 0.0'], [' 27.434', ' 4380.116', ' 0.536'], [' 26.73', ' 3210.223', ' 0.0'], [' 19.188', ' 1729.217', ' 0.0'], [' 27.176', ' 1731.867', ' 0.0'], [' 21.935', ' 2467.494', ' 0.0'], [' 30.681', ' 16826.637', ' 0.0'], [' 27.102', ' 1949.311', ' 0.268'], [' 22.262', ' 2147.261', ' 0.0'], [' 37.181', ' 6555.95', ' 1.072'], [' 36.554', ' 9778.55', ' 1.877'], [' 34.039', ' 8603.755', ' 0.804'], [' 14.773', ' 351.823', ' 0.0'], [' 42.603', ' 18407.784', ' 0.0'], [' 44.246', ' 31560.278', ' 0.804'], [' 37.593', ' 9725.461', ' 1.072'], [' 41.505', ' 30043.528', ' 0.536'], [' 43.424', ' 12862.627', ' 0.0'], [' 15.284', ' 895.82', ' 0.0'], [' 23.587', ' 1782.904', ' 0.0'], [' 14.224', ' 228.418', ' 0.0'], [' 35.981', ' 27641.865', ' 1.34'], [' 35.029', ' 14440.89', ' 0.0'], [' 46.425', ' 18503.058', ' 0.804'], [' 41.277', ' 34202.857', ' 0.268'], [' 35.083', ' 5236.628', ' 0.804']]]
3. most: [' 39.918', ' 8346.383', ' 0.0']
4: rand:2561.7784166666665
4: rand:2832.1527999999994
4: rand:2939.953666666667
4: rand:2056.706857142857
4: rand:2634.9839166666666
4: rand:3644.5977037037032
4: rand:2889.9699333333338
4: rand:3155.5971818181815
4: rand:3310.4148055555556
4: rand:1959.4988717948715
5: mid: [0, 0, 0]
5: mid: [0, 0, 0]
5: mid: [0, 0, 0]
5: mid: [0, 0, 0]
5: mid: [0, 0, 0]
5: mid: [0, 0, 0]
5: mid: [0, 0, 0]
5: mid: [0, 0, 0]
5: mid: [0, 0, 0]
5: mid: [0, 0, 0]

Time Taken to run SVM on the dataset = 5.9690470695495605
========================================================================================================================
========================================================================================================================
Current random seed:  37
[' EFFORT-', ' MONTHS-', ' DEFECTS-', ' RISKS-']
1. top6:[[' 31.284', ' 9794.417', ' 0.536'], [' 24.291', ' 4782.451', ' 0.268'], [' 34.912', ' 9561.245', ' 2.145'], [' 30.39', ' 8859.839', ' 1.072'], [' 35.187', ' 8851.036', ' 0.0'], [' 35.011', ' 15610.715', ' 0.0']]
2. top50:[[[' 31.284', ' 9794.417', ' 0.536'], [' 24.291', ' 4782.451', ' 0.268'], [' 34.912', ' 9561.245', ' 2.145'], [' 30.39', ' 8859.839', ' 1.072'], [' 35.187', ' 8851.036', ' 0.0'], [' 35.011', ' 15610.715', ' 0.0'], [' 29.389', ' 11389.011', ' 0.268'], [' 22.57', ' 980.226', ' 1.609'], [' 27.122', ' 3484.727', ' 0.0'], [' 34.069', ' 9156.076', ' 0.536'], [' 37.013', ' 4220.46', ' 0.536'], [' 16.551', ' 395.818', ' 0.0'], [' 34.944', ' 9245.33', ' 0.268'], [' 23.033', ' 4873.078', ' 0.536'], [' 27.867', ' 13950.544', ' 0.0'], [' 32.166', ' 3077.913', ' 0.0'], [' 24.305', ' 4724.486', ' 0.0'], [' 26.884', ' 5264.913', ' 0.0'], [' 43.14', ' 20107.382', ' 0.268'], [' 27.734', ' 2658.331', ' 0.536'], [' 32.913', ' 6376.466', ' 0.536'], [' 44.97', ' 27760.009', ' 0.268'], [' 30.998', ' 4833.187', ' 0.0'], [' 20.812', ' 4265.156', ' 0.0'], [' 33.369', ' 4996.737', ' 0.536'], [' 35.609', ' 5985.451', ' 0.804'], [' 29.343', ' 2772.019', ' 0.536'], [' 30.851', ' 14836.057', ' 0.0'], [' 32.272', ' 11959.462', ' 0.536'], [' 32.159', ' 4387.269', ' 1.072'], [' 16.127', ' 459.476', ' 0.0'], [' 24.442', ' 6149.221', ' 0.0'], [' 34.323', ' 7462.371', ' 0.0'], [' 24.624', ' 1843.257', ' 0.268'], [' 26.673', ' 4543.593', ' 0.804'], [' 32.797', ' 4495.487', ' 0.0'], [' 26.571', ' 6306.849', ' 0.268'], [' 32.902', ' 18078.328', ' 0.536'], [' 36.097', ' 13499.048', ' 1.877'], [' 27.25', ' 2897.556', ' 0.0'], [' 40.134', ' 41955.399', ' 1.877'], [' 37.42', ' 12201.442', ' 0.0'], [' 38.051', ' 11043.639', ' 0.268'], [' 37.519', ' 12081.812', ' 0.0'], [' 21.999', ' 2967.542', ' 0.0'], [' 14.737', ' 817.61', ' 0.268'], [' 16.735', ' 621.78', ' 0.0'], [' 30.741', ' 5764.777', ' 0.0'], [' 34.847', ' 21353.46', ' 1.34'], [' 22.105', ' 1470.737', ' 0.0']]]
3. most: [' 31.284', ' 9794.417', ' 0.536']
4: rand:2056.003166666667
4: rand:5221.0972
4: rand:1347.305111111111
4: rand:2000.7758571428574
4: rand:1224.22475
4: rand:1893.45237037037
4: rand:2656.758466666666
4: rand:2373.2297575757575
4: rand:2284.0819166666665
4: rand:2720.134282051282
5: mid: [0, 0, 0]
5: mid: [0, 0, 0]
5: mid: [0, 0, 0]
5: mid: [0, 0, 0]
5: mid: [0, 0, 0]
5: mid: [0, 0, 0]
5: mid: [0, 0, 0]
5: mid: [0, 0, 0]
5: mid: [0, 0, 0]
5: mid: [0, 0, 0]

Time Taken to run SVM on the dataset = 6.232985019683838
========================================================================================================================
========================================================================================================================
Current random seed:  1
[' EFFORT-', ' MONTHS-', ' DEFECTS-', ' RISKS-']
1. top6:[[' 37.06', ' 8501.553', ' 0.0'], [' 23.801', ' 2649.393', ' 0.0'], [' 27.131', ' 3377.258', ' 0.0'], [' 42.41', ' 12174.56', ' 0.0'], [' 34.908', ' 14087.96', ' 0.536'], [' 33.34', ' 5440.034', ' 0.268']]
2. top50:[[[' 37.06', ' 8501.553', ' 0.0'], [' 23.801', ' 2649.393', ' 0.0'], [' 27.131', ' 3377.258', ' 0.0'], [' 42.41', ' 12174.56', ' 0.0'], [' 34.908', ' 14087.96', ' 0.536'], [' 33.34', ' 5440.034', ' 0.268'], [' 27.276', ' 8505.597', ' 0.0'], [' 29.43', ' 9117.996', ' 0.536'], [' 21.891', ' 3457.777', ' 0.0'], [' 26.726', ' 6890.664', ' 0.0'], [' 24.995', ' 1980.006', ' 0.536'], [' 41.509', ' 13090.429', ' 0.0'], [' 39.943', ' 13325.924', ' 0.0'], [' 38.378', ' 13964.125', ' 0.536'], [' 29.396', ' 5810.484', ' 0.0'], [' 44.777', ' 11798.971', ' 0.804'], [' 18.507', ' 1980.962', ' 0.0'], [' 44.838', ' 13481.971', ' 0.0'], [' 36.378', ' 13343.802', ' 1.072'], [' 44.312', ' 8791.315', ' 0.536'], [' 15.575', ' 351.032', ' 0.536'], [' 33.529', ' 2611.702', ' 0.268'], [' 26.183', ' 4083.859', ' 0.536'], [' 12.724', ' 233.094', ' 0.268'], [' 28.393', ' 3893.342', ' 0.0'], [' 32.016', ' 17314.26', ' 0.0'], [' 23.112', ' 1605.144', ' 1.072'], [' 40.479', ' 15775.532', ' 0.0'], [' 36.701', ' 22173.37', ' 0.0'], [' 23.626', ' 3290.015', ' 0.804'], [' 24.777', ' 1293.128', ' 0.804'], [' 28.535', ' 6606.634', ' 0.0'], [' 37.347', ' 31215.606', ' 1.072'], [' 13.645', ' 365.079', ' 0.804'], [' 44.894', ' 49728.171', ' 0.804'], [' 22.001', ' 4246.878', ' 0.0'], [' 36.478', ' 9111.551', ' 0.0'], [' 40.963', ' 26515.729', ' 1.072'], [' 33.685', ' 19201.823', ' 1.609'], [' 23.955', ' 1625.304', ' 0.0'], [' 26.656', ' 1645.854', ' 0.0'], [' 24.924', ' 9271.571', ' 0.0'], [' 21.624', ' 2225.01', ' 0.0'], [' 30.02', ' 3055.939', ' 0.0'], [' 30.607', ' 8213.233', ' 0.0'], [' 22.532', ' 889.437', ' 1.877'], [' 21.736', ' 1899.359', ' 0.0'], [' 31.362', ' 1980.714', ' 1.877'], [' 27.028', ' 7389.87', ' 0.0'], [' 20.048', ' 2857.886', ' 1.877']]]
3. most: [' 37.06', ' 8501.553', ' 0.0']
4: rand:1390.448583333333
4: rand:3975.6839333333332
4: rand:2679.4405555555554
4: rand:4405.577476190477
4: rand:1762.9354166666665
4: rand:3025.1452962962967
4: rand:1930.5054333333328
4: rand:2401.745909090909
4: rand:2669.6255
4: rand:1866.3546666666662
5: mid: [0, 0, 0]
5: mid: [0, 0, 0]
5: mid: [0, 0, 0]
5: mid: [0, 0, 0]
5: mid: [0, 0, 0]
5: mid: [0, 0, 0]
5: mid: [0, 0, 0]
5: mid: [0, 0, 0]
5: mid: [0, 0, 0]
5: mid: [0, 0, 0]

Time Taken to run SVM on the dataset = 5.8511598110198975
========================================================================================================================
========================================================================================================================
Current random seed:  54
[' EFFORT-', ' MONTHS-', ' DEFECTS-', ' RISKS-']
1. top6:[[' 29.474', ' 10436.929', ' 0.0'], [' 21.78', ' 549.969', ' 1.072'], [' 21.425', ' 2107.109', ' 0.536'], [' 30.003', ' 1781.741', ' 0.0'], [' 31.768', ' 13625.22', ' 1.072'], [' 35.723', ' 6890.612', ' 0.0']]
2. top50:[[[' 29.474', ' 10436.929', ' 0.0'], [' 21.78', ' 549.969', ' 1.072'], [' 21.425', ' 2107.109', ' 0.536'], [' 30.003', ' 1781.741', ' 0.0'], [' 31.768', ' 13625.22', ' 1.072'], [' 35.723', ' 6890.612', ' 0.0'], [' 38.628', ' 6969.796', ' 0.268'], [' 32.67', ' 16191.622', ' 0.0'], [' 29.402', ' 8876.774', ' 0.536'], [' 27.796', ' 8380.827', ' 0.0'], [' 24.527', ' 3422.168', ' 0.0'], [' 39.118', ' 8798.96', ' 0.536'], [' 33.98', ' 10235.262', ' 0.0'], [' 27.173', ' 2239.997', ' 0.0'], [' 35.107', ' 20261.618', ' 0.268'], [' 33.954', ' 10854.217', ' 0.268'], [' 26.325', ' 7031.313', ' 0.0'], [' 38.197', ' 16041.063', ' 1.34'], [' 36.475', ' 13921.734', ' 0.268'], [' 22.526', ' 1773.002', ' 0.0'], [' 26.722', ' 1590.412', ' 0.0'], [' 17.726', ' 642.632', ' 0.804'], [' 29.059', ' 2491.104', ' 0.0'], [' 19.02', ' 785.605', ' 0.0'], [' 27.491', ' 4525.869', ' 0.0'], [' 35.037', ' 13562.957', ' 0.0'], [' 41.033', ' 8058.563', ' 1.072'], [' 29.14', ' 9357.258', ' 0.0'], [' 20.769', ' 2209.167', ' 0.0'], [' 38.052', ' 21980.543', ' 1.072'], [' 34.105', ' 12601.627', ' 0.0'], [' 34.566', ' 5536.364', ' 0.268'], [' 33.386', ' 23321.706', ' 0.536'], [' 32.511', ' 8107.656', ' 0.268'], [' 31.392', ' 16079.749', ' 0.0'], [' 27.682', ' 3658.41', ' 0.0'], [' 29.504', ' 11618.813', ' 0.536'], [' 28.348', ' 4027.405', ' 0.536'], [' 18.779', ' 1078.063', ' 0.0'], [' 18.875', ' 914.988', ' 0.0'], [' 30.339', ' 10674.144', ' 1.072'], [' 23.721', ' 2001.652', ' 0.0'], [' 26.804', ' 3596.727', ' 1.34'], [' 41.057', ' 25103.452', ' 0.268'], [' 29.702', ' 11857.526', ' 0.0'], [' 31.826', ' 13086.899', ' 0.0'], [' 42.161', ' 82811.283', ' 1.072'], [' 16.554', ' 575.069', ' 0.0'], [' 28.335', ' 1826.971', ' 0.0'], [' 31.184', ' 11449.475', ' 0.804']]]
3. most: [' 29.474', ' 10436.929', ' 0.0']
4: rand:3241.8102500000005
4: rand:4995.379266666666
4: rand:4272.099111111111
4: rand:2184.8799047619045
4: rand:2787.269083333334
4: rand:2160.849296296296
4: rand:1980.0349333333331
4: rand:2907.247727272727
4: rand:3747.5067222222224
4: rand:3451.060205128205
5: mid: [0, 0, 0]
5: mid: [0, 0, 0]
5: mid: [0, 0, 0]
5: mid: [0, 0, 0]
5: mid: [0, 0, 0]
5: mid: [0, 0, 0]
5: mid: [0, 0, 0]
5: mid: [0, 0, 0]
5: mid: [0, 0, 0]
5: mid: [0, 0, 0]

Time Taken to run SVM on the dataset = 5.769863128662109
========================================================================================================================
========================================================================================================================
Current random seed:  61
[' EFFORT-', ' MONTHS-', ' DEFECTS-', ' RISKS-']
1. top6:[[' 19.54', ' 787.177', ' 0.0'], [' 24.481', ' 2927.81', ' 0.268'], [' 29.02', ' 3052.634', ' 0.0'], [' 23.947', ' 4851.631', ' 0.0'], [' 30.063', ' 11399.411', ' 0.0'], [' 25.484', ' 3311.76', ' 0.268']]
2. top50:[[[' 19.54', ' 787.177', ' 0.0'], [' 24.481', ' 2927.81', ' 0.268'], [' 29.02', ' 3052.634', ' 0.0'], [' 23.947', ' 4851.631', ' 0.0'], [' 30.063', ' 11399.411', ' 0.0'], [' 25.484', ' 3311.76', ' 0.268'], [' 41.488', ' 13847.727', ' 0.0'], [' 19.337', ' 736.75', ' 0.0'], [' 16.353', ' 836.094', ' 0.0'], [' 44.74', ' 19493.355', ' 0.0'], [' 23.149', ' 2806.283', ' 0.0'], [' 36.102', ' 11442.589', ' 0.804'], [' 26.231', ' 2896.823', ' 0.0'], [' 28.076', ' 3185.784', ' 0.536'], [' 32.476', ' 2612.377', ' 0.0'], [' 38.145', ' 29213.255', ' 0.536'], [' 38.488', ' 14789.13', ' 0.536'], [' 29.686', ' 3446.769', ' 0.0'], [' 18.022', ' 879.356', ' 0.536'], [' 29.801', ' 4386.475', ' 0.0'], [' 24.524', ' 1701.865', ' 0.0'], [' 39.672', ' 54515.39', ' 0.536'], [' 39.873', ' 12704.736', ' 0.0'], [' 30.201', ' 7087.155', ' 0.0'], [' 32.637', ' 7442.615', ' 0.536'], [' 25.275', ' 3976.586', ' 0.268'], [' 31.457', ' 5053.801', ' 0.0'], [' 26.208', ' 2824.146', ' 0.536'], [' 22.788', ' 2326.178', ' 0.536'], [' 37.158', ' 13272.031', ' 0.268'], [' 38.536', ' 6459.673', ' 0.536'], [' 27.089', ' 2346.566', ' 0.268'], [' 25.01', ' 2515.76', ' 0.0'], [' 26.071', ' 2070.88', ' 1.609'], [' 20.864', ' 1297.853', ' 0.536'], [' 22.829', ' 2027.781', ' 0.0'], [' 33.193', ' 18732.421', ' 1.072'], [' 34.22', ' 6225.193', ' 0.536'], [' 47.26', ' 18723.972', ' 0.536'], [' 29.698', ' 7427.084', ' 1.877'], [' 19.072', ' 1331.101', ' 0.0'], [' 39.409', ' 11775.659', ' 0.804'], [' 25.553', ' 9065.077', ' 0.0'], [' 36.812', ' 13820.814', ' 0.0'], [' 25.736', ' 2812.498', ' 0.536'], [' 28.347', ' 8412.501', ' 0.0'], [' 38.694', ' 10516.273', ' 0.268'], [' 35.944', ' 7905.09', ' 0.536'], [' 33.125', ' 6274.195', ' 0.268'], [' 17.203', ' 840.79', ' 2.145']]]
3. most: [' 19.54', ' 787.177', ' 0.0']
4: rand:1300.8239166666667
4: rand:1193.3176666666668
4: rand:3233.801888888889
4: rand:3145.548761904762
4: rand:5306.569416666666
4: rand:4148.1959259259265
4: rand:2854.429466666667
4: rand:3135.249181818182
4: rand:2777.278972222222
4: rand:1810.4296666666667
5: mid: [0, 0, 0]
5: mid: [0, 0, 0]
5: mid: [0, 0, 0]
5: mid: [0, 0, 0]
5: mid: [0, 0, 0]
5: mid: [0, 0, 0]
5: mid: [0, 0, 0]
5: mid: [0, 0, 0]
5: mid: [0, 0, 0]
5: mid: [0, 0, 0]

Time Taken to run SVM on the dataset = 5.814429759979248
========================================================================================================================
========================================================================================================================
Current random seed:  86
[' EFFORT-', ' MONTHS-', ' DEFECTS-', ' RISKS-']
1. top6:[[' 31.485', ' 8210.914', ' 1.34'], [' 19.862', ' 368.065', ' 0.536'], [' 21.093', ' 1759.493', ' 0.0'], [' 26.743', ' 3545.56', ' 0.268'], [' 35.308', ' 9950.048', ' 0.0'], [' 39.069', ' 13044.86', ' 0.0']]
2. top50:[[[' 31.485', ' 8210.914', ' 1.34'], [' 19.862', ' 368.065', ' 0.536'], [' 21.093', ' 1759.493', ' 0.0'], [' 26.743', ' 3545.56', ' 0.268'], [' 35.308', ' 9950.048', ' 0.0'], [' 39.069', ' 13044.86', ' 0.0'], [' 33.722', ' 6613.528', ' 0.268'], [' 26.524', ' 1941.204', ' 0.268'], [' 17.051', ' 1633.165', ' 0.536'], [' 33.666', ' 8987.755', ' 0.268'], [' 43.355', ' 20826.645', ' 0.268'], [' 23.84', ' 1812.001', ' 0.0'], [' 28.105', ' 3627.33', ' 0.0'], [' 31.885', ' 7277.642', ' 0.536'], [' 21.658', ' 1115.087', ' 0.0'], [' 18.214', ' 525.936', ' 0.0'], [' 29.027', ' 3108.178', ' 1.877'], [' 34.684', ' 5791.449', ' 0.536'], [' 33.878', ' 10742.889', ' 0.0'], [' 26.689', ' 3524.385', ' 0.536'], [' 24.914', ' 1565.082', ' 0.536'], [' 37.744', ' 11485.243', ' 0.804'], [' 42.251', ' 23305.088', ' 0.536'], [' 25.868', ' 3991.49', ' 0.268'], [' 12.67', ' 183.346', ' 1.072'], [' 33.32', ' 5686.275', ' 0.536'], [' 17.986', ' 1588.659', ' 0.536'], [' 34.864', ' 5552.695', ' 0.0'], [' 33.812', ' 5853.525', ' 0.0'], [' 28.683', ' 8529.003', ' 0.804'], [' 37.366', ' 13624.515', ' 0.0'], [' 31.198', ' 9178.331', ' 0.0'], [' 33.716', ' 5989.143', ' 0.0'], [' 28.11', ' 3396.969', ' 1.877'], [' 21.345', ' 3194.614', ' 0.268'], [' 23.994', ' 5526.247', ' 0.0'], [' 27.307', ' 5851.835', ' 0.0'], [' 26.274', ' 4199.764', ' 0.0'], [' 13.24', ' 293.122', ' 0.0'], [' 14.769', ' 754.76', ' 0.268'], [' 28.148', ' 5080.814', ' 0.0'], [' 30.993', ' 6232.14', ' 0.0'], [' 30.508', ' 8743.814', ' 0.0'], [' 17.001', ' 1255.341', ' 0.804'], [' 33.473', ' 6097.585', ' 0.0'], [' 30.365', ' 11554.377', ' 0.0'], [' 25.012', ' 6078.861', ' 0.0'], [' 35.915', ' 15283.87', ' 0.268'], [' 27.575', ' 2050.45', ' 0.268'], [' 25.682', ' 4636.268', ' 0.0']]]
3. most: [' 31.485', ' 8210.914', ' 1.34']
4: rand:1512.617
4: rand:1914.7418000000002
4: rand:1799.485388888889
4: rand:2378.0328571428568
4: rand:2376.1455416666668
4: rand:2366.024185185185
4: rand:3510.4745666666668
4: rand:2233.47
4: rand:2859.171111111111
4: rand:1687.7327948717952
5: mid: [0, 0, 0]
5: mid: [0, 0, 0]
5: mid: [0, 0, 0]
5: mid: [0, 0, 0]
5: mid: [0, 0, 0]
5: mid: [0, 0, 0]
5: mid: [0, 0, 0]
5: mid: [0, 0, 0]
5: mid: [0, 0, 0]
5: mid: [0, 0, 0]

Time Taken to run SVM on the dataset = 5.974138021469116
========================================================================================================================
========================================================================================================================
Current random seed:  90
[' EFFORT-', ' MONTHS-', ' DEFECTS-', ' RISKS-']
1. top6:[[' 15.681', ' 841.809', ' 0.0'], [' 32.515', ' 7108.177', ' 0.0'], [' 13.826', ' 259.062', ' 0.268'], [' 14.724', ' 706.652', ' 0.0'], [' 32.924', ' 4819.144', ' 0.0'], [' 24.227', ' 3571.343', ' 0.0']]
2. top50:[[[' 15.681', ' 841.809', ' 0.0'], [' 32.515', ' 7108.177', ' 0.0'], [' 13.826', ' 259.062', ' 0.268'], [' 14.724', ' 706.652', ' 0.0'], [' 32.924', ' 4819.144', ' 0.0'], [' 24.227', ' 3571.343', ' 0.0'], [' 27.391', ' 9653.048', ' 2.145'], [' 47.294', ' 15118.693', ' 1.34'], [' 14.632', ' 298.876', ' 0.0'], [' 33.17', ' 4047.905', ' 0.268'], [' 33.31', ' 6399.223', ' 0.536'], [' 21.509', ' 3643.046', ' 0.268'], [' 23.935', ' 4923.382', ' 0.536'], [' 38.123', ' 15793.833', ' 2.145'], [' 26.603', ' 5510.903', ' 2.145'], [' 40.302', ' 12002.066', ' 1.877'], [' 36.997', ' 7024.831', ' 0.536'], [' 30.3', ' 4729.473', ' 0.0'], [' 49.929', ' 29675.934', ' 1.877'], [' 36.831', ' 17363.646', ' 0.536'], [' 21.555', ' 2799.763', ' 0.0'], [' 40.921', ' 25882.112', ' 0.0'], [' 10.62', ' 143.158', ' 0.536'], [' 27.189', ' 3975.695', ' 0.0'], [' 36.946', ' 5186.251', ' 0.536'], [' 48.049', ' 18619.018', ' 0.536'], [' 41.374', ' 32841.266', ' 0.804'], [' 20.338', ' 1249.621', ' 0.536'], [' 34.057', ' 1953.66', ' 0.0'], [' 34.821', ' 15799.814', ' 0.268'], [' 25.734', ' 3993.619', ' 0.536'], [' 32.913', ' 6376.466', ' 0.536'], [' 27.3', ' 4062.458', ' 0.0'], [' 25.788', ' 5700.65', ' 0.0'], [' 30.131', ' 5614.49', ' 0.0'], [' 25.927', ' 3910.748', ' 0.0'], [' 26.406', ' 2475.411', ' 0.0'], [' 19.173', ' 1895.249', ' 0.0'], [' 26.544', ' 5745.755', ' 0.268'], [' 37.774', ' 6335.802', ' 0.0'], [' 17.869', ' 572.374', ' 1.34'], [' 31.382', ' 5285.252', ' 1.34'], [' 41.429', ' 20129.443', ' 0.536'], [' 30.324', ' 6651.062', ' 0.0'], [' 32.62', ' 7852.538', ' 0.268'], [' 26.6', ' 4725.669', ' 0.268'], [' 38.618', ' 7659.23', ' 0.268'], [' 23.904', ' 4462.547', ' 0.0'], [' 33.419', ' 8212.039', ' 0.0'], [' 39.672', ' 54515.39', ' 0.536']]]
3. most: [' 15.681', ' 841.809', ' 0.0']
4: rand:2803.8920000000003
4: rand:3340.2869333333324
4: rand:2254.219666666667
4: rand:3321.90519047619
4: rand:2314.4959166666663
4: rand:2499.5070370370368
4: rand:1646.7092666666665
4: rand:3100.575393939394
4: rand:4129.915861111111
4: rand:1694.0628205128205
5: mid: [0, 0, 0]
5: mid: [0, 0, 0]
5: mid: [0, 0, 0]
5: mid: [0, 0, 0]
5: mid: [0, 0, 0]
5: mid: [0, 0, 0]
5: mid: [0, 0, 0]
5: mid: [0, 0, 0]
5: mid: [0, 0, 0]
5: mid: [0, 0, 0]

Time Taken to run SVM on the dataset = 6.0861732959747314
========================================================================================================================
========================================================================================================================
Current random seed:  66
[' EFFORT-', ' MONTHS-', ' DEFECTS-', ' RISKS-']
1. top6:[[' 23.325', ' 3059.894', ' 0.0'], [' 36.159', ' 8767.022', ' 0.268'], [' 33.918', ' 10874.699', ' 0.0'], [' 27.322', ' 5376.283', ' 0.536'], [' 32.875', ' 4940.837', ' 1.072'], [' 24.84', ' 2648.124', ' 0.0']]
2. top50:[[[' 23.325', ' 3059.894', ' 0.0'], [' 36.159', ' 8767.022', ' 0.268'], [' 33.918', ' 10874.699', ' 0.0'], [' 27.322', ' 5376.283', ' 0.536'], [' 32.875', ' 4940.837', ' 1.072'], [' 24.84', ' 2648.124', ' 0.0'], [' 41.601', ' 18107.711', ' 0.0'], [' 32.276', ' 6531.927', ' 1.609'], [' 41.761', ' 13011.539', ' 0.804'], [' 32.566', ' 11323.422', ' 0.268'], [' 28.998', ' 5061.066', ' 0.0'], [' 28.629', ' 5268.731', ' 0.0'], [' 31.764', ' 20816.834', ' 0.536'], [' 13.812', ' 313.892', ' 0.0'], [' 26.623', ' 7838.679', ' 0.536'], [' 21.513', ' 1473.776', ' 0.0'], [' 25.78', ' 5343.877', ' 0.0'], [' 23.619', ' 1449.82', ' 0.268'], [' 36.037', ' 10485.97', ' 1.877'], [' 27.056', ' 4325.09', ' 0.0'], [' 31.136', ' 12639.92', ' 0.0'], [' 27.377', ' 3896.105', ' 0.0'], [' 30.496', ' 4931.172', ' 0.536'], [' 21.015', ' 2284.753', ' 2.145'], [' 21.94', ' 1576.076', ' 0.0'], [' 34.241', ' 14622.378', ' 0.804'], [' 34.755', ' 6816.642', ' 0.804'], [' 42.16', ' 61559.843', ' 0.536'], [' 12.897', ' 117.838', ' 0.0'], [' 28.152', ' 10583.426', ' 0.0'], [' 36.245', ' 12368.033', ' 0.268'], [' 23.59', ' 4842.455', ' 1.072'], [' 25.381', ' 3263.578', ' 0.0'], [' 35.029', ' 9458.674', ' 0.0'], [' 27.096', ' 3466.958', ' 0.0'], [' 29.733', ' 5587.877', ' 0.536'], [' 29.881', ' 2781.285', ' 1.609'], [' 29.789', ' 2884.524', ' 0.0'], [' 31.118', ' 2817.509', ' 0.536'], [' 40.251', ' 8954.853', ' 0.0'], [' 29.061', ' 3997.058', ' 0.0'], [' 42.188', ' 8610.096', ' 0.0'], [' 17.846', ' 1526.821', ' 0.0'], [' 40.959', ' 40241.997', ' 0.536'], [' 31.963', ' 8254.538', ' 0.268'], [' 28.364', ' 6510.585', ' 0.0'], [' 23.253', ' 2323.341', ' 0.0'], [' 28.33', ' 14753.524', ' 0.0'], [' 34.908', ' 14087.96', ' 0.536'], [' 32.694', ' 11538.157', ' 0.536']]]
3. most: [' 23.325', ' 3059.894', ' 0.0']
4: rand:2185.7431666666666
4: rand:3609.900199999999
4: rand:3033.4225555555554
4: rand:3122.2998571428566
4: rand:1717.5327499999996
4: rand:3659.918740740741
4: rand:1453.2400000000002
4: rand:1865.7051818181822
4: rand:2641.7270000000003
4: rand:4247.514282051281
5: mid: [0, 0, 0]
5: mid: [0, 0, 0]
5: mid: [0, 0, 0]
5: mid: [0, 0, 0]
5: mid: [0, 0, 0]
5: mid: [0, 0, 0]
5: mid: [0, 0, 0]
5: mid: [0, 0, 0]
5: mid: [0, 0, 0]
5: mid: [0, 0, 0]

Time Taken to run SVM on the dataset = 5.861243009567261
========================================================================================================================
========================================================================================================================
Current random seed:  36
[' EFFORT-', ' MONTHS-', ' DEFECTS-', ' RISKS-']
1. top6:[[' 22.617', ' 1785.647', ' 0.0'], [' 18.267', ' 1040.98', ' 0.0'], [' 18.419', ' 596.986', ' 0.0'], [' 35.472', ' 9077.281', ' 0.0'], [' 38.138', ' 7678.078', ' 1.072'], [' 18.779', ' 1078.063', ' 0.0']]
2. top50:[[[' 22.617', ' 1785.647', ' 0.0'], [' 18.267', ' 1040.98', ' 0.0'], [' 18.419', ' 596.986', ' 0.0'], [' 35.472', ' 9077.281', ' 0.0'], [' 38.138', ' 7678.078', ' 1.072'], [' 18.779', ' 1078.063', ' 0.0'], [' 36.786', ' 22299.64', ' 0.804'], [' 36.743', ' 7079.648', ' 1.072'], [' 26.275', ' 9335.679', ' 0.0'], [' 32.361', ' 25594.457', ' 0.0'], [' 17.511', ' 1012.6', ' 0.268'], [' 34.429', ' 6797.398', ' 0.268'], [' 35.091', ' 6378.889', ' 0.0'], [' 28.727', ' 3297.665', ' 0.536'], [' 36.826', ' 10944.875', ' 0.0'], [' 33.987', ' 6889.039', ' 1.072'], [' 20.826', ' 1923.232', ' 0.268'], [' 39.472', ' 9367.529', ' 0.0'], [' 30.773', ' 3957.986', ' 0.0'], [' 26.682', ' 9030.124', ' 0.536'], [' 33.555', ' 18441.691', ' 0.536'], [' 36.223', ' 14100.103', ' 1.34'], [' 32.892', ' 4503.469', ' 0.0'], [' 42.733', ' 13302.247', ' 0.268'], [' 25.758', ' 2918.113', ' 0.0'], [' 36.083', ' 7474.17', ' 0.0'], [' 18.885', ' 751.61', ' 0.0'], [' 36.352', ' 9790.019', ' 0.0'], [' 23.994', ' 5526.247', ' 0.0'], [' 28.691', ' 6307.737', ' 0.0'], [' 40.71', ' 10548.021', ' 1.609'], [' 25.861', ' 2549.87', ' 0.268'], [' 32.862', ' 25242.149', ' 0.0'], [' 17.428', ' 668.484', ' 0.0'], [' 17.352', ' 569.076', ' 0.0'], [' 25.093', ' 5004.508', ' 0.268'], [' 20.613', ' 1834.676', ' 0.0'], [' 19.369', ' 1454.305', ' 0.536'], [' 30.735', ' 13935.688', ' 0.0'], [' 29.12', ' 5605.307', ' 0.0'], [' 34.673', ' 17753.511', ' 0.536'], [' 36.376', ' 4225.318', ' 0.0'], [' 26.136', ' 7115.459', ' 0.0'], [' 23.839', ' 3514.809', ' 0.0'], [' 20.584', ' 875.502', ' 0.0'], [' 20.014', ' 1130.106', ' 0.0'], [' 29.887', ' 6317.368', ' 0.536'], [' 42.529', ' 30805.833', ' 0.0'], [' 15.176', ' 352.611', ' 0.268'], [' 23.119', ' 1252.198', ' 0.268']]]
3. most: [' 22.617', ' 1785.647', ' 0.0']
4: rand:3071.7594999999997
4: rand:2665.4137333333333
4: rand:2982.974555555555
4: rand:2536.5107142857146
4: rand:1999.7259999999999
4: rand:3136.218888888889
4: rand:2997.0554333333334
4: rand:3370.2103939393933
4: rand:4380.933444444443
4: rand:3431.4522307692305
5: mid: [0, 0, 0]
5: mid: [0, 0, 0]
5: mid: [0, 0, 0]
5: mid: [0, 0, 0]
5: mid: [0, 0, 0]
5: mid: [0, 0, 0]
5: mid: [0, 0, 0]
5: mid: [0, 0, 0]
5: mid: [0, 0, 0]
5: mid: [0, 0, 0]

Time Taken to run SVM on the dataset = 5.981248140335083
========================================================================================================================
