========================================================================================================================
Current random seed:  29
[' EFFORT-', ' MONTHS-', ' DEFECTS-', ' RISKS-']
1. top6:[[' 22.29', ' 2103.488', ' 0.536'], [' 21.151', ' 2620.534', ' 1.072'], [' 22.203', ' 1657.417', ' 2.145'], [' 43.039', ' 19544.678', ' 0.0'], [' 21.238', ' 939.144', ' 1.072'], [' 29.01', ' 1245.29', ' 0.0']]
2. top50:[[[' 22.29', ' 2103.488', ' 0.536'], [' 21.151', ' 2620.534', ' 1.072'], [' 22.203', ' 1657.417', ' 2.145'], [' 43.039', ' 19544.678', ' 0.0'], [' 21.238', ' 939.144', ' 1.072'], [' 29.01', ' 1245.29', ' 0.0'], [' 27.058', ' 783.886', ' 0.268'], [' 24.657', ' 8137.067', ' 1.34'], [' 28.61', ' 7262.843', ' 0.536'], [' 25.874', ' 1857.473', ' 0.0'], [' 40.356', ' 5345.635', ' 0.0'], [' 21.569', ' 6547.035', ' 2.413'], [' 19.299', ' 647.695', ' 1.34'], [' 18.242', ' 1977.693', ' 0.536'], [' 20.709', ' 407.499', ' 0.0'], [' 34.849', ' 8418.685', ' 1.877'], [' 32.782', ' 13357.055', ' 0.0'], [' 27.377', ' 2729.493', ' 1.609'], [' 28.486', ' 10465.31', ' 1.072'], [' 34.481', ' 36209.86', ' 2.681'], [' 38.43', ' 10863.573', ' 2.681'], [' 29.626', ' 6517.966', ' 0.268'], [' 11.904', ' 166.928', ' 0.536'], [' 33.141', ' 2801.396', ' 0.0'], [' 34.801', ' 11136.637', ' 0.268'], [' 22.156', ' 6191.097', ' 0.536'], [' 22.526', ' 1360.88', ' 1.609'], [' 27.523', ' 6595.574', ' 0.536'], [' 28.622', ' 4718.596', ' 2.145'], [' 24.763', ' 1795.056', ' 0.536'], [' 19.724', ' 3267.37', ' 2.681'], [' 20.548', ' 1247.442', ' 0.0'], [' 20.45', ' 2718.845', ' 1.609'], [' 29.822', ' 4700.263', ' 1.609'], [' 19.671', ' 645.062', ' 0.0'], [' 21.595', ' 1056.441', ' 1.072'], [' 11.387', ' 94.758', ' 0.268'], [' 33.408', ' 12315.474', ' 0.536'], [' 30.737', ' 9139.852', ' 2.145'], [' 29.759', ' 8224.46', ' 0.0'], [' 19.571', ' 253.579', ' 0.804'], [' 22.399', ' 1305.743', ' 0.0'], [' 39.564', ' 1374.071', ' 0.536'], [' 18.358', ' 609.207', ' 0.268'], [' 26.244', ' 8454.585', ' 1.072'], [' 27.187', ' 15707.27', ' 1.072'], [' 30.26', ' 13582.409', ' 0.268'], [' 17.824', ' 642.412', ' 1.072'], [' 31.783', ' 5699.464', ' 1.877'], [' 31.525', ' 4774.982', ' 1.609']]]
3. most: [' 22.29', ' 2103.488', ' 0.536']
4: rand:1712.9553333333336
4: rand:1799.1954000000003
4: rand:1852.1007777777777
4: rand:1364.0150952380955
4: rand:1810.4893749999999
4: rand:3585.8151481481477
4: rand:2110.2498
4: rand:1054.0180303030304
4: rand:1054.5688333333335
4: rand:1233.2070256410254
5: mid: [0, 0, 0]
5: mid: [0, 0, 0]
5: mid: [0, 0, 0]
5: mid: [0, 0, 0]
5: mid: [0, 0, 0]
5: mid: [0, 0, 0]
5: mid: [0, 0, 0]
5: mid: [0, 0, 0]
5: mid: [0, 0, 0]
5: mid: [0, 0, 0]

Time Taken to run SVM on the dataset = 5.735903024673462
========================================================================================================================
========================================================================================================================
Current random seed:  84
[' EFFORT-', ' MONTHS-', ' DEFECTS-', ' RISKS-']
1. top6:[[' 19.042', ' 1021.77', ' 2.413'], [' 34.895', ' 3235.592', ' 1.072'], [' 33.991', ' 7619.415', ' 0.0'], [' 25.947', ' 9274.115', ' 1.072'], [' 16.203', ' 595.91', ' 1.34'], [' 29.353', ' 3675.001', ' 0.0']]
2. top50:[[[' 19.042', ' 1021.77', ' 2.413'], [' 34.895', ' 3235.592', ' 1.072'], [' 33.991', ' 7619.415', ' 0.0'], [' 25.947', ' 9274.115', ' 1.072'], [' 16.203', ' 595.91', ' 1.34'], [' 29.353', ' 3675.001', ' 0.0'], [' 16.281', ' 136.52', ' 0.0'], [' 21.754', ' 1099.406', ' 0.268'], [' 27.075', ' 5669.067', ' 1.609'], [' 25.112', ' 12198.192', ' 0.536'], [' 22.022', ' 7203.011', ' 1.072'], [' 21.498', ' 462.49', ' 0.268'], [' 25.556', ' 2945.85', ' 1.877'], [' 25.081', ' 4974.188', ' 1.34'], [' 25.667', ' 1468.568', ' 0.268'], [' 21.61', ' 990.921', ' 0.0'], [' 23.331', ' 2141.715', ' 2.413'], [' 31.313', ' 9911.026', ' 1.072'], [' 37.477', ' 14127.331', ' 1.609'], [' 31.385', ' 3573.554', ' 0.0'], [' 22.526', ' 1360.88', ' 1.609'], [' 21.54', ' 719.09', ' 2.145'], [' 27.557', ' 7790.384', ' 0.536'], [' 24.685', ' 5579.567', ' 3.217'], [' 25.509', ' 699.688', ' 1.609'], [' 19.598', ' 4673.999', ' 1.072'], [' 17.86', ' 1083.19', ' 1.072'], [' 14.123', ' 193.512', ' 0.0'], [' 26.135', ' 5316.389', ' 1.609'], [' 38.182', ' 34433.482', ' 0.0'], [' 29.953', ' 10499.574', ' 1.34'], [' 12.34', ' 55.842', ' 0.536'], [' 23.485', ' 4967.81', ' 1.072'], [' 17.65', ' 450.901', ' 0.536'], [' 22.113', ' 1240.263', ' 1.609'], [' 14.134', ' 125.564', ' 1.072'], [' 29.822', ' 4700.263', ' 1.609'], [' 28.056', ' 1726.592', ' 0.0'], [' 16.27', ' 415.322', ' 1.609'], [' 36.081', ' 2688.319', ' 0.0'], [' 33.403', ' 7555.335', ' 1.072'], [' 16.83', ' 1703.986', ' 2.145'], [' 30.547', ' 3765.101', ' 0.0'], [' 22.024', ' 834.451', ' 0.0'], [' 26.561', ' 3750.871', ' 1.34'], [' 21.265', ' 1468.6', ' 2.145'], [' 26.469', ' 4597.27', ' 0.536'], [' 25.237', ' 1358.347', ' 0.268'], [' 14.364', ' 70.831', ' 0.268'], [' 15.799', ' 600.701', ' 2.145']]]
3. most: [' 19.042', ' 1021.77', ' 2.413']
4: rand:1018.1504166666668
4: rand:1340.3284
4: rand:2285.860222222222
4: rand:1595.0447619047616
4: rand:757.6153333333335
4: rand:1836.3609999999999
4: rand:1528.5904999999998
4: rand:1401.6881818181819
4: rand:1480.748638888889
4: rand:1035.1345128205128
5: mid: [0, 0, 0]
5: mid: [0, 0, 0]
5: mid: [0, 0, 0]
5: mid: [0, 0, 0]
5: mid: [0, 0, 0]
5: mid: [0, 0, 0]
5: mid: [0, 0, 0]
5: mid: [0, 0, 0]
5: mid: [0, 0, 0]
5: mid: [0, 0, 0]

Time Taken to run SVM on the dataset = 5.515078067779541
========================================================================================================================
========================================================================================================================
Current random seed:  54
[' EFFORT-', ' MONTHS-', ' DEFECTS-', ' RISKS-']
1. top6:[[' 25.423', ' 7334.938', ' 0.268'], [' 30.086', ' 2059.546', ' 0.0'], [' 23.514', ' 5179.337', ' 0.0'], [' 25.297', ' 2637.245', ' 3.217'], [' 26.359', ' 4284.358', ' 1.072'], [' 25.596', ' 3547.508', ' 0.0']]
2. top50:[[[' 25.423', ' 7334.938', ' 0.268'], [' 30.086', ' 2059.546', ' 0.0'], [' 23.514', ' 5179.337', ' 0.0'], [' 25.297', ' 2637.245', ' 3.217'], [' 26.359', ' 4284.358', ' 1.072'], [' 25.596', ' 3547.508', ' 0.0'], [' 25.924', ' 5399.533', ' 0.536'], [' 29.737', ' 2215.837', ' 0.268'], [' 38.285', ' 10452.003', ' 0.268'], [' 19.584', ' 2418.345', ' 1.072'], [' 30.305', ' 6925.881', ' 0.0'], [' 31.014', ' 2052.057', ' 0.0'], [' 21.244', ' 187.684', ' 0.0'], [' 25.549', ' 1117.535', ' 0.0'], [' 28.848', ' 24038.873', ' 2.145'], [' 27.982', ' 1383.171', ' 1.609'], [' 14.731', ' 1018.851', ' 0.0'], [' 22.16', ' 1707.373', ' 0.804'], [' 23.807', ' 457.601', ' 0.536'], [' 23.11', ' 1857.396', ' 0.0'], [' 31.775', ' 2720.946', ' 1.072'], [' 23.083', ' 2776.926', ' 1.609'], [' 15.22', ' 1423.767', ' 1.609'], [' 19.938', ' 623.723', ' 2.145'], [' 25.847', ' 1275.067', ' 0.536'], [' 15.519', ' 570.448', ' 0.0'], [' 25.832', ' 7308.019', ' 3.217'], [' 22.654', ' 1230.999', ' 0.0'], [' 26.175', ' 10014.298', ' 1.072'], [' 19.059', ' 2000.06', ' 1.609'], [' 19.306', ' 835.399', ' 2.145'], [' 28.948', ' 24717.048', ' 0.536'], [' 24.966', ' 8419.917', ' 1.072'], [' 19.97', ' 616.47', ' 0.0'], [' 18.663', ' 2379.727', ' 2.145'], [' 20.645', ' 3334.754', ' 1.877'], [' 18.169', ' 531.073', ' 1.072'], [' 25.757', ' 1530.294', ' 0.0'], [' 34.897', ' 5685.778', ' 0.268'], [' 21.571', ' 2360.21', ' 2.145'], [' 28.738', ' 4790.731', ' 0.268'], [' 12.715', ' 36.361', ' 0.0'], [' 27.418', ' 1196.268', ' 0.536'], [' 20.621', ' 1002.881', ' 1.072'], [' 29.9', ' 5363.791', ' 1.609'], [' 25.149', ' 13301.092', ' 0.0'], [' 23.079', ' 3854.969', ' 1.072'], [' 22.622', ' 261.971', ' 0.268'], [' 16.21', ' 313.267', ' 0.0'], [' 23.38', ' 1794.968', ' 1.072']]]
3. most: [' 25.423', ' 7334.938', ' 0.268']
4: rand:281.33825
4: rand:3218.2619333333328
4: rand:2354.586666666667
4: rand:2639.2750476190477
4: rand:1465.1818750000002
4: rand:1388.2018518518516
4: rand:672.8654666666666
4: rand:1621.5330000000001
4: rand:2536.230361111111
4: rand:1765.5205384615383
5: mid: [0, 0, 0]
5: mid: [0, 0, 0]
5: mid: [0, 0, 0]
5: mid: [0, 0, 0]
5: mid: [0, 0, 0]
5: mid: [0, 0, 0]
5: mid: [0, 0, 0]
5: mid: [0, 0, 0]
5: mid: [0, 0, 0]
5: mid: [0, 0, 0]

Time Taken to run SVM on the dataset = 5.795278072357178
========================================================================================================================
========================================================================================================================
Current random seed:  62
[' EFFORT-', ' MONTHS-', ' DEFECTS-', ' RISKS-']
1. top6:[[' 36.967', ' 18865.626', ' 0.268'], [' 30.252', ' 8418.956', ' 1.34'], [' 15.733', ' 915.871', ' 2.145'], [' 29.001', ' 2266.941', ' 2.145'], [' 25.314', ' 2100.027', ' 1.877'], [' 26.509', ' 3084.064', ' 1.072']]
2. top50:[[[' 36.967', ' 18865.626', ' 0.268'], [' 30.252', ' 8418.956', ' 1.34'], [' 15.733', ' 915.871', ' 2.145'], [' 29.001', ' 2266.941', ' 2.145'], [' 25.314', ' 2100.027', ' 1.877'], [' 26.509', ' 3084.064', ' 1.072'], [' 28.782', ' 22760.127', ' 1.34'], [' 31.638', ' 2209.355', ' 0.0'], [' 18.898', ' 319.094', ' 0.0'], [' 25.451', ' 22492.947', ' 1.609'], [' 29.272', ' 3007.613', ' 0.0'], [' 16.695', ' 2168.547', ' 2.413'], [' 26.205', ' 4519.66', ' 0.536'], [' 22.23', ' 1273.68', ' 0.536'], [' 15.309', ' 909.634', ' 1.877'], [' 13.881', ' 442.334', ' 0.804'], [' 23.459', ' 908.145', ' 2.145'], [' 25.646', ' 2380.645', ' 0.536'], [' 19.802', ' 875.649', ' 0.536'], [' 22.202', ' 1111.36', ' 0.804'], [' 35.597', ' 10856.531', ' 0.536'], [' 23.833', ' 3537.971', ' 0.536'], [' 20.816', ' 1233.756', ' 1.072'], [' 16.651', ' 229.823', ' 0.0'], [' 17.064', ' 1188.526', ' 0.268'], [' 16.962', ' 748.327', ' 2.145'], [' 35.146', ' 9677.909', ' 1.609'], [' 31.815', ' 11332.405', ' 0.804'], [' 17.986', ' 413.723', ' 1.072'], [' 15.235', ' 190.216', ' 0.0'], [' 23.129', ' 1146.56', ' 0.536'], [' 31.966', ' 2497.987', ' 1.34'], [' 26.696', ' 2544.917', ' 2.145'], [' 22.603', ' 1522.143', ' 0.536'], [' 27.013', ' 2264.88', ' 0.0'], [' 32.283', ' 2455.469', ' 0.0'], [' 22.561', ' 3202.963', ' 0.0'], [' 22.137', ' 2310.348', ' 2.681'], [' 13.391', ' 636.541', ' 0.536'], [' 18.447', ' 2336.469', ' 1.072'], [' 24.41', ' 1910.152', ' 2.145'], [' 28.613', ' 1626.508', ' 0.0'], [' 22.364', ' 4717.355', ' 0.536'], [' 29.684', ' 4957.987', ' 0.268'], [' 25.935', ' 2286.702', ' 1.072'], [' 31.389', ' 7377.711', ' 1.34'], [' 32.662', ' 11191.495', ' 0.0'], [' 25.473', ' 8598.714', ' 1.609'], [' 23.38', ' 1794.968', ' 1.072'], [' 29.265', ' 6710.566', ' 1.609']]]
3. most: [' 36.967', ' 18865.626', ' 0.268']
4: rand:1203.8526666666667
4: rand:391.69373333333345
4: rand:1001.2790555555556
4: rand:730.0549047619048
4: rand:1817.928541666667
4: rand:1753.3035555555555
4: rand:729.6451000000001
4: rand:496.39469696969695
4: rand:1444.749138888889
4: rand:1306.1025128205129
5: mid: [0, 0, 0]
5: mid: [0, 0, 0]
5: mid: [0, 0, 0]
5: mid: [0, 0, 0]
5: mid: [0, 0, 0]
5: mid: [0, 0, 0]
5: mid: [0, 0, 0]
5: mid: [0, 0, 0]
5: mid: [0, 0, 0]
5: mid: [0, 0, 0]

Time Taken to run SVM on the dataset = 5.969501972198486
========================================================================================================================
========================================================================================================================
Current random seed:  18
[' EFFORT-', ' MONTHS-', ' DEFECTS-', ' RISKS-']
1. top6:[[' 21.544', ' 3958.671', ' 1.34'], [' 16.822', ' 791.3', ' 0.0'], [' 17.953', ' 1135.465', ' 2.145'], [' 27.262', ' 5344.582', ' 1.072'], [' 23.326', ' 1538.352', ' 0.0'], [' 24.072', ' 904.474', ' 0.804']]
2. top50:[[[' 21.544', ' 3958.671', ' 1.34'], [' 16.822', ' 791.3', ' 0.0'], [' 17.953', ' 1135.465', ' 2.145'], [' 27.262', ' 5344.582', ' 1.072'], [' 23.326', ' 1538.352', ' 0.0'], [' 24.072', ' 904.474', ' 0.804'], [' 32.158', ' 2737.069', ' 0.268'], [' 27.524', ' 3896.297', ' 1.072'], [' 30.699', ' 6748.431', ' 1.072'], [' 27.223', ' 6506.85', ' 0.536'], [' 27.479', ' 7587.183', ' 2.413'], [' 24.764', ' 4449.527', ' 2.145'], [' 27.172', ' 1307.655', ' 0.0'], [' 19.998', ' 1804.113', ' 0.536'], [' 26.09', ' 3267.612', ' 0.0'], [' 28.757', ' 8461.316', ' 1.072'], [' 34.14', ' 7039.544', ' 0.804'], [' 15.427', ' 202.687', ' 0.536'], [' 23.301', ' 966.223', ' 0.536'], [' 27.311', ' 2293.59', ' 1.072'], [' 23.467', ' 1176.123', ' 0.0'], [' 22.878', ' 1790.453', ' 0.536'], [' 23.51', ' 888.946', ' 0.268'], [' 22.768', ' 2516.235', ' 1.072'], [' 21.654', ' 2553.042', ' 0.536'], [' 36.069', ' 6767.147', ' 0.268'], [' 11.373', ' 634.369', ' 1.877'], [' 18.311', ' 750.107', ' 2.145'], [' 30.173', ' 2618.417', ' 1.34'], [' 33.805', ' 9807.767', ' 0.0'], [' 22.572', ' 4679.774', ' 0.0'], [' 37.639', ' 5135.427', ' 0.536'], [' 35.597', ' 10856.531', ' 0.536'], [' 21.208', ' 507.958', ' 0.536'], [' 32.452', ' 9711.614', ' 0.804'], [' 31.045', ' 8607.141', ' 1.609'], [' 31.981', ' 9390.644', ' 2.145'], [' 21.034', ' 1663.041', ' 1.34'], [' 24.408', ' 4536.244', ' 1.34'], [' 15.277', ' 442.591', ' 2.145'], [' 30.587', ' 3144.211', ' 0.804'], [' 34.31', ' 9043.894', ' 1.609'], [' 22.594', ' 913.68', ' 0.0'], [' 25.989', ' 3358.284', ' 1.609'], [' 22.714', ' 5343.384', ' 2.145'], [' 17.206', ' 1555.653', ' 2.145'], [' 32.389', ' 7006.43', ' 0.0'], [' 16.608', ' 267.791', ' 0.0'], [' 20.48', ' 875.371', ' 0.0'], [' 29.02', ' 9823.073', ' 2.949']]]
3. most: [' 21.544', ' 3958.671', ' 1.34']
4: rand:1621.3379166666666
4: rand:882.0858666666667
4: rand:1012.1749444444445
4: rand:882.0775238095239
4: rand:845.1223749999999
4: rand:2157.5004444444444
4: rand:905.4561
4: rand:1124.320909090909
4: rand:1691.221305555555
4: rand:2941.875974358974
5: mid: [0, 0, 0]
5: mid: [0, 0, 0]
5: mid: [0, 0, 0]
5: mid: [0, 0, 0]
5: mid: [0, 0, 0]
5: mid: [0, 0, 0]
5: mid: [0, 0, 0]
5: mid: [0, 0, 0]
5: mid: [0, 0, 0]
5: mid: [0, 0, 0]

Time Taken to run SVM on the dataset = 5.865422010421753
========================================================================================================================
========================================================================================================================
Current random seed:  6
[' EFFORT-', ' MONTHS-', ' DEFECTS-', ' RISKS-']
1. top6:[[' 16.694', ' 556.694', ' 0.0'], [' 22.101', ' 5333.469', ' 1.609'], [' 21.854', ' 2194.829', ' 1.072'], [' 21.269', ' 1345.623', ' 0.804'], [' 24.747', ' 2988.014', ' 0.536'], [' 24.049', ' 2253.437', ' 1.609']]
2. top50:[[[' 16.694', ' 556.694', ' 0.0'], [' 22.101', ' 5333.469', ' 1.609'], [' 21.854', ' 2194.829', ' 1.072'], [' 21.269', ' 1345.623', ' 0.804'], [' 24.747', ' 2988.014', ' 0.536'], [' 24.049', ' 2253.437', ' 1.609'], [' 23.376', ' 845.105', ' 0.0'], [' 17.34', ' 1579.895', ' 2.145'], [' 28.379', ' 2625.151', ' 1.34'], [' 12.238', ' 220.174', ' 0.268'], [' 23.496', ' 2899.281', ' 1.072'], [' 29.673', ' 4688.154', ' 2.145'], [' 10.92', ' 137.143', ' 1.072'], [' 25.143', ' 9900.117', ' 2.145'], [' 27.674', ' 21597.763', ' 0.536'], [' 26.972', ' 1244.3', ' 0.0'], [' 22.788', ' 1962.168', ' 1.072'], [' 26.602', ' 28766.656', ' 1.877'], [' 12.829', ' 796.384', ' 0.536'], [' 28.816', ' 1922.63', ' 2.413'], [' 19.536', ' 1308.809', ' 1.609'], [' 28.327', ' 4582.334', ' 0.536'], [' 33.208', ' 3134.735', ' 0.536'], [' 28.938', ' 4064.846', ' 2.681'], [' 19.256', ' 448.254', ' 1.609'], [' 25.474', ' 7642.808', ' 3.217'], [' 23.821', ' 5405.712', ' 2.145'], [' 18.169', ' 531.073', ' 1.072'], [' 29.881', ' 5175.454', ' 0.0'], [' 29.199', ' 3601.486', ' 2.413'], [' 33.137', ' 6992.4', ' 0.0'], [' 25.943', ' 2270.966', ' 1.072'], [' 23.419', ' 4305.604', ' 2.413'], [' 29.381', ' 1292.839', ' 0.0'], [' 34.08', ' 2530.699', ' 0.0'], [' 30.393', ' 1978.104', ' 1.609'], [' 32.366', ' 4662.15', ' 1.609'], [' 37.349', ' 8203.799', ' 0.268'], [' 29.218', ' 1307.387', ' 0.0'], [' 29.973', ' 5505.755', ' 0.536'], [' 23.302', ' 6236.777', ' 1.609'], [' 30.156', ' 3478.359', ' 0.536'], [' 28.199', ' 4823.36', ' 0.268'], [' 13.603', ' 796.655', ' 0.804'], [' 23.663', ' 7532.899', ' 1.072'], [' 34.694', ' 10856.376', ' 1.072'], [' 14.862', ' 209.737', ' 0.0'], [' 25.077', ' 4441.337', ' 0.536'], [' 18.43', ' 1031.588', ' 1.609'], [' 16.746', ' 235.079', ' 2.145']]]
3. most: [' 16.694', ' 556.694', ' 0.0']
4: rand:1736.3873333333333
4: rand:3303.2072666666663
4: rand:1647.2164999999998
4: rand:1696.7136666666668
4: rand:2011.7123333333336
4: rand:1141.999
4: rand:1865.4554666666668
4: rand:851.3030909090909
4: rand:2946.84375
4: rand:1787.0141794871795
5: mid: [0, 0, 0]
5: mid: [0, 0, 0]
5: mid: [0, 0, 0]
5: mid: [0, 0, 0]
5: mid: [0, 0, 0]
5: mid: [0, 0, 0]
5: mid: [0, 0, 0]
5: mid: [0, 0, 0]
5: mid: [0, 0, 0]
5: mid: [0, 0, 0]

Time Taken to run SVM on the dataset = 5.852553844451904
========================================================================================================================
========================================================================================================================
Current random seed:  22
[' EFFORT-', ' MONTHS-', ' DEFECTS-', ' RISKS-']
1. top6:[[' 27.495', ' 8399.249', ' 1.072'], [' 17.934', ' 956.13', ' 1.34'], [' 32.483', ' 2053.356', ' 0.0'], [' 26.853', ' 1667.697', ' 1.072'], [' 32.999', ' 12941.805', ' 1.34'], [' 32.02', ' 2185.95', ' 0.0']]
2. top50:[[[' 27.495', ' 8399.249', ' 1.072'], [' 17.934', ' 956.13', ' 1.34'], [' 32.483', ' 2053.356', ' 0.0'], [' 26.853', ' 1667.697', ' 1.072'], [' 32.999', ' 12941.805', ' 1.34'], [' 32.02', ' 2185.95', ' 0.0'], [' 20.439', ' 702.493', ' 0.536'], [' 22.046', ' 4442.713', ' 1.072'], [' 16.699', ' 1427.423', ' 1.072'], [' 30.763', ' 2162.927', ' 0.536'], [' 30.873', ' 10763.234', ' 2.145'], [' 33.004', ' 7518.495', ' 0.536'], [' 36.858', ' 27982.669', ' 0.804'], [' 31.371', ' 4630.542', ' 2.145'], [' 35.02', ' 18952.677', ' 1.609'], [' 23.838', ' 2527.517', ' 0.0'], [' 14.204', ' 625.632', ' 2.681'], [' 17.344', ' 505.956', ' 3.217'], [' 21.934', ' 206.286', ' 0.0'], [' 28.833', ' 1324.898', ' 2.145'], [' 27.753', ' 2468.568', ' 0.268'], [' 14.316', ' 366.662', ' 0.0'], [' 36.624', ' 10009.422', ' 0.536'], [' 19.391', ' 2044.873', ' 1.072'], [' 30.038', ' 9361.428', ' 1.072'], [' 22.19', ' 1718.671', ' 1.609'], [' 15.832', ' 230.11', ' 1.609'], [' 16.842', ' 933.225', ' 0.536'], [' 21.857', ' 1794.568', ' 2.145'], [' 17.494', ' 1280.627', ' 2.145'], [' 29.67', ' 4638.846', ' 0.0'], [' 26.867', ' 3529.733', ' 2.145'], [' 27.116', ' 5480.446', ' 0.0'], [' 17.769', ' 301.663', ' 2.145'], [' 23.839', ' 522.514', ' 0.0'], [' 19.347', ' 358.801', ' 0.0'], [' 23.578', ' 4346.091', ' 2.145'], [' 20.169', ' 1427.045', ' 1.609'], [' 33.378', ' 5930.224', ' 1.072'], [' 22.515', ' 2546.608', ' 2.949'], [' 26.039', ' 4130.123', ' 2.145'], [' 24.654', ' 2122.149', ' 2.145'], [' 21.27', ' 2872.157', ' 1.609'], [' 27.162', ' 19721.353', ' 1.34'], [' 26.063', ' 5975.945', ' 0.0'], [' 28.684', ' 3872.195', ' 2.413'], [' 27.162', ' 4345.14', ' 1.609'], [' 40.61', ' 15788.866', ' 1.609'], [' 28.451', ' 4952.582', ' 0.0'], [' 23.297', ' 2864.46', ' 1.072']]]
3. most: [' 27.495', ' 8399.249', ' 1.072']
4: rand:2022.5875833333337
4: rand:1813.5247333333339
4: rand:1305.7036666666665
4: rand:1825.521428571428
4: rand:1987.5165833333333
4: rand:1287.066925925926
4: rand:2048.462633333333
4: rand:1485.2852727272727
4: rand:2031.0677777777778
4: rand:3283.3382564102567
5: mid: [0, 0, 0]
5: mid: [0, 0, 0]
5: mid: [0, 0, 0]
5: mid: [0, 0, 0]
5: mid: [0, 0, 0]
5: mid: [0, 0, 0]
5: mid: [0, 0, 0]
5: mid: [0, 0, 0]
5: mid: [0, 0, 0]
5: mid: [0, 0, 0]

Time Taken to run SVM on the dataset = 5.7397239208221436
========================================================================================================================
========================================================================================================================
Current random seed:  63
[' EFFORT-', ' MONTHS-', ' DEFECTS-', ' RISKS-']
1. top6:[[' 25.139', ' 4947.981', ' 1.877'], [' 28.762', ' 1334.362', ' 0.536'], [' 30.332', ' 3323.529', ' 1.072'], [' 22.507', ' 1257.015', ' 2.145'], [' 19.122', ' 589.627', ' 0.536'], [' 19.271', ' 669.546', ' 2.145']]
2. top50:[[[' 25.139', ' 4947.981', ' 1.877'], [' 28.762', ' 1334.362', ' 0.536'], [' 30.332', ' 3323.529', ' 1.072'], [' 22.507', ' 1257.015', ' 2.145'], [' 19.122', ' 589.627', ' 0.536'], [' 19.271', ' 669.546', ' 2.145'], [' 19.848', ' 1234.411', ' 1.072'], [' 27.824', ' 1987.999', ' 2.145'], [' 31.434', ' 8340.629', ' 0.804'], [' 31.266', ' 7628.24', ' 0.0'], [' 20.921', ' 1969.117', ' 1.072'], [' 31.867', ' 2567.996', ' 0.0'], [' 17.1', ' 132.341', ' 0.268'], [' 20.368', ' 593.152', ' 0.536'], [' 41.758', ' 14082.778', ' 1.072'], [' 27.121', ' 6945.86', ' 0.0'], [' 23.63', ' 790.92', ' 0.0'], [' 26.062', ' 2293.507', ' 2.145'], [' 25.833', ' 3974.61', ' 1.072'], [' 24.502', ' 401.126', ' 2.145'], [' 16.655', ' 444.985', ' 0.0'], [' 16.936', ' 201.565', ' 0.536'], [' 29.229', ' 3027.677', ' 1.072'], [' 26.218', ' 1535.754', ' 0.536'], [' 37.795', ' 9718.504', ' 1.072'], [' 20.237', ' 989.613', ' 0.0'], [' 27.58', ' 3117.662', ' 0.0'], [' 37.382', ' 6165.342', ' 0.268'], [' 25.589', ' 5322.92', ' 0.268'], [' 22.652', ' 2782.89', ' 0.0'], [' 22.006', ' 4620.742', ' 0.804'], [' 12.161', ' 466.032', ' 2.145'], [' 22.531', ' 5827.047', ' 2.145'], [' 26.747', ' 3518.319', ' 0.0'], [' 22.367', ' 678.248', ' 0.0'], [' 22.461', ' 3695.062', ' 1.609'], [' 28.351', ' 19749.537', ' 2.681'], [' 29.673', ' 4688.154', ' 2.145'], [' 29.735', ' 2086.67', ' 1.877'], [' 32.428', ' 8496.731', ' 2.145'], [' 29.399', ' 7091.574', ' 0.0'], [' 24.636', ' 733.554', ' 0.0'], [' 27.398', ' 4820.919', ' 2.413'], [' 22.383', ' 974.195', ' 0.536'], [' 21.197', ' 555.9', ' 1.609'], [' 33.719', ' 19446.16', ' 2.413'], [' 28.77', ' 4953.562', ' 1.34'], [' 27.332', ' 1807.77', ' 0.0'], [' 28.434', ' 7734.514', ' 1.609'], [' 14.124', ' 107.59', ' 1.072']]]
3. most: [' 25.139', ' 4947.981', ' 1.877']
4: rand:1086.6534166666668
4: rand:1703.220266666667
4: rand:658.5737222222223
4: rand:1429.5278095238095
4: rand:3387.2786250000004
4: rand:2500.028222222222
4: rand:1680.2133
4: rand:1625.6587575757576
4: rand:1171.7176666666664
4: rand:1540.937769230769
5: mid: [0, 0, 0]
5: mid: [0, 0, 0]
5: mid: [0, 0, 0]
5: mid: [0, 0, 0]
5: mid: [0, 0, 0]
5: mid: [0, 0, 0]
5: mid: [0, 0, 0]
5: mid: [0, 0, 0]
5: mid: [0, 0, 0]
5: mid: [0, 0, 0]

Time Taken to run SVM on the dataset = 5.712899923324585
========================================================================================================================
========================================================================================================================
Current random seed:  77
[' EFFORT-', ' MONTHS-', ' DEFECTS-', ' RISKS-']
1. top6:[[' 30.676', ' 6158.313', ' 1.072'], [' 30.083', ' 4878.755', ' 2.413'], [' 29.028', ' 13182.66', ' 1.609'], [' 26.655', ' 4535.33', ' 0.0'], [' 17.121', ' 353.963', ' 0.0'], [' 20.85', ' 2634.678', ' 1.609']]
2. top50:[[[' 30.676', ' 6158.313', ' 1.072'], [' 30.083', ' 4878.755', ' 2.413'], [' 29.028', ' 13182.66', ' 1.609'], [' 26.655', ' 4535.33', ' 0.0'], [' 17.121', ' 353.963', ' 0.0'], [' 20.85', ' 2634.678', ' 1.609'], [' 25.99', ' 2932.676', ' 0.0'], [' 23.681', ' 5967.453', ' 0.268'], [' 25.597', ' 2026.767', ' 0.268'], [' 27.433', ' 2598.843', ' 0.0'], [' 30.913', ' 3062.654', ' 0.536'], [' 26.868', ' 7177.927', ' 0.268'], [' 25.914', ' 1412.671', ' 1.34'], [' 23.2', ' 1340.247', ' 0.536'], [' 28.948', ' 3765.842', ' 2.145'], [' 30.493', ' 6407.052', ' 1.877'], [' 21.067', ' 1883.517', ' 1.072'], [' 32.58', ' 4470.83', ' 1.877'], [' 33.624', ' 13765.235', ' 0.0'], [' 38.433', ' 14815.706', ' 2.413'], [' 18.827', ' 274.376', ' 1.072'], [' 28.586', ' 4261.142', ' 2.145'], [' 29.026', ' 5277.962', ' 0.0'], [' 34.414', ' 1662.893', ' 0.0'], [' 22.308', ' 1514.001', ' 2.145'], [' 18.697', ' 1152.711', ' 0.536'], [' 17.118', ' 1931.769', ' 3.217'], [' 27.163', ' 4005.847', ' 2.413'], [' 31.76', ' 5517.554', ' 0.0'], [' 18.748', ' 1164.332', ' 0.804'], [' 43.658', ' 41621.138', ' 2.681'], [' 30.636', ' 5530.235', ' 2.681'], [' 21.642', ' 5771.693', ' 2.145'], [' 35.955', ' 1889.03', ' 0.536'], [' 30.723', ' 7829.849', ' 0.268'], [' 26.186', ' 11606.493', ' 1.609'], [' 19.455', ' 376.973', ' 2.145'], [' 26.888', ' 5726.479', ' 0.0'], [' 24.456', ' 2538.545', ' 1.072'], [' 23.362', ' 3172.76', ' 1.609'], [' 25.196', ' 14380.482', ' 2.145'], [' 30.938', ' 6059.912', ' 0.536'], [' 14.085', ' 1452.7', ' 1.34'], [' 16.605', ' 522.078', ' 0.0'], [' 37.837', ' 8354.781', ' 1.609'], [' 27.686', ' 2578.947', ' 0.536'], [' 24.33', ' 5811.139', ' 0.536'], [' 23.769', ' 4962.102', ' 1.072'], [' 25.127', ' 1083.983', ' 0.0'], [' 29.651', ' 6162.771', ' 3.217']]]
3. most: [' 30.676', ' 6158.313', ' 1.072']
4: rand:3258.0224166666662
4: rand:689.0354666666666
4: rand:1531.5160555555556
4: rand:645.8152380952381
4: rand:952.2840416666667
4: rand:1647.1008148148146
4: rand:3149.898366666667
4: rand:1263.9903333333332
4: rand:1587.2881388888889
4: rand:2113.099435897436
5: mid: [0, 0, 0]
5: mid: [0, 0, 0]
5: mid: [0, 0, 0]
5: mid: [0, 0, 0]
5: mid: [0, 0, 0]
5: mid: [0, 0, 0]
5: mid: [0, 0, 0]
5: mid: [0, 0, 0]
5: mid: [0, 0, 0]
5: mid: [0, 0, 0]

Time Taken to run SVM on the dataset = 5.722948312759399
========================================================================================================================
========================================================================================================================
Current random seed:  97
[' EFFORT-', ' MONTHS-', ' DEFECTS-', ' RISKS-']
1. top6:[[' 27.813', ' 13185.613', ' 1.877'], [' 19.967', ' 328.667', ' 0.536'], [' 27.259', ' 3401.094', ' 0.0'], [' 22.383', ' 974.195', ' 0.536'], [' 30.074', ' 6326.272', ' 1.072'], [' 26.156', ' 7723.727', ' 1.34']]
2. top50:[[[' 27.813', ' 13185.613', ' 1.877'], [' 19.967', ' 328.667', ' 0.536'], [' 27.259', ' 3401.094', ' 0.0'], [' 22.383', ' 974.195', ' 0.536'], [' 30.074', ' 6326.272', ' 1.072'], [' 26.156', ' 7723.727', ' 1.34'], [' 25.597', ' 2026.767', ' 0.268'], [' 38.453', ' 38118.455', ' 0.268'], [' 32.249', ' 9482.439', ' 1.877'], [' 21.948', ' 768.822', ' 1.072'], [' 15.965', ' 687.796', ' 1.072'], [' 35.693', ' 8789.567', ' 0.0'], [' 23.806', ' 1572.082', ' 2.145'], [' 37.157', ' 9241.324', ' 1.609'], [' 31.763', ' 5788.149', ' 2.145'], [' 29.117', ' 2904.59', ' 1.072'], [' 33.235', ' 6789.918', ' 0.268'], [' 31.958', ' 2064.794', ' 0.0'], [' 34.875', ' 7775.488', ' 2.681'], [' 29.303', ' 4487.05', ' 0.804'], [' 25.265', ' 8823.848', ' 1.072'], [' 30.678', ' 7442.457', ' 2.145'], [' 33.242', ' 9959.634', ' 0.268'], [' 17.932', ' 560.0', ' 0.268'], [' 27.286', ' 4239.579', ' 2.145'], [' 31.853', ' 1679.371', ' 1.609'], [' 27.328', ' 21738.019', ' 2.145'], [' 32.273', ' 4388.339', ' 2.145'], [' 33.5', ' 3973.27', ' 0.0'], [' 28.298', ' 5569.109', ' 3.217'], [' 28.781', ' 3124.856', ' 1.072'], [' 26.703', ' 3437.52', ' 0.0'], [' 40.292', ' 12172.23', ' 0.804'], [' 24.542', ' 8438.51', ' 3.485'], [' 22.865', ' 1853.552', ' 0.0'], [' 32.406', ' 7116.762', ' 1.34'], [' 24.547', ' 3463.88', ' 0.0'], [' 17.039', ' 370.517', ' 1.072'], [' 15.279', ' 1096.581', ' 0.536'], [' 27.62', ' 7928.088', ' 0.536'], [' 17.951', ' 1108.208', ' 1.072'], [' 27.913', ' 3009.491', ' 0.0'], [' 23.948', ' 811.093', ' 1.072'], [' 24.128', ' 3130.357', ' 0.536'], [' 26.241', ' 7243.934', ' 0.0'], [' 26.611', ' 3017.944', ' 1.072'], [' 22.68', ' 2244.493', ' 0.804'], [' 33.084', ' 1996.901', ' 1.34'], [' 23.529', ' 1113.58', ' 0.536'], [' 36.414', ' 3290.227', ' 0.536']]]
3. most: [' 27.813', ' 13185.613', ' 1.877']
4: rand:947.7141666666666
4: rand:1255.8602
4: rand:1587.6271666666667
4: rand:3043.021142857143
4: rand:1443.2197500000002
4: rand:4538.623222222223
4: rand:1014.3692
4: rand:2590.005545454545
4: rand:1030.756111111111
4: rand:1471.7345897435896
5: mid: [0, 0, 0]
5: mid: [0, 0, 0]
5: mid: [0, 0, 0]
5: mid: [0, 0, 0]
5: mid: [0, 0, 0]
5: mid: [0, 0, 0]
5: mid: [0, 0, 0]
5: mid: [0, 0, 0]
5: mid: [0, 0, 0]
5: mid: [0, 0, 0]

Time Taken to run SVM on the dataset = 5.7571470737457275
========================================================================================================================
========================================================================================================================
Current random seed:  39
[' EFFORT-', ' MONTHS-', ' DEFECTS-', ' RISKS-']
1. top6:[[' 18.656', ' 1091.945', ' 0.0'], [' 37.287', ' 3221.15', ' 0.0'], [' 17.895', ' 4721.509', ' 3.217'], [' 25.149', ' 13301.092', ' 0.0'], [' 18.287', ' 1715.742', ' 1.072'], [' 39.353', ' 27935.113', ' 2.145']]
2. top50:[[[' 18.656', ' 1091.945', ' 0.0'], [' 37.287', ' 3221.15', ' 0.0'], [' 17.895', ' 4721.509', ' 3.217'], [' 25.149', ' 13301.092', ' 0.0'], [' 18.287', ' 1715.742', ' 1.072'], [' 39.353', ' 27935.113', ' 2.145'], [' 33.011', ' 4236.133', ' 0.0'], [' 14.373', ' 216.658', ' 0.0'], [' 14.833', ' 315.118', ' 0.536'], [' 18.938', ' 3060.805', ' 1.34'], [' 20.975', ' 2758.967', ' 0.536'], [' 29.955', ' 1923.2', ' 1.072'], [' 16.679', ' 1435.311', ' 0.804'], [' 20.476', ' 1412.364', ' 0.536'], [' 36.988', ' 7427.284', ' 0.0'], [' 25.714', ' 6634.46', ' 2.145'], [' 23.876', ' 883.212', ' 1.072'], [' 22.004', ' 2964.429', ' 2.145'], [' 22.106', ' 3984.364', ' 1.609'], [' 28.434', ' 7734.514', ' 1.609'], [' 24.209', ' 12680.496', ' 1.609'], [' 16.767', ' 683.855', ' 0.0'], [' 38.212', ' 17035.689', ' 1.072'], [' 27.156', ' 5531.858', ' 2.145'], [' 30.736', ' 16891.257', ' 1.609'], [' 19.713', ' 1760.822', ' 0.268'], [' 22.849', ' 2524.585', ' 0.0'], [' 35.326', ' 11279.514', ' 1.877'], [' 31.628', ' 4919.459', ' 1.34'], [' 31.865', ' 3367.686', ' 0.536'], [' 26.316', ' 785.369', ' 0.0'], [' 33.267', ' 15875.88', ' 1.072'], [' 30.154', ' 2307.803', ' 0.536'], [' 27.363', ' 8228.081', ' 2.413'], [' 15.54', ' 166.303', ' 1.072'], [' 26.873', ' 3171.652', ' 0.536'], [' 33.774', ' 3726.162', ' 0.0'], [' 15.799', ' 600.701', ' 2.145'], [' 42.337', ' 4627.881', ' 0.0'], [' 28.459', ' 5104.942', ' 2.145'], [' 27.856', ' 4965.038', ' 0.0'], [' 27.666', ' 4310.472', ' 0.268'], [' 29.226', ' 5803.513', ' 0.268'], [' 35.814', ' 2220.816', ' 0.268'], [' 24.303', ' 2495.011', ' 1.609'], [' 35.879', ' 18879.885', ' 2.145'], [' 24.876', ' 2496.261', ' 0.804'], [' 26.622', ' 4274.37', ' 1.072'], [' 22.087', ' 733.188', ' 1.072'], [' 23.855', ' 2879.863', ' 2.413']]]
3. most: [' 18.656', ' 1091.945', ' 0.0']
4: rand:931.143
4: rand:2214.175133333333
4: rand:2276.9265555555553
4: rand:3392.727380952381
4: rand:2057.2177500000003
4: rand:1184.4355555555555
4: rand:2949.115833333334
4: rand:1208.5798484848483
4: rand:1799.1999722222222
4: rand:1114.6059743589744
5: mid: [0, 0, 0]
5: mid: [0, 0, 0]
5: mid: [0, 0, 0]
5: mid: [0, 0, 0]
5: mid: [0, 0, 0]
5: mid: [0, 0, 0]
5: mid: [0, 0, 0]
5: mid: [0, 0, 0]
5: mid: [0, 0, 0]
5: mid: [0, 0, 0]

Time Taken to run SVM on the dataset = 5.969572067260742
========================================================================================================================
========================================================================================================================
Current random seed:  9
[' EFFORT-', ' MONTHS-', ' DEFECTS-', ' RISKS-']
1. top6:[[' 24.043', ' 3471.454', ' 2.681'], [' 23.467', ' 776.056', ' 0.0'], [' 27.306', ' 7304.704', ' 2.145'], [' 23.018', ' 2369.848', ' 1.609'], [' 30.881', ' 976.912', ' 0.0'], [' 32.559', ' 2102.745', ' 1.609']]
2. top50:[[[' 24.043', ' 3471.454', ' 2.681'], [' 23.467', ' 776.056', ' 0.0'], [' 27.306', ' 7304.704', ' 2.145'], [' 23.018', ' 2369.848', ' 1.609'], [' 30.881', ' 976.912', ' 0.0'], [' 32.559', ' 2102.745', ' 1.609'], [' 32.292', ' 8351.251', ' 0.0'], [' 25.26', ' 5967.337', ' 0.268'], [' 18.3', ' 2122.426', ' 2.145'], [' 33.113', ' 10211.591', ' 1.877'], [' 33.476', ' 3806.524', ' 1.072'], [' 27.341', ' 1902.403', ' 0.268'], [' 24.581', ' 2742.908', ' 2.145'], [' 31.939', ' 9842.805', ' 0.268'], [' 31.37', ' 1794.677', ' 0.536'], [' 30.958', ' 6266.161', ' 1.072'], [' 20.338', ' 2444.357', ' 2.145'], [' 14.124', ' 107.59', ' 1.072'], [' 39.835', ' 11267.576', ' 0.268'], [' 20.28', ' 3931.806', ' 2.145'], [' 34.242', ' 2447.539', ' 0.0'], [' 25.759', ' 3577.676', ' 0.0'], [' 24.753', ' 2639.236', ' 0.0'], [' 31.261', ' 6595.933', ' 0.536'], [' 28.451', ' 4952.582', ' 0.0'], [' 27.562', ' 952.998', ' 0.268'], [' 29.553', ' 9951.644', ' 0.0'], [' 38.706', ' 25986.674', ' 1.609'], [' 24.882', ' 6284.514', ' 1.072'], [' 29.381', ' 1292.839', ' 0.0'], [' 43.658', ' 41621.138', ' 2.681'], [' 20.491', ' 1480.585', ' 0.0'], [' 21.501', ' 852.001', ' 1.072'], [' 37.837', ' 8354.781', ' 1.609'], [' 31.262', ' 6974.971', ' 2.681'], [' 18.656', ' 1091.945', ' 0.0'], [' 30.934', ' 7389.055', ' 2.145'], [' 27.346', ' 2970.139', ' 1.072'], [' 18.966', ' 3121.038', ' 2.145'], [' 17.711', ' 520.279', ' 2.145'], [' 11.928', ' 102.112', ' 1.072'], [' 37.225', ' 30856.398', ' 1.609'], [' 30.982', ' 10365.95', ' 0.536'], [' 25.85', ' 1719.029', ' 0.536'], [' 22.851', ' 2669.258', ' 1.072'], [' 39.48', ' 6594.422', ' 0.536'], [' 31.525', ' 4774.982', ' 1.609'], [' 21.595', ' 1046.771', ' 2.145'], [' 20.615', ' 3789.707', ' 1.072'], [' 19.256', ' 448.254', ' 1.609']]]
3. most: [' 24.043', ' 3471.454', ' 2.681']
4: rand:2128.02975
4: rand:698.7394666666668
4: rand:1417.9188333333334
4: rand:1457.0474285714288
4: rand:1815.8169583333336
4: rand:1465.1028888888889
4: rand:1034.9852333333333
4: rand:1865.1989090909092
4: rand:2399.2095833333333
4: rand:1136.5148717948719
5: mid: [0, 0, 0]
5: mid: [0, 0, 0]
5: mid: [0, 0, 0]
5: mid: [0, 0, 0]
5: mid: [0, 0, 0]
5: mid: [0, 0, 0]
5: mid: [0, 0, 0]
5: mid: [0, 0, 0]
5: mid: [0, 0, 0]
5: mid: [0, 0, 0]

Time Taken to run SVM on the dataset = 5.728061199188232
========================================================================================================================
========================================================================================================================
Current random seed:  32
[' EFFORT-', ' MONTHS-', ' DEFECTS-', ' RISKS-']
1. top6:[[' 22.267', ' 3404.551', ' 0.0'], [' 38.363', ' 12945.12', ' 1.877'], [' 16.824', ' 1679.203', ' 2.413'], [' 26.659', ' 13913.86', ' 1.609'], [' 27.433', ' 2598.843', ' 0.0'], [' 24.613', ' 3071.894', ' 0.0']]
2. top50:[[[' 22.267', ' 3404.551', ' 0.0'], [' 38.363', ' 12945.12', ' 1.877'], [' 16.824', ' 1679.203', ' 2.413'], [' 26.659', ' 13913.86', ' 1.609'], [' 27.433', ' 2598.843', ' 0.0'], [' 24.613', ' 3071.894', ' 0.0'], [' 33.773', ' 8160.452', ' 1.609'], [' 23.907', ' 587.854', ' 0.0'], [' 31.06', ' 9521.713', ' 2.413'], [' 9.404', ' 90.479', ' 0.536'], [' 28.378', ' 9300.645', ' 1.609'], [' 29.398', ' 3665.296', ' 0.804'], [' 33.419', ' 7709.393', ' 0.0'], [' 23.797', ' 1645.209', ' 1.34'], [' 29.162', ' 4025.371', ' 1.34'], [' 21.335', ' 1250.902', ' 0.268'], [' 29.848', ' 2327.202', ' 0.0'], [' 20.794', ' 1394.53', ' 1.34'], [' 16.18', ' 391.373', ' 1.072'], [' 15.182', ' 274.35', ' 1.34'], [' 23.409', ' 2524.511', ' 1.34'], [' 24.299', ' 1221.594', ' 1.072'], [' 26.523', ' 5938.674', ' 1.072'], [' 19.736', ' 3030.047', ' 1.072'], [' 20.353', ' 6262.964', ' 3.217'], [' 19.156', ' 1930.687', ' 0.0'], [' 27.459', ' 3331.144', ' 1.072'], [' 26.818', ' 11494.505', ' 1.877'], [' 15.681', ' 447.99', ' 2.413'], [' 24.366', ' 3250.568', ' 1.609'], [' 18.485', ' 525.149', ' 0.0'], [' 29.716', ' 2726.228', ' 1.072'], [' 37.204', ' 21378.429', ' 2.145'], [' 19.677', ' 6377.82', ' 1.609'], [' 24.403', ' 1297.516', ' 1.609'], [' 13.426', ' 145.089', ' 0.0'], [' 22.467', ' 742.233', ' 2.145'], [' 33.211', ' 4559.494', ' 1.877'], [' 29.209', ' 2326.747', ' 0.536'], [' 29.284', ' 5690.948', ' 0.536'], [' 36.992', ' 8142.529', ' 0.268'], [' 33.555', ' 11947.074', ' 0.804'], [' 23.456', ' 6132.133', ' 0.0'], [' 26.507', ' 5950.959', ' 1.877'], [' 26.89', ' 293.602', ' 0.0'], [' 27.071', ' 8051.308', ' 0.536'], [' 26.732', ' 2366.813', ' 0.268'], [' 41.819', ' 23256.616', ' 1.34'], [' 18.358', ' 609.207', ' 0.268'], [' 32.273', ' 4388.339', ' 2.145']]]
3. most: [' 22.267', ' 3404.551', ' 0.0']
4: rand:1340.4665833333331
4: rand:661.9727333333334
4: rand:882.483
4: rand:1405.9511428571427
4: rand:891.969375
4: rand:956.0507777777779
4: rand:2122.6949
4: rand:1869.9405454545454
4: rand:968.0470555555554
4: rand:1710.5811538461537
5: mid: [0, 0, 0]
5: mid: [0, 0, 0]
5: mid: [0, 0, 0]
5: mid: [0, 0, 0]
5: mid: [0, 0, 0]
5: mid: [0, 0, 0]
5: mid: [0, 0, 0]
5: mid: [0, 0, 0]
5: mid: [0, 0, 0]
5: mid: [0, 0, 0]

Time Taken to run SVM on the dataset = 5.663290977478027
========================================================================================================================
========================================================================================================================
Current random seed:  82
[' EFFORT-', ' MONTHS-', ' DEFECTS-', ' RISKS-']
1. top6:[[' 26.799', ' 10109.598', ' 2.145'], [' 26.772', ' 16114.726', ' 0.804'], [' 23.236', ' 2380.361', ' 0.536'], [' 26.532', ' 12058.692', ' 3.217'], [' 22.051', ' 5403.903', ' 0.536'], [' 29.103', ' 2835.754', ' 0.536']]
2. top50:[[[' 26.799', ' 10109.598', ' 2.145'], [' 26.772', ' 16114.726', ' 0.804'], [' 23.236', ' 2380.361', ' 0.536'], [' 26.532', ' 12058.692', ' 3.217'], [' 22.051', ' 5403.903', ' 0.536'], [' 29.103', ' 2835.754', ' 0.536'], [' 36.709', ' 9784.611', ' 0.0'], [' 17.96', ' 216.45', ' 0.0'], [' 32.72', ' 3859.061', ' 0.0'], [' 30.121', ' 7647.509', ' 1.072'], [' 18.46', ' 1147.75', ' 0.0'], [' 19.504', ' 3340.805', ' 1.072'], [' 26.453', ' 3601.619', ' 1.072'], [' 29.312', ' 4276.444', ' 0.804'], [' 13.234', ' 557.407', ' 0.804'], [' 31.744', ' 15025.241', ' 1.877'], [' 42.641', ' 7975.637', ' 1.34'], [' 27.838', ' 2017.71', ' 0.804'], [' 13.581', ' 676.395', ' 1.072'], [' 31.432', ' 1524.431', ' 0.804'], [' 20.944', ' 1809.5', ' 2.145'], [' 27.434', ' 2619.16', ' 0.268'], [' 33.011', ' 23258.642', ' 2.413'], [' 37.165', ' 7519.099', ' 0.268'], [' 22.888', ' 1260.494', ' 1.072'], [' 16.245', ' 953.198', ' 0.0'], [' 35.646', ' 5903.618', ' 1.877'], [' 19.387', ' 730.792', ' 0.268'], [' 20.862', ' 1287.445', ' 1.072'], [' 32.71', ' 9625.604', ' 1.609'], [' 31.233', ' 5994.736', ' 1.072'], [' 28.11', ' 2972.857', ' 0.536'], [' 28.417', ' 6675.258', ' 2.145'], [' 26.611', ' 1504.528', ' 0.268'], [' 36.638', ' 6528.438', ' 0.0'], [' 29.599', ' 6081.408', ' 2.413'], [' 14.246', ' 255.061', ' 0.0'], [' 31.215', ' 7072.604', ' 2.145'], [' 27.306', ' 12048.002', ' 0.804'], [' 30.459', ' 7910.733', ' 0.536'], [' 47.242', ' 8269.646', ' 0.0'], [' 23.078', ' 3506.071', ' 1.072'], [' 19.056', ' 221.115', ' 1.072'], [' 20.344', ' 1977.138', ' 2.145'], [' 29.658', ' 2764.899', ' 1.877'], [' 23.724', ' 2990.351', ' 0.0'], [' 30.748', ' 3345.237', ' 1.877'], [' 27.145', ' 6545.465', ' 1.072'], [' 10.891', ' 208.74', ' 1.072'], [' 25.877', ' 632.064', ' 0.0']]]
3. most: [' 26.799', ' 10109.598', ' 2.145']
4: rand:858.1974999999999
4: rand:2010.4937333333335
4: rand:1496.174888888889
4: rand:1188.5302380952382
4: rand:1638.1197916666667
4: rand:1123.9032962962963
4: rand:2338.1986
4: rand:1709.641
4: rand:1818.3902777777778
4: rand:2556.9376923076925
5: mid: [0, 0, 0]
5: mid: [0, 0, 0]
5: mid: [0, 0, 0]
5: mid: [0, 0, 0]
5: mid: [0, 0, 0]
5: mid: [0, 0, 0]
5: mid: [0, 0, 0]
5: mid: [0, 0, 0]
5: mid: [0, 0, 0]
5: mid: [0, 0, 0]

Time Taken to run SVM on the dataset = 5.932451963424683
========================================================================================================================
========================================================================================================================
Current random seed:  52
[' EFFORT-', ' MONTHS-', ' DEFECTS-', ' RISKS-']
1. top6:[[' 26.176', ' 1515.0', ' 0.804'], [' 23.938', ' 8313.566', ' 0.536'], [' 15.6', ' 1526.233', ' 2.413'], [' 29.476', ' 5212.973', ' 1.072'], [' 17.42', ' 3340.692', ' 3.217'], [' 33.009', ' 4565.928', ' 0.804']]
2. top50:[[[' 26.176', ' 1515.0', ' 0.804'], [' 23.938', ' 8313.566', ' 0.536'], [' 15.6', ' 1526.233', ' 2.413'], [' 29.476', ' 5212.973', ' 1.072'], [' 17.42', ' 3340.692', ' 3.217'], [' 33.009', ' 4565.928', ' 0.804'], [' 44.45', ' 42105.232', ' 0.268'], [' 30.448', ' 2704.543', ' 0.804'], [' 22.669', ' 3929.951', ' 0.536'], [' 22.984', ' 6255.642', ' 1.072'], [' 35.103', ' 18351.346', ' 0.536'], [' 20.172', ' 592.033', ' 0.0'], [' 35.738', ' 12446.17', ' 1.877'], [' 28.631', ' 7735.677', ' 0.0'], [' 23.169', ' 2578.798', ' 0.536'], [' 22.024', ' 834.451', ' 0.0'], [' 15.672', ' 1300.738', ' 1.072'], [' 27.42', ' 7449.135', ' 0.536'], [' 38.805', ' 21288.969', ' 0.268'], [' 24.577', ' 3377.514', ' 0.536'], [' 28.709', ' 3194.658', ' 0.0'], [' 33.039', ' 7839.131', ' 1.072'], [' 31.377', ' 14176.374', ' 1.877'], [' 23.054', ' 1102.049', ' 0.536'], [' 23.216', ' 3328.535', ' 1.609'], [' 30.092', ' 10750.476', ' 2.145'], [' 27.484', ' 3502.926', ' 0.0'], [' 36.367', ' 2207.157', ' 1.072'], [' 21.369', ' 2402.257', ' 0.0'], [' 16.822', ' 791.3', ' 0.0'], [' 36.622', ' 16536.278', ' 1.877'], [' 16.243', ' 1152.526', ' 0.536'], [' 25.076', ' 3509.481', ' 1.34'], [' 26.295', ' 10855.685', ' 2.145'], [' 11.369', ' 734.113', ' 0.804'], [' 29.828', ' 10156.698', ' 1.609'], [' 27.821', ' 852.125', ' 0.0'], [' 19.034', ' 584.099', ' 0.0'], [' 23.644', ' 2287.639', ' 2.145'], [' 14.007', ' 185.548', ' 0.0'], [' 21.975', ' 1599.163', ' 2.145'], [' 22.609', ' 1597.608', ' 1.072'], [' 28.195', ' 1371.155', ' 0.0'], [' 15.155', ' 765.468', ' 2.145'], [' 23.985', ' 7977.51', ' 2.145'], [' 22.433', ' 757.87', ' 1.072'], [' 25.511', ' 9284.979', ' 1.072'], [' 23.556', ' 3774.407', ' 1.072'], [' 24.763', ' 1795.056', ' 0.536'], [' 30.265', ' 11689.836', ' 1.609']]]
3. most: [' 26.176', ' 1515.0', ' 0.804']
4: rand:662.2805000000001
4: rand:382.82606666666663
4: rand:3831.764111111111
4: rand:1978.1720952380954
4: rand:1204.2316666666668
4: rand:1587.499185185185
4: rand:2191.1292
4: rand:2518.150181818182
4: rand:1419.2854444444445
4: rand:2234.5565641025637
5: mid: [0, 0, 0]
5: mid: [0, 0, 0]
5: mid: [0, 0, 0]
5: mid: [0, 0, 0]
5: mid: [0, 0, 0]
5: mid: [0, 0, 0]
5: mid: [0, 0, 0]
5: mid: [0, 0, 0]
5: mid: [0, 0, 0]
5: mid: [0, 0, 0]

Time Taken to run SVM on the dataset = 6.0246641635894775
========================================================================================================================
========================================================================================================================
Current random seed:  0
[' EFFORT-', ' MONTHS-', ' DEFECTS-', ' RISKS-']
1. top6:[[' 26.188', ' 2009.315', ' 1.072'], [' 28.309', ' 5273.202', ' 1.609'], [' 19.84', ' 9989.374', ' 1.34'], [' 31.687', ' 6687.262', ' 0.0'], [' 33.044', ' 3345.216', ' 1.609'], [' 17.713', ' 685.979', ' 0.536']]
2. top50:[[[' 26.188', ' 2009.315', ' 1.072'], [' 28.309', ' 5273.202', ' 1.609'], [' 19.84', ' 9989.374', ' 1.34'], [' 31.687', ' 6687.262', ' 0.0'], [' 33.044', ' 3345.216', ' 1.609'], [' 17.713', ' 685.979', ' 0.536'], [' 26.157', ' 3395.255', ' 0.0'], [' 12.988', ' 1271.567', ' 1.609'], [' 28.349', ' 2067.297', ' 0.0'], [' 17.395', ' 374.636', ' 2.145'], [' 39.029', ' 7218.009', ' 2.413'], [' 24.945', ' 9965.397', ' 2.145'], [' 29.115', ' 7492.927', ' 3.217'], [' 26.497', ' 8532.675', ' 1.34'], [' 24.161', ' 995.379', ' 0.536'], [' 26.258', ' 1090.011', ' 0.536'], [' 24.597', ' 3781.754', ' 0.536'], [' 31.947', ' 4226.938', ' 1.34'], [' 17.599', ' 694.828', ' 2.145'], [' 20.568', ' 2154.707', ' 1.609'], [' 24.15', ' 3528.474', ' 3.217'], [' 34.027', ' 4666.035', ' 1.072'], [' 37.843', ' 7346.742', ' 0.0'], [' 37.261', ' 8292.144', ' 0.536'], [' 37.477', ' 14127.331', ' 1.609'], [' 23.773', ' 1905.978', ' 1.072'], [' 18.017', ' 1995.316', ' 1.34'], [' 29.499', ' 3859.281', ' 1.34'], [' 23.078', ' 3506.071', ' 1.072'], [' 28.85', ' 5829.494', ' 0.268'], [' 34.652', ' 3621.139', ' 0.268'], [' 36.873', ' 4967.611', ' 2.145'], [' 20.896', ' 2715.848', ' 1.609'], [' 26.763', ' 13201.341', ' 2.145'], [' 23.771', ' 2704.315', ' 3.217'], [' 22.973', ' 5907.124', ' 1.877'], [' 24.314', ' 13518.231', ' 2.413'], [' 27.383', ' 3541.184', ' 0.804'], [' 17.461', ' 514.816', ' 1.072'], [' 21.065', ' 721.921', ' 1.072'], [' 27.629', ' 4698.265', ' 2.145'], [' 18.697', ' 736.527', ' 1.072'], [' 28.631', ' 7735.677', ' 0.0'], [' 23.952', ' 2707.884', ' 0.0'], [' 27.247', ' 2636.324', ' 0.0'], [' 34.781', ' 2551.453', ' 1.072'], [' 12.865', ' 419.522', ' 1.072'], [' 32.955', ' 5921.035', ' 0.0'], [' 24.368', ' 2197.143', ' 0.0'], [' 15.292', ' 2307.402', ' 1.609']]]
3. most: [' 26.188', ' 2009.315', ' 1.072']
4: rand:2111.3513333333335
4: rand:3685.6993999999995
4: rand:2479.1332777777775
4: rand:1708.0550476190474
4: rand:1171.6279166666666
4: rand:1168.300777777778
4: rand:2331.147133333333
4: rand:2081.909696969697
4: rand:1358.7434444444445
4: rand:1715.3970769230764
5: mid: [0, 0, 0]
5: mid: [0, 0, 0]
5: mid: [0, 0, 0]
5: mid: [0, 0, 0]
5: mid: [0, 0, 0]
5: mid: [0, 0, 0]
5: mid: [0, 0, 0]
5: mid: [0, 0, 0]
5: mid: [0, 0, 0]
5: mid: [0, 0, 0]

Time Taken to run SVM on the dataset = 5.919834136962891
========================================================================================================================
========================================================================================================================
Current random seed:  30
[' EFFORT-', ' MONTHS-', ' DEFECTS-', ' RISKS-']
1. top6:[[' 28.033', ' 8236.369', ' 2.681'], [' 35.398', ' 4381.053', ' 0.0'], [' 22.54', ' 3199.674', ' 0.536'], [' 30.304', ' 1938.737', ' 0.0'], [' 13.749', ' 694.605', ' 1.609'], [' 26.308', ' 698.749', ' 0.804']]
2. top50:[[[' 28.033', ' 8236.369', ' 2.681'], [' 35.398', ' 4381.053', ' 0.0'], [' 22.54', ' 3199.674', ' 0.536'], [' 30.304', ' 1938.737', ' 0.0'], [' 13.749', ' 694.605', ' 1.609'], [' 26.308', ' 698.749', ' 0.804'], [' 31.336', ' 2362.375', ' 0.536'], [' 33.383', ' 3942.527', ' 0.268'], [' 15.978', ' 330.777', ' 1.34'], [' 24.673', ' 2130.964', ' 1.072'], [' 21.318', ' 928.575', ' 1.072'], [' 12.526', ' 578.98', ' 1.609'], [' 25.449', ' 2264.068', ' 2.145'], [' 17.934', ' 956.13', ' 1.34'], [' 30.464', ' 5957.63', ' 1.877'], [' 26.658', ' 9474.076', ' 1.877'], [' 21.356', ' 4364.464', ' 1.609'], [' 19.466', ' 578.082', ' 2.145'], [' 16.842', ' 933.225', ' 0.536'], [' 21.307', ' 2222.627', ' 0.268'], [' 26.368', ' 6020.66', ' 1.34'], [' 26.005', ' 4891.689', ' 1.072'], [' 22.023', ' 1488.896', ' 0.536'], [' 32.189', ' 1362.56', ' 0.268'], [' 22.473', ' 2431.664', ' 1.609'], [' 25.555', ' 2547.359', ' 1.34'], [' 19.052', ' 3092.382', ' 3.753'], [' 28.428', ' 2666.494', ' 0.0'], [' 22.006', ' 253.24', ' 0.536'], [' 14.677', ' 193.061', ' 1.877'], [' 26.262', ' 1809.805', ' 0.0'], [' 18.198', ' 1066.762', ' 0.268'], [' 30.275', ' 4833.234', ' 0.268'], [' 31.963', ' 4478.285', ' 1.609'], [' 32.145', ' 2412.443', ' 1.609'], [' 37.051', ' 2434.315', ' 0.0'], [' 25.829', ' 627.267', ' 0.536'], [' 33.865', ' 9860.276', ' 1.072'], [' 12.172', ' 245.853', ' 0.536'], [' 29.249', ' 2842.574', ' 2.145'], [' 22.472', ' 1406.248', ' 1.072'], [' 26.22', ' 6001.283', ' 0.0'], [' 13.608', ' 432.463', ' 0.804'], [' 25.988', ' 900.22', ' 1.34'], [' 28.449', ' 4116.692', ' 0.268'], [' 21.929', ' 1340.975', ' 3.217'], [' 12.083', ' 329.497', ' 1.609'], [' 20.486', ' 915.831', ' 0.0'], [' 14.757', ' 578.196', ' 1.072'], [' 25.009', ' 1755.654', ' 1.877']]]
3. most: [' 28.033', ' 8236.369', ' 2.681']
4: rand:794.1148333333334
4: rand:2953.0536
4: rand:2124.724166666667
4: rand:1833.0253809523808
4: rand:2002.9045000000003
4: rand:967.4704444444443
4: rand:1873.2014999999994
4: rand:1035.4232424242425
4: rand:2487.8067222222217
4: rand:1555.180923076923
5: mid: [0, 0, 0]
5: mid: [0, 0, 0]
5: mid: [0, 0, 0]
5: mid: [0, 0, 0]
5: mid: [0, 0, 0]
5: mid: [0, 0, 0]
5: mid: [0, 0, 0]
5: mid: [0, 0, 0]
5: mid: [0, 0, 0]
5: mid: [0, 0, 0]

Time Taken to run SVM on the dataset = 6.015472888946533
========================================================================================================================
========================================================================================================================
Current random seed:  73
[' EFFORT-', ' MONTHS-', ' DEFECTS-', ' RISKS-']
1. top6:[[' 28.428', ' 2666.494', ' 0.0'], [' 27.893', ' 1695.033', ' 1.072'], [' 29.934', ' 4161.007', ' 1.072'], [' 29.411', ' 10535.147', ' 0.0'], [' 25.889', ' 3206.38', ' 1.072'], [' 35.103', ' 18351.346', ' 0.536']]
2. top50:[[[' 28.428', ' 2666.494', ' 0.0'], [' 27.893', ' 1695.033', ' 1.072'], [' 29.934', ' 4161.007', ' 1.072'], [' 29.411', ' 10535.147', ' 0.0'], [' 25.889', ' 3206.38', ' 1.072'], [' 35.103', ' 18351.346', ' 0.536'], [' 32.752', ' 10340.31', ' 0.0'], [' 22.449', ' 736.481', ' 0.0'], [' 23.416', ' 4274.467', ' 0.0'], [' 19.496', ' 1446.208', ' 0.0'], [' 21.707', ' 1546.509', ' 0.0'], [' 31.267', ' 3402.336', ' 2.413'], [' 17.336', ' 1198.937', ' 2.145'], [' 17.652', ' 1146.334', ' 3.217'], [' 39.972', ' 47583.286', ' 1.072'], [' 21.6', ' 3069.41', ' 1.609'], [' 23.346', ' 1479.274', ' 1.072'], [' 31.599', ' 8256.753', ' 1.072'], [' 24.731', ' 3850.18', ' 1.072'], [' 21.133', ' 1044.449', ' 1.072'], [' 25.704', ' 2743.155', ' 2.413'], [' 25.29', ' 1006.653', ' 3.217'], [' 31.282', ' 3828.583', ' 0.0'], [' 23.199', ' 4329.595', ' 0.536'], [' 28.724', ' 7947.287', ' 0.268'], [' 27.173', ' 12793.303', ' 1.34'], [' 16.584', ' 1067.603', ' 2.145'], [' 30.121', ' 7647.509', ' 1.072'], [' 24.807', ' 4024.424', ' 0.268'], [' 28.848', ' 24038.873', ' 2.145'], [' 23.685', ' 1467.892', ' 1.072'], [' 26.616', ' 4075.6', ' 0.536'], [' 29.815', ' 1984.92', ' 1.072'], [' 31.266', ' 7628.24', ' 0.0'], [' 19.582', ' 1666.518', ' 1.072'], [' 20.079', ' 1973.976', ' 1.609'], [' 32.782', ' 13357.055', ' 0.0'], [' 32.208', ' 12421.264', ' 0.536'], [' 30.073', ' 2658.326', ' 0.536'], [' 39.653', ' 4181.944', ' 0.0'], [' 30.447', ' 3667.553', ' 2.413'], [' 27.533', ' 4576.06', ' 2.145'], [' 28.358', ' 1591.004', ' 0.536'], [' 30.092', ' 10750.476', ' 2.145'], [' 22.034', ' 4677.663', ' 1.609'], [' 20.316', ' 1467.811', ' 0.536'], [' 29.115', ' 7492.927', ' 3.217'], [' 12.715', ' 36.361', ' 0.0'], [' 25.724', ' 1029.97', ' 2.145'], [' 17.323', ' 633.996', ' 3.217']]]
3. most: [' 28.428', ' 2666.494', ' 0.0']
4: rand:918.0489166666666
4: rand:1142.8974000000003
4: rand:1099.506222222222
4: rand:1057.4524285714288
4: rand:1437.2227916666668
4: rand:1009.5870740740742
4: rand:802.7242999999999
4: rand:1352.1865151515153
4: rand:2435.2522777777776
4: rand:1966.4799230769231
5: mid: [0, 0, 0]
5: mid: [0, 0, 0]
5: mid: [0, 0, 0]
5: mid: [0, 0, 0]
5: mid: [0, 0, 0]
5: mid: [0, 0, 0]
5: mid: [0, 0, 0]
5: mid: [0, 0, 0]
5: mid: [0, 0, 0]
5: mid: [0, 0, 0]

Time Taken to run SVM on the dataset = 5.938567161560059
========================================================================================================================
========================================================================================================================
Current random seed:  55
[' EFFORT-', ' MONTHS-', ' DEFECTS-', ' RISKS-']
1. top6:[[' 25.11', ' 1239.695', ' 1.072'], [' 24.154', ' 1638.304', ' 2.145'], [' 24.155', ' 5622.879', ' 1.072'], [' 21.29', ' 605.443', ' 0.0'], [' 22.046', ' 4442.713', ' 1.072'], [' 34.262', ' 3601.88', ' 0.536']]
2. top50:[[[' 25.11', ' 1239.695', ' 1.072'], [' 24.154', ' 1638.304', ' 2.145'], [' 24.155', ' 5622.879', ' 1.072'], [' 21.29', ' 605.443', ' 0.0'], [' 22.046', ' 4442.713', ' 1.072'], [' 34.262', ' 3601.88', ' 0.536'], [' 28.291', ' 10791.209', ' 0.536'], [' 18.894', ' 671.411', ' 0.0'], [' 29.011', ' 3076.893', ' 0.0'], [' 29.372', ' 26665.628', ' 1.34'], [' 28.545', ' 3365.689', ' 0.536'], [' 29.394', ' 4894.522', ' 2.413'], [' 27.697', ' 3406.189', ' 0.268'], [' 17.779', ' 977.299', ' 1.072'], [' 21.558', ' 1205.653', ' 1.877'], [' 31.163', ' 7640.209', ' 1.072'], [' 32.288', ' 5455.383', ' 0.268'], [' 24.081', ' 1513.605', ' 0.536'], [' 19.845', ' 864.215', ' 1.072'], [' 25.628', ' 4567.171', ' 1.072'], [' 20.233', ' 1814.354', ' 0.268'], [' 23.216', ' 3328.535', ' 1.609'], [' 15.277', ' 945.115', ' 0.0'], [' 26.809', ' 5044.888', ' 0.268'], [' 29.335', ' 5345.651', ' 2.145'], [' 21.327', ' 2469.321', ' 0.536'], [' 25.435', ' 2775.988', ' 0.0'], [' 19.204', ' 1222.382', ' 1.609'], [' 44.607', ' 25945.644', ' 1.34'], [' 16.699', ' 1427.423', ' 1.072'], [' 27.983', ' 8415.592', ' 1.34'], [' 26.006', ' 5024.728', ' 2.145'], [' 28.148', ' 1874.741', ' 2.145'], [' 35.178', ' 7365.911', ' 1.34'], [' 22.416', ' 2032.554', ' 1.609'], [' 34.666', ' 4344.986', ' 1.072'], [' 16.163', ' 1548.173', ' 2.145'], [' 12.715', ' 36.361', ' 0.0'], [' 28.153', ' 3466.568', ' 0.0'], [' 23.938', ' 2622.632', ' 2.145'], [' 20.754', ' 1394.956', ' 1.072'], [' 32.23', ' 4630.28', ' 0.268'], [' 21.952', ' 1590.929', ' 2.145'], [' 23.11', ' 1213.295', ' 0.0'], [' 27.712', ' 14338.599', ' 1.34'], [' 31.605', ' 7453.97', ' 1.072'], [' 29.325', ' 9333.298', ' 3.217'], [' 25.451', ' 5379.304', ' 1.609'], [' 26.507', ' 5950.959', ' 1.877'], [' 17.11', ' 239.454', ' 0.0']]]
3. most: [' 25.11', ' 1239.695', ' 1.072']
4: rand:932.7397500000001
4: rand:2354.7118666666665
4: rand:1643.4460555555556
4: rand:2526.2990000000004
4: rand:2288.0476249999997
4: rand:2056.421925925926
4: rand:2632.518766666667
4: rand:1688.0450909090907
4: rand:1550.4830555555554
4: rand:1747.819384615384
5: mid: [0, 0, 0]
5: mid: [0, 0, 0]
5: mid: [0, 0, 0]
5: mid: [0, 0, 0]
5: mid: [0, 0, 0]
5: mid: [0, 0, 0]
5: mid: [0, 0, 0]
5: mid: [0, 0, 0]
5: mid: [0, 0, 0]
5: mid: [0, 0, 0]

Time Taken to run SVM on the dataset = 6.045426845550537
========================================================================================================================
========================================================================================================================
Current random seed:  35
[' EFFORT-', ' MONTHS-', ' DEFECTS-', ' RISKS-']
1. top6:[[' 17.461', ' 514.816', ' 1.072'], [' 37.536', ' 9362.932', ' 0.268'], [' 26.959', ' 5207.048', ' 1.072'], [' 21.143', ' 1436.764', ' 1.34'], [' 21.18', ' 1922.329', ' 2.145'], [' 36.985', ' 18365.773', ' 0.268']]
2. top50:[[[' 17.461', ' 514.816', ' 1.072'], [' 37.536', ' 9362.932', ' 0.268'], [' 26.959', ' 5207.048', ' 1.072'], [' 21.143', ' 1436.764', ' 1.34'], [' 21.18', ' 1922.329', ' 2.145'], [' 36.985', ' 18365.773', ' 0.268'], [' 25.221', ' 6933.466', ' 0.536'], [' 22.528', ' 7466.827', ' 1.877'], [' 27.578', ' 9888.452', ' 0.536'], [' 26.104', ' 4137.341', ' 1.34'], [' 20.13', ' 1215.736', ' 0.536'], [' 28.711', ' 2471.925', ' 0.536'], [' 23.226', ' 4225.607', ' 1.34'], [' 22.458', ' 2867.607', ' 1.072'], [' 18.981', ' 1956.244', ' 0.804'], [' 27.0', ' 1766.814', ' 0.536'], [' 23.876', ' 883.212', ' 1.072'], [' 26.253', ' 5851.344', ' 1.072'], [' 31.671', ' 21046.912', ' 1.072'], [' 23.241', ' 6086.713', ' 1.609'], [' 28.612', ' 5357.831', ' 0.0'], [' 25.176', ' 4171.676', ' 1.072'], [' 29.252', ' 3177.246', ' 0.268'], [' 28.592', ' 2453.802', ' 0.0'], [' 23.613', ' 5469.593', ' 0.0'], [' 28.459', ' 3223.097', ' 0.0'], [' 20.761', ' 542.87', ' 0.804'], [' 31.882', ' 3478.914', ' 0.0'], [' 31.228', ' 17717.268', ' 2.413'], [' 22.831', ' 361.208', ' 0.0'], [' 25.211', ' 1101.704', ' 0.268'], [' 30.985', ' 2888.001', ' 0.0'], [' 22.603', ' 668.451', ' 1.072'], [' 28.831', ' 4607.149', ' 0.268'], [' 19.496', ' 1446.208', ' 0.0'], [' 18.174', ' 674.563', ' 0.0'], [' 27.522', ' 2233.935', ' 0.0'], [' 20.171', ' 2422.64', ' 1.609'], [' 20.476', ' 1412.364', ' 0.536'], [' 22.095', ' 650.831', ' 0.536'], [' 30.016', ' 4825.366', ' 1.072'], [' 34.811', ' 11355.969', ' 1.34'], [' 17.856', ' 177.937', ' 1.072'], [' 17.435', ' 508.019', ' 0.804'], [' 22.676', ' 2359.497', ' 2.145'], [' 21.925', ' 606.1', ' 0.0'], [' 26.053', ' 3171.451', ' 0.0'], [' 15.629', ' 247.494', ' 1.072'], [' 23.056', ' 4043.144', ' 0.804'], [' 29.339', ' 1757.086', ' 0.0']]]
3. most: [' 17.461', ' 514.816', ' 1.072']
4: rand:1425.8791666666666
4: rand:2651.6084666666666
4: rand:1586.1138888888888
4: rand:2039.112761904762
4: rand:1012.5467083333333
4: rand:1112.4905925925925
4: rand:1656.6356666666666
4: rand:1941.4659090909088
4: rand:2227.944083333333
4: rand:1079.095205128205
5: mid: [0, 0, 0]
5: mid: [0, 0, 0]
5: mid: [0, 0, 0]
5: mid: [0, 0, 0]
5: mid: [0, 0, 0]
5: mid: [0, 0, 0]
5: mid: [0, 0, 0]
5: mid: [0, 0, 0]
5: mid: [0, 0, 0]
5: mid: [0, 0, 0]

Time Taken to run SVM on the dataset = 5.770792007446289
========================================================================================================================
