========================================================================================================================
Current random seed:  84
[' EFFORT-', ' MONTHS-', ' DEFECTS-', ' RISKS-']
1. top6:[[' 30.591', ' 14569.33', ' 2.413'], [' 19.018', ' 3997.629', ' 4.021'], [' 23.836', ' 8446.278', ' 1.072'], [' 19.851', ' 10128.006', ' 4.021'], [' 29.52', ' 8856.317', ' 2.413'], [' 23.985', ' 6393.191', ' 2.413']]
2. top50:[[[' 30.591', ' 14569.33', ' 2.413'], [' 19.018', ' 3997.629', ' 4.021'], [' 23.836', ' 8446.278', ' 1.072'], [' 19.851', ' 10128.006', ' 4.021'], [' 29.52', ' 8856.317', ' 2.413'], [' 23.985', ' 6393.191', ' 2.413'], [' 28.898', ' 6195.502', ' 1.072'], [' 21.842', ' 8545.643', ' 4.558'], [' 21.093', ' 10313.7', ' 3.485'], [' 32.219', ' 10563.602', ' 1.072'], [' 22.625', ' 8423.208', ' 2.413'], [' 22.066', ' 6548.954', ' 3.485'], [' 23.423', ' 14882.401', ' 1.072'], [' 23.584', ' 11829.558', ' 5.362'], [' 23.313', ' 12711.492', ' 4.021'], [' 20.933', ' 15425.465', ' 4.558'], [' 21.747', ' 10827.541', ' 4.021'], [' 23.09', ' 6365.492', ' 1.072'], [' 26.14', ' 3415.963', ' 1.072'], [' 18.16', ' 4438.355', ' 4.021'], [' 24.025', ' 5081.782', ' 1.072'], [' 21.664', ' 6508.849', ' 5.898'], [' 28.252', ' 10932.513', ' 1.072'], [' 22.288', ' 14024.304', ' 4.558'], [' 21.028', ' 4893.936', ' 4.021'], [' 24.004', ' 4686.109', ' 1.072'], [' 25.018', ' 6376.862', ' 1.072'], [' 24.215', ' 6603.268', ' 2.413'], [' 23.853', ' 7271.409', ' 4.021'], [' 22.768', ' 12014.193', ' 4.021'], [' 24.211', ' 8580.91', ' 3.485'], [' 23.259', ' 10765.761', ' 4.021'], [' 24.608', ' 11498.37', ' 4.558'], [' 28.418', ' 8049.506', ' 2.413'], [' 28.412', ' 12362.208', ' 1.072'], [' 30.929', ' 7546.236', ' 1.072'], [' 26.039', ' 14957.895', ' 4.021'], [' 28.841', ' 12254.795', ' 2.413'], [' 28.331', ' 11711.211', ' 1.072'], [' 25.231', ' 6804.67', ' 2.413'], [' 22.073', ' 10386.513', ' 4.021'], [' 26.586', ' 10203.859', ' 3.485'], [' 26.696', ' 7971.196', ' 2.413'], [' 29.055', ' 8314.271', ' 2.413'], [' 24.48', ' 8015.365', ' 1.072'], [' 22.924', ' 13045.351', ' 5.898'], [' 27.688', ' 9079.298', ' 1.072'], [' 22.849', ' 8752.018', ' 4.558'], [' 28.097', ' 8961.815', ' 1.072'], [' 26.299', ' 13501.718', ' 5.898']]]
3. most: [' 30.591', ' 14569.33', ' 2.413']
4: rand:2105.7530833333335
4: rand:3869.0309333333335
4: rand:2744.6614444444444
4: rand:2673.8384761904763
4: rand:2741.4648333333334
4: rand:3052.57
4: rand:3938.370066666667
4: rand:3616.634787878788
4: rand:3278.1042777777784
4: rand:4193.9599487179485
5: mid: [0, 0, 0]
5: mid: [0, 0, 0]
5: mid: [0, 0, 0]
5: mid: [0, 0, 0]
5: mid: [0, 0, 0]
5: mid: [0, 0, 0]
5: mid: [0, 0, 0]
5: mid: [0, 0, 0]
5: mid: [0, 0, 0]
5: mid: [0, 0, 0]

Time Taken to run SVM on the dataset = 5.908689975738525
========================================================================================================================
========================================================================================================================
Current random seed:  20
[' EFFORT-', ' MONTHS-', ' DEFECTS-', ' RISKS-']
1. top6:[[' 25.058', ' 12482.098', ' 4.558'], [' 25.14', ' 14196.123', ' 4.021'], [' 22.645', ' 7329.133', ' 4.021'], [' 21.623', ' 13710.108', ' 5.362'], [' 24.417', ' 14896.42', ' 1.072'], [' 18.726', ' 3990.694', ' 3.485']]
2. top50:[[[' 25.058', ' 12482.098', ' 4.558'], [' 25.14', ' 14196.123', ' 4.021'], [' 22.645', ' 7329.133', ' 4.021'], [' 21.623', ' 13710.108', ' 5.362'], [' 24.417', ' 14896.42', ' 1.072'], [' 18.726', ' 3990.694', ' 3.485'], [' 22.531', ' 7591.27', ' 2.413'], [' 26.895', ' 10349.883', ' 4.558'], [' 21.16', ' 5786.434', ' 4.558'], [' 28.431', ' 11348.117', ' 2.413'], [' 23.875', ' 6474.178', ' 1.072'], [' 25.166', ' 3871.59', ' 1.072'], [' 21.367', ' 18956.432', ' 5.362'], [' 26.546', ' 8245.875', ' 2.413'], [' 25.836', ' 6363.834', ' 1.072'], [' 21.941', ' 4136.086', ' 4.021'], [' 21.728', ' 6506.388', ' 4.021'], [' 23.014', ' 14992.676', ' 4.021'], [' 30.749', ' 5032.074', ' 1.072'], [' 20.731', ' 10216.014', ' 4.558'], [' 23.217', ' 4685.18', ' 4.021'], [' 26.265', ' 7654.284', ' 1.072'], [' 23.162', ' 8944.785', ' 5.898'], [' 26.203', ' 18055.619', ' 1.072'], [' 23.957', ' 3685.587', ' 2.413'], [' 19.778', ' 13132.693', ' 3.485'], [' 25.579', ' 14853.415', ' 3.485'], [' 25.505', ' 24813.936', ' 5.362'], [' 24.356', ' 7574.343', ' 1.072'], [' 27.677', ' 13134.146', ' 1.072'], [' 23.733', ' 4763.423', ' 2.413'], [' 20.992', ' 13509.386', ' 4.021'], [' 21.413', ' 3540.952', ' 1.072'], [' 24.468', ' 7626.736', ' 1.072'], [' 23.977', ' 13255.721', ' 5.898'], [' 22.162', ' 9111.271', ' 1.072'], [' 27.367', ' 9358.644', ' 1.072'], [' 24.542', ' 7533.924', ' 4.021'], [' 24.137', ' 10651.965', ' 4.021'], [' 20.418', ' 5705.751', ' 4.558'], [' 22.592', ' 4234.9', ' 4.021'], [' 26.76', ' 11134.705', ' 2.413'], [' 20.09', ' 10396.312', ' 5.362'], [' 25.623', ' 18354.135', ' 5.898'], [' 25.169', ' 6246.87', ' 1.072'], [' 22.131', ' 12363.636', ' 5.362'], [' 20.743', ' 7960.672', ' 4.558'], [' 29.806', ' 7014.778', ' 2.413'], [' 23.776', ' 7352.147', ' 4.021'], [' 24.026', ' 5781.912', ' 4.021']]]
3. most: [' 25.058', ' 12482.098', ' 4.558']
4: rand:2920.245833333333
4: rand:3976.801333333334
4: rand:3836.038833333334
4: rand:4676.295999999999
4: rand:2279.9553333333333
4: rand:3747.8554444444444
4: rand:2802.6338000000005
4: rand:2867.8048181818185
4: rand:3010.6543888888887
4: rand:2693.5793333333336
5: mid: [0, 0, 0]
5: mid: [0, 0, 0]
5: mid: [0, 0, 0]
5: mid: [0, 0, 0]
5: mid: [0, 0, 0]
5: mid: [0, 0, 0]
5: mid: [0, 0, 0]
5: mid: [0, 0, 0]
5: mid: [0, 0, 0]
5: mid: [0, 0, 0]

Time Taken to run SVM on the dataset = 5.785619020462036
========================================================================================================================
========================================================================================================================
Current random seed:  6
[' EFFORT-', ' MONTHS-', ' DEFECTS-', ' RISKS-']
1. top6:[[' 17.751', ' 3292.297', ' 3.485'], [' 21.502', ' 6273.554', ' 1.072'], [' 20.82', ' 13335.037', ' 4.558'], [' 27.147', ' 10908.315', ' 1.072'], [' 21.788', ' 5091.375', ' 4.021'], [' 24.691', ' 6160.532', ' 1.072']]
2. top50:[[[' 17.751', ' 3292.297', ' 3.485'], [' 21.502', ' 6273.554', ' 1.072'], [' 20.82', ' 13335.037', ' 4.558'], [' 27.147', ' 10908.315', ' 1.072'], [' 21.788', ' 5091.375', ' 4.021'], [' 24.691', ' 6160.532', ' 1.072'], [' 23.271', ' 9923.943', ' 5.362'], [' 25.49', ' 4376.699', ' 1.072'], [' 21.36', ' 7477.248', ' 3.485'], [' 23.868', ' 5962.791', ' 1.072'], [' 22.384', ' 17244.906', ' 4.021'], [' 25.916', ' 6424.351', ' 2.413'], [' 24.069', ' 11049.087', ' 1.072'], [' 25.404', ' 7610.229', ' 2.413'], [' 22.56', ' 7755.807', ' 2.413'], [' 22.1', ' 7430.76', ' 5.898'], [' 31.61', ' 13643.263', ' 2.413'], [' 25.916', ' 10114.905', ' 2.413'], [' 22.839', ' 9757.9', ' 5.898'], [' 24.511', ' 12505.269', ' 1.072'], [' 23.025', ' 10328.178', ' 1.072'], [' 23.659', ' 7207.722', ' 4.558'], [' 24.937', ' 6984.793', ' 5.362'], [' 25.904', ' 19061.984', ' 4.021'], [' 26.353', ' 9999.492', ' 1.072'], [' 26.103', ' 8162.774', ' 1.072'], [' 25.523', ' 9880.312', ' 4.558'], [' 20.03', ' 9135.764', ' 4.021'], [' 25.419', ' 20767.138', ' 5.898'], [' 29.468', ' 17763.819', ' 1.072'], [' 27.06', ' 7509.092', ' 1.072'], [' 23.715', ' 7752.667', ' 4.021'], [' 22.494', ' 7240.896', ' 3.485'], [' 20.473', ' 8171.177', ' 5.362'], [' 21.057', ' 6417.057', ' 4.558'], [' 21.121', ' 5046.529', ' 4.021'], [' 24.618', ' 15592.391', ' 5.898'], [' 23.363', ' 12380.564', ' 4.021'], [' 27.353', ' 6995.564', ' 1.072'], [' 25.854', ' 12333.687', ' 5.898'], [' 23.305', ' 8167.44', ' 2.413'], [' 23.099', ' 10651.247', ' 1.072'], [' 24.513', ' 7862.668', ' 3.485'], [' 28.712', ' 15735.322', ' 4.558'], [' 20.755', ' 8977.329', ' 4.558'], [' 23.716', ' 9219.932', ' 4.558'], [' 29.782', ' 13352.565', ' 2.413'], [' 28.737', ' 9514.492', ' 2.413'], [' 23.194', ' 13567.245', ' 1.072'], [' 23.791', ' 14504.566', ' 3.485']]]
3. most: [' 17.751', ' 3292.297', ' 3.485']
4: rand:2942.3673333333336
4: rand:4074.2226000000005
4: rand:3266.649166666667
4: rand:3178.1815714285717
4: rand:3197.52975
4: rand:3164.6715925925923
4: rand:3928.276166666667
4: rand:2850.353181818182
4: rand:2747.642777777777
4: rand:2847.8526153846155
5: mid: [0, 0, 0]
5: mid: [0, 0, 0]
5: mid: [0, 0, 0]
5: mid: [0, 0, 0]
5: mid: [0, 0, 0]
5: mid: [0, 0, 0]
5: mid: [0, 0, 0]
5: mid: [0, 0, 0]
5: mid: [0, 0, 0]
5: mid: [0, 0, 0]

Time Taken to run SVM on the dataset = 5.835789918899536
========================================================================================================================
========================================================================================================================
Current random seed:  54
[' EFFORT-', ' MONTHS-', ' DEFECTS-', ' RISKS-']
1. top6:[[' 26.183', ' 9365.178', ' 1.072'], [' 22.128', ' 8934.827', ' 5.898'], [' 22.301', ' 6044.545', ' 1.072'], [' 23.336', ' 18367.249', ' 5.362'], [' 24.312', ' 7434.89', ' 1.072'], [' 27.488', ' 12824.544', ' 2.413']]
2. top50:[[[' 26.183', ' 9365.178', ' 1.072'], [' 22.128', ' 8934.827', ' 5.898'], [' 22.301', ' 6044.545', ' 1.072'], [' 23.336', ' 18367.249', ' 5.362'], [' 24.312', ' 7434.89', ' 1.072'], [' 27.488', ' 12824.544', ' 2.413'], [' 25.8', ' 4754.61', ' 1.072'], [' 23.895', ' 6055.127', ' 1.072'], [' 20.017', ' 9053.317', ' 5.362'], [' 21.67', ' 4083.528', ' 4.021'], [' 26.188', ' 13717.213', ' 1.072'], [' 19.603', ' 5158.137', ' 3.485'], [' 23.224', ' 8310.668', ' 4.558'], [' 22.368', ' 4828.037', ' 1.072'], [' 23.776', ' 7352.147', ' 4.021'], [' 21.303', ' 16005.692', ' 4.558'], [' 24.358', ' 11038.331', ' 4.021'], [' 26.153', ' 10703.634', ' 2.413'], [' 25.376', ' 8275.055', ' 1.072'], [' 26.48', ' 13558.538', ' 4.021'], [' 23.022', ' 12987.305', ' 5.362'], [' 25.487', ' 7550.663', ' 2.413'], [' 24.499', ' 7460.363', ' 3.485'], [' 23.646', ' 6090.964', ' 1.072'], [' 24.633', ' 6224.815', ' 2.413'], [' 27.543', ' 12289.081', ' 4.558'], [' 25.288', ' 6172.466', ' 5.898'], [' 25.296', ' 21223.92', ' 5.362'], [' 21.366', ' 3971.537', ' 4.021'], [' 21.976', ' 9080.202', ' 5.362'], [' 23.768', ' 13601.068', ' 4.558'], [' 22.826', ' 6662.068', ' 1.072'], [' 25.018', ' 10463.204', ' 2.413'], [' 21.973', ' 5236.045', ' 2.413'], [' 22.568', ' 11370.142', ' 4.021'], [' 21.591', ' 9916.575', ' 4.021'], [' 20.03', ' 9135.764', ' 4.021'], [' 22.829', ' 6659.627', ' 4.021'], [' 20.105', ' 4108.269', ' 4.558'], [' 25.692', ' 14207.042', ' 2.413'], [' 25.655', ' 4547.434', ' 1.072'], [' 21.204', ' 7565.429', ' 4.558'], [' 24.229', ' 3965.193', ' 1.072'], [' 25.733', ' 14429.649', ' 4.021'], [' 25.873', ' 4500.623', ' 1.072'], [' 22.783', ' 16251.744', ' 5.362'], [' 22.443', ' 5074.123', ' 4.021'], [' 24.389', ' 10698.311', ' 5.898'], [' 22.618', ' 17071.589', ' 5.898'], [' 22.143', ' 4880.518', ' 4.021']]]
3. most: [' 26.183', ' 9365.178', ' 1.072']
4: rand:2103.807083333333
4: rand:3354.621933333334
4: rand:3217.108888888889
4: rand:3565.29280952381
4: rand:3151.0616666666665
4: rand:2584.3476666666666
4: rand:2358.844766666667
4: rand:3279.563484848484
4: rand:2531.514
4: rand:3540.207641025641
5: mid: [0, 0, 0]
5: mid: [0, 0, 0]
5: mid: [0, 0, 0]
5: mid: [0, 0, 0]
5: mid: [0, 0, 0]
5: mid: [0, 0, 0]
5: mid: [0, 0, 0]
5: mid: [0, 0, 0]
5: mid: [0, 0, 0]
5: mid: [0, 0, 0]

Time Taken to run SVM on the dataset = 5.745760917663574
========================================================================================================================
========================================================================================================================
Current random seed:  3
[' EFFORT-', ' MONTHS-', ' DEFECTS-', ' RISKS-']
1. top6:[[' 25.492', ' 7765.415', ' 1.072'], [' 24.7', ' 9453.817', ' 1.072'], [' 23.022', ' 9349.505', ' 1.072'], [' 25.038', ' 18997.97', ' 4.558'], [' 26.966', ' 9307.486', ' 1.072'], [' 24.595', ' 20277.29', ' 5.898']]
2. top50:[[[' 25.492', ' 7765.415', ' 1.072'], [' 24.7', ' 9453.817', ' 1.072'], [' 23.022', ' 9349.505', ' 1.072'], [' 25.038', ' 18997.97', ' 4.558'], [' 26.966', ' 9307.486', ' 1.072'], [' 24.595', ' 20277.29', ' 5.898'], [' 26.656', ' 11535.053', ' 5.898'], [' 28.788', ' 13794.869', ' 2.413'], [' 23.811', ' 12201.716', ' 5.362'], [' 28.089', ' 5373.404', ' 1.072'], [' 23.227', ' 7090.341', ' 4.021'], [' 23.512', ' 8099.704', ' 1.072'], [' 25.702', ' 10891.316', ' 5.898'], [' 24.831', ' 6263.527', ' 2.413'], [' 24.104', ' 6122.956', ' 1.072'], [' 24.865', ' 7234.85', ' 2.413'], [' 21.36', ' 7477.248', ' 3.485'], [' 21.729', ' 5639.403', ' 4.021'], [' 25.467', ' 25022.537', ' 4.558'], [' 25.696', ' 10367.939', ' 1.072'], [' 28.531', ' 13414.201', ' 1.072'], [' 22.234', ' 5748.863', ' 1.072'], [' 31.099', ' 22658.423', ' 2.413'], [' 23.22', ' 10663.781', ' 2.413'], [' 20.421', ' 7154.833', ' 4.021'], [' 28.924', ' 10764.598', ' 2.413'], [' 26.176', ' 9298.725', ' 1.072'], [' 27.318', ' 15389.383', ' 5.898'], [' 22.102', ' 7901.343', ' 4.021'], [' 28.505', ' 8630.287', ' 2.413'], [' 26.324', ' 10631.447', ' 5.898'], [' 22.776', ' 6568.378', ' 4.021'], [' 21.999', ' 3645.819', ' 1.072'], [' 27.205', ' 16088.489', ' 4.021'], [' 21.447', ' 5524.953', ' 1.072'], [' 24.102', ' 9719.582', ' 1.072'], [' 24.398', ' 5224.807', ' 1.072'], [' 21.903', ' 4979.627', ' 3.485'], [' 26.214', ' 5464.478', ' 1.072'], [' 23.347', ' 5385.915', ' 3.485'], [' 24.963', ' 14459.519', ' 4.558'], [' 23.265', ' 7182.185', ' 4.558'], [' 29.714', ' 8716.605', ' 1.072'], [' 21.9', ' 10497.235', ' 4.558'], [' 28.5', ' 8691.46', ' 2.413'], [' 28.81', ' 6307.23', ' 1.072'], [' 21.125', ' 14269.058', ' 4.021'], [' 28.712', ' 15117.698', ' 1.072'], [' 27.647', ' 7674.704', ' 1.072'], [' 23.078', ' 7638.627', ' 5.362']]]
3. most: [' 25.492', ' 7765.415', ' 1.072']
4: rand:3776.7205
4: rand:4148.521133333334
4: rand:2611.1239444444445
4: rand:4082.3845714285717
4: rand:3400.2990833333333
4: rand:2577.5086296296295
4: rand:2261.782866666667
4: rand:3193.614515151515
4: rand:3505.4980555555553
4: rand:2677.217256410256
5: mid: [0, 0, 0]
5: mid: [0, 0, 0]
5: mid: [0, 0, 0]
5: mid: [0, 0, 0]
5: mid: [0, 0, 0]
5: mid: [0, 0, 0]
5: mid: [0, 0, 0]
5: mid: [0, 0, 0]
5: mid: [0, 0, 0]
5: mid: [0, 0, 0]

Time Taken to run SVM on the dataset = 6.146761894226074
========================================================================================================================
========================================================================================================================
Current random seed:  36
[' EFFORT-', ' MONTHS-', ' DEFECTS-', ' RISKS-']
1. top6:[[' 22.467', ' 8934.803', ' 5.362'], [' 22.139', ' 4375.003', ' 1.072'], [' 28.662', ' 18320.5', ' 2.413'], [' 20.691', ' 10975.109', ' 5.898'], [' 26.386', ' 6856.549', ' 2.413'], [' 20.105', ' 4108.269', ' 4.558']]
2. top50:[[[' 22.467', ' 8934.803', ' 5.362'], [' 22.139', ' 4375.003', ' 1.072'], [' 28.662', ' 18320.5', ' 2.413'], [' 20.691', ' 10975.109', ' 5.898'], [' 26.386', ' 6856.549', ' 2.413'], [' 20.105', ' 4108.269', ' 4.558'], [' 27.37', ' 4262.355', ' 2.413'], [' 22.47', ' 6849.107', ' 4.021'], [' 24.045', ' 7522.773', ' 1.072'], [' 27.205', ' 16088.489', ' 4.021'], [' 25.233', ' 14126.493', ' 5.898'], [' 23.494', ' 5364.217', ' 4.558'], [' 31.187', ' 9815.679', ' 1.072'], [' 20.723', ' 7827.639', ' 5.362'], [' 24.752', ' 8107.872', ' 1.072'], [' 26.5', ' 6419.54', ' 2.413'], [' 23.034', ' 9109.505', ' 5.898'], [' 24.951', ' 12010.339', ' 1.072'], [' 23.716', ' 17319.025', ' 5.362'], [' 25.889', ' 10341.202', ' 1.072'], [' 23.436', ' 4618.306', ' 1.072'], [' 28.446', ' 14547.73', ' 2.413'], [' 24.606', ' 11255.44', ' 4.558'], [' 28.494', ' 5068.64', ' 1.072'], [' 28.933', ' 7199.844', ' 1.072'], [' 23.407', ' 10469.538', ' 5.898'], [' 25.139', ' 8027.327', ' 1.072'], [' 27.458', ' 22706.434', ' 1.072'], [' 26.659', ' 6856.103', ' 2.413'], [' 22.693', ' 7414.355', ' 4.021'], [' 25.545', ' 6391.168', ' 1.072'], [' 21.452', ' 15150.514', ' 4.558'], [' 24.471', ' 9902.069', ' 1.072'], [' 25.698', ' 11015.221', ' 2.413'], [' 27.064', ' 13090.38', ' 5.898'], [' 22.216', ' 6784.377', ' 1.072'], [' 21.586', ' 11012.92', ' 1.072'], [' 23.054', ' 6316.368', ' 1.072'], [' 23.323', ' 4664.32', ' 4.021'], [' 24.595', ' 15334.404', ' 3.485'], [' 27.203', ' 10733.347', ' 2.413'], [' 24.374', ' 6304.944', ' 2.413'], [' 24.48', ' 4653.108', ' 1.072'], [' 22.767', ' 11271.093', ' 4.021'], [' 21.767', ' 8510.75', ' 4.558'], [' 28.681', ' 16664.598', ' 1.072'], [' 25.069', ' 5957.244', ' 1.072'], [' 21.993', ' 8722.848', ' 4.558'], [' 24.453', ' 10052.83', ' 1.072'], [' 23.164', ' 6560.195', ' 4.021']]]
3. most: [' 22.467', ' 8934.803', ' 5.362']
4: rand:2618.1188333333334
4: rand:3853.595866666666
4: rand:3009.5910000000003
4: rand:4276.240952380952
4: rand:2696.991791666667
4: rand:2758.831333333333
4: rand:3411.861066666667
4: rand:2443.6545454545458
4: rand:3398.5393611111112
4: rand:3452.2290256410256
5: mid: [0, 0, 0]
5: mid: [0, 0, 0]
5: mid: [0, 0, 0]
5: mid: [0, 0, 0]
5: mid: [0, 0, 0]
5: mid: [0, 0, 0]
5: mid: [0, 0, 0]
5: mid: [0, 0, 0]
5: mid: [0, 0, 0]
5: mid: [0, 0, 0]

Time Taken to run SVM on the dataset = 5.57887601852417
========================================================================================================================
========================================================================================================================
Current random seed:  32
[' EFFORT-', ' MONTHS-', ' DEFECTS-', ' RISKS-']
1. top6:[[' 24.537', ' 3137.999', ' 1.072'], [' 25.54', ' 4461.706', ' 1.072'], [' 24.29', ' 8416.321', ' 2.413'], [' 22.208', ' 7592.69', ' 3.485'], [' 22.949', ' 13151.857', ' 3.485'], [' 30.557', ' 6124.02', ' 1.072']]
2. top50:[[[' 24.537', ' 3137.999', ' 1.072'], [' 25.54', ' 4461.706', ' 1.072'], [' 24.29', ' 8416.321', ' 2.413'], [' 22.208', ' 7592.69', ' 3.485'], [' 22.949', ' 13151.857', ' 3.485'], [' 30.557', ' 6124.02', ' 1.072'], [' 21.625', ' 11144.128', ' 5.898'], [' 21.611', ' 8190.207', ' 4.021'], [' 24.568', ' 14717.33', ' 5.362'], [' 26.72', ' 10771.452', ' 1.072'], [' 25.142', ' 6469.105', ' 4.558'], [' 23.105', ' 7985.321', ' 1.072'], [' 28.4', ' 8998.926', ' 2.413'], [' 23.017', ' 6673.878', ' 2.413'], [' 24.732', ' 5131.842', ' 1.072'], [' 28.012', ' 9504.592', ' 2.413'], [' 23.606', ' 6740.461', ' 1.072'], [' 17.401', ' 6648.371', ' 3.485'], [' 23.024', ' 15360.955', ' 4.021'], [' 24.982', ' 3559.0', ' 1.072'], [' 20.497', ' 6664.916', ' 4.021'], [' 20.434', ' 4804.963', ' 4.558'], [' 22.869', ' 6268.662', ' 5.362'], [' 21.398', ' 10061.204', ' 5.362'], [' 22.451', ' 3876.479', ' 1.072'], [' 20.707', ' 13439.271', ' 4.558'], [' 24.232', ' 8713.391', ' 5.898'], [' 26.175', ' 3887.464', ' 1.072'], [' 27.867', ' 23621.494', ' 1.072'], [' 27.521', ' 6276.194', ' 4.021'], [' 26.324', ' 4647.198', ' 1.072'], [' 29.051', ' 9026.644', ' 1.072'], [' 27.683', ' 10358.275', ' 5.898'], [' 17.758', ' 9793.145', ' 5.362'], [' 19.639', ' 9925.282', ' 4.021'], [' 22.654', ' 10892.564', ' 1.072'], [' 22.903', ' 7415.087', ' 4.558'], [' 24.075', ' 10700.778', ' 5.362'], [' 26.482', ' 8142.129', ' 1.072'], [' 27.286', ' 13020.066', ' 2.413'], [' 22.831', ' 6517.706', ' 4.558'], [' 21.055', ' 4954.218', ' 1.072'], [' 23.755', ' 18203.72', ' 5.898'], [' 26.971', ' 9161.716', ' 2.413'], [' 26.053', ' 7043.357', ' 2.413'], [' 21.014', ' 8320.931', ' 3.485'], [' 24.452', ' 11767.374', ' 4.021'], [' 24.972', ' 9545.542', ' 2.413'], [' 25.388', ' 12944.873', ' 4.558'], [' 23.928', ' 26161.691', ' 4.558']]]
3. most: [' 24.537', ' 3137.999', ' 1.072']
4: rand:3380.9700833333336
4: rand:3189.6229999999996
4: rand:3451.673277777778
4: rand:2606.373523809524
4: rand:2854.724583333333
4: rand:2916.524148148148
4: rand:3489.956066666667
4: rand:3593.163787878788
4: rand:2871.827583333333
4: rand:3338.5599743589746
5: mid: [0, 0, 0]
5: mid: [0, 0, 0]
5: mid: [0, 0, 0]
5: mid: [0, 0, 0]
5: mid: [0, 0, 0]
5: mid: [0, 0, 0]
5: mid: [0, 0, 0]
5: mid: [0, 0, 0]
5: mid: [0, 0, 0]
5: mid: [0, 0, 0]

Time Taken to run SVM on the dataset = 5.684793949127197
========================================================================================================================
========================================================================================================================
Current random seed:  0
[' EFFORT-', ' MONTHS-', ' DEFECTS-', ' RISKS-']
1. top6:[[' 23.914', ' 9690.581', ' 1.072'], [' 22.391', ' 14095.964', ' 4.021'], [' 24.723', ' 16255.142', ' 5.898'], [' 21.378', ' 5310.199', ' 5.362'], [' 24.293', ' 12421.394', ' 4.021'], [' 21.075', ' 9153.344', ' 4.021']]
2. top50:[[[' 23.914', ' 9690.581', ' 1.072'], [' 22.391', ' 14095.964', ' 4.021'], [' 24.723', ' 16255.142', ' 5.898'], [' 21.378', ' 5310.199', ' 5.362'], [' 24.293', ' 12421.394', ' 4.021'], [' 21.075', ' 9153.344', ' 4.021'], [' 25.579', ' 14853.415', ' 3.485'], [' 25.848', ' 10663.172', ' 1.072'], [' 31.723', ' 7084.771', ' 2.413'], [' 22.732', ' 5134.099', ' 1.072'], [' 22.252', ' 8110.983', ' 5.362'], [' 21.045', ' 4227.492', ' 4.021'], [' 24.064', ' 7267.547', ' 2.413'], [' 25.621', ' 9661.097', ' 2.413'], [' 24.735', ' 9776.131', ' 2.413'], [' 23.484', ' 4194.619', ' 2.413'], [' 28.732', ' 9205.245', ' 2.413'], [' 21.52', ' 7061.913', ' 3.485'], [' 21.214', ' 6915.48', ' 4.021'], [' 28.11', ' 15026.656', ' 1.072'], [' 25.425', ' 10936.185', ' 4.558'], [' 22.38', ' 13798.9', ' 4.021'], [' 27.071', ' 8467.634', ' 2.413'], [' 23.899', ' 16188.425', ' 4.021'], [' 26.14', ' 3415.963', ' 1.072'], [' 20.967', ' 13844.655', ' 5.898'], [' 24.253', ' 14847.369', ' 5.898'], [' 23.533', ' 8819.789', ' 3.485'], [' 20.466', ' 5660.76', ' 4.021'], [' 19.338', ' 7604.152', ' 3.485'], [' 25.901', ' 12458.235', ' 4.021'], [' 25.44', ' 10050.66', ' 1.072'], [' 22.269', ' 7732.108', ' 5.362'], [' 28.012', ' 18769.147', ' 4.558'], [' 23.324', ' 11010.217', ' 4.021'], [' 26.763', ' 7596.968', ' 2.413'], [' 22.028', ' 10184.494', ' 4.558'], [' 25.321', ' 15891.643', ' 2.413'], [' 21.524', ' 12458.518', ' 5.362'], [' 25.625', ' 12218.871', ' 2.413'], [' 27.176', ' 4732.872', ' 2.413'], [' 26.498', ' 8946.939', ' 1.072'], [' 25.751', ' 14470.647', ' 2.413'], [' 22.519', ' 11692.152', ' 4.021'], [' 28.15', ' 8141.545', ' 1.072'], [' 27.119', ' 11782.141', ' 1.072'], [' 23.602', ' 6754.954', ' 1.072'], [' 24.283', ' 6006.864', ' 1.072'], [' 28.1', ' 10345.854', ' 1.072'], [' 26.274', ' 10300.767', ' 2.413']]]
3. most: [' 23.914', ' 9690.581', ' 1.072']
4: rand:3644.31125
4: rand:2608.541333333333
4: rand:4224.276222222221
4: rand:3543.345285714286
4: rand:4019.8371666666667
4: rand:4593.336888888889
4: rand:4545.0264
4: rand:2627.9079090909095
4: rand:3042.1170277777774
4: rand:3307.499871794872
5: mid: [0, 0, 0]
5: mid: [0, 0, 0]
5: mid: [0, 0, 0]
5: mid: [0, 0, 0]
5: mid: [0, 0, 0]
5: mid: [0, 0, 0]
5: mid: [0, 0, 0]
5: mid: [0, 0, 0]
5: mid: [0, 0, 0]
5: mid: [0, 0, 0]

Time Taken to run SVM on the dataset = 5.665741920471191
========================================================================================================================
========================================================================================================================
Current random seed:  77
[' EFFORT-', ' MONTHS-', ' DEFECTS-', ' RISKS-']
1. top6:[[' 21.928', ' 7825.164', ' 5.362'], [' 31.909', ' 9311.17', ' 2.413'], [' 24.635', ' 10064.731', ' 1.072'], [' 21.948', ' 16988.124', ' 5.898'], [' 18.628', ' 8540.104', ' 5.898'], [' 24.021', ' 9089.334', ' 1.072']]
2. top50:[[[' 21.928', ' 7825.164', ' 5.362'], [' 31.909', ' 9311.17', ' 2.413'], [' 24.635', ' 10064.731', ' 1.072'], [' 21.948', ' 16988.124', ' 5.898'], [' 18.628', ' 8540.104', ' 5.898'], [' 24.021', ' 9089.334', ' 1.072'], [' 25.995', ' 12216.04', ' 5.898'], [' 21.858', ' 6570.921', ' 2.413'], [' 28.652', ' 8957.201', ' 1.072'], [' 22.949', ' 13151.857', ' 3.485'], [' 24.53', ' 7084.075', ' 4.558'], [' 22.59', ' 9701.679', ' 5.362'], [' 27.514', ' 3892.233', ' 1.072'], [' 21.397', ' 12343.377', ' 4.021'], [' 27.563', ' 14365.384', ' 1.072'], [' 29.356', ' 7005.488', ' 1.072'], [' 23.266', ' 9317.102', ' 5.898'], [' 23.799', ' 9317.927', ' 4.558'], [' 24.935', ' 11150.216', ' 1.072'], [' 27.486', ' 6311.441', ' 2.413'], [' 25.02', ' 12844.832', ' 5.898'], [' 25.168', ' 3901.086', ' 1.072'], [' 24.258', ' 13004.31', ' 5.362'], [' 30.089', ' 13795.804', ' 2.413'], [' 26.803', ' 6796.476', ' 2.413'], [' 26.042', ' 9033.106', ' 1.072'], [' 17.423', ' 6021.931', ' 4.558'], [' 23.484', ' 6135.402', ' 1.072'], [' 22.889', ' 6693.447', ' 4.021'], [' 19.451', ' 8954.283', ' 4.021'], [' 23.837', ' 13473.732', ' 1.072'], [' 24.973', ' 6471.364', ' 1.072'], [' 20.126', ' 6205.338', ' 5.362'], [' 24.523', ' 7181.96', ' 1.072'], [' 22.368', ' 5943.743', ' 1.072'], [' 21.437', ' 21246.494', ' 4.021'], [' 31.187', ' 9815.679', ' 1.072'], [' 25.559', ' 9828.89', ' 4.021'], [' 25.414', ' 9531.538', ' 1.072'], [' 21.266', ' 19059.401', ' 5.362'], [' 25.056', ' 6955.665', ' 1.072'], [' 26.368', ' 5011.151', ' 1.072'], [' 29.395', ' 9583.587', ' 2.413'], [' 23.981', ' 18881.793', ' 5.362'], [' 25.371', ' 5889.845', ' 2.413'], [' 26.626', ' 7736.193', ' 1.072'], [' 28.522', ' 6963.975', ' 2.413'], [' 25.842', ' 20950.781', ' 5.898'], [' 27.025', ' 13592.979', ' 1.072'], [' 24.567', ' 21278.554', ' 5.898']]]
3. most: [' 21.928', ' 7825.164', ' 5.362']
4: rand:3541.0732499999995
4: rand:3774.893133333333
4: rand:3303.4667777777777
4: rand:3287.7521904761907
4: rand:2805.006
4: rand:2854.5733703703704
4: rand:2801.537666666666
4: rand:3269.3529696969695
4: rand:2352.181222222222
4: rand:2883.4438205128204
5: mid: [0, 0, 0]
5: mid: [0, 0, 0]
5: mid: [0, 0, 0]
5: mid: [0, 0, 0]
5: mid: [0, 0, 0]
5: mid: [0, 0, 0]
5: mid: [0, 0, 0]
5: mid: [0, 0, 0]
5: mid: [0, 0, 0]
5: mid: [0, 0, 0]

Time Taken to run SVM on the dataset = 5.831110954284668
========================================================================================================================
========================================================================================================================
Current random seed:  15
[' EFFORT-', ' MONTHS-', ' DEFECTS-', ' RISKS-']
1. top6:[[' 26.584', ' 12304.887', ' 4.558'], [' 24.025', ' 8312.072', ' 4.558'], [' 26.763', ' 7596.968', ' 2.413'], [' 23.553', ' 4476.383', ' 1.072'], [' 21.946', ' 12417.059', ' 5.898'], [' 25.958', ' 2955.713', ' 1.072']]
2. top50:[[[' 26.584', ' 12304.887', ' 4.558'], [' 24.025', ' 8312.072', ' 4.558'], [' 26.763', ' 7596.968', ' 2.413'], [' 23.553', ' 4476.383', ' 1.072'], [' 21.946', ' 12417.059', ' 5.898'], [' 25.958', ' 2955.713', ' 1.072'], [' 20.301', ' 8418.867', ' 4.021'], [' 30.066', ' 5217.706', ' 1.072'], [' 20.71', ' 13367.034', ' 3.485'], [' 25.808', ' 14432.939', ' 5.898'], [' 26.285', ' 9114.112', ' 2.413'], [' 27.056', ' 9214.705', ' 1.072'], [' 24.209', ' 9392.074', ' 2.413'], [' 25.023', ' 14389.891', ' 4.021'], [' 24.51', ' 10249.233', ' 4.558'], [' 19.824', ' 14691.655', ' 4.558'], [' 20.233', ' 9604.849', ' 3.485'], [' 22.994', ' 13454.211', ' 5.362'], [' 22.206', ' 10215.268', ' 5.362'], [' 20.457', ' 7587.695', ' 4.021'], [' 24.935', ' 4150.7', ' 2.413'], [' 20.76', ' 9638.722', ' 3.485'], [' 21.095', ' 9534.662', ' 4.021'], [' 25.377', ' 2358.358', ' 2.413'], [' 27.183', ' 9700.221', ' 1.072'], [' 23.302', ' 6332.69', ' 1.072'], [' 25.888', ' 13654.825', ' 4.021'], [' 24.501', ' 16956.657', ' 4.558'], [' 25.623', ' 12901.566', ' 2.413'], [' 22.909', ' 3803.88', ' 4.021'], [' 22.683', ' 7733.723', ' 4.558'], [' 19.808', ' 10196.41', ' 4.021'], [' 21.586', ' 9514.831', ' 4.021'], [' 22.795', ' 5127.558', ' 3.485'], [' 21.929', ' 13444.188', ' 5.362'], [' 21.873', ' 8492.538', ' 3.485'], [' 25.233', ' 8743.767', ' 1.072'], [' 20.79', ' 5738.367', ' 4.021'], [' 29.119', ' 4926.919', ' 2.413'], [' 23.667', ' 8295.589', ' 4.021'], [' 21.756', ' 5266.055', ' 5.898'], [' 22.675', ' 9515.089', ' 5.362'], [' 27.293', ' 7141.353', ' 1.072'], [' 22.684', ' 13644.754', ' 3.485'], [' 25.654', ' 6836.679', ' 4.021'], [' 25.21', ' 4704.811', ' 3.485'], [' 22.889', ' 6693.447', ' 4.021'], [' 20.766', ' 5085.93', ' 1.072'], [' 24.751', ' 13513.291', ' 5.898'], [' 28.758', ' 7816.285', ' 2.413']]]
3. most: [' 26.584', ' 12304.887', ' 4.558']
4: rand:3682.4905
4: rand:2296.882333333334
4: rand:2765.934944444444
4: rand:3202.1345714285717
4: rand:2905.8698333333327
4: rand:3793.7992222222215
4: rand:3538.2991666666667
4: rand:3560.225303030303
4: rand:3747.378972222222
4: rand:2602.764358974359
5: mid: [0, 0, 0]
5: mid: [0, 0, 0]
5: mid: [0, 0, 0]
5: mid: [0, 0, 0]
5: mid: [0, 0, 0]
5: mid: [0, 0, 0]
5: mid: [0, 0, 0]
5: mid: [0, 0, 0]
5: mid: [0, 0, 0]
5: mid: [0, 0, 0]

Time Taken to run SVM on the dataset = 5.63003396987915
========================================================================================================================
========================================================================================================================
Current random seed:  87
[' EFFORT-', ' MONTHS-', ' DEFECTS-', ' RISKS-']
1. top6:[[' 25.976', ' 7502.875', ' 2.413'], [' 21.78', ' 5030.065', ' 4.021'], [' 22.034', ' 6068.957', ' 5.898'], [' 21.174', ' 11898.878', ' 4.021'], [' 24.918', ' 10628.939', ' 5.362'], [' 21.842', ' 6074.068', ' 3.485']]
2. top50:[[[' 25.976', ' 7502.875', ' 2.413'], [' 21.78', ' 5030.065', ' 4.021'], [' 22.034', ' 6068.957', ' 5.898'], [' 21.174', ' 11898.878', ' 4.021'], [' 24.918', ' 10628.939', ' 5.362'], [' 21.842', ' 6074.068', ' 3.485'], [' 25.427', ' 10246.446', ' 2.413'], [' 27.245', ' 8959.075', ' 2.413'], [' 22.173', ' 7847.733', ' 5.362'], [' 24.222', ' 11427.463', ' 5.898'], [' 21.731', ' 8229.811', ' 5.898'], [' 19.55', ' 6635.734', ' 4.021'], [' 21.081', ' 7308.57', ' 4.021'], [' 25.473', ' 10718.771', ' 5.362'], [' 25.462', ' 22922.522', ' 5.898'], [' 25.882', ' 13952.646', ' 1.072'], [' 24.667', ' 15727.415', ' 4.021'], [' 21.192', ' 12132.302', ' 3.485'], [' 24.306', ' 24488.182', ' 5.362'], [' 26.579', ' 9903.343', ' 1.072'], [' 25.886', ' 6212.31', ' 1.072'], [' 25.505', ' 24813.936', ' 5.362'], [' 28.239', ' 7403.003', ' 1.072'], [' 20.755', ' 8977.329', ' 4.558'], [' 20.621', ' 7298.887', ' 4.021'], [' 25.648', ' 8084.582', ' 1.072'], [' 25.031', ' 3507.983', ' 1.072'], [' 26.177', ' 9672.934', ' 2.413'], [' 24.949', ' 5955.721', ' 1.072'], [' 23.188', ' 6775.678', ' 4.021'], [' 22.791', ' 10076.666', ' 2.413'], [' 27.339', ' 8805.42', ' 2.413'], [' 24.763', ' 10521.143', ' 1.072'], [' 36.508', ' 21452.03', ' 1.072'], [' 23.149', ' 7732.911', ' 5.898'], [' 24.601', ' 9210.328', ' 1.072'], [' 22.528', ' 4060.869', ' 1.072'], [' 25.79', ' 10150.252', ' 4.021'], [' 24.328', ' 6743.16', ' 1.072'], [' 24.859', ' 6846.408', ' 1.072'], [' 24.776', ' 28861.265', ' 5.898'], [' 26.367', ' 9355.622', ' 1.072'], [' 24.07', ' 12633.392', ' 4.021'], [' 23.449', ' 9420.899', ' 3.485'], [' 25.975', ' 10658.804', ' 1.072'], [' 24.256', ' 9441.68', ' 2.413'], [' 26.441', ' 5673.328', ' 1.072'], [' 20.931', ' 4567.543', ' 2.413'], [' 25.468', ' 6937.017', ' 1.072'], [' 22.2', ' 15545.6', ' 4.558']]]
3. most: [' 25.976', ' 7502.875', ' 2.413']
4: rand:4104.347000000001
4: rand:3455.6278
4: rand:3435.965277777778
4: rand:4509.705
4: rand:3046.20975
4: rand:3986.5753333333328
4: rand:3311.1289333333334
4: rand:2887.134090909091
4: rand:4148.233694444443
4: rand:3524.635717948718
5: mid: [0, 0, 0]
5: mid: [0, 0, 0]
5: mid: [0, 0, 0]
5: mid: [0, 0, 0]
5: mid: [0, 0, 0]
5: mid: [0, 0, 0]
5: mid: [0, 0, 0]
5: mid: [0, 0, 0]
5: mid: [0, 0, 0]
5: mid: [0, 0, 0]

Time Taken to run SVM on the dataset = 5.689955949783325
========================================================================================================================
========================================================================================================================
Current random seed:  81
[' EFFORT-', ' MONTHS-', ' DEFECTS-', ' RISKS-']
1. top6:[[' 28.916', ' 14448.923', ' 5.898'], [' 19.528', ' 6994.047', ' 3.485'], [' 24.209', ' 9392.074', ' 2.413'], [' 28.453', ' 14921.901', ' 2.413'], [' 22.838', ' 10234.833', ' 1.072'], [' 24.782', ' 6749.376', ' 1.072']]
2. top50:[[[' 28.916', ' 14448.923', ' 5.898'], [' 19.528', ' 6994.047', ' 3.485'], [' 24.209', ' 9392.074', ' 2.413'], [' 28.453', ' 14921.901', ' 2.413'], [' 22.838', ' 10234.833', ' 1.072'], [' 24.782', ' 6749.376', ' 1.072'], [' 27.054', ' 7574.086', ' 1.072'], [' 24.751', ' 13513.291', ' 5.898'], [' 22.102', ' 7901.343', ' 4.021'], [' 22.216', ' 8675.417', ' 1.072'], [' 24.724', ' 10167.593', ' 2.413'], [' 19.802', ' 5778.512', ' 4.021'], [' 28.147', ' 8129.358', ' 1.072'], [' 25.912', ' 8548.51', ' 1.072'], [' 23.901', ' 8148.023', ' 5.898'], [' 21.165', ' 12007.726', ' 5.898'], [' 24.485', ' 5798.144', ' 5.362'], [' 26.351', ' 10666.526', ' 2.413'], [' 24.801', ' 14374.626', ' 2.413'], [' 22.136', ' 8214.217', ' 3.485'], [' 25.654', ' 3426.307', ' 1.072'], [' 23.264', ' 6057.9', ' 1.072'], [' 25.882', ' 13952.646', ' 1.072'], [' 21.802', ' 10138.471', ' 1.072'], [' 23.671', ' 11743.668', ' 5.362'], [' 22.841', ' 11891.173', ' 4.021'], [' 23.469', ' 23126.919', ' 5.898'], [' 21.992', ' 6032.949', ' 4.021'], [' 23.675', ' 10648.335', ' 2.413'], [' 23.322', ' 12639.602', ' 1.072'], [' 20.674', ' 7685.247', ' 4.021'], [' 24.729', ' 7723.114', ' 1.072'], [' 22.424', ' 3619.037', ' 1.072'], [' 23.806', ' 8500.591', ' 3.485'], [' 20.578', ' 3261.232', ' 4.021'], [' 23.088', ' 5996.206', ' 1.072'], [' 24.626', ' 7120.355', ' 1.072'], [' 20.977', ' 10505.064', ' 4.021'], [' 19.403', ' 8335.494', ' 4.021'], [' 22.782', ' 11934.653', ' 4.021'], [' 26.188', ' 8878.209', ' 2.413'], [' 28.224', ' 11392.282', ' 2.413'], [' 23.621', ' 7129.144', ' 4.021'], [' 26.382', ' 5163.002', ' 1.072'], [' 23.797', ' 11477.228', ' 4.021'], [' 27.372', ' 7132.179', ' 1.072'], [' 27.072', ' 7781.235', ' 1.072'], [' 22.443', ' 12156.314', ' 5.362'], [' 22.873', ' 10801.34', ' 1.072'], [' 22.992', ' 16214.963', ' 4.558']]]
3. most: [' 28.916', ' 14448.923', ' 5.898']
4: rand:3999.2265833333336
4: rand:3636.4300666666663
4: rand:2618.135388888889
4: rand:3171.502619047619
4: rand:2586.8244166666664
4: rand:4759.261
4: rand:3116.0045999999998
4: rand:2988.622696969697
4: rand:2857.506916666667
4: rand:3181.887769230769
5: mid: [0, 0, 0]
5: mid: [0, 0, 0]
5: mid: [0, 0, 0]
5: mid: [0, 0, 0]
5: mid: [0, 0, 0]
5: mid: [0, 0, 0]
5: mid: [0, 0, 0]
5: mid: [0, 0, 0]
5: mid: [0, 0, 0]
5: mid: [0, 0, 0]

Time Taken to run SVM on the dataset = 5.950184106826782
========================================================================================================================
========================================================================================================================
Current random seed:  21
[' EFFORT-', ' MONTHS-', ' DEFECTS-', ' RISKS-']
1. top6:[[' 25.369', ' 5477.009', ' 1.072'], [' 22.236', ' 11669.007', ' 5.898'], [' 28.978', ' 14547.526', ' 2.413'], [' 22.818', ' 12678.769', ' 4.558'], [' 25.407', ' 6701.274', ' 1.072'], [' 21.725', ' 10358.727', ' 4.021']]
2. top50:[[[' 25.369', ' 5477.009', ' 1.072'], [' 22.236', ' 11669.007', ' 5.898'], [' 28.978', ' 14547.526', ' 2.413'], [' 22.818', ' 12678.769', ' 4.558'], [' 25.407', ' 6701.274', ' 1.072'], [' 21.725', ' 10358.727', ' 4.021'], [' 20.616', ' 8542.206', ' 5.362'], [' 22.148', ' 5165.051', ' 3.485'], [' 25.029', ' 4176.852', ' 1.072'], [' 27.802', ' 5173.841', ' 1.072'], [' 23.503', ' 5168.439', ' 1.072'], [' 27.141', ' 9983.227', ' 2.413'], [' 21.411', ' 16518.947', ' 5.898'], [' 26.827', ' 9452.406', ' 2.413'], [' 27.088', ' 7319.461', ' 1.072'], [' 25.213', ' 19503.271', ' 5.898'], [' 17.421', ' 4639.776', ' 4.021'], [' 21.628', ' 5815.309', ' 3.485'], [' 24.271', ' 7340.431', ' 4.558'], [' 26.944', ' 6143.252', ' 1.072'], [' 26.662', ' 8736.924', ' 1.072'], [' 23.2', ' 13188.277', ' 5.898'], [' 22.376', ' 14477.562', ' 3.485'], [' 21.16', ' 5786.434', ' 4.558'], [' 27.021', ' 4516.812', ' 1.072'], [' 25.408', ' 4673.037', ' 2.413'], [' 26.7', ' 13261.844', ' 1.072'], [' 26.62', ' 13723.591', ' 5.898'], [' 20.321', ' 10972.946', ' 5.362'], [' 22.493', ' 11101.648', ' 4.021'], [' 23.523', ' 4796.946', ' 1.072'], [' 27.386', ' 8272.005', ' 1.072'], [' 29.905', ' 16674.442', ' 2.413'], [' 22.818', ' 6237.058', ' 4.021'], [' 24.504', ' 5468.878', ' 2.413'], [' 28.412', ' 5814.093', ' 2.413'], [' 26.37', ' 13719.942', ' 2.413'], [' 24.576', ' 8597.695', ' 1.072'], [' 21.76', ' 4555.203', ' 3.485'], [' 27.057', ' 5272.346', ' 1.072'], [' 26.523', ' 9098.564', ' 1.072'], [' 24.845', ' 8615.947', ' 3.485'], [' 25.745', ' 5961.711', ' 1.072'], [' 24.026', ' 9240.85', ' 1.072'], [' 27.303', ' 4077.25', ' 1.072'], [' 24.699', ' 11486.857', ' 2.413'], [' 23.918', ' 10896.562', ' 4.021'], [' 23.656', ' 19436.149', ' 5.898'], [' 26.301', ' 4461.695', ' 1.072'], [' 23.778', ' 6541.88', ' 1.072']]]
3. most: [' 25.369', ' 5477.009', ' 1.072']
4: rand:3128.6510833333336
4: rand:2752.2957333333334
4: rand:2873.8398333333334
4: rand:3411.046761904762
4: rand:3292.33625
4: rand:4339.223518518519
4: rand:2799.2222000000006
4: rand:2702.520848484848
4: rand:3421.3250833333336
4: rand:3804.8487948717957
5: mid: [0, 0, 0]
5: mid: [0, 0, 0]
5: mid: [0, 0, 0]
5: mid: [0, 0, 0]
5: mid: [0, 0, 0]
5: mid: [0, 0, 0]
5: mid: [0, 0, 0]
5: mid: [0, 0, 0]
5: mid: [0, 0, 0]
5: mid: [0, 0, 0]

Time Taken to run SVM on the dataset = 5.958409786224365
========================================================================================================================
========================================================================================================================
Current random seed:  11
[' EFFORT-', ' MONTHS-', ' DEFECTS-', ' RISKS-']
1. top6:[[' 23.589', ' 5452.759', ' 3.485'], [' 24.253', ' 14847.369', ' 5.898'], [' 31.692', ' 7741.531', ' 1.072'], [' 26.194', ' 10421.365', ' 1.072'], [' 20.206', ' 5094.056', ' 4.021'], [' 19.69', ' 8776.534', ' 3.485']]
2. top50:[[[' 23.589', ' 5452.759', ' 3.485'], [' 24.253', ' 14847.369', ' 5.898'], [' 31.692', ' 7741.531', ' 1.072'], [' 26.194', ' 10421.365', ' 1.072'], [' 20.206', ' 5094.056', ' 4.021'], [' 19.69', ' 8776.534', ' 3.485'], [' 23.14', ' 19446.895', ' 4.021'], [' 26.174', ' 9927.143', ' 2.413'], [' 20.397', ' 10959.094', ' 4.021'], [' 24.342', ' 8914.999', ' 5.362'], [' 25.433', ' 11059.747', ' 1.072'], [' 28.716', ' 10494.904', ' 2.413'], [' 24.497', ' 12537.539', ' 5.362'], [' 24.536', ' 21253.161', ' 5.362'], [' 20.665', ' 3383.604', ' 1.072'], [' 28.269', ' 5852.283', ' 2.413'], [' 24.017', ' 5273.319', ' 1.072'], [' 27.899', ' 14981.74', ' 5.898'], [' 36.508', ' 21452.03', ' 1.072'], [' 20.316', ' 11073.405', ' 5.362'], [' 22.578', ' 6268.312', ' 3.485'], [' 20.097', ' 10272.495', ' 4.021'], [' 25.684', ' 20892.903', ' 1.072'], [' 21.876', ' 12075.409', ' 3.485'], [' 29.002', ' 4597.75', ' 2.413'], [' 21.262', ' 7138.129', ' 5.362'], [' 25.898', ' 10714.622', ' 1.072'], [' 23.099', ' 5793.073', ' 2.413'], [' 21.853', ' 2742.347', ' 1.072'], [' 25.021', ' 5654.131', ' 2.413'], [' 24.324', ' 4717.718', ' 2.413'], [' 21.223', ' 13683.024', ' 4.558'], [' 21.526', ' 9800.405', ' 4.558'], [' 19.431', ' 4108.671', ' 4.558'], [' 25.94', ' 4049.552', ' 1.072'], [' 29.011', ' 15601.636', ' 1.072'], [' 21.736', ' 5396.37', ' 4.021'], [' 20.731', ' 14948.122', ' 5.362'], [' 28.286', ' 14513.826', ' 1.072'], [' 20.64', ' 6152.133', ' 4.558'], [' 21.06', ' 8939.851', ' 4.021'], [' 23.866', ' 5693.259', ' 1.072'], [' 24.484', ' 11533.354', ' 4.021'], [' 25.089', ' 10157.958', ' 1.072'], [' 21.16', ' 5786.434', ' 4.558'], [' 24.734', ' 5066.632', ' 5.362'], [' 23.45', ' 12787.322', ' 4.021'], [' 30.793', ' 11315.151', ' 1.072'], [' 21.649', ' 15720.739', ' 4.558'], [' 29.228', ' 7273.424', ' 1.072']]]
3. most: [' 23.589', ' 5452.759', ' 3.485']
4: rand:2532.1363333333334
4: rand:2134.933066666667
4: rand:5117.931111111111
4: rand:3066.8500000000004
4: rand:2343.5670833333334
4: rand:3674.7787037037033
4: rand:3985.8744333333334
4: rand:3130.2812727272726
4: rand:2796.777583333333
4: rand:3265.844794871795
5: mid: [0, 0, 0]
5: mid: [0, 0, 0]
5: mid: [0, 0, 0]
5: mid: [0, 0, 0]
5: mid: [0, 0, 0]
5: mid: [0, 0, 0]
5: mid: [0, 0, 0]
5: mid: [0, 0, 0]
5: mid: [0, 0, 0]
5: mid: [0, 0, 0]

Time Taken to run SVM on the dataset = 5.675756931304932
========================================================================================================================
========================================================================================================================
Current random seed:  57
[' EFFORT-', ' MONTHS-', ' DEFECTS-', ' RISKS-']
1. top6:[[' 21.277', ' 2372.827', ' 1.072'], [' 27.152', ' 12510.579', ' 4.558'], [' 20.805', ' 4076.12', ' 2.413'], [' 28.85', ' 12105.673', ' 1.072'], [' 23.27', ' 15166.666', ' 4.021'], [' 24.366', ' 5409.163', ' 1.072']]
2. top50:[[[' 21.277', ' 2372.827', ' 1.072'], [' 27.152', ' 12510.579', ' 4.558'], [' 20.805', ' 4076.12', ' 2.413'], [' 28.85', ' 12105.673', ' 1.072'], [' 23.27', ' 15166.666', ' 4.021'], [' 24.366', ' 5409.163', ' 1.072'], [' 25.139', ' 8027.327', ' 1.072'], [' 27.38', ' 12206.912', ' 2.413'], [' 24.179', ' 5101.754', ' 1.072'], [' 30.216', ' 12383.243', ' 2.413'], [' 29.624', ' 6703.835', ' 1.072'], [' 21.503', ' 17895.665', ' 5.898'], [' 21.08', ' 5266.828', ' 4.021'], [' 25.826', ' 9406.488', ' 2.413'], [' 18.508', ' 12000.134', ' 5.362'], [' 21.677', ' 8367.803', ' 4.021'], [' 27.656', ' 4391.686', ' 1.072'], [' 23.363', ' 10581.333', ' 4.021'], [' 25.371', ' 5953.78', ' 1.072'], [' 22.071', ' 1781.743', ' 1.072'], [' 27.428', ' 8443.59', ' 2.413'], [' 24.918', ' 10318.817', ' 1.072'], [' 23.616', ' 21289.869', ' 5.898'], [' 27.019', ' 7964.856', ' 1.072'], [' 20.52', ' 7490.516', ' 4.021'], [' 26.428', ' 6401.67', ' 1.072'], [' 21.026', ' 5376.326', ' 4.558'], [' 23.357', ' 8140.414', ' 5.362'], [' 22.802', ' 25276.831', ' 5.362'], [' 21.665', ' 10558.405', ' 5.362'], [' 30.171', ' 6419.186', ' 1.072'], [' 20.958', ' 11036.056', ' 5.362'], [' 24.257', ' 7746.381', ' 5.362'], [' 28.582', ' 7433.088', ' 1.072'], [' 28.467', ' 7305.296', ' 1.072'], [' 25.699', ' 17987.922', ' 5.898'], [' 25.546', ' 4606.159', ' 5.362'], [' 28.904', ' 4435.578', ' 1.072'], [' 22.914', ' 10380.831', ' 4.558'], [' 26.925', ' 15384.135', ' 4.021'], [' 24.793', ' 3469.213', ' 1.072'], [' 22.613', ' 7607.468', ' 5.362'], [' 24.873', ' 6041.61', ' 1.072'], [' 21.2', ' 6994.314', ' 5.898'], [' 22.578', ' 5039.186', ' 2.413'], [' 24.48', ' 4653.108', ' 1.072'], [' 25.504', ' 21289.396', ' 4.558'], [' 19.863', ' 4023.195', ' 3.485'], [' 22.645', ' 11154.716', ' 4.021'], [' 23.695', ' 4408.91', ' 4.021']]]
3. most: [' 21.277', ' 2372.827', ' 1.072']
4: rand:3089.7258333333334
4: rand:3153.746933333333
4: rand:3464.0837777777783
4: rand:2652.012
4: rand:4021.5513750000005
4: rand:3028.036592592593
4: rand:2976.4073
4: rand:2914.1493333333333
4: rand:3203.4863055555556
4: rand:3137.223
5: mid: [0, 0, 0]
5: mid: [0, 0, 0]
5: mid: [0, 0, 0]
5: mid: [0, 0, 0]
5: mid: [0, 0, 0]
5: mid: [0, 0, 0]
5: mid: [0, 0, 0]
5: mid: [0, 0, 0]
5: mid: [0, 0, 0]
5: mid: [0, 0, 0]

Time Taken to run SVM on the dataset = 5.681545972824097
========================================================================================================================
========================================================================================================================
Current random seed:  93
[' EFFORT-', ' MONTHS-', ' DEFECTS-', ' RISKS-']
1. top6:[[' 21.115', ' 5705.839', ' 3.485'], [' 20.275', ' 7234.496', ' 4.021'], [' 22.1', ' 13032.697', ' 5.362'], [' 25.49', ' 8589.649', ' 2.413'], [' 20.918', ' 6558.983', ' 5.898'], [' 20.459', ' 5394.02', ' 3.485']]
2. top50:[[[' 21.115', ' 5705.839', ' 3.485'], [' 20.275', ' 7234.496', ' 4.021'], [' 22.1', ' 13032.697', ' 5.362'], [' 25.49', ' 8589.649', ' 2.413'], [' 20.918', ' 6558.983', ' 5.898'], [' 20.459', ' 5394.02', ' 3.485'], [' 24.753', ' 14505.62', ' 4.021'], [' 22.982', ' 6739.728', ' 1.072'], [' 21.188', ' 6217.188', ' 3.485'], [' 24.033', ' 17390.982', ' 5.362'], [' 24.576', ' 8597.695', ' 1.072'], [' 25.49', ' 10292.856', ' 4.021'], [' 26.1', ' 15142.952', ' 5.898'], [' 24.348', ' 2964.333', ' 1.072'], [' 23.643', ' 13421.792', ' 4.558'], [' 27.514', ' 9106.26', ' 1.072'], [' 26.948', ' 8750.494', ' 1.072'], [' 21.592', ' 11143.476', ' 4.021'], [' 26.385', ' 9973.125', ' 2.413'], [' 23.134', ' 14854.012', ' 4.021'], [' 28.668', ' 6593.869', ' 1.072'], [' 27.119', ' 9666.795', ' 5.362'], [' 30.946', ' 8743.442', ' 1.072'], [' 27.121', ' 11622.191', ' 1.072'], [' 22.947', ' 11303.866', ' 4.021'], [' 17.66', ' 6918.554', ' 3.485'], [' 20.207', ' 9750.128', ' 3.485'], [' 24.262', ' 7093.116', ' 1.072'], [' 27.086', ' 8913.434', ' 5.362'], [' 22.571', ' 6088.051', ' 1.072'], [' 19.701', ' 8923.117', ' 4.021'], [' 23.464', ' 10950.349', ' 3.485'], [' 20.112', ' 4839.647', ' 4.021'], [' 19.561', ' 8375.929', ' 4.021'], [' 22.465', ' 5560.864', ' 3.485'], [' 28.771', ' 12427.032', ' 2.413'], [' 21.862', ' 6581.67', ' 4.558'], [' 26.175', ' 3887.464', ' 1.072'], [' 22.246', ' 4276.221', ' 1.072'], [' 28.432', ' 7436.426', ' 1.072'], [' 24.349', ' 4143.061', ' 4.021'], [' 22.586', ' 7712.719', ' 1.072'], [' 26.338', ' 11118.21', ' 2.413'], [' 23.178', ' 9882.809', ' 2.413'], [' 28.129', ' 6013.41', ' 2.413'], [' 22.004', ' 6822.164', ' 4.558'], [' 24.808', ' 15748.004', ' 5.362'], [' 24.267', ' 15505.348', ' 4.021'], [' 20.68', ' 7737.134', ' 4.021'], [' 23.089', ' 4655.483', ' 1.072']]]
3. most: [' 21.115', ' 5705.839', ' 3.485']
4: rand:3291.0535000000004
4: rand:3661.4188
4: rand:3207.5065
4: rand:2898.083190476191
4: rand:3116.0784583333334
4: rand:3218.915888888889
4: rand:3143.217666666666
4: rand:2734.079
4: rand:3551.691888888889
4: rand:3683.5448974358974
5: mid: [0, 0, 0]
5: mid: [0, 0, 0]
5: mid: [0, 0, 0]
5: mid: [0, 0, 0]
5: mid: [0, 0, 0]
5: mid: [0, 0, 0]
5: mid: [0, 0, 0]
5: mid: [0, 0, 0]
5: mid: [0, 0, 0]
5: mid: [0, 0, 0]

Time Taken to run SVM on the dataset = 6.036815166473389
========================================================================================================================
========================================================================================================================
Current random seed:  68
[' EFFORT-', ' MONTHS-', ' DEFECTS-', ' RISKS-']
1. top6:[[' 25.023', ' 14389.891', ' 4.021'], [' 21.804', ' 27493.017', ' 4.558'], [' 27.039', ' 7644.475', ' 1.072'], [' 25.682', ' 10474.165', ' 4.558'], [' 23.36', ' 22607.029', ' 5.898'], [' 22.158', ' 6219.88', ' 4.558']]
2. top50:[[[' 25.023', ' 14389.891', ' 4.021'], [' 21.804', ' 27493.017', ' 4.558'], [' 27.039', ' 7644.475', ' 1.072'], [' 25.682', ' 10474.165', ' 4.558'], [' 23.36', ' 22607.029', ' 5.898'], [' 22.158', ' 6219.88', ' 4.558'], [' 19.564', ' 10142.363', ' 4.021'], [' 23.512', ' 8099.704', ' 1.072'], [' 25.904', ' 6161.273', ' 2.413'], [' 30.461', ' 8058.606', ' 2.413'], [' 28.091', ' 6943.845', ' 1.072'], [' 25.123', ' 8481.212', ' 4.021'], [' 20.191', ' 8476.564', ' 3.485'], [' 26.345', ' 17296.131', ' 1.072'], [' 23.659', ' 7207.722', ' 4.558'], [' 25.914', ' 6233.1', ' 2.413'], [' 25.981', ' 7560.523', ' 2.413'], [' 29.054', ' 10180.789', ' 2.413'], [' 27.064', ' 11687.845', ' 4.558'], [' 23.378', ' 6755.165', ' 2.413'], [' 27.944', ' 5973.964', ' 2.413'], [' 25.766', ' 11813.875', ' 1.072'], [' 22.624', ' 8983.783', ' 5.362'], [' 27.013', ' 6963.858', ' 1.072'], [' 27.419', ' 9510.408', ' 1.072'], [' 25.508', ' 10828.748', ' 4.558'], [' 21.12', ' 12797.924', ' 3.485'], [' 20.905', ' 8820.561', ' 5.362'], [' 23.494', ' 18610.395', ' 5.898'], [' 25.709', ' 12070.549', ' 2.413'], [' 28.978', ' 17255.221', ' 2.413'], [' 28.348', ' 9175.521', ' 1.072'], [' 22.69', ' 4481.594', ' 1.072'], [' 28.477', ' 8171.931', ' 1.072'], [' 28.595', ' 13783.205', ' 1.072'], [' 27.153', ' 10289.611', ' 1.072'], [' 19.603', ' 2927.852', ' 5.362'], [' 21.997', ' 22551.477', ' 4.021'], [' 17.015', ' 6155.492', ' 5.362'], [' 21.815', ' 5966.127', ' 1.072'], [' 19.497', ' 7950.391', ' 5.362'], [' 27.224', ' 15041.606', ' 2.413'], [' 24.522', ' 5552.812', ' 2.413'], [' 28.15', ' 4303.831', ' 1.072'], [' 20.631', ' 8400.184', ' 3.485'], [' 22.257', ' 7442.254', ' 3.485'], [' 23.538', ' 11259.048', ' 4.558'], [' 25.905', ' 10549.031', ' 2.413'], [' 28.758', ' 7816.285', ' 2.413'], [' 29.913', ' 20028.247', ' 2.413']]]
3. most: [' 25.023', ' 14389.891', ' 4.021']
4: rand:2718.4932500000004
4: rand:2772.2412
4: rand:3186.371611111111
4: rand:2860.850619047619
4: rand:3120.3247083333335
4: rand:3555.8274444444437
4: rand:3799.8085
4: rand:2504.80603030303
4: rand:3032.423666666667
4: rand:3328.2921025641026
5: mid: [0, 0, 0]
5: mid: [0, 0, 0]
5: mid: [0, 0, 0]
5: mid: [0, 0, 0]
5: mid: [0, 0, 0]
5: mid: [0, 0, 0]
5: mid: [0, 0, 0]
5: mid: [0, 0, 0]
5: mid: [0, 0, 0]
5: mid: [0, 0, 0]

Time Taken to run SVM on the dataset = 5.8032379150390625
========================================================================================================================
========================================================================================================================
Current random seed:  96
[' EFFORT-', ' MONTHS-', ' DEFECTS-', ' RISKS-']
1. top6:[[' 18.517', ' 8216.436', ' 3.485'], [' 25.555', ' 11213.426', ' 4.021'], [' 23.39', ' 5407.811', ' 1.072'], [' 23.985', ' 7010.053', ' 2.413'], [' 22.647', ' 5622.274', ' 1.072'], [' 25.58', ' 10910.0', ' 4.558']]
2. top50:[[[' 18.517', ' 8216.436', ' 3.485'], [' 25.555', ' 11213.426', ' 4.021'], [' 23.39', ' 5407.811', ' 1.072'], [' 23.985', ' 7010.053', ' 2.413'], [' 22.647', ' 5622.274', ' 1.072'], [' 25.58', ' 10910.0', ' 4.558'], [' 22.664', ' 9090.213', ' 1.072'], [' 21.917', ' 12179.758', ' 4.021'], [' 24.21', ' 10894.527', ' 1.072'], [' 20.871', ' 6725.203', ' 5.898'], [' 18.969', ' 10820.443', ' 3.485'], [' 27.515', ' 12184.482', ' 2.413'], [' 24.607', ' 12134.133', ' 3.485'], [' 22.735', ' 10673.149', ' 5.362'], [' 30.407', ' 11473.787', ' 1.072'], [' 28.154', ' 6819.722', ' 2.413'], [' 23.513', ' 6722.826', ' 1.072'], [' 26.83', ' 11422.398', ' 1.072'], [' 22.229', ' 9653.872', ' 5.362'], [' 24.315', ' 11926.404', ' 5.898'], [' 26.733', ' 2759.182', ' 1.072'], [' 21.123', ' 8244.855', ' 4.021'], [' 20.096', ' 7707.088', ' 3.485'], [' 25.797', ' 8251.572', ' 1.072'], [' 23.365', ' 6736.536', ' 4.021'], [' 19.835', ' 5680.373', ' 4.021'], [' 20.247', ' 7965.59', ' 4.021'], [' 25.484', ' 6599.974', ' 1.072'], [' 23.476', ' 12835.434', ' 4.021'], [' 22.272', ' 19280.253', ' 5.362'], [' 21.643', ' 15804.567', ' 4.558'], [' 23.622', ' 11322.457', ' 5.898'], [' 23.222', ' 3968.463', ' 1.072'], [' 23.628', ' 8077.298', ' 5.362'], [' 30.858', ' 15135.684', ' 1.072'], [' 21.393', ' 3395.851', ' 4.558'], [' 24.829', ' 16417.134', ' 5.898'], [' 23.248', ' 6092.448', ' 1.072'], [' 29.689', ' 7248.532', ' 1.072'], [' 21.407', ' 5391.577', ' 1.072'], [' 25.075', ' 6354.415', ' 2.413'], [' 21.249', ' 9059.199', ' 3.485'], [' 24.692', ' 9619.618', ' 1.072'], [' 26.01', ' 6773.966', ' 1.072'], [' 27.695', ' 5858.916', ' 1.072'], [' 25.901', ' 10988.553', ' 1.072'], [' 21.033', ' 4335.48', ' 4.021'], [' 27.281', ' 13040.389', ' 1.072'], [' 24.626', ' 7120.355', ' 1.072'], [' 18.734', ' 4840.143', ' 4.558']]]
3. most: [' 18.517', ' 8216.436', ' 3.485']
4: rand:3624.1310000000008
4: rand:2598.9091333333336
4: rand:2314.888277777778
4: rand:3717.3943333333327
4: rand:3372.544541666666
4: rand:3810.0377037037038
4: rand:4048.665833333333
4: rand:3627.8327878787877
4: rand:3465.419888888888
4: rand:3038.3727435897435
5: mid: [0, 0, 0]
5: mid: [0, 0, 0]
5: mid: [0, 0, 0]
5: mid: [0, 0, 0]
5: mid: [0, 0, 0]
5: mid: [0, 0, 0]
5: mid: [0, 0, 0]
5: mid: [0, 0, 0]
5: mid: [0, 0, 0]
5: mid: [0, 0, 0]

Time Taken to run SVM on the dataset = 5.858085870742798
========================================================================================================================
========================================================================================================================
Current random seed:  74
[' EFFORT-', ' MONTHS-', ' DEFECTS-', ' RISKS-']
1. top6:[[' 19.588', ' 10582.112', ' 4.021'], [' 25.49', ' 8589.649', ' 2.413'], [' 28.607', ' 14307.321', ' 2.413'], [' 25.365', ' 10631.295', ' 1.072'], [' 18.585', ' 7902.879', ' 5.898'], [' 26.488', ' 9559.465', ' 1.072']]
2. top50:[[[' 19.588', ' 10582.112', ' 4.021'], [' 25.49', ' 8589.649', ' 2.413'], [' 28.607', ' 14307.321', ' 2.413'], [' 25.365', ' 10631.295', ' 1.072'], [' 18.585', ' 7902.879', ' 5.898'], [' 26.488', ' 9559.465', ' 1.072'], [' 24.002', ' 10448.217', ' 1.072'], [' 22.092', ' 11341.56', ' 3.485'], [' 23.117', ' 6603.857', ' 2.413'], [' 26.242', ' 12323.638', ' 2.413'], [' 21.763', ' 4119.598', ' 4.021'], [' 26.642', ' 7196.238', ' 1.072'], [' 27.461', ' 13167.262', ' 1.072'], [' 23.74', ' 11897.715', ' 5.362'], [' 26.544', ' 6445.148', ' 4.021'], [' 22.615', ' 11659.932', ' 4.558'], [' 27.667', ' 9877.05', ' 1.072'], [' 17.839', ' 5234.524', ' 5.362'], [' 22.566', ' 5020.317', ' 1.072'], [' 19.482', ' 8816.033', ' 4.021'], [' 23.304', ' 4619.222', ' 1.072'], [' 25.736', ' 9749.05', ' 5.362'], [' 25.427', ' 7155.087', ' 4.558'], [' 22.241', ' 9165.418', ' 4.558'], [' 24.612', ' 14064.044', ' 4.558'], [' 24.594', ' 10661.794', ' 1.072'], [' 26.079', ' 10226.879', ' 4.021'], [' 25.756', ' 11568.17', ' 2.413'], [' 32.572', ' 17537.428', ' 1.072'], [' 25.962', ' 7796.442', ' 1.072'], [' 24.325', ' 9071.247', ' 4.021'], [' 21.451', ' 4558.376', ' 5.362'], [' 24.986', ' 7488.963', ' 5.898'], [' 30.929', ' 7546.236', ' 1.072'], [' 21.628', ' 17765.579', ' 5.898'], [' 26.523', ' 23870.926', ' 5.898'], [' 24.442', ' 6161.791', ' 1.072'], [' 25.354', ' 5999.898', ' 1.072'], [' 19.07', ' 6258.577', ' 5.362'], [' 27.47', ' 4755.473', ' 1.072'], [' 21.236', ' 9220.313', ' 4.021'], [' 23.506', ' 11545.876', ' 5.362'], [' 28.876', ' 6083.252', ' 1.072'], [' 25.983', ' 6365.722', ' 2.413'], [' 21.463', ' 9649.891', ' 5.362'], [' 25.917', ' 5396.311', ' 1.072'], [' 19.418', ' 6420.801', ' 3.485'], [' 28.74', ' 10828.626', ' 2.413'], [' 23.267', ' 6663.895', ' 2.413'], [' 26.555', ' 9330.085', ' 1.072']]]
3. most: [' 19.588', ' 10582.112', ' 4.021']
4: rand:2740.4665
4: rand:3652.3813333333337
4: rand:3469.2515000000003
4: rand:3360.813380952381
4: rand:3267.145375
4: rand:3652.174814814815
4: rand:3560.895633333333
4: rand:3024.7917272727273
4: rand:3107.271305555556
4: rand:4113.714641025641
5: mid: [0, 0, 0]
5: mid: [0, 0, 0]
5: mid: [0, 0, 0]
5: mid: [0, 0, 0]
5: mid: [0, 0, 0]
5: mid: [0, 0, 0]
5: mid: [0, 0, 0]
5: mid: [0, 0, 0]
5: mid: [0, 0, 0]
5: mid: [0, 0, 0]

Time Taken to run SVM on the dataset = 5.9925079345703125
========================================================================================================================
========================================================================================================================
Current random seed:  90
[' EFFORT-', ' MONTHS-', ' DEFECTS-', ' RISKS-']
1. top6:[[' 25.69', ' 12322.628', ' 1.072'], [' 21.795', ' 5513.003', ' 4.021'], [' 26.007', ' 22180.424', ' 4.021'], [' 23.262', ' 5313.632', ' 5.362'], [' 24.054', ' 6246.417', ' 1.072'], [' 24.296', ' 13520.944', ' 5.362']]
2. top50:[[[' 25.69', ' 12322.628', ' 1.072'], [' 21.795', ' 5513.003', ' 4.021'], [' 26.007', ' 22180.424', ' 4.021'], [' 23.262', ' 5313.632', ' 5.362'], [' 24.054', ' 6246.417', ' 1.072'], [' 24.296', ' 13520.944', ' 5.362'], [' 24.181', ' 6692.857', ' 3.485'], [' 23.053', ' 6231.398', ' 4.021'], [' 24.919', ' 8739.75', ' 1.072'], [' 21.422', ' 3152.142', ' 1.072'], [' 24.417', ' 6986.008', ' 1.072'], [' 20.278', ' 9511.17', ' 5.362'], [' 33.748', ' 13605.037', ' 2.413'], [' 25.782', ' 14377.431', ' 4.558'], [' 23.453', ' 7997.731', ' 1.072'], [' 24.842', ' 14137.639', ' 2.413'], [' 30.658', ' 13852.38', ' 2.413'], [' 21.674', ' 7441.674', ' 4.558'], [' 22.512', ' 8135.127', ' 4.021'], [' 20.27', ' 6532.71', ' 3.485'], [' 22.945', ' 3384.497', ' 1.072'], [' 25.339', ' 10123.342', ' 2.413'], [' 23.651', ' 7024.521', ' 5.898'], [' 21.934', ' 9337.05', ' 4.021'], [' 21.21', ' 9162.459', ' 4.558'], [' 25.276', ' 16627.223', ' 2.413'], [' 21.027', ' 7058.855', ' 5.898'], [' 31.334', ' 10678.069', ' 1.072'], [' 22.013', ' 10200.729', ' 4.558'], [' 23.724', ' 13964.766', ' 4.558'], [' 20.209', ' 9288.904', ' 5.362'], [' 20.599', ' 10473.604', ' 4.021'], [' 27.086', ' 8913.434', ' 5.362'], [' 22.671', ' 12975.228', ' 4.021'], [' 26.667', ' 16153.759', ' 1.072'], [' 25.709', ' 12070.549', ' 2.413'], [' 22.899', ' 3940.248', ' 1.072'], [' 23.756', ' 10041.05', ' 5.898'], [' 26.187', ' 13810.379', ' 5.898'], [' 22.121', ' 8114.998', ' 5.898'], [' 23.599', ' 4756.868', ' 5.898'], [' 25.713', ' 12345.23', ' 2.413'], [' 18.84', ' 6749.268', ' 3.485'], [' 22.999', ' 4241.798', ' 1.072'], [' 21.045', ' 11806.175', ' 5.362'], [' 27.831', ' 6562.996', ' 1.072'], [' 21.112', ' 15587.271', ' 5.898'], [' 23.82', ' 4149.832', ' 5.362'], [' 30.693', ' 10360.901', ' 2.413'], [' 29.265', ' 14750.799', ' 2.413']]]
3. most: [' 25.69', ' 12322.628', ' 1.072']
4: rand:2667.4079999999994
4: rand:3721.1762000000003
4: rand:4368.870555555556
4: rand:2900.092238095238
4: rand:3484.7909999999997
4: rand:3185.9664444444443
4: rand:3546.6753333333336
4: rand:2850.5869393939392
4: rand:3549.835333333333
4: rand:4897.2948205128205
5: mid: [0, 0, 0]
5: mid: [0, 0, 0]
5: mid: [0, 0, 0]
5: mid: [0, 0, 0]
5: mid: [0, 0, 0]
5: mid: [0, 0, 0]
5: mid: [0, 0, 0]
5: mid: [0, 0, 0]
5: mid: [0, 0, 0]
5: mid: [0, 0, 0]

Time Taken to run SVM on the dataset = 5.598042726516724
========================================================================================================================
