========================================================================================================================
Current random seed:  13
['Cost-', 'Score-', 'Idle-']
1. top6:[['1.0', '0.7712744874911159', '0.7692307692307692'], ['1.0', '0.45194858434137414', '0.21367521367521358'], ['1.0', '0.4261915871940382', '0.8717948717948717'], ['1.0', '0.3072906257806875', '0.8026755852842808'], ['1.0', '0.6689304743733138', '0.1564537157757496'], ['1.0', '0.44239458293397693', '0.1923076923076923']]
2. top50:[[['1.0', '0.7712744874911159', '0.7692307692307692'], ['1.0', '0.45194858434137414', '0.21367521367521358'], ['1.0', '0.4261915871940382', '0.8717948717948717'], ['1.0', '0.3072906257806875', '0.8026755852842808'], ['1.0', '0.6689304743733138', '0.1564537157757496'], ['1.0', '0.44239458293397693', '0.1923076923076923'], ['1.0', '0.46805223866764195', '0.590094836670179'], ['1.0', '0.6632710240628423', '0.6993006993006994'], ['1.0', '0.7728982409458062', '0.1538461538461538'], ['1.0', '0.4976649265070102', '0.3846153846153846'], ['1.0', '0.849204112769148', '0.5128205128205129'], ['1.0', '0.1268304617590905', '0.0'], ['1.0', '0.5560606941812147', '0.3846153846153846'], ['1.0', '0.4850926484703549', '0.16194331983805665'], ['1.0', '0.6321766155695037', '0.0'], ['1.0', '0.7755650008593371', '0.3496503496503497'], ['1.0', '0.6346283506280187', '0.5128205128205129'], ['1.0', '0.5110019137580363', '0.0'], ['1.0', '0.4551602788733679', '0.15009380863039395'], ['1.0', '0.32385477752223957', '0.21978021978021983'], ['1.0', '0.5343913860263435', '0.6334841628959276'], ['1.0', '0.7420027608764279', '0.21978021978021983'], ['1.0', '0.2718164123527708', '0.170940170940171'], ['1.0', '0.6237538296325699', '0.3846153846153846'], ['1.0', '0.3461570824051774', '0.09925558312655094'], ['1.0', '0.8085560424167252', '0.12307692307692301'], ['1.0', '0.31273920266422983', '0.6153846153846154'], ['1.0', '0.6068849464091599', '0.0'], ['1.0', '0.35953049561353034', '0.0'], ['1.0', '0.2496283081740539', '0.32967032967032966'], ['1.0', '0.7566853324250261', '0.8228980322003578'], ['1.0', '0.209191359116642', '0.3001876172607879'], ['1.0', '0.4461372725456996', '0.41958041958041953'], ['1.0', '0.5336037778318089', '0.05917159763313605'], ['1.0', '0.40880561347065636', '0.4395604395604395'], ['1.0', '0.4159634528775104', '0.6797853309481217'], ['1.0', '0.6474505064005825', '0.5200433369447454'], ['1.0', '0.4522010844139638', '0.0'], ['1.0', '0.12910471315765124', '0.6923076923076922'], ['1.0', '0.5546217917664612', '0.10989010989010983'], ['1.0', '0.4905360093380776', '0.21978021978021983'], ['1.0', '0.7805227266669038', '0.4395604395604395'], ['1.0', '0.37894525915906585', '0.5668016194331984'], ['1.0', '0.2631996845074287', '0.0'], ['1.0', '0.1646657496863521', '0.0'], ['1.0', '0.6977034064062189', '0.34188034188034183'], ['1.0', '0.6843160700033423', '0.4487179487179486'], ['1.0', '0.34587909703489417', '0.1538461538461538'], ['1.0', '0.5292540972083514', '0.7100591715976331'], ['1.0', '0.2745871218744137', '0.8974358974358972']]]
3. most: ['1.0', '0.0', '0.0']
4: rand:[1.         0.88911318 0.38215564]
4: rand:[1.         0.31267144 0.30115636]
4: rand:[1.         0.48061588 0.29092517]
4: rand:[1.         0.39479363 0.38454627]
4: rand:[1.         0.51818877 0.35521394]
4: rand:[1.         0.46667935 0.4236663 ]
4: rand:[1.         0.46226239 0.54501656]
4: rand:[1.         0.5442118  0.50678602]
4: rand:[1.         0.3477836  0.24026553]
4: rand:[1.         0.39010375 0.40787509]
5: mid: [1.0, 0.616921069158957, 0.39730841206603423]
5: mid: [1.0, 0.5860496316326974, 0.46720194227763234]
5: mid: [1.0, 0.59390752199858, 0.4590359992023645]
5: mid: [1.0, 0.6053973024619479, 0.47938785300077064]
5: mid: [1.0, 0.5984344120597705, 0.4451096233620897]
5: mid: [1.0, 0.5796864100928151, 0.4608764323647291]
5: mid: [1.0, 0.587998166667004, 0.46163107261583713]
5: mid: [1.0, 0.5929685795219558, 0.4568116020206835]
5: mid: [1.0, 0.5940572252221812, 0.4594010652439833]
5: mid: [1.0, 0.5885377663146414, 0.4463100160048145]

Time Taken to run SVM on the dataset = 0.3852200508117676
========================================================================================================================
========================================================================================================================
Current random seed:  19
['Cost-', 'Score-', 'Idle-']
1. top6:[['1.0', '0.3970743667154215', '0.5039787798408488'], ['1.0', '0.698259731059971', '0.08791208791208793'], ['1.0', '0.6401264486920509', '0.641025641025641'], ['1.0', '0.6001873340197003', '0.3703703703703703'], ['1.0', '0.47125251260124523', '0.6552706552706552'], ['1.0', '0.5454218411819367', '0.1923076923076923']]
2. top50:[[['1.0', '0.3970743667154215', '0.5039787798408488'], ['1.0', '0.698259731059971', '0.08791208791208793'], ['1.0', '0.6401264486920509', '0.641025641025641'], ['1.0', '0.6001873340197003', '0.3703703703703703'], ['1.0', '0.47125251260124523', '0.6552706552706552'], ['1.0', '0.5454218411819367', '0.1923076923076923'], ['1.0', '0.3880871290947411', '0.19851116625310172'], ['1.0', '0.9433503644843023', '0.0'], ['1.0', '0.4015610783472252', '0.0'], ['1.0', '0.4927597801203416', '0.5698005698005697'], ['1.0', '0.15461323190537787', '0.3076923076923076'], ['1.0', '0.45194858434137414', '0.21367521367521358'], ['1.0', '0.5787467111903812', '0.8888888888888887'], ['1.0', '0.5560606941812147', '0.3846153846153846'], ['1.0', '0.20063288119672668', '0.523076923076923'], ['1.0', '0.35995050128362954', '0.4682274247491639'], ['1.0', '0.5691487736882886', '0.6153846153846154'], ['1.0', '0.26835685462037756', '0.0'], ['1.0', '0.4525475965337757', '0.7100591715976331'], ['1.0', '0.670250808756713', '0.4895104895104896'], ['1.0', '0.46647734496501664', '0.1809954751131222'], ['1.0', '0.5336037778318089', '0.05917159763313605'], ['1.0', '0.5196481536968932', '0.611439842209073'], ['1.0', '0.7151142184319721', '0.4524886877828053'], ['1.0', '0.6344247878978103', '0.0'], ['1.0', '0.5536558163909621', '0.32967032967032966'], ['1.0', '0.5413317260978437', '0.5244755244755245'], ['1.0', '0.4379504564827494', '0.08205128205128207'], ['1.0', '0.14653146069843329', '0.6676342525399129'], ['1.0', '0.3593118273092826', '0.3238866396761133'], ['1.0', '0.42007221382119336', '0.0'], ['1.0', '0.6431427430091511', '0.2714932126696833'], ['1.0', '0.32385477752223957', '0.21978021978021983'], ['1.0', '0.7781690498884826', '0.7100591715976331'], ['1.0', '0.961728838401461', '0.0'], ['1.0', '0.18477043916602306', '0.41958041958041953'], ['1.0', '0.19444974871963347', '0.0'], ['1.0', '0.7816883421582552', '0.8284023668639052'], ['1.0', '0.801543949499575', '0.08097165991902842'], ['1.0', '0.6346283506280187', '0.5128205128205129'], ['1.0', '0.3648928314250252', '0.0'], ['1.0', '0.5498228627172613', '0.0'], ['1.0', '0.6659397197787629', '0.5023547880690739'], ['1.0', '0.3277829987722747', '0.8097165991902835'], ['1.0', '0.16404110314961695', '0.0'], ['1.0', '0.880554795300196', '0.879120879120879'], ['1.0', '0.48529438487289367', '0.1923076923076923'], ['1.0', '0.38320303682280565', '0.6153846153846154'], ['1.0', '0.12423181592844994', '0.8723235527359238'], ['1.0', '0.26626435463194514', '0.641025641025641']]]
3. most: ['1.0', '0.0', '0.0']
4: rand:[1.         0.51167358 0.66665116]
4: rand:[1.         0.5144596  0.43405009]
4: rand:[1.         0.58071552 0.67427115]
4: rand:[1.         0.41069112 0.19486299]
4: rand:[1.         0.53539498 0.28253054]
4: rand:[1.         0.429561   0.45797356]
4: rand:[1.         0.49122049 0.37201344]
4: rand:[1.         0.45537043 0.25922244]
4: rand:[1.         0.51127162 0.34192152]
4: rand:[1.         0.56556067 0.27684085]
5: mid: [1.0, 0.6038937277583146, 0.43287929901814676]
5: mid: [1.0, 0.5797263656840939, 0.3967457861242568]
5: mid: [1.0, 0.565546640236161, 0.38754179632785435]
5: mid: [1.0, 0.5801102529667012, 0.40134157973282725]
5: mid: [1.0, 0.5898873654383134, 0.4037192797345294]
5: mid: [1.0, 0.6024685918568761, 0.4066346362297694]
5: mid: [1.0, 0.600595984360847, 0.40003927951141677]
5: mid: [1.0, 0.6083753571816252, 0.4080604458228974]
5: mid: [1.0, 0.6035011484785325, 0.4220156896951725]
5: mid: [1.0, 0.5848108506048776, 0.42572967571213083]

Time Taken to run SVM on the dataset = 0.40786099433898926
========================================================================================================================
========================================================================================================================
Current random seed:  57
['Cost-', 'Score-', 'Idle-']
1. top6:[['1.0', '0.48228736413722373', '0.32258064516129037'], ['1.0', '0.4023211270851974', '0.9401709401709402'], ['1.0', '0.2800029532666239', '0.0'], ['1.0', '0.5166852061557006', '0.1923076923076923'], ['1.0', '0.40569523476085767', '0.0'], ['1.0', '0.6321766155695037', '0.0']]
2. top50:[[['1.0', '0.48228736413722373', '0.32258064516129037'], ['1.0', '0.4023211270851974', '0.9401709401709402'], ['1.0', '0.2800029532666239', '0.0'], ['1.0', '0.5166852061557006', '0.1923076923076923'], ['1.0', '0.40569523476085767', '0.0'], ['1.0', '0.6321766155695037', '0.0'], ['1.0', '0.32613088209056096', '0.661703887510339'], ['1.0', '0.32123902556358636', '0.0'], ['1.0', '0.0', '0.0'], ['1.0', '0.45194858434137414', '0.21367521367521358'], ['1.0', '0.6977034064062189', '0.34188034188034183'], ['1.0', '0.87938570829424', '0.0'], ['1.0', '0.28769369170942544', '0.10256410256410253'], ['1.0', '0.4410325122866526', '0.5668016194331984'], ['1.0', '0.758185836892483', '0.06410256410256404'], ['1.0', '0.798544866247378', '0.7977207977207978'], ['1.0', '0.801543949499575', '0.08097165991902842'], ['1.0', '0.4186509473202861', '0.10033444816053505'], ['1.0', '0.5969011828340985', '0.7201309328968903'], ['1.0', '0.20705161795999652', '0.9846153846153846'], ['1.0', '0.6858407929999158', '0.0'], ['1.0', '0.6240976148753099', '0.7459207459207459'], ['1.0', '0.46816258467750477', '0.5594405594405595'], ['1.0', '0.25097139726746226', '0.8391608391608391'], ['1.0', '0.4711888678260311', '0.7239819004524887'], ['1.0', '0.5691487736882886', '0.6153846153846154'], ['1.0', '0.7499329043436751', '0.1538461538461538'], ['1.0', '0.8286474702541661', '0.0854700854700855'], ['1.0', '0.8730166604829818', '0.25641025641025633'], ['1.0', '0.5787467111903812', '0.8888888888888887'], ['1.0', '0.605856413697872', '0.6688963210702341'], ['1.0', '0.6682050934090065', '0.3496503496503497'], ['1.0', '0.25776827966543364', '0.0'], ['1.0', '0.3449787911919208', '0.170940170940171'], ['1.0', '0.8875018801469786', '0.0'], ['1.0', '0.5477912414179767', '0.8026755852842808'], ['1.0', '0.3904238667867794', '0.521978021978022'], ['1.0', '0.6843160700033423', '0.4487179487179486'], ['1.0', '0.6690569875103075', '0.48582995951417'], ['1.0', '0.4068509832017028', '0.6153846153846154'], ['1.0', '0.34587909703489417', '0.1538461538461538'], ['1.0', '0.3974682180119476', '0.5128205128205129'], ['1.0', '0.207110521300371', '0.0'], ['1.0', '0.07820385163066285', '1.0'], ['1.0', '0.3072906257806875', '0.8026755852842808'], ['1.0', '0.9397859415275274', '0.6923076923076922'], ['1.0', '0.4480424653448664', '0.8653846153846153'], ['1.0', '0.3880871290947411', '0.19851116625310172'], ['1.0', '0.37095690076345533', '0.8717948717948717'], ['1.0', '0.5647030815883203', '0.0']]]
3. most: ['1.0', '0.0', '0.0']
4: rand:[1.         0.60098766 0.34822775]
4: rand:[1.         0.61903225 0.2266376 ]
4: rand:[1.         0.4572196  0.40336241]
4: rand:[1.         0.47485518 0.23123103]
4: rand:[1.         0.47725656 0.29009222]
4: rand:[1.         0.42662928 0.38662392]
4: rand:[1.         0.46985717 0.2999051 ]
4: rand:[1.         0.52583528 0.49506698]
4: rand:[1.         0.47042979 0.43555034]
4: rand:[1.         0.51736455 0.32400896]
5: mid: [1.0, 0.6162062616447906, 0.342451995185279]
5: mid: [1.0, 0.6092675987075126, 0.34527638086477985]
5: mid: [1.0, 0.6124141362535604, 0.4048761721152672]
5: mid: [1.0, 0.5928609621739405, 0.4356783899583164]
5: mid: [1.0, 0.5889532002964704, 0.42149089666911943]
5: mid: [1.0, 0.5968538637739242, 0.429534481170326]
5: mid: [1.0, 0.5985317827131871, 0.41715820533189135]
5: mid: [1.0, 0.5961780473876458, 0.40050475202267044]
5: mid: [1.0, 0.5831335719150177, 0.4052114187389159]
5: mid: [1.0, 0.5981276735368289, 0.4005060514799103]

Time Taken to run SVM on the dataset = 0.38689208030700684
========================================================================================================================
========================================================================================================================
Current random seed:  99
['Cost-', 'Score-', 'Idle-']
1. top6:[['1.0', '0.3222638452588592', '0.31558185404339256'], ['1.0', '0.3974682180119476', '0.5128205128205129'], ['1.0', '0.9433503644843023', '0.0'], ['1.0', '0.6285133842751442', '0.27972027972027963'], ['1.0', '0.16147860609712644', '0.10256410256410253'], ['1.0', '0.18354371151845558', '0.7692307692307692']]
2. top50:[[['1.0', '0.3222638452588592', '0.31558185404339256'], ['1.0', '0.3974682180119476', '0.5128205128205129'], ['1.0', '0.9433503644843023', '0.0'], ['1.0', '0.6285133842751442', '0.27972027972027963'], ['1.0', '0.16147860609712644', '0.10256410256410253'], ['1.0', '0.18354371151845558', '0.7692307692307692'], ['1.0', '0.5759389753775342', '0.9615384615384615'], ['1.0', '0.5803058536221922', '0.0'], ['1.0', '0.2915698381094367', '0.717948717948718'], ['1.0', '0.27528164664902044', '0.4524886877828053'], ['1.0', '0.6857033128038623', '0.1465201465201465'], ['1.0', '0.5774480295746028', '0.3076923076923076'], ['1.0', '0.2400490417104684', '0.0'], ['1.0', '0.4946398434730377', '0.05917159763313605'], ['1.0', '0.4261915871940382', '0.8717948717948717'], ['1.0', '0.1702631012495767', '0.8205128205128205'], ['1.0', '0.5136258529537513', '0.03944773175542409'], ['1.0', '0.4806325326767934', '0.5128205128205129'], ['1.0', '0.6649656336853552', '0.0'], ['1.0', '0.3652747605528516', '0.3278688524590164'], ['1.0', '0.49218634315298276', '0.6923076923076922'], ['1.0', '0.6689304743733138', '0.1564537157757496'], ['1.0', '0.4868833968887202', '0.5641025641025641'], ['1.0', '0.6108628109699409', '0.1431127012522362'], ['1.0', '0.688350831808635', '0.6672845227062093'], ['1.0', '0.2800029532666239', '0.0'], ['1.0', '0.8212040826483523', '0.3365384615384615'], ['1.0', '0.4522207899921283', '0.841799709724238'], ['1.0', '0.8658152809483808', '0.608974358974359'], ['1.0', '0.45618067035146975', '0.0'], ['1.0', '0.6553611080529278', '0.0'], ['1.0', '0.4717716628211696', '0.42440318302387264'], ['1.0', '0.7816883421582552', '0.8284023668639052'], ['1.0', '0.40215973302195746', '0.621301775147929'], ['1.0', '0.605856413697872', '0.6688963210702341'], ['1.0', '0.5352067341663994', '0.5333333333333333'], ['1.0', '0.2528711021485286', '0.0'], ['1.0', '0.7521304584709575', '0.0'], ['1.0', '0.7505642783068296', '0.0'], ['1.0', '0.2496283081740539', '0.32967032967032966'], ['1.0', '0.43733510358490907', '0.0'], ['1.0', '0.1919786989247274', '0.4962779156327544'], ['1.0', '0.4526244605620998', '0.7165437302423603'], ['1.0', '0.6545481622094188', '0.0'], ['1.0', '0.053828306339472574', '0.0'], ['1.0', '0.15461323190537787', '0.3076923076923076'], ['1.0', '0.3970743667154215', '0.5039787798408488'], ['1.0', '0.6133987781078587', '0.5827505827505828'], ['1.0', '0.8919492660227205', '0.5128205128205129'], ['1.0', '0.7354086739497404', '0.20512820512820507']]]
3. most: ['1.0', '0.0', '0.0']
4: rand:[1.        0.4863533 0.3288854]
4: rand:[1.         0.39822212 0.54702436]
4: rand:[1.         0.5937944  0.38790512]
4: rand:[1.         0.57345285 0.53987532]
4: rand:[1.         0.4601513  0.52173156]
4: rand:[1.         0.46057579 0.27034803]
4: rand:[1.         0.56675581 0.36043365]
4: rand:[1.         0.45855687 0.52973013]
4: rand:[1.         0.4741997  0.36395519]
4: rand:[1.         0.55333117 0.42633152]
5: mid: [1.0, 0.7089379905850756, 0.35810730759708714]
5: mid: [1.0, 0.7022249858605443, 0.3578150651653915]
5: mid: [1.0, 0.6191347073755137, 0.4291956941592979]
5: mid: [1.0, 0.6233428048801405, 0.41810720097658144]
5: mid: [1.0, 0.6363722209648836, 0.39976421396149986]
5: mid: [1.0, 0.6158029281871125, 0.40579500128493906]
5: mid: [1.0, 0.6359084815851969, 0.39855038964196987]
5: mid: [1.0, 0.5964805133881469, 0.3903389953300283]
5: mid: [1.0, 0.586041581499881, 0.41057088274919556]
5: mid: [1.0, 0.5918651508937688, 0.40341482955797187]

Time Taken to run SVM on the dataset = 0.3873720169067383
========================================================================================================================
========================================================================================================================
Current random seed:  49
['Cost-', 'Score-', 'Idle-']
1. top6:[['1.0', '0.14765456183417688', '0.651890482398957'], ['1.0', '0.5668719749699502', '0.9049773755656109'], ['1.0', '0.20780668464144392', '0.16194331983805665'], ['1.0', '0.6008271907496804', '0.586080586080586'], ['1.0', '0.47917041415067096', '0.8731808731808731'], ['1.0', '0.512469386561524', '0.0']]
2. top50:[[['1.0', '0.14765456183417688', '0.651890482398957'], ['1.0', '0.5668719749699502', '0.9049773755656109'], ['1.0', '0.20780668464144392', '0.16194331983805665'], ['1.0', '0.6008271907496804', '0.586080586080586'], ['1.0', '0.47917041415067096', '0.8731808731808731'], ['1.0', '0.512469386561524', '0.0'], ['1.0', '0.7438162686720571', '0.05917159763313605'], ['1.0', '0.49836282174468166', '0.12820512820512825'], ['1.0', '0.3880871290947411', '0.19851116625310172'], ['1.0', '0.3306265159301931', '0.8547008547008547'], ['1.0', '0.6025217661840913', '0.0'], ['1.0', '0.54204640732085', '0.5314685314685315'], ['1.0', '0.698259731059971', '0.08791208791208793'], ['1.0', '0.35800971013775584', '0.8695652173913044'], ['1.0', '0.4186509473202861', '0.10033444816053505'], ['1.0', '0.4461372725456996', '0.41958041958041953'], ['1.0', '0.07820385163066285', '1.0'], ['1.0', '1.0', '0.1923076923076923'], ['1.0', '0.6346283506280187', '0.5128205128205129'], ['1.0', '0.4910568666804687', '0.3001876172607879'], ['1.0', '0.7322032792895758', '0.7977207977207978'], ['1.0', '0.25776827966543364', '0.0'], ['1.0', '0.7512299593920883', '0.4081632653061224'], ['1.0', '0.20962888540386274', '0.23076923076923078'], ['1.0', '0.7429864194984104', '0.0'], ['1.0', '0.20706620939665674', '0.6293706293706293'], ['1.0', '0.6946935211688621', '0.09615384615384615'], ['1.0', '0.7134809008430197', '0.1183431952662721'], ['1.0', '0.42571039339676753', '0.22624434389140274'], ['1.0', '0.46816258467750477', '0.5594405594405595'], ['1.0', '0.6371705998369894', '0.036630036630036666'], ['1.0', '0.8085560424167252', '0.12307692307692301'], ['1.0', '0.5759389753775342', '0.9615384615384615'], ['1.0', '0.8730166604829818', '0.25641025641025633'], ['1.0', '0.221033911726927', '0.3001876172607879'], ['1.0', '0.4892682775304377', '0.8058608058608059'], ['1.0', '0.12423181592844994', '0.8723235527359238'], ['1.0', '0.5774480295746028', '0.3076923076923076'], ['1.0', '0.5427045275986638', '0.6334841628959276'], ['1.0', '0.670250808756713', '0.4895104895104896'], ['1.0', '0.7151142184319721', '0.4524886877828053'], ['1.0', '0.23554697442687647', '0.08316008316008316'], ['1.0', '0.46647734496501664', '0.1809954751131222'], ['1.0', '0.7499329043436751', '0.1538461538461538'], ['1.0', '0.7781690498884826', '0.7100591715976331'], ['1.0', '0.48672930544781756', '0.1538461538461538'], ['1.0', '0.3803323342744152', '0.5314685314685315'], ['1.0', '0.999030032093725', '0.0'], ['1.0', '0.7505642783068296', '0.0'], ['1.0', '0.6689304743733138', '0.1564537157757496']]]
3. most: ['1.0', '0.0', '0.0']
4: rand:[1.         0.46160417 0.44445614]
4: rand:[1.         0.32398293 0.44082087]
4: rand:[1.         0.43853786 0.27907841]
4: rand:[1.         0.5709424  0.39743381]
4: rand:[1.         0.45310165 0.45586918]
4: rand:[1.         0.56396305 0.52094344]
4: rand:[1.         0.56241368 0.45074634]
4: rand:[1.         0.44768641 0.31311836]
4: rand:[1.         0.40018251 0.3977718 ]
4: rand:[1.         0.45831565 0.33415717]
5: mid: [1.0, 0.6195684449293306, 0.3808759721888655]
5: mid: [1.0, 0.6274680027950073, 0.382032546766495]
5: mid: [1.0, 0.6049624022988999, 0.4072360863654096]
5: mid: [1.0, 0.6036211963819745, 0.3999246016083072]
5: mid: [1.0, 0.6079423248940491, 0.4123072660275065]
5: mid: [1.0, 0.6059152260259882, 0.40234816681799773]
5: mid: [1.0, 0.6118168632995571, 0.4003784732691154]
5: mid: [1.0, 0.6080969395203215, 0.40495990996034453]
5: mid: [1.0, 0.6158732774007627, 0.3922570884153724]
5: mid: [1.0, 0.5963140586137091, 0.40122121251040893]

Time Taken to run SVM on the dataset = 0.4211151599884033
========================================================================================================================
========================================================================================================================
Current random seed:  77
['Cost-', 'Score-', 'Idle-']
1. top6:[['1.0', '0.6129643161335658', '0.6108597285067874'], ['1.0', '0.45093714630972703', '0.4733727810650888'], ['1.0', '0.6344247878978103', '0.0'], ['1.0', '0.770718137335216', '0.6029106029106028'], ['1.0', '0.5638762707616835', '0.0'], ['1.0', '0.58342437097869', '0.7264957264957265']]
2. top50:[[['1.0', '0.6129643161335658', '0.6108597285067874'], ['1.0', '0.45093714630972703', '0.4733727810650888'], ['1.0', '0.6344247878978103', '0.0'], ['1.0', '0.770718137335216', '0.6029106029106028'], ['1.0', '0.5638762707616835', '0.0'], ['1.0', '0.58342437097869', '0.7264957264957265'], ['1.0', '0.4717716628211696', '0.42440318302387264'], ['1.0', '0.38487068646085026', '0.0'], ['1.0', '0.961728838401461', '0.0'], ['1.0', '0.3172444888640783', '0.7051282051282052'], ['1.0', '0.49686859715845716', '0.3016591251885369'], ['1.0', '0.40880561347065636', '0.4395604395604395'], ['1.0', '0.5173807350197029', '0.9725906277630415'], ['1.0', '0.688350831808635', '0.6672845227062093'], ['1.0', '0.14394097835572725', '0.25641025641025633'], ['1.0', '0.41092057816460054', '0.9568480300187617'], ['1.0', '0.207110521300371', '0.0'], ['1.0', '0.7322032792895758', '0.7977207977207978'], ['1.0', '0.7505642783068296', '0.0'], ['1.0', '0.0886334469602038', '0.1538461538461538'], ['1.0', '0.6522286133283123', '0.0'], ['1.0', '0.43733510358490907', '0.0'], ['1.0', '0.20541869872994875', '0.0'], ['1.0', '0.7640056181142776', '0.1538461538461538'], ['1.0', '0.5336037778318089', '0.05917159763313605'], ['1.0', '0.3890818587978395', '0.043956043956043966'], ['1.0', '0.9059911788333866', '0.588235294117647'], ['1.0', '0.4522207899921283', '0.841799709724238'], ['1.0', '0.8875018801469786', '0.0'], ['1.0', '0.7478309728782464', '0.6293706293706293'], ['1.0', '0.6772998275618652', '0.606060606060606'], ['1.0', '0.7077277509351874', '0.32967032967032966'], ['1.0', '0.7816883421582552', '0.8284023668639052'], ['1.0', '0.526858657119861', '0.1538461538461538'], ['1.0', '0.8544841957609575', '0.8144796380090498'], ['1.0', '0.32123902556358636', '0.0'], ['1.0', '0.5495226683929625', '0.4905239687848383'], ['1.0', '0.27528164664902044', '0.4524886877828053'], ['1.0', '0.6689209448196212', '0.717948717948718'], ['1.0', '0.5462139692938944', '0.07692307692307698'], ['1.0', '0.35995050128362954', '0.4682274247491639'], ['1.0', '0.6297379858664242', '0.5437665782493368'], ['1.0', '0.7354086739497404', '0.20512820512820507'], ['1.0', '0.32962538179862344', '0.06410256410256404'], ['1.0', '0.6321766155695037', '0.0'], ['1.0', '0.3543920863088966', '0.7692307692307692'], ['1.0', '0.32385477752223957', '0.21978021978021983'], ['1.0', '0.466198310104026', '0.4081632653061224'], ['1.0', '0.5102355345875842', '0.3505355404089581'], ['1.0', '0.9433503644843023', '0.0']]]
3. most: ['1.0', '0.0', '0.0']
4: rand:[1.         0.38705017 0.15439064]
4: rand:[1.         0.5177875  0.21242938]
4: rand:[1.         0.67139497 0.36992942]
4: rand:[1.         0.47717633 0.42854581]
4: rand:[1.         0.6806265  0.51024892]
4: rand:[1.         0.48609562 0.47819586]
4: rand:[1.         0.43670717 0.49162927]
4: rand:[1.         0.60921918 0.41302862]
4: rand:[1.         0.38814694 0.45358698]
4: rand:[1.         0.4333168  0.41224131]
5: mid: [1.0, 0.642676419394232, 0.4821737449136785]
5: mid: [1.0, 0.6656203392926454, 0.4571150989086942]
5: mid: [1.0, 0.619582617089572, 0.45726773762694145]
5: mid: [1.0, 0.585559970202193, 0.42246479434860845]
5: mid: [1.0, 0.5699563173438801, 0.41503678257585813]
5: mid: [1.0, 0.5698090070404792, 0.41691761731236515]
5: mid: [1.0, 0.5713830085267753, 0.427534597582061]
5: mid: [1.0, 0.5791973209212768, 0.4295982876355553]
5: mid: [1.0, 0.576199515998179, 0.4313247547632193]
5: mid: [1.0, 0.582647836703278, 0.42675154480913097]

Time Taken to run SVM on the dataset = 0.43518996238708496
========================================================================================================================
========================================================================================================================
Current random seed:  26
['Cost-', 'Score-', 'Idle-']
1. top6:[['1.0', '0.25613525108535146', '0.0'], ['1.0', '0.8436102453482351', '0.035778175313059095'], ['1.0', '0.42007221382119336', '0.0'], ['1.0', '0.029456099776748696', '0.0'], ['1.0', '0.7253298660668054', '0.0904977375565611'], ['1.0', '0.5867191109861083', '0.1809954751131222']]
2. top50:[[['1.0', '0.25613525108535146', '0.0'], ['1.0', '0.8436102453482351', '0.035778175313059095'], ['1.0', '0.42007221382119336', '0.0'], ['1.0', '0.029456099776748696', '0.0'], ['1.0', '0.7253298660668054', '0.0904977375565611'], ['1.0', '0.5867191109861083', '0.1809954751131222'], ['1.0', '0.24578921922060476', '0.641025641025641'], ['1.0', '0.6611371793146434', '0.37735849056603765'], ['1.0', '0.2520535800270707', '0.04524886877828055'], ['1.0', '0.8909084666036952', '1.0'], ['1.0', '0.40263939705492535', '0.0'], ['1.0', '0.30546790416053826', '0.2692307692307693'], ['1.0', '0.2612584532488408', '0.0'], ['1.0', '0.0', '0.0'], ['1.0', '0.48228736413722373', '0.32258064516129037'], ['1.0', '0.5774480295746028', '0.3076923076923076'], ['1.0', '0.605856413697872', '0.6688963210702341'], ['1.0', '0.3652747605528516', '0.3278688524590164'], ['1.0', '0.8164699202045018', '0.7818411097099621'], ['1.0', '0.26804745668334923', '0.9615384615384615'], ['1.0', '0.87938570829424', '0.0'], ['1.0', '0.6712011299679685', '0.7201309328968903'], ['1.0', '0.5857743399111928', '0.6888633754305395'], ['1.0', '0.3145004344109713', '0.0'], ['1.0', '0.5427846300636304', '0.4395604395604395'], ['1.0', '0.36661846669465137', '0.21978021978021983'], ['1.0', '0.5102355345875842', '0.3505355404089581'], ['1.0', '0.6689304743733138', '0.1564537157757496'], ['1.0', '0.3959085301908223', '0.1398601398601399'], ['1.0', '0.5584483473568504', '0.5874125874125874'], ['1.0', '0.7429864194984104', '0.0'], ['1.0', '0.7640056181142776', '0.1538461538461538'], ['1.0', '0.1268304617590905', '0.0'], ['1.0', '0.29266863074548244', '0.0'], ['1.0', '0.05753091565116957', '0.03344481605351168'], ['1.0', '0.6103886732573002', '0.7692307692307692'], ['1.0', '0.4551602788733679', '0.15009380863039395'], ['1.0', '0.8212040826483523', '0.3365384615384615'], ['1.0', '0.8442426309825626', '0.0'], ['1.0', '0.6953332015367253', '0.7357859531772575'], ['1.0', '0.6296460516401686', '0.46153846153846156'], ['1.0', '0.40880561347065636', '0.4395604395604395'], ['1.0', '0.4175312010876515', '0.574052812858783'], ['1.0', '0.12388731703997348', '0.0'], ['1.0', '0.6008271907496804', '0.586080586080586'], ['1.0', '0.37894525915906585', '0.5668016194331984'], ['1.0', '0.5787467111903812', '0.8888888888888887'], ['1.0', '0.8085560424167252', '0.12307692307692301'], ['1.0', '0.4410325122866526', '0.5668016194331984'], ['1.0', '0.4795165357398858', '0.3479853479853479']]]
3. most: ['1.0', '0.0', '0.0']
4: rand:[1.         0.56079052 0.35067873]
4: rand:[1.         0.55374211 0.28205128]
4: rand:[1.         0.48322954 0.39043857]
4: rand:[1.         0.49598396 0.54879784]
4: rand:[1.         0.5869575  0.26428282]
4: rand:[1.         0.54441435 0.34355145]
4: rand:[1.         0.53573062 0.3029107 ]
4: rand:[1.         0.56179702 0.30174009]
4: rand:[1.         0.536892   0.34058121]
4: rand:[1.         0.48911314 0.3669594 ]
5: mid: [1.0, 0.5869316109484014, 0.4312555273718145]
5: mid: [1.0, 0.6376830494052748, 0.4127962044328949]
5: mid: [1.0, 0.5882040289827218, 0.4047899861648351]
5: mid: [1.0, 0.5902148986167133, 0.38569629483710954]
5: mid: [1.0, 0.5571734985354162, 0.3853890343601649]
5: mid: [1.0, 0.5462467077259578, 0.37787849876544866]
5: mid: [1.0, 0.5534957045033401, 0.37613950058053264]
5: mid: [1.0, 0.5783547376671943, 0.368709459455728]
5: mid: [1.0, 0.5502846758483582, 0.3824948639080057]
5: mid: [1.0, 0.5397259924383125, 0.38435701774382086]

Time Taken to run SVM on the dataset = 0.43608903884887695
========================================================================================================================
========================================================================================================================
Current random seed:  72
['Cost-', 'Score-', 'Idle-']
1. top6:[['1.0', '0.3648928314250252', '0.0'], ['1.0', '0.6354013641842751', '0.1923076923076923'], ['1.0', '0.20063288119672668', '0.523076923076923'], ['1.0', '0.39326247967146155', '0.3076923076923076'], ['1.0', '0.7728982409458062', '0.1538461538461538'], ['1.0', '0.5668719749699502', '0.9049773755656109']]
2. top50:[[['1.0', '0.3648928314250252', '0.0'], ['1.0', '0.6354013641842751', '0.1923076923076923'], ['1.0', '0.20063288119672668', '0.523076923076923'], ['1.0', '0.39326247967146155', '0.3076923076923076'], ['1.0', '0.7728982409458062', '0.1538461538461538'], ['1.0', '0.5668719749699502', '0.9049773755656109'], ['1.0', '0.7351506010679285', '0.1538461538461538'], ['1.0', '0.6611371793146434', '0.37735849056603765'], ['1.0', '0.3803323342744152', '0.5314685314685315'], ['1.0', '0.6553611080529278', '0.0'], ['1.0', '0.5174148026364954', '0.9401709401709402'], ['1.0', '0.6240976148753099', '0.7459207459207459'], ['1.0', '0.36661846669465137', '0.21978021978021983'], ['1.0', '0.4261915871940382', '0.8717948717948717'], ['1.0', '0.6285133842751442', '0.27972027972027963'], ['1.0', '0.4551602788733679', '0.15009380863039395'], ['1.0', '0.48654058136665634', '0.48582995951417'], ['1.0', '0.6146181919159853', '0.12820512820512825'], ['1.0', '0.3418687282800732', '0.0'], ['1.0', '0.10394320286877987', '0.0'], ['1.0', '0.3974682180119476', '0.5128205128205129'], ['1.0', '0.6103886732573002', '0.7692307692307692'], ['1.0', '0.34672272946846117', '0.6076276664511959'], ['1.0', '0.9010521476593695', '0.32967032967032966'], ['1.0', '0.5584483473568504', '0.5874125874125874'], ['1.0', '0.3306265159301931', '0.8547008547008547'], ['1.0', '0.05753091565116957', '0.03344481605351168'], ['1.0', '0.19444974871963347', '0.0'], ['1.0', '0.12910471315765124', '0.6923076923076922'], ['1.0', '0.11748192103684227', '0.5128205128205129'], ['1.0', '0.34164570033407515', '0.1636661211129297'], ['1.0', '0.3367812507541325', '0.6433566433566433'], ['1.0', '0.7151142184319721', '0.4524886877828053'], ['1.0', '0.7697948568871563', '0.1538461538461538'], ['1.0', '0.49065684589020403', '0.5384615384615384'], ['1.0', '0.7512299593920883', '0.4081632653061224'], ['1.0', '0.7917048844199869', '0.25641025641025633'], ['1.0', '0.8730166604829818', '0.25641025641025633'], ['1.0', '0.40569523476085767', '0.0'], ['1.0', '0.6474505064005825', '0.5200433369447454'], ['1.0', '0.592860696537856', '0.7692307692307692'], ['1.0', '0.4410325122866526', '0.5668016194331984'], ['1.0', '0.3449787911919208', '0.170940170940171'], ['1.0', '0.46647734496501664', '0.1809954751131222'], ['1.0', '0.4927597801203416', '0.5698005698005697'], ['1.0', '0.24414363657518845', '0.3846153846153846'], ['1.0', '0.20962888540386274', '0.23076923076923078'], ['1.0', '0.8919492660227205', '0.5128205128205129'], ['1.0', '0.7584343349788741', '0.7040417209908735'], ['1.0', '0.529906576814425', '0.40485829959514175']]]
3. most: ['1.0', '0.0', '0.0']
4: rand:[1.         0.53985162 0.32616279]
4: rand:[1.         0.4870952  0.46763593]
4: rand:[1.         0.40939082 0.25127986]
4: rand:[1.         0.44493575 0.48354249]
4: rand:[1.         0.65986565 0.29986864]
4: rand:[1.         0.50719562 0.51816493]
4: rand:[1.         0.52180697 0.33068067]
4: rand:[1.         0.41462715 0.34000227]
4: rand:[1.         0.54531257 0.39587346]
4: rand:[1.         0.50273003 0.47767359]
5: mid: [1.0, 0.6709399994939987, 0.41707119925541325]
5: mid: [1.0, 0.6730553104034686, 0.41064413103151]
5: mid: [1.0, 0.6557998651162775, 0.43357148732935735]
5: mid: [1.0, 0.6661121936850897, 0.42390486196260513]
5: mid: [1.0, 0.654232542571054, 0.4359117692627449]
5: mid: [1.0, 0.6571125875117634, 0.43067072701473835]
5: mid: [1.0, 0.6513922919701306, 0.42596026285831406]
5: mid: [1.0, 0.6376125651231813, 0.4346536624611876]
5: mid: [1.0, 0.6327200453540807, 0.4229298012818351]
5: mid: [1.0, 0.6389859761729082, 0.4310036828909348]

Time Taken to run SVM on the dataset = 0.34929513931274414
========================================================================================================================
========================================================================================================================
Current random seed:  86
['Cost-', 'Score-', 'Idle-']
1. top6:[['1.0', '0.4522207899921283', '0.841799709724238'], ['1.0', '0.5462139692938944', '0.07692307692307698'], ['1.0', '0.8085560424167252', '0.12307692307692301'], ['1.0', '0.207110521300371', '0.0'], ['1.0', '0.35953049561353034', '0.0'], ['1.0', '0.7917048844199869', '0.25641025641025633']]
2. top50:[[['1.0', '0.4522207899921283', '0.841799709724238'], ['1.0', '0.5462139692938944', '0.07692307692307698'], ['1.0', '0.8085560424167252', '0.12307692307692301'], ['1.0', '0.207110521300371', '0.0'], ['1.0', '0.35953049561353034', '0.0'], ['1.0', '0.7917048844199869', '0.25641025641025633'], ['1.0', '0.7029744496836556', '0.5594405594405595'], ['1.0', '0.11748192103684227', '0.5128205128205129'], ['1.0', '0.329700874000569', '0.5429864253393665'], ['1.0', '0.3367812507541325', '0.6433566433566433'], ['1.0', '0.6875867663766444', '0.40485829959514175'], ['1.0', '0.8164699202045018', '0.7818411097099621'], ['1.0', '0.0907664194887143', '0.0'], ['1.0', '0.3692003632677576', '0.25641025641025633'], ['1.0', '0.4401818684126407', '0.1183431952662721'], ['1.0', '0.4867365396831092', '0.45028142589118203'], ['1.0', '0.6108628109699409', '0.1431127012522362'], ['1.0', '0.7312348902677668', '0.7905982905982905'], ['1.0', '0.758185836892483', '0.06410256410256404'], ['1.0', '0.7638893891658647', '0.28846153846153844'], ['1.0', '0.4410325122866526', '0.5668016194331984'], ['1.0', '0.07676613179535449', '0.6153846153846154'], ['1.0', '0.7512299593920883', '0.4081632653061224'], ['1.0', '0.4892682775304377', '0.8058608058608059'], ['1.0', '0.7578455719090241', '0.0'], ['1.0', '0.5427846300636304', '0.4395604395604395'], ['1.0', '0.8496236793317239', '0.5698005698005697'], ['1.0', '0.2563682719041216', '0.5128205128205129'], ['1.0', '0.09528813674501377', '0.0'], ['1.0', '0.39152261295359064', '0.0'], ['1.0', '0.35800971013775584', '0.8695652173913044'], ['1.0', '0.5352067341663994', '0.5333333333333333'], ['1.0', '0.3565524615781673', '0.7692307692307692'], ['1.0', '0.11098560883627881', '0.7692307692307692'], ['1.0', '0.14854197646217332', '0.7784986098239112'], ['1.0', '0.6354013641842751', '0.1923076923076923'], ['1.0', '0.35445866928569614', '0.0'], ['1.0', '0.6474505064005825', '0.5200433369447454'], ['1.0', '0.9059911788333866', '0.588235294117647'], ['1.0', '0.3179662076551596', '0.0'], ['1.0', '0.5075292121287752', '0.18761726078799248'], ['1.0', '0.880554795300196', '0.879120879120879'], ['1.0', '0.4159634528775104', '0.6797853309481217'], ['1.0', '0.3152991911410498', '0.1183431952662721'], ['1.0', '0.4015610783472252', '0.0'], ['1.0', '0.27528164664902044', '0.4524886877828053'], ['1.0', '0.3461570824051774', '0.09925558312655094'], ['1.0', '0.6676965808112953', '0.4395604395604395'], ['1.0', '0.221033911726927', '0.3001876172607879'], ['1.0', '0.8875018801469786', '0.0']]]
3. most: ['1.0', '0.0', '0.0']
4: rand:[1.         0.4903982  0.61082193]
4: rand:[1.         0.60811407 0.34774573]
4: rand:[1.         0.49639985 0.29597595]
4: rand:[1.         0.46046323 0.31975991]
4: rand:[1.         0.4139492  0.52649798]
4: rand:[1.         0.55156449 0.37069934]
4: rand:[1.         0.53103931 0.41161878]
4: rand:[1.         0.51190574 0.31525672]
4: rand:[1.         0.4833102  0.33701239]
4: rand:[1.         0.3798738  0.48731224]
5: mid: [1.0, 0.5891460935215097, 0.36071465430754385]
5: mid: [1.0, 0.5725854673861165, 0.4181256837881857]
5: mid: [1.0, 0.5591506478707328, 0.4365346722513534]
5: mid: [1.0, 0.5668488263472773, 0.4469809328816473]
5: mid: [1.0, 0.5831571746417051, 0.47926404078900564]
5: mid: [1.0, 0.5625303111839917, 0.42552257691628526]
5: mid: [1.0, 0.5659481108991098, 0.4134060547644609]
5: mid: [1.0, 0.5692903084944041, 0.4092205190483502]
5: mid: [1.0, 0.5729432769563214, 0.4108260963594284]
5: mid: [1.0, 0.573594096556462, 0.4156725458492676]

Time Taken to run SVM on the dataset = 0.4095170497894287
========================================================================================================================
========================================================================================================================
Current random seed:  22
['Cost-', 'Score-', 'Idle-']
1. top6:[['1.0', '0.8919492660227205', '0.5128205128205129'], ['1.0', '0.8436102453482351', '0.035778175313059095'], ['1.0', '0.6843160700033423', '0.4487179487179486'], ['1.0', '0.5857743399111928', '0.6888633754305395'], ['1.0', '0.10387830287284644', '0.0'], ['1.0', '0.688350831808635', '0.6672845227062093']]
2. top50:[[['1.0', '0.8919492660227205', '0.5128205128205129'], ['1.0', '0.8436102453482351', '0.035778175313059095'], ['1.0', '0.6843160700033423', '0.4487179487179486'], ['1.0', '0.5857743399111928', '0.6888633754305395'], ['1.0', '0.10387830287284644', '0.0'], ['1.0', '0.688350831808635', '0.6672845227062093'], ['1.0', '0.34164570033407515', '0.1636661211129297'], ['1.0', '0.5896256466849873', '0.9743589743589742'], ['1.0', '0.48654058136665634', '0.48582995951417'], ['1.0', '0.5454218411819367', '0.1923076923076923'], ['1.0', '0.39326247967146155', '0.3076923076923076'], ['1.0', '0.4976649265070102', '0.3846153846153846'], ['1.0', '0.5292540972083514', '0.7100591715976331'], ['1.0', '0.5668719749699502', '0.9049773755656109'], ['1.0', '0.4522207899921283', '0.841799709724238'], ['1.0', '0.6632710240628423', '0.6993006993006994'], ['1.0', '0.33128756969448075', '0.25641025641025633'], ['1.0', '0.849204112769148', '0.5128205128205129'], ['1.0', '0.46647734496501664', '0.1809954751131222'], ['1.0', '0.6025217661840913', '0.0'], ['1.0', '0.7059543611590056', '0.3846153846153846'], ['1.0', '0.24578921922060476', '0.641025641025641'], ['1.0', '0.16147860609712644', '0.10256410256410253'], ['1.0', '0.6689209448196212', '0.717948717948718'], ['1.0', '0.4261915871940382', '0.8717948717948717'], ['1.0', '0.6346283506280187', '0.5128205128205129'], ['1.0', '0.7922471616407928', '0.1538461538461538'], ['1.0', '0.31273920266422983', '0.6153846153846154'], ['1.0', '0.6875867663766444', '0.40485829959514175'], ['1.0', '0.4410325122866526', '0.5668016194331984'], ['1.0', '0.5452423767973638', '0.3525641025641025'], ['1.0', '0.5639006394215135', '0.0'], ['1.0', '0.8286474702541661', '0.0854700854700855'], ['1.0', '0.798544866247378', '0.7977207977207978'], ['1.0', '0.2800029532666239', '0.0'], ['1.0', '0.3546438930467601', '0.0'], ['1.0', '0.5413317260978437', '0.5244755244755245'], ['1.0', '0.4868833968887202', '0.5641025641025641'], ['1.0', '0.7478309728782464', '0.6293706293706293'], ['1.0', '0.7814768454643284', '0.0'], ['1.0', '0.43733510358490907', '0.0'], ['1.0', '0.22581380666604012', '0.9557109557109557'], ['1.0', '0.6005817166534122', '0.10256410256410253'], ['1.0', '0.4946398434730377', '0.05917159763313605'], ['1.0', '0.5774480295746028', '0.3076923076923076'], ['1.0', '0.6133987781078587', '0.5827505827505828'], ['1.0', '0.6690569875103075', '0.48582995951417'], ['1.0', '0.14854197646217332', '0.7784986098239112'], ['1.0', '0.7351506010679285', '0.1538461538461538'], ['1.0', '0.670250808756713', '0.4895104895104896']]]
3. most: ['1.0', '0.0', '0.0']
4: rand:[1.         0.68667692 0.31083439]
4: rand:[1.         0.59458737 0.6670109 ]
4: rand:[1.         0.39837695 0.26473526]
4: rand:[1.         0.39425452 0.26134707]
4: rand:[1.         0.48840608 0.46706765]
4: rand:[1.         0.35841624 0.25213853]
4: rand:[1.         0.45054527 0.17891014]
4: rand:[1.         0.47825596 0.34706437]
4: rand:[1.         0.50212164 0.30877118]
4: rand:[1.         0.56169265 0.31536444]
5: mid: [1.0, 0.5998658745608639, 0.432955291469436]
5: mid: [1.0, 0.5628500176563886, 0.4186417466853634]
5: mid: [1.0, 0.5618223978054763, 0.39521284974213794]
5: mid: [1.0, 0.5732171803990618, 0.40510894756805765]
5: mid: [1.0, 0.5760296681880454, 0.4094663858045409]
5: mid: [1.0, 0.5558690122590054, 0.3983573656102447]
5: mid: [1.0, 0.5602180380031869, 0.4032413522904978]
5: mid: [1.0, 0.5763239721928746, 0.40276169572065007]
5: mid: [1.0, 0.5577895973967208, 0.39944121013322675]
5: mid: [1.0, 0.5518196899187477, 0.3997520667673253]

Time Taken to run SVM on the dataset = 0.4724771976470947
========================================================================================================================
========================================================================================================================
Current random seed:  94
['Cost-', 'Score-', 'Idle-']
1. top6:[['1.0', '0.25776827966543364', '0.0'], ['1.0', '0.526858657119861', '0.1538461538461538'], ['1.0', '0.8807399320451058', '0.3076923076923076'], ['1.0', '0.4717716628211696', '0.42440318302387264'], ['1.0', '0.20541869872994875', '0.0'], ['1.0', '0.3012958771182707', '0.0']]
2. top50:[[['1.0', '0.25776827966543364', '0.0'], ['1.0', '0.526858657119861', '0.1538461538461538'], ['1.0', '0.8807399320451058', '0.3076923076923076'], ['1.0', '0.4717716628211696', '0.42440318302387264'], ['1.0', '0.20541869872994875', '0.0'], ['1.0', '0.3012958771182707', '0.0'], ['1.0', '0.31273920266422983', '0.6153846153846154'], ['1.0', '0.46805223866764195', '0.590094836670179'], ['1.0', '0.16404110314961695', '0.0'], ['1.0', '0.7803550473448094', '0.27613412228796846'], ['1.0', '0.8041547510093715', '0.7599629286376275'], ['1.0', '0.24414363657518845', '0.3846153846153846'], ['1.0', '0.40880561347065636', '0.4395604395604395'], ['1.0', '0.31300629118403783', '0.6366047745358091'], ['1.0', '0.6712011299679685', '0.7201309328968903'], ['1.0', '0.20063288119672668', '0.523076923076923'], ['1.0', '0.5336037778318089', '0.05917159763313605'], ['1.0', '0.2925605122531943', '0.0'], ['1.0', '0.5136258529537513', '0.03944773175542409'], ['1.0', '0.798544866247378', '0.7977207977207978'], ['1.0', '0.5804426671147197', '1.0'], ['1.0', '0.11748192103684227', '0.5128205128205129'], ['1.0', '0.7029744496836556', '0.5594405594405595'], ['1.0', '0.6977034064062189', '0.34188034188034183'], ['1.0', '0.6714362616672752', '0.39160839160839156'], ['1.0', '0.46798776179872575', '0.7894736842105262'], ['1.0', '1.0', '0.1923076923076923'], ['1.0', '0.5826903497929555', '0.0'], ['1.0', '0.7757873037614771', '0.1923076923076923'], ['1.0', '0.2718164123527708', '0.170940170940171'], ['1.0', '0.749248483544642', '0.0'], ['1.0', '0.5527394291547922', '0.5769230769230769'], ['1.0', '0.4910568666804687', '0.3001876172607879'], ['1.0', '0.4525475965337757', '0.7100591715976331'], ['1.0', '0.23849707539748405', '0.4733727810650888'], ['1.0', '0.11897577222477879', '0.8547008547008547'], ['1.0', '0.1475231267401278', '0.5128205128205129'], ['1.0', '0.6768863452329472', '0.25641025641025633'], ['1.0', '0.25834925183298235', '0.05698005698005706'], ['1.0', '0.7805227266669038', '0.4395604395604395'], ['1.0', '0.29798920223771175', '0.0'], ['1.0', '0.6315268830890522', '0.4347826086956522'], ['1.0', '0.1268304617590905', '0.0'], ['1.0', '0.14552872502964126', '0.7521367521367521'], ['1.0', '0.3152991911410498', '0.1183431952662721'], ['1.0', '0.7136847698597026', '0.49346879535558785'], ['1.0', '0.4461372725456996', '0.41958041958041953'], ['1.0', '0.07676613179535449', '0.6153846153846154'], ['1.0', '0.7282882195815588', '1.0'], ['1.0', '0.5207780599965339', '0.4945054945054944']]]
3. most: ['1.0', '0.0', '0.0']
4: rand:[1.         0.50041652 0.63589744]
4: rand:[1.         0.41373552 0.35980244]
4: rand:[1.         0.46447763 0.50662721]
4: rand:[1.         0.50542039 0.40550383]
4: rand:[1.         0.60733622 0.53533317]
4: rand:[1.         0.51777984 0.41156472]
4: rand:[1.         0.51777911 0.35441777]
4: rand:[1.         0.52680998 0.38262262]
4: rand:[1.         0.57250221 0.5318982 ]
4: rand:[1.         0.45885087 0.38342695]
5: mid: [1.0, 0.5932207224928437, 0.39684974331459644]
5: mid: [1.0, 0.5934753700605853, 0.3840873969882852]
5: mid: [1.0, 0.582898932210196, 0.3992432652474858]
5: mid: [1.0, 0.5922895886698369, 0.3898978210211876]
5: mid: [1.0, 0.5892298640131228, 0.38043802732573356]
5: mid: [1.0, 0.5690882764464618, 0.41077527954158777]
5: mid: [1.0, 0.5777071559081138, 0.40363579274765166]
5: mid: [1.0, 0.5775113290925119, 0.39891741173250633]
5: mid: [1.0, 0.5735734831257787, 0.41041084823818935]
5: mid: [1.0, 0.5692790740018511, 0.4202350635763488]

Time Taken to run SVM on the dataset = 0.44080615043640137
========================================================================================================================
========================================================================================================================
Current random seed:  78
['Cost-', 'Score-', 'Idle-']
1. top6:[['1.0', '0.1746775761675382', '0.0'], ['1.0', '0.7612023940501987', '0.44444444444444436'], ['1.0', '0.4892682775304377', '0.8058608058608059'], ['1.0', '0.14552872502964126', '0.7521367521367521'], ['1.0', '0.7922471616407928', '0.1538461538461538'], ['1.0', '0.7380376697287494', '0.1398601398601399']]
2. top50:[[['1.0', '0.1746775761675382', '0.0'], ['1.0', '0.7612023940501987', '0.44444444444444436'], ['1.0', '0.4892682775304377', '0.8058608058608059'], ['1.0', '0.14552872502964126', '0.7521367521367521'], ['1.0', '0.7922471616407928', '0.1538461538461538'], ['1.0', '0.7380376697287494', '0.1398601398601399'], ['1.0', '0.5774480295746028', '0.3076923076923076'], ['1.0', '0.6474505064005825', '0.5200433369447454'], ['1.0', '0.2745871218744137', '0.8974358974358972'], ['1.0', '0.7029744496836556', '0.5594405594405595'], ['1.0', '0.4480424653448664', '0.8653846153846153'], ['1.0', '0.7553006319640158', '0.0'], ['1.0', '0.5229248249363105', '0.5394605394605394'], ['1.0', '0.7499329043436751', '0.1538461538461538'], ['1.0', '0.5560606941812147', '0.3846153846153846'], ['1.0', '0.35445866928569614', '0.0'], ['1.0', '0.4976649265070102', '0.3846153846153846'], ['1.0', '0.1611757348253099', '1.0'], ['1.0', '0.7151142184319721', '0.4524886877828053'], ['1.0', '0.06797865376170427', '0.0'], ['1.0', '0.5059896922634238', '0.5128205128205129'], ['1.0', '0.3949422390867544', '0.0'], ['1.0', '0.5766789994958976', '0.49773755656108587'], ['1.0', '0.6648924360299309', '0.5128205128205129'], ['1.0', '0.758185836892483', '0.06410256410256404'], ['1.0', '0.25776827966543364', '0.0'], ['1.0', '0.24844284733630256', '0.8191808191808193'], ['1.0', '0.5336037778318089', '0.05917159763313605'], ['1.0', '0.46798776179872575', '0.7894736842105262'], ['1.0', '0.7834265803732801', '0.4023668639053254'], ['1.0', '0.5527394291547922', '0.5769230769230769'], ['1.0', '0.6676591609858268', '0.0'], ['1.0', '0.4927597801203416', '0.5698005698005697'], ['1.0', '0.3084892172386165', '0.25641025641025633'], ['1.0', '0.33555165919307156', '0.0'], ['1.0', '0.3692003632677576', '0.25641025641025633'], ['1.0', '0.4491740945048858', '0.4807692307692307'], ['1.0', '0.48654058136665634', '0.48582995951417'], ['1.0', '0.4738498403136969', '0.6923076923076922'], ['1.0', '0.7728982409458062', '0.1538461538461538'], ['1.0', '0.583803635473612', '0.3550295857988165'], ['1.0', '0.348828778300268', '0.1923076923076923'], ['1.0', '0.26626435463194514', '0.641025641025641'], ['1.0', '0.7690112891447416', '0.7692307692307692'], ['1.0', '0.5827997601026579', '0.5594405594405595'], ['1.0', '0.12388731703997348', '0.0'], ['1.0', '0.12199095303865189', '0.26035502958579876'], ['1.0', '0.7253298660668054', '0.0904977375565611'], ['1.0', '0.38487068646085026', '0.0'], ['1.0', '0.6102207964175518', '0.5570291777188328']]]
3. most: ['1.0', '0.0', '0.0']
4: rand:[1.         0.6981427  0.42273235]
4: rand:[1.         0.43877143 0.40832436]
4: rand:[1.         0.48650328 0.34985922]
4: rand:[1.         0.65644343 0.51645971]
4: rand:[1.         0.43729164 0.40670562]
4: rand:[1.         0.43813414 0.45706869]
4: rand:[1.         0.58794231 0.37727684]
4: rand:[1.         0.65711041 0.50236891]
4: rand:[1.         0.43127129 0.48243645]
4: rand:[1.         0.48158269 0.46664125]
5: mid: [1.0, 0.5899140648605514, 0.4074639877291172]
5: mid: [1.0, 0.5967901154082081, 0.4358758775867109]
5: mid: [1.0, 0.6043930621732541, 0.45198224440975043]
5: mid: [1.0, 0.5871202963187627, 0.41734340479671583]
5: mid: [1.0, 0.6013685843044396, 0.44311579255553174]
5: mid: [1.0, 0.6216659997489736, 0.43337506236200657]
5: mid: [1.0, 0.6416704706822385, 0.4260092895989037]
5: mid: [1.0, 0.6193265763376449, 0.4624375022793854]
5: mid: [1.0, 0.6138709213257223, 0.44584329518325677]
5: mid: [1.0, 0.635424924457475, 0.4422684691539605]

Time Taken to run SVM on the dataset = 0.33509016036987305
========================================================================================================================
========================================================================================================================
Current random seed:  53
['Cost-', 'Score-', 'Idle-']
1. top6:[['1.0', '0.3904238667867794', '0.521978021978022'], ['1.0', '0.7584343349788741', '0.7040417209908735'], ['1.0', '0.6632710240628423', '0.6993006993006994'], ['1.0', '0.8212040826483523', '0.3365384615384615'], ['1.0', '0.19444974871963347', '0.0'], ['1.0', '0.8164699202045018', '0.7818411097099621']]
2. top50:[[['1.0', '0.3904238667867794', '0.521978021978022'], ['1.0', '0.7584343349788741', '0.7040417209908735'], ['1.0', '0.6632710240628423', '0.6993006993006994'], ['1.0', '0.8212040826483523', '0.3365384615384615'], ['1.0', '0.19444974871963347', '0.0'], ['1.0', '0.8164699202045018', '0.7818411097099621'], ['1.0', '0.5377043431973513', '0.5465587044534412'], ['1.0', '0.6953332015367253', '0.7357859531772575'], ['1.0', '0.6569367147991267', '0.0'], ['1.0', '0.36661846669465137', '0.21978021978021983'], ['1.0', '0.47125251260124523', '0.6552706552706552'], ['1.0', '0.5827997601026579', '0.5594405594405595'], ['1.0', '0.6346283506280187', '0.5128205128205129'], ['1.0', '1.0', '0.1923076923076923'], ['1.0', '0.38320303682280565', '0.6153846153846154'], ['1.0', '0.8085560424167252', '0.12307692307692301'], ['1.0', '0.7690112891447416', '0.7692307692307692'], ['1.0', '0.7077277509351874', '0.32967032967032966'], ['1.0', '0.39602782500178396', '0.46703296703296704'], ['1.0', '0.20050018323646868', '1.0'], ['1.0', '0.6231526321772047', '0.6923076923076922'], ['1.0', '0.5668719749699502', '0.9049773755656109'], ['1.0', '0.25613525108535146', '0.0'], ['1.0', '0.29798920223771175', '0.0'], ['1.0', '0.35995050128362954', '0.4682274247491639'], ['1.0', '0.8286474702541661', '0.0854700854700855'], ['1.0', '0.7029744496836556', '0.5594405594405595'], ['1.0', '0.3923424733362719', '0.9049773755656109'], ['1.0', '0.5110019137580363', '0.0'], ['1.0', '0.5452423767973638', '0.3525641025641025'], ['1.0', '0.5538339767733886', '0.6877828054298641'], ['1.0', '0.18354371151845558', '0.7692307692307692'], ['1.0', '0.3499359149841855', '0.5728314238952538'], ['1.0', '0.770718137335216', '0.6029106029106028'], ['1.0', '0.583803635473612', '0.3550295857988165'], ['1.0', '0.6068849464091599', '0.0'], ['1.0', '0.221033911726927', '0.3001876172607879'], ['1.0', '0.5826903497929555', '0.0'], ['1.0', '0.6772998275618652', '0.606060606060606'], ['1.0', '0.2612584532488408', '0.0'], ['1.0', '0.5477912414179767', '0.8026755852842808'], ['1.0', '0.5059896922634238', '0.5128205128205129'], ['1.0', '0.7917048844199869', '0.25641025641025633'], ['1.0', '0.3880871290947411', '0.19851116625310172'], ['1.0', '0.7505642783068296', '0.0'], ['1.0', '0.3222638452588592', '0.31558185404339256'], ['1.0', '0.3949422390867544', '0.0'], ['1.0', '0.6445330053258813', '0.3619909502262444'], ['1.0', '0.6098590052398374', '0.6706114398422091'], ['1.0', '0.13023297523521035', '0.8333333333333334']]]
3. most: ['1.0', '0.0', '0.0']
4: rand:[1.        0.3926066 0.3989344]
4: rand:[1.         0.31111065 0.11904762]
4: rand:[1.         0.49796365 0.31797334]
4: rand:[1.         0.42810354 0.2200395 ]
4: rand:[1.         0.47441993 0.38149457]
4: rand:[1.         0.65122114 0.29401344]
4: rand:[1.         0.60971104 0.3819842 ]
4: rand:[1.         0.54873078 0.53373471]
4: rand:[1.         0.58540537 0.39446925]
4: rand:[1.         0.45816599 0.30093277]
5: mid: [1.0, 0.630485205003804, 0.44538530314735847]
5: mid: [1.0, 0.63154923426323, 0.4431644199773196]
5: mid: [1.0, 0.6170142952285206, 0.441496656647647]
5: mid: [1.0, 0.6184269297332671, 0.4447175316102684]
5: mid: [1.0, 0.6166152436586596, 0.44791392037690714]
5: mid: [1.0, 0.6190018976782525, 0.450219801543488]
5: mid: [1.0, 0.6216067996443662, 0.4495164227650945]
5: mid: [1.0, 0.6170854806326861, 0.4529506779029458]
5: mid: [1.0, 0.6109676513613249, 0.45937618418359283]
5: mid: [1.0, 0.610246532581872, 0.4615858004204519]

Time Taken to run SVM on the dataset = 0.3725728988647461
========================================================================================================================
========================================================================================================================
Current random seed:  43
['Cost-', 'Score-', 'Idle-']
1. top6:[['1.0', '0.28012514230099067', '0.41958041958041953'], ['1.0', '0.7134809008430197', '0.1183431952662721'], ['1.0', '0.5766789994958976', '0.49773755656108587'], ['1.0', '0.37095690076345533', '0.8717948717948717'], ['1.0', '0.6103886732573002', '0.7692307692307692'], ['1.0', '0.5110019137580363', '0.0']]
2. top50:[[['1.0', '0.28012514230099067', '0.41958041958041953'], ['1.0', '0.7134809008430197', '0.1183431952662721'], ['1.0', '0.5766789994958976', '0.49773755656108587'], ['1.0', '0.37095690076345533', '0.8717948717948717'], ['1.0', '0.6103886732573002', '0.7692307692307692'], ['1.0', '0.5110019137580363', '0.0'], ['1.0', '0.7521304584709575', '0.0'], ['1.0', '0.24414363657518845', '0.3846153846153846'], ['1.0', '0.749248483544642', '0.0'], ['1.0', '0.7351506010679285', '0.1538461538461538'], ['1.0', '0.4522207899921283', '0.841799709724238'], ['1.0', '0.4892682775304377', '0.8058608058608059'], ['1.0', '1.0', '0.1923076923076923'], ['1.0', '0.6285133842751442', '0.27972027972027963'], ['1.0', '0.8041547510093715', '0.7599629286376275'], ['1.0', '0.7566853324250261', '0.8228980322003578'], ['1.0', '0.40569523476085767', '0.0'], ['1.0', '0.32613088209056096', '0.661703887510339'], ['1.0', '0.5867191109861083', '0.1809954751131222'], ['1.0', '0.5639006394215135', '0.0'], ['1.0', '0.46816258467750477', '0.5594405594405595'], ['1.0', '0.3652747605528516', '0.3278688524590164'], ['1.0', '0.7584343349788741', '0.7040417209908735'], ['1.0', '0.5448462448927527', '0.7852564102564104'], ['1.0', '0.35445866928569614', '0.0'], ['1.0', '0.26626435463194514', '0.641025641025641'], ['1.0', '0.5804426671147197', '1.0'], ['1.0', '0.4015610783472252', '0.0'], ['1.0', '0.5647030815883203', '0.0'], ['1.0', '0.2520535800270707', '0.04524886877828055'], ['1.0', '0.43733510358490907', '0.0'], ['1.0', '0.7036200040102367', '0.6203473945409429'], ['1.0', '0.7578455719090241', '0.0'], ['1.0', '0.8807399320451058', '0.3076923076923076'], ['1.0', '0.5427045275986638', '0.6334841628959276'], ['1.0', '0.13023297523521035', '0.8333333333333334'], ['1.0', '0.5538339767733886', '0.6877828054298641'], ['1.0', '0.9070507744160392', '0.25641025641025633'], ['1.0', '0.704129502333454', '0.32967032967032966'], ['1.0', '0.5336037778318089', '0.05917159763313605'], ['1.0', '0.4879473989012259', '0.0'], ['1.0', '0.8909084666036952', '1.0'], ['1.0', '0.7151142184319721', '0.4524886877828053'], ['1.0', '0.7816883421582552', '0.8284023668639052'], ['1.0', '0.8442426309825626', '0.0'], ['1.0', '0.6772998275618652', '0.606060606060606'], ['1.0', '0.6735251570016997', '0.6219312602291326'], ['1.0', '0.5746227615461037', '0.2366863905325444'], ['1.0', '0.526858657119861', '0.1538461538461538'], ['1.0', '0.3072906257806875', '0.8026755852842808']]]
3. most: ['1.0', '0.0', '0.0']
4: rand:[1.         0.36831135 0.16067814]
4: rand:[1.         0.57578616 0.43462952]
4: rand:[1.         0.62205989 0.39746981]
4: rand:[1.         0.50430428 0.40543818]
4: rand:[1.         0.63749916 0.3817236 ]
4: rand:[1.         0.66521784 0.24029627]
4: rand:[1.         0.68095887 0.38357503]
4: rand:[1.         0.50241623 0.34555743]
4: rand:[1.         0.44329338 0.33594864]
4: rand:[1.         0.56569402 0.35618885]
5: mid: [1.0, 0.575126597432995, 0.4710462080297911]
5: mid: [1.0, 0.6121189010085011, 0.486080417252601]
5: mid: [1.0, 0.6298299029357444, 0.4723545757257689]
5: mid: [1.0, 0.6300982841625404, 0.46260323538622444]
5: mid: [1.0, 0.6360035426010313, 0.4604703080013813]
5: mid: [1.0, 0.6376509274420016, 0.4483548832986884]
5: mid: [1.0, 0.6263804776492545, 0.422875907311171]
5: mid: [1.0, 0.616737348707949, 0.4711658499056472]
5: mid: [1.0, 0.6178125899442551, 0.4889782507007192]
5: mid: [1.0, 0.6210639145239251, 0.47623754212222696]

Time Taken to run SVM on the dataset = 0.3475179672241211
========================================================================================================================
========================================================================================================================
Current random seed:  97
['Cost-', 'Score-', 'Idle-']
1. top6:[['1.0', '0.5467651078632411', '0.4158004158004158'], ['1.0', '0.6712011299679685', '0.7201309328968903'], ['1.0', '0.4905360093380776', '0.21978021978021983'], ['1.0', '0.46816258467750477', '0.5594405594405595'], ['1.0', '0.7781690498884826', '0.7100591715976331'], ['1.0', '0.11897577222477879', '0.8547008547008547']]
2. top50:[[['1.0', '0.5467651078632411', '0.4158004158004158'], ['1.0', '0.6712011299679685', '0.7201309328968903'], ['1.0', '0.4905360093380776', '0.21978021978021983'], ['1.0', '0.46816258467750477', '0.5594405594405595'], ['1.0', '0.7781690498884826', '0.7100591715976331'], ['1.0', '0.11897577222477879', '0.8547008547008547'], ['1.0', '0.7312348902677668', '0.7905982905982905'], ['1.0', '0.7339411006117393', '0.6366047745358091'], ['1.0', '0.999030032093725', '0.0'], ['1.0', '0.5746227615461037', '0.2366863905325444'], ['1.0', '0.4379504564827494', '0.08205128205128207'], ['1.0', '0.5173807350197029', '0.9725906277630415'], ['1.0', '0.6133987781078587', '0.5827505827505828'], ['1.0', '0.48228736413722373', '0.32258064516129037'], ['1.0', '0.16404110314961695', '0.0'], ['1.0', '0.5546217917664612', '0.10989010989010983'], ['1.0', '0.7029744496836556', '0.5594405594405595'], ['1.0', '0.1746775761675382', '0.0'], ['1.0', '0.6735251570016997', '0.6219312602291326'], ['1.0', '0.4023211270851974', '0.9401709401709402'], ['1.0', '0.9010521476593695', '0.32967032967032966'], ['1.0', '0.32385477752223957', '0.21978021978021983'], ['1.0', '0.87938570829424', '0.0'], ['1.0', '0.5871682322613884', '0.34188034188034183'], ['1.0', '0.6648924360299309', '0.5128205128205129'], ['1.0', '0.3758249122834642', '0.4347826086956522'], ['1.0', '0.22581380666604012', '0.9557109557109557'], ['1.0', '0.4867365396831092', '0.45028142589118203'], ['1.0', '0.4651865601893059', '0.0'], ['1.0', '0.5857743399111928', '0.6888633754305395'], ['1.0', '0.8658152809483808', '0.608974358974359'], ['1.0', '0.31300629118403783', '0.6366047745358091'], ['1.0', '0.526858657119861', '0.1538461538461538'], ['1.0', '0.45093714630972703', '0.4733727810650888'], ['1.0', '0.37095690076345533', '0.8717948717948717'], ['1.0', '0.4525475965337757', '0.7100591715976331'], ['1.0', '0.7503769896852218', '0.879120879120879'], ['1.0', '0.7612023940501987', '0.44444444444444436'], ['1.0', '0.5647030815883203', '0.0'], ['1.0', '0.40215973302195746', '0.621301775147929'], ['1.0', '0.7036200040102367', '0.6203473945409429'], ['1.0', '0.7834265803732801', '0.4023668639053254'], ['1.0', '0.14653146069843329', '0.6676342525399129'], ['1.0', '0.6611371793146434', '0.37735849056603765'], ['1.0', '0.8909084666036952', '1.0'], ['1.0', '0.2578280160450963', '0.7692307692307692'], ['1.0', '0.348828778300268', '0.1923076923076923'], ['1.0', '0.6301822838164889', '0.3508771929824562'], ['1.0', '0.6843160700033423', '0.4487179487179486'], ['1.0', '0.5691487736882886', '0.6153846153846154']]]
3. most: ['1.0', '0.0', '0.0']
4: rand:[1.         0.35772122 0.33963585]
4: rand:[1.         0.40313536 0.58843266]
4: rand:[1.         0.65870995 0.46650858]
4: rand:[1.         0.59894191 0.55264783]
4: rand:[1.         0.56320384 0.36153039]
4: rand:[1.         0.59501691 0.33414102]
4: rand:[1.         0.47261661 0.57210048]
4: rand:[1.         0.65680719 0.40600742]
4: rand:[1.         0.46068459 0.30697076]
4: rand:[1.         0.52702231 0.35128538]
5: mid: [1.0, 0.6736624277654314, 0.43533048374457184]
5: mid: [1.0, 0.5902864084658284, 0.39965337645430143]
5: mid: [1.0, 0.5873266994786371, 0.40477031278447195]
5: mid: [1.0, 0.5920734991405309, 0.41164227653713303]
5: mid: [1.0, 0.5969713343219553, 0.41043300423756074]
5: mid: [1.0, 0.5739764197123896, 0.3993206071523725]
5: mid: [1.0, 0.5862327517547437, 0.4017729417454136]
5: mid: [1.0, 0.5864372105556115, 0.3853719387043379]
5: mid: [1.0, 0.5800829623456573, 0.3745840650308387]
5: mid: [1.0, 0.5900553475045643, 0.3787982983498351]

Time Taken to run SVM on the dataset = 0.3817579746246338
========================================================================================================================
========================================================================================================================
Current random seed:  85
['Cost-', 'Score-', 'Idle-']
1. top6:[['1.0', '0.9433503644843023', '0.0'], ['1.0', '0.48654058136665634', '0.48582995951417'], ['1.0', '0.48672930544781756', '0.1538461538461538'], ['1.0', '0.7578455719090241', '0.0'], ['1.0', '0.7036200040102367', '0.6203473945409429'], ['1.0', '0.32123902556358636', '0.0']]
2. top50:[[['1.0', '0.9433503644843023', '0.0'], ['1.0', '0.48654058136665634', '0.48582995951417'], ['1.0', '0.48672930544781756', '0.1538461538461538'], ['1.0', '0.7578455719090241', '0.0'], ['1.0', '0.7036200040102367', '0.6203473945409429'], ['1.0', '0.32123902556358636', '0.0'], ['1.0', '0.3086760115449137', '0.17751479289940833'], ['1.0', '0.26835685462037756', '0.0'], ['1.0', '0.58342437097869', '0.7264957264957265'], ['1.0', '0.05753091565116957', '0.03344481605351168'], ['1.0', '0.7521304584709575', '0.0'], ['1.0', '0.5462139692938944', '0.07692307692307698'], ['1.0', '0.6567800145935004', '0.0'], ['1.0', '0.7420027608764279', '0.21978021978021983'], ['1.0', '0.8436102453482351', '0.035778175313059095'], ['1.0', '0.4927597801203416', '0.5698005698005697'], ['1.0', '0.6005817166534122', '0.10256410256410253'], ['1.0', '0.8919492660227205', '0.5128205128205129'], ['1.0', '0.54204640732085', '0.5314685314685315'], ['1.0', '0.5427045275986638', '0.6334841628959276'], ['1.0', '0.7503769896852218', '0.879120879120879'], ['1.0', '0.46805223866764195', '0.590094836670179'], ['1.0', '0.30546790416053826', '0.2692307692307693'], ['1.0', '0.5136258529537513', '0.03944773175542409'], ['1.0', '0.7336061117546132', '0.45503791982665226'], ['1.0', '0.40263939705492535', '0.0'], ['1.0', '0.4261915871940382', '0.8717948717948717'], ['1.0', '0.9397859415275274', '0.6923076923076922'], ['1.0', '0.24578921922060476', '0.641025641025641'], ['1.0', '0.5999313448977424', '0.25641025641025633'], ['1.0', '0.23849707539748405', '0.4733727810650888'], ['1.0', '0.7566853324250261', '0.8228980322003578'], ['1.0', '0.31273920266422983', '0.6153846153846154'], ['1.0', '0.5454218411819367', '0.1923076923076923'], ['1.0', '0.262439995959241', '0.0'], ['1.0', '0.605856413697872', '0.6688963210702341'], ['1.0', '0.4419826195182264', '0.04048582995951412'], ['1.0', '0.3648928314250252', '0.0'], ['1.0', '0.6858407929999158', '0.0'], ['1.0', '0.7354086739497404', '0.20512820512820507'], ['1.0', '0.3803323342744152', '0.5314685314685315'], ['1.0', '0.25097139726746226', '0.8391608391608391'], ['1.0', '0.9070200564859189', '0.0'], ['1.0', '0.348828778300268', '0.1923076923076923'], ['1.0', '0.5679691848059709', '0.8144796380090498'], ['1.0', '0.7922471616407928', '0.1538461538461538'], ['1.0', '0.6321766155695037', '0.0'], ['1.0', '0.5802401164356296', '0.2429149797570851'], ['1.0', '0.5692465870687105', '0.32967032967032966'], ['1.0', '0.20962888540386274', '0.23076923076923078']]]
3. most: ['1.0', '0.0', '0.0']
4: rand:[1.         0.56998079 0.82400597]
4: rand:[1.         0.43348668 0.23906104]
4: rand:[1.         0.62217888 0.25370997]
4: rand:[1.         0.56158551 0.44276528]
4: rand:[1.         0.71053391 0.22972947]
4: rand:[1.         0.35947183 0.22505262]
4: rand:[1.         0.53614661 0.36538938]
4: rand:[1.         0.48571593 0.27580861]
4: rand:[1.         0.55786476 0.43092315]
4: rand:[1.         0.57902205 0.3304979 ]
5: mid: [1.0, 0.6966652949866792, 0.2945459271941046]
5: mid: [1.0, 0.6858521308871784, 0.41222084248426905]
5: mid: [1.0, 0.7029202964877554, 0.4346718656646017]
5: mid: [1.0, 0.6861599859191667, 0.5638705479169027]
5: mid: [1.0, 0.73906731170871, 0.5252493473027855]
5: mid: [1.0, 0.7116982934009998, 0.4565950647215118]
5: mid: [1.0, 0.646650902378583, 0.44040349675747403]
5: mid: [1.0, 0.6795720986547558, 0.43226163144074525]
5: mid: [1.0, 0.6203702713290555, 0.42941664669213797]
5: mid: [1.0, 0.6150029554024177, 0.4208400485571066]

Time Taken to run SVM on the dataset = 0.2985069751739502
========================================================================================================================
========================================================================================================================
Current random seed:  38
['Cost-', 'Score-', 'Idle-']
1. top6:[['1.0', '0.6090624358009551', '0.39702233250620345'], ['1.0', '0.4868833968887202', '0.5641025641025641'], ['1.0', '0.6712011299679685', '0.7201309328968903'], ['1.0', '0.26626435463194514', '0.641025641025641'], ['1.0', '0.5527394291547922', '0.5769230769230769'], ['1.0', '0.7638893891658647', '0.28846153846153844']]
2. top50:[[['1.0', '0.6090624358009551', '0.39702233250620345'], ['1.0', '0.4868833968887202', '0.5641025641025641'], ['1.0', '0.6712011299679685', '0.7201309328968903'], ['1.0', '0.26626435463194514', '0.641025641025641'], ['1.0', '0.5527394291547922', '0.5769230769230769'], ['1.0', '0.7638893891658647', '0.28846153846153844'], ['1.0', '0.2578280160450963', '0.7692307692307692'], ['1.0', '0.11098560883627881', '0.7692307692307692'], ['1.0', '0.7351506010679285', '0.1538461538461538'], ['1.0', '0.7487716915548084', '0.35164835164835156'], ['1.0', '0.6553611080529278', '0.0'], ['1.0', '0.698259731059971', '0.08791208791208793'], ['1.0', '0.7566853324250261', '0.8228980322003578'], ['1.0', '0.7380376697287494', '0.1398601398601399'], ['1.0', '0.26804745668334923', '0.9615384615384615'], ['1.0', '0.515240421139051', '0.8421052631578946'], ['1.0', '0.5668719749699502', '0.9049773755656109'], ['1.0', '0.670250808756713', '0.4895104895104896'], ['1.0', '0.6724006167906499', '0.170940170940171'], ['1.0', '0.5884688939247481', '0.5570291777188328'], ['1.0', '0.663808040435951', '0.27972027972027963'], ['1.0', '0.2891203713625623', '0.0'], ['1.0', '0.38320303682280565', '0.6153846153846154'], ['1.0', '0.5174148026364954', '0.9401709401709402'], ['1.0', '0.3152991911410498', '0.1183431952662721'], ['1.0', '0.2612584532488408', '0.0'], ['1.0', '0.6005817166534122', '0.10256410256410253'], ['1.0', '0.1611757348253099', '1.0'], ['1.0', '0.7336061117546132', '0.45503791982665226'], ['1.0', '0.688350831808635', '0.6672845227062093'], ['1.0', '0.4159634528775104', '0.6797853309481217'], ['1.0', '0.15461323190537787', '0.3076923076923076'], ['1.0', '0.49218634315298276', '0.6923076923076922'], ['1.0', '0.4068509832017028', '0.6153846153846154'], ['1.0', '0.6977034064062189', '0.34188034188034183'], ['1.0', '0.613206310454743', '0.641025641025641'], ['1.0', '0.22107427126061763', '0.21978021978021983'], ['1.0', '0.3457657954574675', '0.6993006993006994'], ['1.0', '0.3974682180119476', '0.5128205128205129'], ['1.0', '0.669704166633882', '0.0'], ['1.0', '0.6108628109699409', '0.1431127012522362'], ['1.0', '0.7503769896852218', '0.879120879120879'], ['1.0', '0.7803550473448094', '0.27613412228796846'], ['1.0', '0.07676613179535449', '0.6153846153846154'], ['1.0', '0.48672930544781756', '0.1538461538461538'], ['1.0', '0.7512299593920883', '0.4081632653061224'], ['1.0', '0.10387830287284644', '0.0'], ['1.0', '0.41092057816460054', '0.9568480300187617'], ['1.0', '0.49686859715845716', '0.3016591251885369'], ['1.0', '0.3543920863088966', '0.7692307692307692']]]
3. most: ['1.0', '0.0', '0.0']
4: rand:[1.         0.50504173 0.44495606]
4: rand:[1.         0.41088549 0.1025641 ]
4: rand:[1.         0.38450802 0.34785538]
4: rand:[1.         0.50687047 0.52301162]
4: rand:[1.         0.3794625  0.29560659]
4: rand:[1.         0.33602828 0.43058277]
4: rand:[1.         0.53864018 0.29008976]
4: rand:[1.         0.43176721 0.35465033]
4: rand:[1.         0.54816238 0.50830642]
4: rand:[1.         0.5245647  0.25077849]
5: mid: [1.0, 0.6182185541518741, 0.41320387991163554]
5: mid: [1.0, 0.6024855943243719, 0.37036635610557894]
5: mid: [1.0, 0.6127777854666733, 0.3832835373283962]
5: mid: [1.0, 0.6167803007509325, 0.3899131192765235]
5: mid: [1.0, 0.6194958746312845, 0.40437382962989565]
5: mid: [1.0, 0.6420321758269247, 0.3934887266017499]
5: mid: [1.0, 0.5999823315972956, 0.4096920866944642]
5: mid: [1.0, 0.5885357974218761, 0.3965222603109155]
5: mid: [1.0, 0.5756978110783489, 0.41881913422596817]
5: mid: [1.0, 0.5773589861812605, 0.42583414899156086]

Time Taken to run SVM on the dataset = 0.3837430477142334
========================================================================================================================
========================================================================================================================
Current random seed:  18
['Cost-', 'Score-', 'Idle-']
1. top6:[['1.0', '0.7814768454643284', '0.0'], ['1.0', '0.3810821947895189', '0.0'], ['1.0', '0.7505642783068296', '0.0'], ['1.0', '0.6720896125997947', '0.3846153846153846'], ['1.0', '0.4821867772202588', '0.170940170940171'], ['1.0', '0.2819257077911979', '0.0']]
2. top50:[[['1.0', '0.7814768454643284', '0.0'], ['1.0', '0.3810821947895189', '0.0'], ['1.0', '0.7505642783068296', '0.0'], ['1.0', '0.6720896125997947', '0.3846153846153846'], ['1.0', '0.4821867772202588', '0.170940170940171'], ['1.0', '0.2819257077911979', '0.0'], ['1.0', '0.770718137335216', '0.6029106029106028'], ['1.0', '0.40880561347065636', '0.4395604395604395'], ['1.0', '0.49218634315298276', '0.6923076923076922'], ['1.0', '0.80697142286253', '0.6947890818858561'], ['1.0', '0.7328929129396832', '0.7196029776674938'], ['1.0', '0.526858657119861', '0.1538461538461538'], ['1.0', '0.6676965808112953', '0.4395604395604395'], ['1.0', '0.7697948568871563', '0.1538461538461538'], ['1.0', '0.25933839393850205', '0.32967032967032966'], ['1.0', '0.5546217917664612', '0.10989010989010983'], ['1.0', '0.3546438930467601', '0.0'], ['1.0', '0.6719034275105294', '0.05698005698005706'], ['1.0', '0.45093714630972703', '0.4733727810650888'], ['1.0', '0.7553006319640158', '0.0'], ['1.0', '0.5584483473568504', '0.5874125874125874'], ['1.0', '0.5495226683929625', '0.4905239687848383'], ['1.0', '0.6344247878978103', '0.0'], ['1.0', '0.41827216699153824', '0.6699751861042182'], ['1.0', '0.22847608140655676', '0.5508072174738842'], ['1.0', '0.37095690076345533', '0.8717948717948717'], ['1.0', '0.45618067035146975', '0.0'], ['1.0', '0.6676591609858268', '0.0'], ['1.0', '0.801543949499575', '0.08097165991902842'], ['1.0', '0.5207780599965339', '0.4945054945054944'], ['1.0', '0.7834265803732801', '0.4023668639053254'], ['1.0', '0.6231526321772047', '0.6923076923076922'], ['1.0', '0.14394097835572725', '0.25641025641025633'], ['1.0', '0.9433503644843023', '0.0'], ['1.0', '0.4186509473202861', '0.10033444816053505'], ['1.0', '0.11098560883627881', '0.7692307692307692'], ['1.0', '0.5746227615461037', '0.2366863905325444'], ['1.0', '0.6772998275618652', '0.606060606060606'], ['1.0', '0.42007221382119336', '0.0'], ['1.0', '0.12910471315765124', '0.6923076923076922'], ['1.0', '0.3970743667154215', '0.5039787798408488'], ['1.0', '0.20706620939665674', '0.6293706293706293'], ['1.0', '0.6968616779842957', '0.293040293040293'], ['1.0', '0.3472611107815701', '0.0'], ['1.0', '0.5336037778318089', '0.05917159763313605'], ['1.0', '0.669704166633882', '0.0'], ['1.0', '0.8212040826483523', '0.3365384615384615'], ['1.0', '0.053828306339472574', '0.0'], ['1.0', '0.14552872502964126', '0.7521367521367521'], ['1.0', '0.5196481536968932', '0.611439842209073']]]
3. most: ['1.0', '0.0', '0.0']
4: rand:[1.         0.54830463 0.41664429]
4: rand:[1.         0.52150394 0.38141958]
4: rand:[1.         0.47020724 0.38201272]
4: rand:[1.         0.45454271 0.56041448]
4: rand:[1.         0.49048894 0.15710496]
4: rand:[1.         0.54103406 0.35147028]
4: rand:[1.         0.43641024 0.13887574]
4: rand:[1.         0.49034828 0.41553598]
4: rand:[1.         0.6475431  0.44546367]
4: rand:[1.         0.40493338 0.43692057]
5: mid: [1.0, 0.6133465680574676, 0.5159368785546485]
5: mid: [1.0, 0.6262926426089762, 0.5214440139715452]
5: mid: [1.0, 0.639900856716022, 0.514128169176035]
5: mid: [1.0, 0.6420929193786583, 0.4419137175175392]
5: mid: [1.0, 0.6566907416494542, 0.4497386527021386]
5: mid: [1.0, 0.6402008659355662, 0.4690824925550209]
5: mid: [1.0, 0.6218548610252864, 0.4644637116417338]
5: mid: [1.0, 0.627635769191648, 0.46524448716706296]
5: mid: [1.0, 0.6298422942921886, 0.4641962211522319]
5: mid: [1.0, 0.6332893339969301, 0.4578894910558933]

Time Taken to run SVM on the dataset = 0.33906102180480957
========================================================================================================================
========================================================================================================================
Current random seed:  29
['Cost-', 'Score-', 'Idle-']
1. top6:[['1.0', '0.5448462448927527', '0.7852564102564104'], ['1.0', '0.7282882195815588', '1.0'], ['1.0', '0.4927597801203416', '0.5698005698005697'], ['1.0', '0.6285133842751442', '0.27972027972027963'], ['1.0', '0.5102355345875842', '0.3505355404089581'], ['1.0', '0.6440982701530296', '0.1923076923076923']]
2. top50:[[['1.0', '0.5448462448927527', '0.7852564102564104'], ['1.0', '0.7282882195815588', '1.0'], ['1.0', '0.4927597801203416', '0.5698005698005697'], ['1.0', '0.6285133842751442', '0.27972027972027963'], ['1.0', '0.5102355345875842', '0.3505355404089581'], ['1.0', '0.6440982701530296', '0.1923076923076923'], ['1.0', '0.6416395428159419', '0.7692307692307692'], ['1.0', '0.27528164664902044', '0.4524886877828053'], ['1.0', '0.3880871290947411', '0.19851116625310172'], ['1.0', '0.22982045893956948', '0.0'], ['1.0', '0.5668719749699502', '0.9049773755656109'], ['1.0', '0.4015610783472252', '0.0'], ['1.0', '0.3277829987722747', '0.8097165991902835'], ['1.0', '0.40569523476085767', '0.0'], ['1.0', '0.19927426375225538', '0.641025641025641'], ['1.0', '0.03248894833382548', '0.4807692307692307'], ['1.0', '0.7420027608764279', '0.21978021978021983'], ['1.0', '0.8218177062832158', '0.8547008547008547'], ['1.0', '0.4976649265070102', '0.3846153846153846'], ['1.0', '0.6321766155695037', '0.0'], ['1.0', '0.5498228627172613', '0.0'], ['1.0', '0.24003718621802317', '0.0'], ['1.0', '0.4159634528775104', '0.6797853309481217'], ['1.0', '0.3890818587978395', '0.043956043956043966'], ['1.0', '0.663808040435951', '0.27972027972027963'], ['1.0', '0.7781690498884826', '0.7100591715976331'], ['1.0', '0.7566853324250261', '0.8228980322003578'], ['1.0', '0.18477043916602306', '0.41958041958041953'], ['1.0', '0.27902359109811936', '0.10256410256410253'], ['1.0', '0.35953049561353034', '0.0'], ['1.0', '0.5774480295746028', '0.3076923076923076'], ['1.0', '0.9433503644843023', '0.0'], ['1.0', '0.34164570033407515', '0.1636661211129297'], ['1.0', '0.26804745668334923', '0.9615384615384615'], ['1.0', '0.20962888540386274', '0.23076923076923078'], ['1.0', '0.5804426671147197', '1.0'], ['1.0', '0.6401264486920509', '0.641025641025641'], ['1.0', '0.4491740945048858', '0.4807692307692307'], ['1.0', '0.22847608140655676', '0.5508072174738842'], ['1.0', '0.4522207899921283', '0.841799709724238'], ['1.0', '0.4261915871940382', '0.8717948717948717'], ['1.0', '0.2775153738809942', '1.0'], ['1.0', '0.20914969458975452', '0.25641025641025633'], ['1.0', '0.6719034275105294', '0.05698005698005706'], ['1.0', '0.6611371793146434', '0.37735849056603765'], ['1.0', '0.8658152809483808', '0.608974358974359'], ['1.0', '0.12423181592844994', '0.8723235527359238'], ['1.0', '0.7595555012524678', '0.879120879120879'], ['1.0', '0.6098590052398374', '0.6706114398422091'], ['1.0', '0.704129502333454', '0.32967032967032966']]]
3. most: ['1.0', '0.0', '0.0']
4: rand:[1.         0.46546795 0.41588304]
4: rand:[1.         0.66045297 0.04733728]
4: rand:[1.         0.40491561 0.60736924]
4: rand:[1.         0.43139459 0.34902654]
4: rand:[1.         0.41208604 0.46273042]
4: rand:[1.        0.5664333 0.2907844]
4: rand:[1.         0.45465951 0.46795038]
4: rand:[1.         0.48228422 0.35453894]
4: rand:[1.         0.5261729  0.18451901]
4: rand:[1.         0.43928421 0.39255708]
5: mid: [1.0, 0.6358754013049372, 0.41527637740296947]
5: mid: [1.0, 0.627452650745971, 0.44149919235456603]
5: mid: [1.0, 0.6159707224187895, 0.451514976319352]
5: mid: [1.0, 0.6234626611260555, 0.4622415858616406]
5: mid: [1.0, 0.6211248883204146, 0.4619209580310339]
5: mid: [1.0, 0.6136013856188344, 0.45314933897201354]
5: mid: [1.0, 0.6158629719448716, 0.4386952246361786]
5: mid: [1.0, 0.6177117528609777, 0.4396142544047798]
5: mid: [1.0, 0.614005805369323, 0.43130667896855834]
5: mid: [1.0, 0.5956983921934608, 0.40119135860828864]

Time Taken to run SVM on the dataset = 0.3337099552154541
========================================================================================================================
========================================================================================================================
Current random seed:  30
['Cost-', 'Score-', 'Idle-']
1. top6:[['1.0', '0.6397217839670802', '0.7032967032967034'], ['1.0', '0.3306265159301931', '0.8547008547008547'], ['1.0', '0.45194858434137414', '0.21367521367521358'], ['1.0', '0.9518457492827287', '0.0'], ['1.0', '0.8085560424167252', '0.12307692307692301'], ['1.0', '0.2891203713625623', '0.0']]
2. top50:[[['1.0', '0.6397217839670802', '0.7032967032967034'], ['1.0', '0.3306265159301931', '0.8547008547008547'], ['1.0', '0.45194858434137414', '0.21367521367521358'], ['1.0', '0.9518457492827287', '0.0'], ['1.0', '0.8085560424167252', '0.12307692307692301'], ['1.0', '0.2891203713625623', '0.0'], ['1.0', '0.7794125993370673', '0.7472527472527473'], ['1.0', '0.37894525915906585', '0.5668016194331984'], ['1.0', '0.5943883285254443', '0.0'], ['1.0', '0.2745871218744137', '0.8974358974358972'], ['1.0', '0.5452423767973638', '0.3525641025641025'], ['1.0', '0.4711888678260311', '0.7239819004524887'], ['1.0', '0.5427045275986638', '0.6334841628959276'], ['1.0', '0.7755650008593371', '0.3496503496503497'], ['1.0', '0.5803058536221922', '0.0'], ['1.0', '0.466198310104026', '0.4081632653061224'], ['1.0', '0.7521304584709575', '0.0'], ['1.0', '0.18872025585320165', '0.0'], ['1.0', '0.41827216699153824', '0.6699751861042182'], ['1.0', '0.6008271907496804', '0.586080586080586'], ['1.0', '0.5857743399111928', '0.6888633754305395'], ['1.0', '0.9010521476593695', '0.32967032967032966'], ['1.0', '0.3648928314250252', '0.0'], ['1.0', '0.25834925183298235', '0.05698005698005706'], ['1.0', '0.3072906257806875', '0.8026755852842808'], ['1.0', '0.11897577222477879', '0.8547008547008547'], ['1.0', '0.1746775761675382', '0.0'], ['1.0', '0.6285133842751442', '0.27972027972027963'], ['1.0', '0.4946398434730377', '0.05917159763313605'], ['1.0', '0.7781690498884826', '0.7100591715976331'], ['1.0', '0.1611757348253099', '1.0'], ['1.0', '0.6768863452329472', '0.25641025641025633'], ['1.0', '0.7499329043436751', '0.1538461538461538'], ['1.0', '0.24003718621802317', '0.0'], ['1.0', '0.7503769896852218', '0.879120879120879'], ['1.0', '0.8286474702541661', '0.0854700854700855'], ['1.0', '0.14765456183417688', '0.651890482398957'], ['1.0', '0.46015855832201363', '0.6293706293706293'], ['1.0', '0.10387830287284644', '0.0'], ['1.0', '0.5759389753775342', '0.9615384615384615'], ['1.0', '0.4905360093380776', '0.21978021978021983'], ['1.0', '0.2775153738809942', '1.0'], ['1.0', '0.3758249122834642', '0.4347826086956522'], ['1.0', '0.20541869872994875', '0.0'], ['1.0', '0.37095690076345533', '0.8717948717948717'], ['1.0', '0.6712011299679685', '0.7201309328968903'], ['1.0', '0.6690569875103075', '0.48582995951417'], ['1.0', '0.7492661661578791', '0.4923076923076922'], ['1.0', '0.22847608140655676', '0.5508072174738842'], ['1.0', '0.6098590052398374', '0.6706114398422091']]]
3. most: ['1.0', '0.0', '0.0']
4: rand:[1.         0.4812033  0.41844647]
4: rand:[1.         0.32668579 0.59467712]
4: rand:[1.         0.54545837 0.56371779]
4: rand:[1.         0.4231111  0.43021531]
4: rand:[1.         0.52969337 0.40604324]
4: rand:[1.         0.46689764 0.41210651]
4: rand:[1.         0.41662822 0.29852941]
4: rand:[1.        0.4196806 0.2129549]
4: rand:[1.         0.4706386  0.31524725]
4: rand:[1.         0.45252182 0.23412791]
5: mid: [1.0, 0.5968961092312474, 0.3896037771745092]
5: mid: [1.0, 0.5951358108920153, 0.40913123389268]
5: mid: [1.0, 0.5987125663593456, 0.42107361487011313]
5: mid: [1.0, 0.6018050867149202, 0.42010808708512193]
5: mid: [1.0, 0.6119632489607089, 0.41305893370981267]
5: mid: [1.0, 0.61885864974938, 0.4286140272640546]
5: mid: [1.0, 0.6203255296208191, 0.42838783502851974]
5: mid: [1.0, 0.6105592267538006, 0.4164056591238562]
5: mid: [1.0, 0.6112559761887915, 0.41431168228454895]
5: mid: [1.0, 0.6115598116536859, 0.41103351040615155]

Time Taken to run SVM on the dataset = 0.40398478507995605
========================================================================================================================
