========================================================================================================================
Current random seed:  76
['Cost-', 'Score-', 'Idle-']
1. top6:[['1.0', '0.24414363657518845', '0.3846153846153846'], ['1.0', '0.7487716915548084', '0.35164835164835156'], ['1.0', '0.30546790416053826', '0.2692307692307693'], ['1.0', '0.4175312010876515', '0.574052812858783'], ['1.0', '0.9433503644843023', '0.0'], ['1.0', '0.3072906257806875', '0.8026755852842808']]
2. top50:[[['1.0', '0.24414363657518845', '0.3846153846153846'], ['1.0', '0.7487716915548084', '0.35164835164835156'], ['1.0', '0.30546790416053826', '0.2692307692307693'], ['1.0', '0.4175312010876515', '0.574052812858783'], ['1.0', '0.9433503644843023', '0.0'], ['1.0', '0.3072906257806875', '0.8026755852842808'], ['1.0', '0.7595555012524678', '0.879120879120879'], ['1.0', '0.12199095303865189', '0.26035502958579876'], ['1.0', '0.27902359109811936', '0.10256410256410253'], ['1.0', '0.11897577222477879', '0.8547008547008547'], ['1.0', '0.14394097835572725', '0.25641025641025633'], ['1.0', '0.5009208444822455', '0.17751479289940833'], ['1.0', '0.3012958771182707', '0.0'], ['1.0', '0.7438162686720571', '0.05917159763313605'], ['1.0', '0.4738498403136969', '0.6923076923076922'], ['1.0', '0.5871682322613884', '0.34188034188034183'], ['1.0', '0.49218634315298276', '0.6923076923076922'], ['1.0', '0.849204112769148', '0.5128205128205129'], ['1.0', '0.6545481622094188', '0.0'], ['1.0', '0.4821867772202588', '0.170940170940171'], ['1.0', '0.7420027608764279', '0.21978021978021983'], ['1.0', '0.40880561347065636', '0.4395604395604395'], ['1.0', '0.7866022994501664', '0.4102564102564103'], ['1.0', '0.6445330053258813', '0.3619909502262444'], ['1.0', '0.6176367612052952', '0.6440071556350625'], ['1.0', '0.5343913860263435', '0.6334841628959276'], ['1.0', '0.6831392895210867', '0.0'], ['1.0', '0.18872025585320165', '0.0'], ['1.0', '0.029456099776748696', '0.0'], ['1.0', '0.20780668464144392', '0.16194331983805665'], ['1.0', '0.515240421139051', '0.8421052631578946'], ['1.0', '0.7553006319640158', '0.0'], ['1.0', '0.6440982701530296', '0.1923076923076923'], ['1.0', '0.3959085301908223', '0.1398601398601399'], ['1.0', '0.2400490417104684', '0.0'], ['1.0', '0.7029744496836556', '0.5594405594405595'], ['1.0', '0.669704166633882', '0.0'], ['1.0', '0.8544841957609575', '0.8144796380090498'], ['1.0', '0.18477043916602306', '0.41958041958041953'], ['1.0', '0.19444974871963347', '0.0'], ['1.0', '0.10387830287284644', '0.0'], ['1.0', '0.4740852268790192', '1.0'], ['1.0', '0.06797865376170427', '0.0'], ['1.0', '0.7322032792895758', '0.7977207977207978'], ['1.0', '0.3222638452588592', '0.31558185404339256'], ['1.0', '0.2528711021485286', '0.0'], ['1.0', '0.6102207964175518', '0.5570291777188328'], ['1.0', '0.40683783424654685', '0.5628517823639775'], ['1.0', '0.34672272946846117', '0.6076276664511959'], ['1.0', '0.2612584532488408', '0.0']]]
3. most: ['1.0', '0.0', '0.0']
4: rand:[1.         0.3966915  0.46833722]
4: rand:[1.         0.69521821 0.44596607]
4: rand:[1.         0.24785597 0.50997037]
4: rand:[1.         0.47309613 0.49310483]
4: rand:[1.         0.43303795 0.49304019]
4: rand:[1.         0.51031894 0.29952665]
4: rand:[1.         0.68190236 0.35339512]
4: rand:[1.         0.48507332 0.28297172]
4: rand:[1.         0.52858501 0.31587274]
4: rand:[1.         0.57843888 0.28026945]
5: mid: [1.0, 0.5327409201728592, 0.4156437226700494]
5: mid: [1.0, 0.560122718071056, 0.43953791692064065]
5: mid: [1.0, 0.5645309795823906, 0.42353787888670225]
5: mid: [1.0, 0.5614464033579776, 0.4207775834346582]
5: mid: [1.0, 0.5174332187440633, 0.38750420215489034]
5: mid: [1.0, 0.5657375334768849, 0.478123491424488]
5: mid: [1.0, 0.5676489345050478, 0.5106869803668371]
5: mid: [1.0, 0.4619569533792805, 0.31867850948842796]
5: mid: [1.0, 0.46236974960815636, 0.3519569860747653]
5: mid: [1.0, 0.47988915269323884, 0.3572731803940808]
6: top: ['1.0', '0.4410325122866526', '0.5668016194331984']
6: top: ['1.0', '0.7584343349788741', '0.7040417209908735']
6: top: ['1.0', '0.7584343349788741', '0.7040417209908735']
6: top: ['1.0', '0.7584343349788741', '0.7040417209908735']
6: top: ['1.0', '0.4410325122866526', '0.5668016194331984']
6: top: ['1.0', '0.7584343349788741', '0.7040417209908735']
6: top: ['1.0', '0.7584343349788741', '0.7040417209908735']
6: top: ['1.0', '0.4410325122866526', '0.5668016194331984']
6: top: ['1.0', '0.4410325122866526', '0.5668016194331984']
6: top: ['1.0', '0.4410325122866526', '0.5668016194331984']
========================================================================================================================
========================================================================================================================
Current random seed:  37
['Cost-', 'Score-', 'Idle-']
1. top6:[['1.0', '0.605856413697872', '0.6688963210702341'], ['1.0', '0.7566853324250261', '0.8228980322003578'], ['1.0', '0.49065684589020403', '0.5384615384615384'], ['1.0', '0.4069295813894458', '0.0'], ['1.0', '0.3593118273092826', '0.3238866396761133'], ['1.0', '0.7380376697287494', '0.1398601398601399']]
2. top50:[[['1.0', '0.605856413697872', '0.6688963210702341'], ['1.0', '0.7566853324250261', '0.8228980322003578'], ['1.0', '0.49065684589020403', '0.5384615384615384'], ['1.0', '0.4069295813894458', '0.0'], ['1.0', '0.3593118273092826', '0.3238866396761133'], ['1.0', '0.7380376697287494', '0.1398601398601399'], ['1.0', '0.11897577222477879', '0.8547008547008547'], ['1.0', '0.25613525108535146', '0.0'], ['1.0', '0.5336037778318089', '0.05917159763313605'], ['1.0', '0.34672272946846117', '0.6076276664511959'], ['1.0', '0.32613088209056096', '0.661703887510339'], ['1.0', '0.39602782500178396', '0.46703296703296704'], ['1.0', '0.3692003632677576', '0.25641025641025633'], ['1.0', '0.24414363657518845', '0.3846153846153846'], ['1.0', '0.5871682322613884', '0.34188034188034183'], ['1.0', '0.15461323190537787', '0.3076923076923076'], ['1.0', '0.6176367612052952', '0.6440071556350625'], ['1.0', '0.5691487736882886', '0.6153846153846154'], ['1.0', '0.3145004344109713', '0.0'], ['1.0', '0.19444974871963347', '0.0'], ['1.0', '0.24578921922060476', '0.641025641025641'], ['1.0', '0.7339411006117393', '0.6366047745358091'], ['1.0', '0.5009208444822455', '0.17751479289940833'], ['1.0', '0.7922471616407928', '0.1538461538461538'], ['1.0', '0.758185836892483', '0.06410256410256404'], ['1.0', '0.4186509473202861', '0.10033444816053505'], ['1.0', '0.12423181592844994', '0.8723235527359238'], ['1.0', '0.8218177062832158', '0.8547008547008547'], ['1.0', '0.6103886732573002', '0.7692307692307692'], ['1.0', '0.6129643161335658', '0.6108597285067874'], ['1.0', '0.34587909703489417', '0.1538461538461538'], ['1.0', '0.6296460516401686', '0.46153846153846156'], ['1.0', '0.6025217661840913', '0.0'], ['1.0', '0.6689304743733138', '0.1564537157757496'], ['1.0', '0.20780668464144392', '0.16194331983805665'], ['1.0', '0.7282882195815588', '1.0'], ['1.0', '0.6611371793146434', '0.37735849056603765'], ['1.0', '0.6416395428159419', '0.7692307692307692'], ['1.0', '0.5827997601026579', '0.5594405594405595'], ['1.0', '0.5477912414179767', '0.8026755852842808'], ['1.0', '0.7203331881966777', '0.6593406593406593'], ['1.0', '0.5867191109861083', '0.1809954751131222'], ['1.0', '0.37894525915906585', '0.5668016194331984'], ['1.0', '0.9397859415275274', '0.6923076923076922'], ['1.0', '0.2775153738809942', '1.0'], ['1.0', '0.11098560883627881', '0.7692307692307692'], ['1.0', '0.6090624358009551', '0.39702233250620345'], ['1.0', '0.633785936686384', '0.0'], ['1.0', '0.42571039339676753', '0.22624434389140274'], ['1.0', '0.5229248249363105', '0.5394605394605394']]]
3. most: ['1.0', '0.0', '0.0']
4: rand:[1.         0.6114787  0.33820591]
4: rand:[1.         0.43251786 0.25945622]
4: rand:[1.         0.56312574 0.21431785]
4: rand:[1.         0.55595844 0.51188563]
4: rand:[1.         0.48577525 0.24490108]
4: rand:[1.         0.54578607 0.37768745]
4: rand:[1.         0.57680431 0.44352878]
4: rand:[1.         0.56792255 0.35403647]
4: rand:[1.         0.51305626 0.3516621 ]
4: rand:[1.         0.49600721 0.42197809]
5: mid: [1.0, 0.522192132374604, 0.4052055847197837]
5: mid: [1.0, 0.5218653032794657, 0.24002744785260338]
5: mid: [1.0, 0.5415934260534517, 0.41057437675167074]
5: mid: [1.0, 0.39508095912102603, 0.34326558438267113]
5: mid: [1.0, 0.4017290639731844, 0.35467160275874116]
5: mid: [1.0, 0.5687208810469574, 0.307912932088039]
5: mid: [1.0, 0.5655744422991729, 0.29479912294642524]
5: mid: [1.0, 0.5399743168335152, 0.322057689322292]
5: mid: [1.0, 0.5424906893061948, 0.28955404083353026]
5: mid: [1.0, 0.5579995366743887, 0.3015574437516165]
6: top: ['1.0', '0.6401264486920509', '0.641025641025641']
6: top: ['1.0', '0.10387830287284644', '0.0']
6: top: ['1.0', '0.6401264486920509', '0.641025641025641']
6: top: ['1.0', '0.3758249122834642', '0.4347826086956522']
6: top: ['1.0', '0.3758249122834642', '0.4347826086956522']
6: top: ['1.0', '0.10387830287284644', '0.0']
6: top: ['1.0', '0.10387830287284644', '0.0']
6: top: ['1.0', '0.10387830287284644', '0.0']
6: top: ['1.0', '0.10387830287284644', '0.0']
6: top: ['1.0', '0.10387830287284644', '0.0']
========================================================================================================================
========================================================================================================================
Current random seed:  79
['Cost-', 'Score-', 'Idle-']
1. top6:[['1.0', '0.41092057816460054', '0.9568480300187617'], ['1.0', '0.5871682322613884', '0.34188034188034183'], ['1.0', '0.24003718621802317', '0.0'], ['1.0', '0.8442426309825626', '0.0'], ['1.0', '0.4141960943252494', '0.2626641651031896'], ['1.0', '0.5638762707616835', '0.0']]
2. top50:[[['1.0', '0.41092057816460054', '0.9568480300187617'], ['1.0', '0.5871682322613884', '0.34188034188034183'], ['1.0', '0.24003718621802317', '0.0'], ['1.0', '0.8442426309825626', '0.0'], ['1.0', '0.4141960943252494', '0.2626641651031896'], ['1.0', '0.5638762707616835', '0.0'], ['1.0', '0.40683783424654685', '0.5628517823639775'], ['1.0', '0.5527394291547922', '0.5769230769230769'], ['1.0', '0.5584483473568504', '0.5874125874125874'], ['1.0', '0.4879473989012259', '0.0'], ['1.0', '0.07820385163066285', '1.0'], ['1.0', '0.2578280160450963', '0.7692307692307692'], ['1.0', '0.5826903497929555', '0.0'], ['1.0', '0.8085560424167252', '0.12307692307692301'], ['1.0', '0.9433503644843023', '0.0'], ['1.0', '0.47917041415067096', '0.8731808731808731'], ['1.0', '0.8730166604829818', '0.25641025641025633'], ['1.0', '0.39643748750887453', '0.8391608391608391'], ['1.0', '0.36661846669465137', '0.21978021978021983'], ['1.0', '0.3699140182837288', '0.0'], ['1.0', '0.9059911788333866', '0.588235294117647'], ['1.0', '0.5427846300636304', '0.4395604395604395'], ['1.0', '0.5679691848059709', '0.8144796380090498'], ['1.0', '0.37894525915906585', '0.5668016194331984'], ['1.0', '0.29801056900759265', '0.0'], ['1.0', '0.4023211270851974', '0.9401709401709402'], ['1.0', '0.3593118273092826', '0.3238866396761133'], ['1.0', '0.7312348902677668', '0.7905982905982905'], ['1.0', '0.6315268830890522', '0.4347826086956522'], ['1.0', '0.1425684019822926', '0.24813895781637713'], ['1.0', '0.7036200040102367', '0.6203473945409429'], ['1.0', '0.7712744874911159', '0.7692307692307692'], ['1.0', '0.348828778300268', '0.1923076923076923'], ['1.0', '0.34587909703489417', '0.1538461538461538'], ['1.0', '0.6682050934090065', '0.3496503496503497'], ['1.0', '0.48228736413722373', '0.32258064516129037'], ['1.0', '0.6875867663766444', '0.40485829959514175'], ['1.0', '0.6146181919159853', '0.12820512820512825'], ['1.0', '0.8544841957609575', '0.8144796380090498'], ['1.0', '0.4271129200750352', '0.5690200210748156'], ['1.0', '0.39326247967146155', '0.3076923076923076'], ['1.0', '0.19444974871963347', '0.0'], ['1.0', '0.6301822838164889', '0.3508771929824562'], ['1.0', '0.33128756969448075', '0.25641025641025633'], ['1.0', '0.14854197646217332', '0.7784986098239112'], ['1.0', '0.25933839393850205', '0.32967032967032966'], ['1.0', '0.4892682775304377', '0.8058608058608059'], ['1.0', '0.6627626994509423', '0.717948717948718'], ['1.0', '0.961728838401461', '0.0'], ['1.0', '0.2819257077911979', '0.0']]]
3. most: ['1.0', '0.0', '0.0']
4: rand:[1.         0.6819152  0.69610401]
4: rand:[1.         0.5666659  0.46245891]
4: rand:[1.         0.53824202 0.14860303]
4: rand:[1.         0.39022049 0.38755186]
4: rand:[1.         0.53664286 0.53793246]
4: rand:[1.         0.56268082 0.20972131]
4: rand:[1.         0.50210457 0.44070219]
4: rand:[1.         0.52978703 0.38759603]
4: rand:[1.         0.56418885 0.41761738]
4: rand:[1.         0.53759454 0.40607184]
5: mid: [1.0, 0.5353537959721127, 0.2589003988073946]
5: mid: [1.0, 0.5005903197383577, 0.25154449089959957]
5: mid: [1.0, 0.4847645577946478, 0.24740411278889682]
5: mid: [1.0, 0.48227790542714993, 0.2906713179888129]
5: mid: [1.0, 0.5276865269815343, 0.6033370902980063]
5: mid: [1.0, 0.48361093632569135, 0.4486690192054804]
5: mid: [1.0, 0.5042256773191977, 0.48006240237765596]
5: mid: [1.0, 0.5605115983047639, 0.6512761307756578]
5: mid: [1.0, 0.5255514807864071, 0.6401678738960093]
5: mid: [1.0, 0.5157610483885554, 0.6519144397087536]
6: top: ['1.0', '0.663808040435951', '0.27972027972027963']
6: top: ['1.0', '0.663808040435951', '0.27972027972027963']
6: top: ['1.0', '0.663808040435951', '0.27972027972027963']
6: top: ['1.0', '0.663808040435951', '0.27972027972027963']
6: top: ['1.0', '0.47125251260124523', '0.6552706552706552']
6: top: ['1.0', '0.47125251260124523', '0.6552706552706552']
6: top: ['1.0', '0.47125251260124523', '0.6552706552706552']
6: top: ['1.0', '0.3072906257806875', '0.8026755852842808']
6: top: ['1.0', '0.47125251260124523', '0.6552706552706552']
6: top: ['1.0', '0.47125251260124523', '0.6552706552706552']
========================================================================================================================
========================================================================================================================
Current random seed:  44
['Cost-', 'Score-', 'Idle-']
1. top6:[['1.0', '0.5427846300636304', '0.4395604395604395'], ['1.0', '0.47125251260124523', '0.6552706552706552'], ['1.0', '0.18477043916602306', '0.41958041958041953'], ['1.0', '0.48654058136665634', '0.48582995951417'], ['1.0', '0.40215973302195746', '0.621301775147929'], ['1.0', '0.5104560407445268', '0.0']]
2. top50:[[['1.0', '0.5427846300636304', '0.4395604395604395'], ['1.0', '0.47125251260124523', '0.6552706552706552'], ['1.0', '0.18477043916602306', '0.41958041958041953'], ['1.0', '0.48654058136665634', '0.48582995951417'], ['1.0', '0.40215973302195746', '0.621301775147929'], ['1.0', '0.5104560407445268', '0.0'], ['1.0', '0.5647030815883203', '0.0'], ['1.0', '0.3974682180119476', '0.5128205128205129'], ['1.0', '0.6321766155695037', '0.0'], ['1.0', '0.45194858434137414', '0.21367521367521358'], ['1.0', '0.7640056181142776', '0.1538461538461538'], ['1.0', '0.5110019137580363', '0.0'], ['1.0', '0.3543920863088966', '0.7692307692307692'], ['1.0', '0.14653146069843329', '0.6676342525399129'], ['1.0', '0.24844284733630256', '0.8191808191808193'], ['1.0', '0.6102207964175518', '0.5570291777188328'], ['1.0', '0.2973439678755135', '0.0'], ['1.0', '0.6133987781078587', '0.5827505827505828'], ['1.0', '0.32613088209056096', '0.661703887510339'], ['1.0', '0.29801056900759265', '0.0'], ['1.0', '0.4401818684126407', '0.1183431952662721'], ['1.0', '0.6146181919159853', '0.12820512820512825'], ['1.0', '0.34672272946846117', '0.6076276664511959'], ['1.0', '0.758185836892483', '0.06410256410256404'], ['1.0', '0.515240421139051', '0.8421052631578946'], ['1.0', '0.36252494607276753', '0.41958041958041953'], ['1.0', '0.39152261295359064', '0.0'], ['1.0', '0.7136847698597026', '0.49346879535558785'], ['1.0', '0.749248483544642', '0.0'], ['1.0', '0.6344247878978103', '0.0'], ['1.0', '0.23554697442687647', '0.08316008316008316'], ['1.0', '0.3648928314250252', '0.0'], ['1.0', '0.4526244605620998', '0.7165437302423603'], ['1.0', '0.4738498403136969', '0.6923076923076922'], ['1.0', '0.5009208444822455', '0.17751479289940833'], ['1.0', '0.3593118273092826', '0.3238866396761133'], ['1.0', '0.25834925183298235', '0.05698005698005706'], ['1.0', '0.22581380666604012', '0.9557109557109557'], ['1.0', '0.3880871290947411', '0.19851116625310172'], ['1.0', '0.3367812507541325', '0.6433566433566433'], ['1.0', '0.2800029532666239', '0.0'], ['1.0', '0.7492661661578791', '0.4923076923076922'], ['1.0', '0.26132528767624114', '0.1398601398601399'], ['1.0', '0.4651865601893059', '0.0'], ['1.0', '0.5691487736882886', '0.6153846153846154'], ['1.0', '0.6627626994509423', '0.717948717948718'], ['1.0', '0.4867365396831092', '0.45028142589118203'], ['1.0', '0.8919492660227205', '0.5128205128205129'], ['1.0', '0.5229248249363105', '0.5394605394605394'], ['1.0', '0.5668719749699502', '0.9049773755656109']]]
3. most: ['1.0', '0.0', '0.0']
4: rand:[1.         0.41468645 0.3811347 ]
4: rand:[1.         0.47688916 0.26672508]
4: rand:[1.         0.63413454 0.37614475]
4: rand:[1.         0.49090602 0.26014322]
4: rand:[1.         0.47716019 0.40504228]
4: rand:[1.         0.56605508 0.56603723]
4: rand:[1.         0.52966576 0.29060888]
4: rand:[1.         0.59817261 0.37076171]
4: rand:[1.         0.41768895 0.48575355]
4: rand:[1.         0.47179446 0.35646769]
5: mid: [1.0, 0.4922532462041551, 0.26181230876015665]
5: mid: [1.0, 0.4664835510318843, 0.2743990522990275]
5: mid: [1.0, 0.501742714171734, 0.24234483656022682]
5: mid: [1.0, 0.517883018676837, 0.2407727203961014]
5: mid: [1.0, 0.48813525086224235, 0.2557813866854937]
5: mid: [1.0, 0.49450679897058514, 0.4642587525554961]
5: mid: [1.0, 0.4910898660926839, 0.24885018407532564]
5: mid: [1.0, 0.49747847792204875, 0.21936630816439368]
5: mid: [1.0, 0.5134301731676961, 0.5326435061248095]
5: mid: [1.0, 0.46464559679964756, 0.26311978766746474]
6: top: ['1.0', '0.48228736413722373', '0.32258064516129037']
6: top: ['1.0', '0.48228736413722373', '0.32258064516129037']
6: top: ['1.0', '0.48228736413722373', '0.32258064516129037']
6: top: ['1.0', '0.48228736413722373', '0.32258064516129037']
6: top: ['1.0', '0.48228736413722373', '0.32258064516129037']
6: top: ['1.0', '0.47125251260124523', '0.6552706552706552']
6: top: ['1.0', '0.48228736413722373', '0.32258064516129037']
6: top: ['1.0', '0.48228736413722373', '0.32258064516129037']
6: top: ['1.0', '0.47125251260124523', '0.6552706552706552']
6: top: ['1.0', '0.48228736413722373', '0.32258064516129037']
========================================================================================================================
========================================================================================================================
Current random seed:  18
['Cost-', 'Score-', 'Idle-']
1. top6:[['1.0', '0.7814768454643284', '0.0'], ['1.0', '0.3810821947895189', '0.0'], ['1.0', '0.7505642783068296', '0.0'], ['1.0', '0.6720896125997947', '0.3846153846153846'], ['1.0', '0.4821867772202588', '0.170940170940171'], ['1.0', '0.2819257077911979', '0.0']]
2. top50:[[['1.0', '0.7814768454643284', '0.0'], ['1.0', '0.3810821947895189', '0.0'], ['1.0', '0.7505642783068296', '0.0'], ['1.0', '0.6720896125997947', '0.3846153846153846'], ['1.0', '0.4821867772202588', '0.170940170940171'], ['1.0', '0.2819257077911979', '0.0'], ['1.0', '0.770718137335216', '0.6029106029106028'], ['1.0', '0.40880561347065636', '0.4395604395604395'], ['1.0', '0.49218634315298276', '0.6923076923076922'], ['1.0', '0.80697142286253', '0.6947890818858561'], ['1.0', '0.7328929129396832', '0.7196029776674938'], ['1.0', '0.526858657119861', '0.1538461538461538'], ['1.0', '0.6676965808112953', '0.4395604395604395'], ['1.0', '0.7697948568871563', '0.1538461538461538'], ['1.0', '0.25933839393850205', '0.32967032967032966'], ['1.0', '0.5546217917664612', '0.10989010989010983'], ['1.0', '0.3546438930467601', '0.0'], ['1.0', '0.6719034275105294', '0.05698005698005706'], ['1.0', '0.45093714630972703', '0.4733727810650888'], ['1.0', '0.7553006319640158', '0.0'], ['1.0', '0.5584483473568504', '0.5874125874125874'], ['1.0', '0.5495226683929625', '0.4905239687848383'], ['1.0', '0.6344247878978103', '0.0'], ['1.0', '0.41827216699153824', '0.6699751861042182'], ['1.0', '0.22847608140655676', '0.5508072174738842'], ['1.0', '0.37095690076345533', '0.8717948717948717'], ['1.0', '0.45618067035146975', '0.0'], ['1.0', '0.6676591609858268', '0.0'], ['1.0', '0.801543949499575', '0.08097165991902842'], ['1.0', '0.5207780599965339', '0.4945054945054944'], ['1.0', '0.7834265803732801', '0.4023668639053254'], ['1.0', '0.6231526321772047', '0.6923076923076922'], ['1.0', '0.14394097835572725', '0.25641025641025633'], ['1.0', '0.9433503644843023', '0.0'], ['1.0', '0.4186509473202861', '0.10033444816053505'], ['1.0', '0.11098560883627881', '0.7692307692307692'], ['1.0', '0.5746227615461037', '0.2366863905325444'], ['1.0', '0.6772998275618652', '0.606060606060606'], ['1.0', '0.42007221382119336', '0.0'], ['1.0', '0.12910471315765124', '0.6923076923076922'], ['1.0', '0.3970743667154215', '0.5039787798408488'], ['1.0', '0.20706620939665674', '0.6293706293706293'], ['1.0', '0.6968616779842957', '0.293040293040293'], ['1.0', '0.3472611107815701', '0.0'], ['1.0', '0.5336037778318089', '0.05917159763313605'], ['1.0', '0.669704166633882', '0.0'], ['1.0', '0.8212040826483523', '0.3365384615384615'], ['1.0', '0.053828306339472574', '0.0'], ['1.0', '0.14552872502964126', '0.7521367521367521'], ['1.0', '0.5196481536968932', '0.611439842209073']]]
3. most: ['1.0', '0.0', '0.0']
4: rand:[1.         0.54830463 0.41664429]
4: rand:[1.         0.52150394 0.38141958]
4: rand:[1.         0.47020724 0.38201272]
4: rand:[1.         0.45454271 0.56041448]
4: rand:[1.         0.49048894 0.15710496]
4: rand:[1.         0.54103406 0.35147028]
4: rand:[1.         0.43641024 0.13887574]
4: rand:[1.         0.49034828 0.41553598]
4: rand:[1.         0.6475431  0.44546367]
4: rand:[1.         0.40493338 0.43692057]
5: mid: [1.0, 0.5053617667859447, 0.2249590473139271]
5: mid: [1.0, 0.5400296907792105, 0.295107229877467]
5: mid: [1.0, 0.48368225404091414, 0.41001258492311593]
5: mid: [1.0, 0.48969500343205524, 0.39373507563150706]
5: mid: [1.0, 0.4897286501857986, 0.39388410594090667]
5: mid: [1.0, 0.5606130749867178, 0.3293822127543571]
5: mid: [1.0, 0.5224088181932918, 0.3259872951770197]
5: mid: [1.0, 0.5326979405126746, 0.35624243952952517]
5: mid: [1.0, 0.5113234780577295, 0.25610469779353473]
5: mid: [1.0, 0.5133322725807807, 0.24503915007058005]
6: top: ['1.0', '0.4419826195182264', '0.04048582995951412']
6: top: ['1.0', '0.4419826195182264', '0.04048582995951412']
6: top: ['1.0', '0.329700874000569', '0.5429864253393665']
6: top: ['1.0', '0.329700874000569', '0.5429864253393665']
6: top: ['1.0', '0.329700874000569', '0.5429864253393665']
6: top: ['1.0', '0.670250808756713', '0.4895104895104896']
6: top: ['1.0', '0.329700874000569', '0.5429864253393665']
6: top: ['1.0', '0.329700874000569', '0.5429864253393665']
6: top: ['1.0', '0.7354086739497404', '0.20512820512820507']
6: top: ['1.0', '0.7354086739497404', '0.20512820512820507']
========================================================================================================================
========================================================================================================================
Current random seed:  29
['Cost-', 'Score-', 'Idle-']
1. top6:[['1.0', '0.5448462448927527', '0.7852564102564104'], ['1.0', '0.7282882195815588', '1.0'], ['1.0', '0.4927597801203416', '0.5698005698005697'], ['1.0', '0.6285133842751442', '0.27972027972027963'], ['1.0', '0.5102355345875842', '0.3505355404089581'], ['1.0', '0.6440982701530296', '0.1923076923076923']]
2. top50:[[['1.0', '0.5448462448927527', '0.7852564102564104'], ['1.0', '0.7282882195815588', '1.0'], ['1.0', '0.4927597801203416', '0.5698005698005697'], ['1.0', '0.6285133842751442', '0.27972027972027963'], ['1.0', '0.5102355345875842', '0.3505355404089581'], ['1.0', '0.6440982701530296', '0.1923076923076923'], ['1.0', '0.6416395428159419', '0.7692307692307692'], ['1.0', '0.27528164664902044', '0.4524886877828053'], ['1.0', '0.3880871290947411', '0.19851116625310172'], ['1.0', '0.22982045893956948', '0.0'], ['1.0', '0.5668719749699502', '0.9049773755656109'], ['1.0', '0.4015610783472252', '0.0'], ['1.0', '0.3277829987722747', '0.8097165991902835'], ['1.0', '0.40569523476085767', '0.0'], ['1.0', '0.19927426375225538', '0.641025641025641'], ['1.0', '0.03248894833382548', '0.4807692307692307'], ['1.0', '0.7420027608764279', '0.21978021978021983'], ['1.0', '0.8218177062832158', '0.8547008547008547'], ['1.0', '0.4976649265070102', '0.3846153846153846'], ['1.0', '0.6321766155695037', '0.0'], ['1.0', '0.5498228627172613', '0.0'], ['1.0', '0.24003718621802317', '0.0'], ['1.0', '0.4159634528775104', '0.6797853309481217'], ['1.0', '0.3890818587978395', '0.043956043956043966'], ['1.0', '0.663808040435951', '0.27972027972027963'], ['1.0', '0.7781690498884826', '0.7100591715976331'], ['1.0', '0.7566853324250261', '0.8228980322003578'], ['1.0', '0.18477043916602306', '0.41958041958041953'], ['1.0', '0.27902359109811936', '0.10256410256410253'], ['1.0', '0.35953049561353034', '0.0'], ['1.0', '0.5774480295746028', '0.3076923076923076'], ['1.0', '0.9433503644843023', '0.0'], ['1.0', '0.34164570033407515', '0.1636661211129297'], ['1.0', '0.26804745668334923', '0.9615384615384615'], ['1.0', '0.20962888540386274', '0.23076923076923078'], ['1.0', '0.5804426671147197', '1.0'], ['1.0', '0.6401264486920509', '0.641025641025641'], ['1.0', '0.4491740945048858', '0.4807692307692307'], ['1.0', '0.22847608140655676', '0.5508072174738842'], ['1.0', '0.4522207899921283', '0.841799709724238'], ['1.0', '0.4261915871940382', '0.8717948717948717'], ['1.0', '0.2775153738809942', '1.0'], ['1.0', '0.20914969458975452', '0.25641025641025633'], ['1.0', '0.6719034275105294', '0.05698005698005706'], ['1.0', '0.6611371793146434', '0.37735849056603765'], ['1.0', '0.8658152809483808', '0.608974358974359'], ['1.0', '0.12423181592844994', '0.8723235527359238'], ['1.0', '0.7595555012524678', '0.879120879120879'], ['1.0', '0.6098590052398374', '0.6706114398422091'], ['1.0', '0.704129502333454', '0.32967032967032966']]]
3. most: ['1.0', '0.0', '0.0']
4: rand:[1.         0.46546795 0.41588304]
4: rand:[1.         0.66045297 0.04733728]
4: rand:[1.         0.40491561 0.60736924]
4: rand:[1.         0.43139459 0.34902654]
4: rand:[1.         0.41208604 0.46273042]
4: rand:[1.        0.5664333 0.2907844]
4: rand:[1.         0.45465951 0.46795038]
4: rand:[1.         0.48228422 0.35453894]
4: rand:[1.         0.5261729  0.18451901]
4: rand:[1.         0.43928421 0.39255708]
5: mid: [1.0, 0.48837307915850514, 0.16605626406443266]
5: mid: [1.0, 0.4934707053606488, 0.165380688913963]
5: mid: [1.0, 0.4880092032335331, 0.2164024497017719]
5: mid: [1.0, 0.41975851017351423, 0.20336638785330965]
5: mid: [1.0, 0.5406059834101881, 0.46135999343484174]
5: mid: [1.0, 0.5451946915566216, 0.5121877679972799]
5: mid: [1.0, 0.4655687705915025, 0.26009069025335413]
5: mid: [1.0, 0.5447425519311221, 0.5619726514094184]
5: mid: [1.0, 0.5443539480325804, 0.5833569655901532]
5: mid: [1.0, 0.47015004033905283, 0.2502517269187807]
6: top: ['1.0', '0.3890818587978395', '0.043956043956043966']
6: top: ['1.0', '0.3890818587978395', '0.043956043956043966']
6: top: ['1.0', '0.3890818587978395', '0.043956043956043966']
6: top: ['1.0', '0.3890818587978395', '0.043956043956043966']
6: top: ['1.0', '0.2775153738809942', '1.0']
6: top: ['1.0', '0.2775153738809942', '1.0']
6: top: ['1.0', '0.3890818587978395', '0.043956043956043966']
6: top: ['1.0', '0.2775153738809942', '1.0']
6: top: ['1.0', '0.2775153738809942', '1.0']
6: top: ['1.0', '0.3890818587978395', '0.043956043956043966']
========================================================================================================================
========================================================================================================================
Current random seed:  0
['Cost-', 'Score-', 'Idle-']
1. top6:[['1.0', '0.5102355345875842', '0.3505355404089581'], ['1.0', '0.17423435536747475', '0.0'], ['1.0', '0.35800971013775584', '0.8695652173913044'], ['1.0', '0.6632710240628423', '0.6993006993006994'], ['1.0', '0.4868833968887202', '0.5641025641025641'], ['1.0', '0.6733591092402669', '0.0']]
2. top50:[[['1.0', '0.5102355345875842', '0.3505355404089581'], ['1.0', '0.17423435536747475', '0.0'], ['1.0', '0.35800971013775584', '0.8695652173913044'], ['1.0', '0.6632710240628423', '0.6993006993006994'], ['1.0', '0.4868833968887202', '0.5641025641025641'], ['1.0', '0.6733591092402669', '0.0'], ['1.0', '0.7712744874911159', '0.7692307692307692'], ['1.0', '0.3880871290947411', '0.19851116625310172'], ['1.0', '0.6682050934090065', '0.3496503496503497'], ['1.0', '0.36252494607276753', '0.41958041958041953'], ['1.0', '0.46015855832201363', '0.6293706293706293'], ['1.0', '0.6401264486920509', '0.641025641025641'], ['1.0', '0.554698103922434', '0.10989010989010983'], ['1.0', '0.4401818684126407', '0.1183431952662721'], ['1.0', '0.0', '0.0'], ['1.0', '0.23554697442687647', '0.08316008316008316'], ['1.0', '0.6005817166534122', '0.10256410256410253'], ['1.0', '0.20706620939665674', '0.6293706293706293'], ['1.0', '0.8436102453482351', '0.035778175313059095'], ['1.0', '0.39861569808786385', '0.8097165991902835'], ['1.0', '0.7512299593920883', '0.4081632653061224'], ['1.0', '0.6843160700033423', '0.4487179487179486'], ['1.0', '0.5009208444822455', '0.17751479289940833'], ['1.0', '0.4069295813894458', '0.0'], ['1.0', '0.26626435463194514', '0.641025641025641'], ['1.0', '0.7492661661578791', '0.4923076923076922'], ['1.0', '0.3593118273092826', '0.3238866396761133'], ['1.0', '0.6129643161335658', '0.6108597285067874'], ['1.0', '0.6857033128038623', '0.1465201465201465'], ['1.0', '0.3072906257806875', '0.8026755852842808'], ['1.0', '0.5343913860263435', '0.6334841628959276'], ['1.0', '0.633785936686384', '0.0'], ['1.0', '0.12910471315765124', '0.6923076923076922'], ['1.0', '0.6946935211688621', '0.09615384615384615'], ['1.0', '0.8658152809483808', '0.608974358974359'], ['1.0', '0.5560606941812147', '0.3846153846153846'], ['1.0', '0.3699140182837288', '0.0'], ['1.0', '0.6659397197787629', '0.5023547880690739'], ['1.0', '0.5774480295746028', '0.3076923076923076'], ['1.0', '0.3648928314250252', '0.0'], ['1.0', '0.43733510358490907', '0.0'], ['1.0', '0.4261915871940382', '0.8717948717948717'], ['1.0', '0.8544841957609575', '0.8144796380090498'], ['1.0', '0.6648924360299309', '0.5128205128205129'], ['1.0', '0.2798997307109979', '0.5494505494505494'], ['1.0', '0.6102207964175518', '0.5570291777188328'], ['1.0', '0.518450505024833', '0.6739926739926739'], ['1.0', '0.5804426671147197', '1.0'], ['1.0', '0.4651865601893059', '0.0'], ['1.0', '0.9518457492827287', '0.0']]]
3. most: ['1.0', '0.0', '0.0']
4: rand:[1.         0.49372557 0.47012971]
4: rand:[1.         0.56244239 0.61915574]
4: rand:[1.         0.60921685 0.57775261]
4: rand:[1.         0.45740712 0.18857772]
4: rand:[1.         0.48013014 0.47343153]
4: rand:[1.         0.56246149 0.37388622]
4: rand:[1.         0.57922227 0.33718258]
4: rand:[1.         0.48394387 0.40058283]
4: rand:[1.         0.55880763 0.5500916 ]
4: rand:[1.         0.46337307 0.48412778]
5: mid: [1.0, 0.4656463632522051, 0.33725976350905845]
5: mid: [1.0, 0.43167889671691795, 0.32555396097649897]
5: mid: [1.0, 0.4708282542443282, 0.32469036605440404]
5: mid: [1.0, 0.631855565923272, 0.5092768743289416]
5: mid: [1.0, 0.6386473468445654, 0.6279635194933918]
5: mid: [1.0, 0.6706605463892871, 0.5199167125433382]
5: mid: [1.0, 0.6259089291027726, 0.48519307806670625]
5: mid: [1.0, 0.40066690440920744, 0.31301265201367745]
5: mid: [1.0, 0.43250200506407793, 0.2814462275986345]
5: mid: [1.0, 0.5505634248523458, 0.46068994847583905]
6: top: ['1.0', '0.29796078138177723', '0.6627218934911243']
6: top: ['1.0', '0.29796078138177723', '0.6627218934911243']
6: top: ['1.0', '0.29796078138177723', '0.6627218934911243']
6: top: ['1.0', '0.8051439971479067', '0.8284023668639052']
6: top: ['1.0', '0.8051439971479067', '0.8284023668639052']
6: top: ['1.0', '0.8051439971479067', '0.8284023668639052']
6: top: ['1.0', '0.8051439971479067', '0.8284023668639052']
6: top: ['1.0', '0.29796078138177723', '0.6627218934911243']
6: top: ['1.0', '0.633785936686384', '0.0']
6: top: ['1.0', '0.633785936686384', '0.0']
========================================================================================================================
========================================================================================================================
Current random seed:  69
['Cost-', 'Score-', 'Idle-']
1. top6:[['1.0', '0.4261915871940382', '0.8717948717948717'], ['1.0', '0.28012514230099067', '0.41958041958041953'], ['1.0', '0.4892682775304377', '0.8058608058608059'], ['1.0', '0.44239458293397693', '0.1923076923076923'], ['1.0', '0.1344596885499091', '0.21978021978021983'], ['1.0', '0.14765456183417688', '0.651890482398957']]
2. top50:[[['1.0', '0.4261915871940382', '0.8717948717948717'], ['1.0', '0.28012514230099067', '0.41958041958041953'], ['1.0', '0.4892682775304377', '0.8058608058608059'], ['1.0', '0.44239458293397693', '0.1923076923076923'], ['1.0', '0.1344596885499091', '0.21978021978021983'], ['1.0', '0.14765456183417688', '0.651890482398957'], ['1.0', '0.5166852061557006', '0.1923076923076923'], ['1.0', '0.5668719749699502', '0.9049773755656109'], ['1.0', '0.670250808756713', '0.4895104895104896'], ['1.0', '0.46015855832201363', '0.6293706293706293'], ['1.0', '0.583803635473612', '0.3550295857988165'], ['1.0', '0.6968616779842957', '0.293040293040293'], ['1.0', '0.45618067035146975', '0.0'], ['1.0', '0.4522010844139638', '0.0'], ['1.0', '0.07676613179535449', '0.6153846153846154'], ['1.0', '0.31787732283247955', '0.5594405594405595'], ['1.0', '0.3277829987722747', '0.8097165991902835'], ['1.0', '0.7487716915548084', '0.35164835164835156'], ['1.0', '0.554698103922434', '0.10989010989010983'], ['1.0', '0.6712011299679685', '0.7201309328968903'], ['1.0', '0.1919786989247274', '0.4962779156327544'], ['1.0', '0.5871682322613884', '0.34188034188034183'], ['1.0', '0.6768863452329472', '0.25641025641025633'], ['1.0', '0.45175661989575855', '0.8391608391608391'], ['1.0', '0.32123902556358636', '0.0'], ['1.0', '0.2798997307109979', '0.5494505494505494'], ['1.0', '0.5448462448927527', '0.7852564102564104'], ['1.0', '0.12910471315765124', '0.6923076923076922'], ['1.0', '0.3499359149841855', '0.5728314238952538'], ['1.0', '0.4068509832017028', '0.6153846153846154'], ['1.0', '0.20780668464144392', '0.16194331983805665'], ['1.0', '0.6209904101828789', '0.20979020979020976'], ['1.0', '0.4740852268790192', '1.0'], ['1.0', '0.5196481536968932', '0.611439842209073'], ['1.0', '0.7134809008430197', '0.1183431952662721'], ['1.0', '0.5560606941812147', '0.3846153846153846'], ['1.0', '0.6719034275105294', '0.05698005698005706'], ['1.0', '0.8919492660227205', '0.5128205128205129'], ['1.0', '0.3699140182837288', '0.0'], ['1.0', '0.5352067341663994', '0.5333333333333333'], ['1.0', '0.6146181919159853', '0.12820512820512825'], ['1.0', '0.7505642783068296', '0.0'], ['1.0', '0.26626435463194514', '0.641025641025641'], ['1.0', '0.8730166604829818', '0.25641025641025633'], ['1.0', '0.8164699202045018', '0.7818411097099621'], ['1.0', '0.7312348902677668', '0.7905982905982905'], ['1.0', '0.3565524615781673', '0.7692307692307692'], ['1.0', '0.7638893891658647', '0.28846153846153844'], ['1.0', '0.6659397197787629', '0.5023547880690739'], ['1.0', '0.7816883421582552', '0.8284023668639052']]]
3. most: ['1.0', '0.0', '0.0']
4: rand:[1.         0.52183028 0.30631868]
4: rand:[1.         0.51203396 0.21589149]
4: rand:[1.         0.50250248 0.39030544]
4: rand:[1.         0.53462948 0.42625689]
4: rand:[1.         0.4088786  0.45356775]
4: rand:[1.         0.46340979 0.28264073]
4: rand:[1.         0.35317177 0.31587004]
4: rand:[1.         0.57060088 0.34242987]
4: rand:[1.         0.52393186 0.50971065]
4: rand:[1.         0.51276447 0.32327951]
5: mid: [1.0, 0.49973322290340105, 0.35765442573077244]
5: mid: [1.0, 0.5505401421129652, 0.36201017678223685]
5: mid: [1.0, 0.4811188279019501, 0.4044420339492576]
5: mid: [1.0, 0.47911366193764493, 0.40969928272605516]
5: mid: [1.0, 0.5497662512140145, 0.30021729104995604]
5: mid: [1.0, 0.40571540447915205, 0.37225528335535363]
5: mid: [1.0, 0.4484397983283915, 0.41828629136842466]
5: mid: [1.0, 0.4597479186126185, 0.4212929050660587]
5: mid: [1.0, 0.5834520257452945, 0.3018199773187413]
5: mid: [1.0, 0.5773830203797651, 0.36400585586147405]
6: top: ['1.0', '0.3418687282800732', '0.0']
6: top: ['1.0', '0.7136847698597026', '0.49346879535558785']
6: top: ['1.0', '0.3418687282800732', '0.0']
6: top: ['1.0', '0.3418687282800732', '0.0']
6: top: ['1.0', '0.7136847698597026', '0.49346879535558785']
6: top: ['1.0', '0.3418687282800732', '0.0']
6: top: ['1.0', '0.3418687282800732', '0.0']
6: top: ['1.0', '0.3418687282800732', '0.0']
6: top: ['1.0', '0.7136847698597026', '0.49346879535558785']
6: top: ['1.0', '0.7136847698597026', '0.49346879535558785']
========================================================================================================================
========================================================================================================================
Current random seed:  80
['Cost-', 'Score-', 'Idle-']
1. top6:[['1.0', '0.6735251570016997', '0.6219312602291326'], ['1.0', '0.4015610783472252', '0.0'], ['1.0', '0.18477043916602306', '0.41958041958041953'], ['1.0', '0.7553006319640158', '0.0'], ['1.0', '0.6875867663766444', '0.40485829959514175'], ['1.0', '0.40215973302195746', '0.621301775147929']]
2. top50:[[['1.0', '0.6735251570016997', '0.6219312602291326'], ['1.0', '0.4015610783472252', '0.0'], ['1.0', '0.18477043916602306', '0.41958041958041953'], ['1.0', '0.7553006319640158', '0.0'], ['1.0', '0.6875867663766444', '0.40485829959514175'], ['1.0', '0.40215973302195746', '0.621301775147929'], ['1.0', '0.8919492660227205', '0.5128205128205129'], ['1.0', '0.4868833968887202', '0.5641025641025641'], ['1.0', '0.4023211270851974', '0.9401709401709402'], ['1.0', '0.12388731703997348', '0.0'], ['1.0', '0.5343913860263435', '0.6334841628959276'], ['1.0', '0.1611757348253099', '1.0'], ['1.0', '0.6553611080529278', '0.0'], ['1.0', '0.10387830287284644', '0.0'], ['1.0', '0.31787732283247955', '0.5594405594405595'], ['1.0', '0.2915698381094367', '0.717948717948718'], ['1.0', '0.4738498403136969', '0.6923076923076922'], ['1.0', '0.2400490417104684', '0.0'], ['1.0', '0.7077277509351874', '0.32967032967032966'], ['1.0', '0.20962888540386274', '0.23076923076923078'], ['1.0', '0.3593118273092826', '0.3238866396761133'], ['1.0', '0.12199095303865189', '0.26035502958579876'], ['1.0', '0.4175312010876515', '0.574052812858783'], ['1.0', '0.5638762707616835', '0.0'], ['1.0', '0.6231526321772047', '0.6923076923076922'], ['1.0', '0.4946398434730377', '0.05917159763313605'], ['1.0', '0.2775153738809942', '1.0'], ['1.0', '0.209191359116642', '0.3001876172607879'], ['1.0', '0.41092057816460054', '0.9568480300187617'], ['1.0', '0.9070200564859189', '0.0'], ['1.0', '0.2891203713625623', '0.0'], ['1.0', '0.4551602788733679', '0.15009380863039395'], ['1.0', '0.25834925183298235', '0.05698005698005706'], ['1.0', '0.849204112769148', '0.5128205128205129'], ['1.0', '0.40880561347065636', '0.4395604395604395'], ['1.0', '0.4719314657687822', '0.0'], ['1.0', '0.5892559949279281', '0.1538461538461538'], ['1.0', '0.9059911788333866', '0.588235294117647'], ['1.0', '0.3692003632677576', '0.25641025641025633'], ['1.0', '0.32962538179862344', '0.06410256410256404'], ['1.0', '0.26132528767624114', '0.1398601398601399'], ['1.0', '0.7712744874911159', '0.7692307692307692'], ['1.0', '0.33128756969448075', '0.25641025641025633'], ['1.0', '0.7059543611590056', '0.3846153846153846'], ['1.0', '0.6102207964175518', '0.5570291777188328'], ['1.0', '0.1476213542105785', '0.0'], ['1.0', '0.16404110314961695', '0.0'], ['1.0', '0.25613525108535146', '0.0'], ['1.0', '0.262439995959241', '0.0'], ['1.0', '0.60936411877702', '0.8097165991902835']]]
3. most: ['1.0', '0.0', '0.0']
4: rand:[1.         0.4990221  0.68831169]
4: rand:[1.         0.49801109 0.46430236]
4: rand:[1.         0.4896273  0.34531897]
4: rand:[1.         0.41768101 0.33229842]
4: rand:[1.         0.50897348 0.24224255]
4: rand:[1.         0.56961425 0.28641097]
4: rand:[1.         0.43485652 0.50126959]
4: rand:[1.         0.59217895 0.45832794]
4: rand:[1.         0.5607674  0.41717876]
4: rand:[1.         0.47658382 0.34227916]
5: mid: [1.0, 0.40787058753602873, 0.4412353552113816]
5: mid: [1.0, 0.5110357363014559, 0.42759308377718414]
5: mid: [1.0, 0.5442991244230853, 0.33427413303165193]
5: mid: [1.0, 0.43738779712318904, 0.391023756110932]
5: mid: [1.0, 0.6082439112524147, 0.37277442880128275]
5: mid: [1.0, 0.39834712943618733, 0.49117131773271255]
5: mid: [1.0, 0.6043580045310398, 0.38355402333960664]
5: mid: [1.0, 0.5887549493795686, 0.37639973797374876]
5: mid: [1.0, 0.435232928251392, 0.43527815115315655]
5: mid: [1.0, 0.5609199562544721, 0.34479530844155903]
6: top: ['1.0', '0.5427846300636304', '0.4395604395604395']
6: top: ['1.0', '0.5692465870687105', '0.32967032967032966']
6: top: ['1.0', '0.5746227615461037', '0.2366863905325444']
6: top: ['1.0', '0.5746227615461037', '0.2366863905325444']
6: top: ['1.0', '0.5692465870687105', '0.32967032967032966']
6: top: ['1.0', '0.5427846300636304', '0.4395604395604395']
6: top: ['1.0', '0.5746227615461037', '0.2366863905325444']
6: top: ['1.0', '0.5746227615461037', '0.2366863905325444']
6: top: ['1.0', '0.5427846300636304', '0.4395604395604395']
6: top: ['1.0', '0.5746227615461037', '0.2366863905325444']
========================================================================================================================
========================================================================================================================
Current random seed:  88
['Cost-', 'Score-', 'Idle-']
1. top6:[['1.0', '0.4711888678260311', '0.7239819004524887'], ['1.0', '0.5059896922634238', '0.5128205128205129'], ['1.0', '0.7478309728782464', '0.6293706293706293'], ['1.0', '0.6445330053258813', '0.3619909502262444'], ['1.0', '0.34587909703489417', '0.1538461538461538'], ['1.0', '0.5896256466849873', '0.9743589743589742']]
2. top50:[[['1.0', '0.4711888678260311', '0.7239819004524887'], ['1.0', '0.5059896922634238', '0.5128205128205129'], ['1.0', '0.7478309728782464', '0.6293706293706293'], ['1.0', '0.6445330053258813', '0.3619909502262444'], ['1.0', '0.34587909703489417', '0.1538461538461538'], ['1.0', '0.5896256466849873', '0.9743589743589742'], ['1.0', '0.6627626994509423', '0.717948717948718'], ['1.0', '0.209191359116642', '0.3001876172607879'], ['1.0', '0.613206310454743', '0.641025641025641'], ['1.0', '0.329700874000569', '0.5429864253393665'], ['1.0', '0.5766789994958976', '0.49773755656108587'], ['1.0', '0.24844284733630256', '0.8191808191808193'], ['1.0', '0.7584343349788741', '0.7040417209908735'], ['1.0', '0.29796078138177723', '0.6627218934911243'], ['1.0', '0.7803550473448094', '0.27613412228796846'], ['1.0', '0.7487716915548084', '0.35164835164835156'], ['1.0', '0.5224741065745377', '0.3496503496503497'], ['1.0', '0.7336061117546132', '0.45503791982665226'], ['1.0', '0.3810821947895189', '0.0'], ['1.0', '0.29801056900759265', '0.0'], ['1.0', '0.6843160700033423', '0.4487179487179486'], ['1.0', '0.6946935211688621', '0.09615384615384615'], ['1.0', '0.9059911788333866', '0.588235294117647'], ['1.0', '0.48477563403249097', '0.641025641025641'], ['1.0', '0.4525475965337757', '0.7100591715976331'], ['1.0', '0.512469386561524', '0.0'], ['1.0', '0.5264535287934978', '0.06410256410256404'], ['1.0', '0.6977034064062189', '0.34188034188034183'], ['1.0', '0.6569367147991267', '0.0'], ['1.0', '0.31300629118403783', '0.6366047745358091'], ['1.0', '0.4141960943252494', '0.2626641651031896'], ['1.0', '0.5454218411819367', '0.1923076923076923'], ['1.0', '0.26835685462037756', '0.0'], ['1.0', '0.7671733048653127', '0.2393162393162393'], ['1.0', '0.40215973302195746', '0.621301775147929'], ['1.0', '0.33555165919307156', '0.0'], ['1.0', '0.6831392895210867', '0.0'], ['1.0', '0.13023297523521035', '0.8333333333333334'], ['1.0', '0.22107427126061763', '0.21978021978021983'], ['1.0', '0.1646657496863521', '0.0'], ['1.0', '0.6431427430091511', '0.2714932126696833'], ['1.0', '0.770718137335216', '0.6029106029106028'], ['1.0', '0.20962888540386274', '0.23076923076923078'], ['1.0', '0.5647030815883203', '0.0'], ['1.0', '0.8051439971479067', '0.8284023668639052'], ['1.0', '0.7834265803732801', '0.4023668639053254'], ['1.0', '0.5477912414179767', '0.8026755852842808'], ['1.0', '0.20914969458975452', '0.25641025641025633'], ['1.0', '1.0', '0.1923076923076923'], ['1.0', '0.6401264486920509', '0.641025641025641']]]
3. most: ['1.0', '0.0', '0.0']
4: rand:[1.         0.59250218 0.23155527]
4: rand:[1.         0.63599422 0.42446279]
4: rand:[1.         0.52709946 0.41597323]
4: rand:[1.         0.5502506  0.37514929]
4: rand:[1.         0.46513944 0.47528292]
4: rand:[1.         0.49189843 0.39418094]
4: rand:[1.         0.40047591 0.28892051]
4: rand:[1.         0.48848234 0.23284738]
4: rand:[1.         0.54030376 0.44391113]
4: rand:[1.         0.43598264 0.28877286]
5: mid: [1.0, 0.4800075813677248, 0.4635414250691944]
5: mid: [1.0, 0.45730794663800334, 0.5441429525375894]
5: mid: [1.0, 0.5590517790573649, 0.19384624753704682]
5: mid: [1.0, 0.5884966280692989, 0.1900156034240383]
5: mid: [1.0, 0.5846432972502859, 0.20645694822989713]
5: mid: [1.0, 0.3895880354342141, 0.522946427200634]
5: mid: [1.0, 0.5871992055974284, 0.24647639990555006]
5: mid: [1.0, 0.5894665188007328, 0.23046627451403953]
5: mid: [1.0, 0.39394036234390445, 0.5286891581090754]
5: mid: [1.0, 0.40132444633079795, 0.5565560451759367]
6: top: ['1.0', '0.24844284733630256', '0.8191808191808193']
6: top: ['1.0', '0.24844284733630256', '0.8191808191808193']
6: top: ['1.0', '0.5136258529537513', '0.03944773175542409']
6: top: ['1.0', '0.5136258529537513', '0.03944773175542409']
6: top: ['1.0', '0.5136258529537513', '0.03944773175542409']
6: top: ['1.0', '0.24844284733630256', '0.8191808191808193']
6: top: ['1.0', '0.5136258529537513', '0.03944773175542409']
6: top: ['1.0', '0.5136258529537513', '0.03944773175542409']
6: top: ['1.0', '0.24844284733630256', '0.8191808191808193']
6: top: ['1.0', '0.24844284733630256', '0.8191808191808193']
========================================================================================================================
========================================================================================================================
Current random seed:  32
['Cost-', 'Score-', 'Idle-']
1. top6:[['1.0', '0.4246352118550626', '0.7692307692307692'], ['1.0', '0.22982045893956948', '0.0'], ['1.0', '0.2718164123527708', '0.170940170940171'], ['1.0', '0.41092057816460054', '0.9568480300187617'], ['1.0', '0.4401818684126407', '0.1183431952662721'], ['1.0', '0.7351506010679285', '0.1538461538461538']]
2. top50:[[['1.0', '0.4246352118550626', '0.7692307692307692'], ['1.0', '0.22982045893956948', '0.0'], ['1.0', '0.2718164123527708', '0.170940170940171'], ['1.0', '0.41092057816460054', '0.9568480300187617'], ['1.0', '0.4401818684126407', '0.1183431952662721'], ['1.0', '0.7351506010679285', '0.1538461538461538'], ['1.0', '0.7553006319640158', '0.0'], ['1.0', '0.14394097835572725', '0.25641025641025633'], ['1.0', '0.3890818587978395', '0.043956043956043966'], ['1.0', '0.10387830287284644', '0.0'], ['1.0', '0.4271129200750352', '0.5690200210748156'], ['1.0', '0.28012514230099067', '0.41958041958041953'], ['1.0', '0.6102207964175518', '0.5570291777188328'], ['1.0', '0.6344247878978103', '0.0'], ['1.0', '0.24189865306631428', '0.170940170940171'], ['1.0', '0.8544841957609575', '0.8144796380090498'], ['1.0', '0.11897577222477879', '0.8547008547008547'], ['1.0', '0.2520535800270707', '0.04524886877828055'], ['1.0', '0.41827216699153824', '0.6699751861042182'], ['1.0', '0.7136847698597026', '0.49346879535558785'], ['1.0', '0.8286474702541661', '0.0854700854700855'], ['1.0', '0.7354086739497404', '0.20512820512820507'], ['1.0', '0.24414363657518845', '0.3846153846153846'], ['1.0', '0.24578921922060476', '0.641025641025641'], ['1.0', '0.2563682719041216', '0.5128205128205129'], ['1.0', '0.18477043916602306', '0.41958041958041953'], ['1.0', '0.26626435463194514', '0.641025641025641'], ['1.0', '0.6354013641842751', '0.1923076923076923'], ['1.0', '0.6068849464091599', '0.0'], ['1.0', '0.20914969458975452', '0.25641025641025633'], ['1.0', '0.24844284733630256', '0.8191808191808193'], ['1.0', '0.6682050934090065', '0.3496503496503497'], ['1.0', '0.3019333301964308', '0.0'], ['1.0', '0.7151142184319721', '0.4524886877828053'], ['1.0', '0.5196481536968932', '0.611439842209073'], ['1.0', '0.42007221382119336', '0.0'], ['1.0', '0.35953049561353034', '0.0'], ['1.0', '0.6416395428159419', '0.7692307692307692'], ['1.0', '0.8436102453482351', '0.035778175313059095'], ['1.0', '0.34164570033407515', '0.1636661211129297'], ['1.0', '0.466198310104026', '0.4081632653061224'], ['1.0', '0.4821867772202588', '0.170940170940171'], ['1.0', '0.5454218411819367', '0.1923076923076923'], ['1.0', '0.39602782500178396', '0.46703296703296704'], ['1.0', '0.613206310454743', '0.641025641025641'], ['1.0', '0.22581380666604012', '0.9557109557109557'], ['1.0', '0.38320303682280565', '0.6153846153846154'], ['1.0', '0.25834925183298235', '0.05698005698005706'], ['1.0', '0.5871682322613884', '0.34188034188034183'], ['1.0', '0.798544866247378', '0.7977207977207978']]]
3. most: ['1.0', '0.0', '0.0']
4: rand:[1.         0.41314559 0.57817319]
4: rand:[1.         0.53424597 0.29184056]
4: rand:[1.         0.38583767 0.49684788]
4: rand:[1.         0.502193   0.36373151]
4: rand:[1.         0.45527777 0.4872477 ]
4: rand:[1.         0.46104943 0.29948031]
4: rand:[1.         0.43799946 0.3455089 ]
4: rand:[1.         0.51731654 0.4870942 ]
4: rand:[1.         0.57034802 0.39133561]
4: rand:[1.         0.5395215  0.48336012]
5: mid: [1.0, 0.48352973816277306, 0.4430542820358494]
5: mid: [1.0, 0.49921562308352385, 0.3134442962322826]
5: mid: [1.0, 0.5497354108095431, 0.5407028065601508]
5: mid: [1.0, 0.4474806448367897, 0.3051790751211908]
5: mid: [1.0, 0.5483309885022473, 0.6275370181671281]
5: mid: [1.0, 0.5739049295094245, 0.5402383517330477]
5: mid: [1.0, 0.5413233860599188, 0.43488721729205687]
5: mid: [1.0, 0.37445347601603585, 0.3126427281245288]
5: mid: [1.0, 0.44838125606440354, 0.2674444907610734]
5: mid: [1.0, 0.504360359073178, 0.2714326729861036]
6: top: ['1.0', '0.7351506010679285', '0.1538461538461538']
6: top: ['1.0', '0.5136258529537513', '0.03944773175542409']
6: top: ['1.0', '0.9433503644843023', '0.0']
6: top: ['1.0', '0.7351506010679285', '0.1538461538461538']
6: top: ['1.0', '0.9433503644843023', '0.0']
6: top: ['1.0', '0.9433503644843023', '0.0']
6: top: ['1.0', '0.9433503644843023', '0.0']
6: top: ['1.0', '0.029456099776748696', '0.0']
6: top: ['1.0', '0.5136258529537513', '0.03944773175542409']
6: top: ['1.0', '0.9433503644843023', '0.0']
========================================================================================================================
========================================================================================================================
Current random seed:  83
['Cost-', 'Score-', 'Idle-']
1. top6:[['1.0', '0.3890818587978395', '0.043956043956043966'], ['1.0', '0.5102355345875842', '0.3505355404089581'], ['1.0', '0.7429864194984104', '0.0'], ['1.0', '0.8496236793317239', '0.5698005698005697'], ['1.0', '0.4806325326767934', '0.5128205128205129'], ['1.0', '0.8909084666036952', '1.0']]
2. top50:[[['1.0', '0.3890818587978395', '0.043956043956043966'], ['1.0', '0.5102355345875842', '0.3505355404089581'], ['1.0', '0.7429864194984104', '0.0'], ['1.0', '0.8496236793317239', '0.5698005698005697'], ['1.0', '0.4806325326767934', '0.5128205128205129'], ['1.0', '0.8909084666036952', '1.0'], ['1.0', '0.758185836892483', '0.06410256410256404'], ['1.0', '0.5229248249363105', '0.5394605394605394'], ['1.0', '0.6025217661840913', '0.0'], ['1.0', '0.40880561347065636', '0.4395604395604395'], ['1.0', '0.6194207942432713', '1.0'], ['1.0', '0.5352067341663994', '0.5333333333333333'], ['1.0', '0.7612023940501987', '0.44444444444444436'], ['1.0', '0.6676591609858268', '0.0'], ['1.0', '0.3699140182837288', '0.0'], ['1.0', '0.6545481622094188', '0.0'], ['1.0', '0.7578455719090241', '0.0'], ['1.0', '0.12199095303865189', '0.26035502958579876'], ['1.0', '0.4525475965337757', '0.7100591715976331'], ['1.0', '0.13023297523521035', '0.8333333333333334'], ['1.0', '0.4719314657687822', '0.0'], ['1.0', '0.3012958771182707', '0.0'], ['1.0', '0.4419826195182264', '0.04048582995951412'], ['1.0', '0.5207780599965339', '0.4945054945054944'], ['1.0', '0.42007221382119336', '0.0'], ['1.0', '0.49686859715845716', '0.3016591251885369'], ['1.0', '0.3959085301908223', '0.1398601398601399'], ['1.0', '0.6627626994509423', '0.717948717948718'], ['1.0', '0.6875867663766444', '0.40485829959514175'], ['1.0', '0.8658152809483808', '0.608974358974359'], ['1.0', '0.18354371151845558', '0.7692307692307692'], ['1.0', '0.4867365396831092', '0.45028142589118203'], ['1.0', '0.34164570033407515', '0.1636661211129297'], ['1.0', '0.1344596885499091', '0.21978021978021983'], ['1.0', '0.698259731059971', '0.08791208791208793'], ['1.0', '0.6354013641842751', '0.1923076923076923'], ['1.0', '0.8085560424167252', '0.12307692307692301'], ['1.0', '0.798544866247378', '0.7977207977207978'], ['1.0', '0.3472611107815701', '0.0'], ['1.0', '0.23849707539748405', '0.4733727810650888'], ['1.0', '0.24003718621802317', '0.0'], ['1.0', '0.17423435536747475', '0.0'], ['1.0', '0.42571039339676753', '0.22624434389140274'], ['1.0', '0.5527394291547922', '0.5769230769230769'], ['1.0', '0.7728982409458062', '0.1538461538461538'], ['1.0', '0.31787732283247955', '0.5594405594405595'], ['1.0', '0.6968616779842957', '0.293040293040293'], ['1.0', '0.7917048844199869', '0.25641025641025633'], ['1.0', '0.0', '0.0'], ['1.0', '1.0', '0.1923076923076923']]]
3. most: ['1.0', '0.0', '0.0']
4: rand:[1.         0.54375411 0.23050472]
4: rand:[1.         0.57245259 0.46554801]
4: rand:[1.         0.39094103 0.66168091]
4: rand:[1.         0.40519634 0.33893557]
4: rand:[1.         0.36026386 0.37400802]
4: rand:[1.         0.39147877 0.30962961]
4: rand:[1.         0.43522524 0.44464403]
4: rand:[1.         0.57018792 0.40395066]
4: rand:[1.         0.49419277 0.32051822]
4: rand:[1.         0.55501888 0.29835862]
5: mid: [1.0, 0.5303292051805659, 0.4345418462171653]
5: mid: [1.0, 0.5255708020409996, 0.4178843015589668]
5: mid: [1.0, 0.5114210916245178, 0.42327622317603897]
5: mid: [1.0, 0.515820151276024, 0.3982239433156772]
5: mid: [1.0, 0.5213951409099203, 0.4012987589863299]
5: mid: [1.0, 0.5373193986430376, 0.4259314998312059]
5: mid: [1.0, 0.5387811155330233, 0.417487644576224]
5: mid: [1.0, 0.5255973213213411, 0.43462874789041644]
5: mid: [1.0, 0.5461432849107273, 0.3120545148675415]
5: mid: [1.0, 0.5147813263749045, 0.4448082075999723]
6: top: ['1.0', '0.5352067341663994', '0.5333333333333333']
6: top: ['1.0', '0.5352067341663994', '0.5333333333333333']
6: top: ['1.0', '0.5352067341663994', '0.5333333333333333']
6: top: ['1.0', '0.5352067341663994', '0.5333333333333333']
6: top: ['1.0', '0.5352067341663994', '0.5333333333333333']
6: top: ['1.0', '0.5352067341663994', '0.5333333333333333']
6: top: ['1.0', '0.5352067341663994', '0.5333333333333333']
6: top: ['1.0', '0.5352067341663994', '0.5333333333333333']
6: top: ['1.0', '0.45618067035146975', '0.0']
6: top: ['1.0', '0.5352067341663994', '0.5333333333333333']
========================================================================================================================
========================================================================================================================
Current random seed:  42
['Cost-', 'Score-', 'Idle-']
1. top6:[['1.0', '0.6090624358009551', '0.39702233250620345'], ['1.0', '0.22581380666604012', '0.9557109557109557'], ['1.0', '0.10387830287284644', '0.0'], ['1.0', '0.0907664194887143', '0.0'], ['1.0', '0.2925605122531943', '0.0'], ['1.0', '0.40683783424654685', '0.5628517823639775']]
2. top50:[[['1.0', '0.6090624358009551', '0.39702233250620345'], ['1.0', '0.22581380666604012', '0.9557109557109557'], ['1.0', '0.10387830287284644', '0.0'], ['1.0', '0.0907664194887143', '0.0'], ['1.0', '0.2925605122531943', '0.0'], ['1.0', '0.40683783424654685', '0.5628517823639775'], ['1.0', '0.7336061117546132', '0.45503791982665226'], ['1.0', '0.6843160700033423', '0.4487179487179486'], ['1.0', '0.4795165357398858', '0.3479853479853479'], ['1.0', '0.7638893891658647', '0.28846153846153844'], ['1.0', '0.3970743667154215', '0.5039787798408488'], ['1.0', '0.6240976148753099', '0.7459207459207459'], ['1.0', '0.20706620939665674', '0.6293706293706293'], ['1.0', '0.25776827966543364', '0.0'], ['1.0', '0.27528164664902044', '0.4524886877828053'], ['1.0', '0.515240421139051', '0.8421052631578946'], ['1.0', '0.12423181592844994', '0.8723235527359238'], ['1.0', '0.19927426375225538', '0.641025641025641'], ['1.0', '0.8085560424167252', '0.12307692307692301'], ['1.0', '0.6315268830890522', '0.4347826086956522'], ['1.0', '0.39861569808786385', '0.8097165991902835'], ['1.0', '0.10394320286877987', '0.0'], ['1.0', '0.7512299593920883', '0.4081632653061224'], ['1.0', '0.6946935211688621', '0.09615384615384615'], ['1.0', '0.9010521476593695', '0.32967032967032966'], ['1.0', '0.4419826195182264', '0.04048582995951412'], ['1.0', '0.770718137335216', '0.6029106029106028'], ['1.0', '0.053828306339472574', '0.0'], ['1.0', '0.6194207942432713', '1.0'], ['1.0', '0.48654058136665634', '0.48582995951417'], ['1.0', '0.30546790416053826', '0.2692307692307693'], ['1.0', '0.27902359109811936', '0.10256410256410253'], ['1.0', '0.20962888540386274', '0.23076923076923078'], ['1.0', '0.6720896125997947', '0.3846153846153846'], ['1.0', '0.2800029532666239', '0.0'], ['1.0', '0.6098590052398374', '0.6706114398422091'], ['1.0', '0.12910471315765124', '0.6923076923076922'], ['1.0', '0.4850926484703549', '0.16194331983805665'], ['1.0', '0.18872025585320165', '0.0'], ['1.0', '0.35800971013775584', '0.8695652173913044'], ['1.0', '0.4905360093380776', '0.21978021978021983'], ['1.0', '0.25834925183298235', '0.05698005698005706'], ['1.0', '0.7351506010679285', '0.1538461538461538'], ['1.0', '0.5196481536968932', '0.611439842209073'], ['1.0', '0.29796078138177723', '0.6627218934911243'], ['1.0', '0.8436102453482351', '0.035778175313059095'], ['1.0', '0.07820385163066285', '1.0'], ['1.0', '0.8212040826483523', '0.3365384615384615'], ['1.0', '0.37095690076345533', '0.8717948717948717'], ['1.0', '0.33555165919307156', '0.0']]]
3. most: ['1.0', '0.0', '0.0']
4: rand:[1.         0.48056841 0.46620248]
4: rand:[1.         0.36334136 0.57891834]
4: rand:[1.         0.64971076 0.15181115]
4: rand:[1.         0.59088536 0.50480065]
4: rand:[1.         0.45527734 0.40948493]
4: rand:[1.         0.59903516 0.43072946]
4: rand:[1.         0.47957145 0.40578166]
4: rand:[1.         0.4963129  0.48556384]
4: rand:[1.         0.50524003 0.3882934 ]
4: rand:[1.         0.4942776  0.32942087]
5: mid: [1.0, 0.48697466659526917, 0.4218918374855613]
5: mid: [1.0, 0.5037161020526948, 0.1592053521705397]
5: mid: [1.0, 0.4879890139023163, 0.18018532391044126]
5: mid: [1.0, 0.5065086851661511, 0.3208821038330822]
5: mid: [1.0, 0.5017742871213888, 0.47148012179170906]
5: mid: [1.0, 0.46428613840210214, 0.2670952375708099]
5: mid: [1.0, 0.46082894172099115, 0.2678228810368806]
5: mid: [1.0, 0.4513792816750848, 0.26875898087298894]
5: mid: [1.0, 0.5454913310001203, 0.5311618430609121]
5: mid: [1.0, 0.46901988184666665, 0.25717062153167675]
6: top: ['1.0', '0.5691487736882886', '0.6153846153846154']
6: top: ['1.0', '0.8442426309825626', '0.0']
6: top: ['1.0', '0.8442426309825626', '0.0']
6: top: ['1.0', '0.5691487736882886', '0.6153846153846154']
6: top: ['1.0', '0.5691487736882886', '0.6153846153846154']
6: top: ['1.0', '0.8442426309825626', '0.0']
6: top: ['1.0', '0.8442426309825626', '0.0']
6: top: ['1.0', '0.8442426309825626', '0.0']
6: top: ['1.0', '0.5691487736882886', '0.6153846153846154']
6: top: ['1.0', '0.8442426309825626', '0.0']
========================================================================================================================
========================================================================================================================
Current random seed:  52
['Cost-', 'Score-', 'Idle-']
1. top6:[['1.0', '0.46647734496501664', '0.1809954751131222'], ['1.0', '0.12199095303865189', '0.26035502958579876'], ['1.0', '0.6431427430091511', '0.2714932126696833'], ['1.0', '0.8730166604829818', '0.25641025641025633'], ['1.0', '0.704129502333454', '0.32967032967032966'], ['1.0', '0.6953332015367253', '0.7357859531772575']]
2. top50:[[['1.0', '0.46647734496501664', '0.1809954751131222'], ['1.0', '0.12199095303865189', '0.26035502958579876'], ['1.0', '0.6431427430091511', '0.2714932126696833'], ['1.0', '0.8730166604829818', '0.25641025641025633'], ['1.0', '0.704129502333454', '0.32967032967032966'], ['1.0', '0.6953332015367253', '0.7357859531772575'], ['1.0', '0.29266863074548244', '0.0'], ['1.0', '0.8433762724450603', '0.7100591715976331'], ['1.0', '0.24414363657518845', '0.3846153846153846'], ['1.0', '0.4491740945048858', '0.4807692307692307'], ['1.0', '0.5229248249363105', '0.5394605394605394'], ['1.0', '0.46015855832201363', '0.6293706293706293'], ['1.0', '0.6843160700033423', '0.4487179487179486'], ['1.0', '0.25834925183298235', '0.05698005698005706'], ['1.0', '0.7757873037614771', '0.1923076923076923'], ['1.0', '0.20780668464144392', '0.16194331983805665'], ['1.0', '0.6768863452329472', '0.25641025641025633'], ['1.0', '0.526858657119861', '0.1538461538461538'], ['1.0', '0.4927597801203416', '0.5698005698005697'], ['1.0', '0.3499359149841855', '0.5728314238952538'], ['1.0', '0.7322032792895758', '0.7977207977207978'], ['1.0', '0.2563682719041216', '0.5128205128205129'], ['1.0', '0.669704166633882', '0.0'], ['1.0', '0.6611371793146434', '0.37735849056603765'], ['1.0', '0.7816883421582552', '0.8284023668639052'], ['1.0', '0.5871682322613884', '0.34188034188034183'], ['1.0', '0.3457657954574675', '0.6993006993006994'], ['1.0', '0.14394097835572725', '0.25641025641025633'], ['1.0', '0.3367812507541325', '0.6433566433566433'], ['1.0', '0.30546790416053826', '0.2692307692307693'], ['1.0', '0.26804745668334923', '0.9615384615384615'], ['1.0', '0.5679691848059709', '0.8144796380090498'], ['1.0', '0.849204112769148', '0.5128205128205129'], ['1.0', '0.6627626994509423', '0.717948717948718'], ['1.0', '0.2925605122531943', '0.0'], ['1.0', '0.49218634315298276', '0.6923076923076922'], ['1.0', '0.5462139692938944', '0.07692307692307698'], ['1.0', '0.8041547510093715', '0.7599629286376275'], ['1.0', '0.3277829987722747', '0.8097165991902835'], ['1.0', '0.3810821947895189', '0.0'], ['1.0', '0.7690112891447416', '0.7692307692307692'], ['1.0', '0.6008271907496804', '0.586080586080586'], ['1.0', '0.3593118273092826', '0.3238866396761133'], ['1.0', '0.758185836892483', '0.06410256410256404'], ['1.0', '0.49065684589020403', '0.5384615384615384'], ['1.0', '0.5746227615461037', '0.2366863905325444'], ['1.0', '0.3179662076551596', '0.0'], ['1.0', '0.749248483544642', '0.0'], ['1.0', '0.8286474702541661', '0.0854700854700855'], ['1.0', '0.11098560883627881', '0.7692307692307692']]]
3. most: ['1.0', '0.0', '0.0']
4: rand:[1.         0.49424342 0.49612009]
4: rand:[1.         0.48423284 0.51359492]
4: rand:[1.         0.56718974 0.23120382]
4: rand:[1.         0.54626276 0.4493889 ]
4: rand:[1.         0.47263868 0.40558634]
4: rand:[1.         0.56763366 0.50536979]
4: rand:[1.         0.5562815  0.23121506]
4: rand:[1.         0.47214099 0.28567324]
4: rand:[1.         0.48802388 0.35903573]
4: rand:[1.         0.49373582 0.43841821]
5: mid: [1.0, 0.4654071275340333, 0.2938548274023912]
5: mid: [1.0, 0.349747764700298, 0.5237848118479915]
5: mid: [1.0, 0.35882564338590117, 0.557383328780764]
5: mid: [1.0, 0.44620051803120653, 0.5389540997792132]
5: mid: [1.0, 0.41379749494571577, 0.5260790643430855]
5: mid: [1.0, 0.40112688077725406, 0.5207225613862793]
5: mid: [1.0, 0.5682570965444191, 0.23925373013330123]
5: mid: [1.0, 0.4180277237933965, 0.575967076031492]
5: mid: [1.0, 0.5825461470546665, 0.25071576003338364]
5: mid: [1.0, 0.5794463083926712, 0.22500927198371884]
6: top: ['1.0', '0.11335801349061252', '0.7438715131022823']
6: top: ['1.0', '0.11335801349061252', '0.7438715131022823']
6: top: ['1.0', '0.11335801349061252', '0.7438715131022823']
6: top: ['1.0', '0.47917041415067096', '0.8731808731808731']
6: top: ['1.0', '0.47917041415067096', '0.8731808731808731']
6: top: ['1.0', '0.47917041415067096', '0.8731808731808731']
6: top: ['1.0', '0.5826903497929555', '0.0']
6: top: ['1.0', '0.47917041415067096', '0.8731808731808731']
6: top: ['1.0', '0.5826903497929555', '0.0']
6: top: ['1.0', '0.5826903497929555', '0.0']
========================================================================================================================
========================================================================================================================
Current random seed:  97
['Cost-', 'Score-', 'Idle-']
1. top6:[['1.0', '0.5467651078632411', '0.4158004158004158'], ['1.0', '0.6712011299679685', '0.7201309328968903'], ['1.0', '0.4905360093380776', '0.21978021978021983'], ['1.0', '0.46816258467750477', '0.5594405594405595'], ['1.0', '0.7781690498884826', '0.7100591715976331'], ['1.0', '0.11897577222477879', '0.8547008547008547']]
2. top50:[[['1.0', '0.5467651078632411', '0.4158004158004158'], ['1.0', '0.6712011299679685', '0.7201309328968903'], ['1.0', '0.4905360093380776', '0.21978021978021983'], ['1.0', '0.46816258467750477', '0.5594405594405595'], ['1.0', '0.7781690498884826', '0.7100591715976331'], ['1.0', '0.11897577222477879', '0.8547008547008547'], ['1.0', '0.7312348902677668', '0.7905982905982905'], ['1.0', '0.7339411006117393', '0.6366047745358091'], ['1.0', '0.999030032093725', '0.0'], ['1.0', '0.5746227615461037', '0.2366863905325444'], ['1.0', '0.4379504564827494', '0.08205128205128207'], ['1.0', '0.5173807350197029', '0.9725906277630415'], ['1.0', '0.6133987781078587', '0.5827505827505828'], ['1.0', '0.48228736413722373', '0.32258064516129037'], ['1.0', '0.16404110314961695', '0.0'], ['1.0', '0.5546217917664612', '0.10989010989010983'], ['1.0', '0.7029744496836556', '0.5594405594405595'], ['1.0', '0.1746775761675382', '0.0'], ['1.0', '0.6735251570016997', '0.6219312602291326'], ['1.0', '0.4023211270851974', '0.9401709401709402'], ['1.0', '0.9010521476593695', '0.32967032967032966'], ['1.0', '0.32385477752223957', '0.21978021978021983'], ['1.0', '0.87938570829424', '0.0'], ['1.0', '0.5871682322613884', '0.34188034188034183'], ['1.0', '0.6648924360299309', '0.5128205128205129'], ['1.0', '0.3758249122834642', '0.4347826086956522'], ['1.0', '0.22581380666604012', '0.9557109557109557'], ['1.0', '0.4867365396831092', '0.45028142589118203'], ['1.0', '0.4651865601893059', '0.0'], ['1.0', '0.5857743399111928', '0.6888633754305395'], ['1.0', '0.8658152809483808', '0.608974358974359'], ['1.0', '0.31300629118403783', '0.6366047745358091'], ['1.0', '0.526858657119861', '0.1538461538461538'], ['1.0', '0.45093714630972703', '0.4733727810650888'], ['1.0', '0.37095690076345533', '0.8717948717948717'], ['1.0', '0.4525475965337757', '0.7100591715976331'], ['1.0', '0.7503769896852218', '0.879120879120879'], ['1.0', '0.7612023940501987', '0.44444444444444436'], ['1.0', '0.5647030815883203', '0.0'], ['1.0', '0.40215973302195746', '0.621301775147929'], ['1.0', '0.7036200040102367', '0.6203473945409429'], ['1.0', '0.7834265803732801', '0.4023668639053254'], ['1.0', '0.14653146069843329', '0.6676342525399129'], ['1.0', '0.6611371793146434', '0.37735849056603765'], ['1.0', '0.8909084666036952', '1.0'], ['1.0', '0.2578280160450963', '0.7692307692307692'], ['1.0', '0.348828778300268', '0.1923076923076923'], ['1.0', '0.6301822838164889', '0.3508771929824562'], ['1.0', '0.6843160700033423', '0.4487179487179486'], ['1.0', '0.5691487736882886', '0.6153846153846154']]]
3. most: ['1.0', '0.0', '0.0']
4: rand:[1.         0.35772122 0.33963585]
4: rand:[1.         0.40313536 0.58843266]
4: rand:[1.         0.65870995 0.46650858]
4: rand:[1.         0.59894191 0.55264783]
4: rand:[1.         0.56320384 0.36153039]
4: rand:[1.         0.59501691 0.33414102]
4: rand:[1.         0.47261661 0.57210048]
4: rand:[1.         0.65680719 0.40600742]
4: rand:[1.         0.46068459 0.30697076]
4: rand:[1.         0.52702231 0.35128538]
5: mid: [1.0, 0.44325864437068957, 0.29633029051054816]
5: mid: [1.0, 0.44733603761691076, 0.3011808659518012]
5: mid: [1.0, 0.45615070466616525, 0.32333505120395756]
5: mid: [1.0, 0.42612374075862525, 0.26036025836017307]
5: mid: [1.0, 0.6620672972017484, 0.5729026372928594]
5: mid: [1.0, 0.42543943797989214, 0.28718929199590343]
5: mid: [1.0, 0.44028725551986225, 0.3335950802844484]
5: mid: [1.0, 0.6678445904611402, 0.5148090747457531]
5: mid: [1.0, 0.670462533881912, 0.5213824418691387]
5: mid: [1.0, 0.4448972082836392, 0.33090204909288434]
6: top: ['1.0', '0.25613525108535146', '0.0']
6: top: ['1.0', '0.25613525108535146', '0.0']
6: top: ['1.0', '0.25613525108535146', '0.0']
6: top: ['1.0', '0.25613525108535146', '0.0']
6: top: ['1.0', '0.5477912414179767', '0.8026755852842808']
6: top: ['1.0', '0.25613525108535146', '0.0']
6: top: ['1.0', '0.25613525108535146', '0.0']
6: top: ['1.0', '0.5477912414179767', '0.8026755852842808']
6: top: ['1.0', '0.5477912414179767', '0.8026755852842808']
6: top: ['1.0', '0.25613525108535146', '0.0']
========================================================================================================================
========================================================================================================================
Current random seed:  1
['Cost-', 'Score-', 'Idle-']
1. top6:[['1.0', '0.5803058536221922', '0.0'], ['1.0', '0.14653146069843329', '0.6676342525399129'], ['1.0', '0.7420027608764279', '0.21978021978021983'], ['1.0', '0.44239458293397693', '0.1923076923076923'], ['1.0', '0.2612584532488408', '0.0'], ['1.0', '0.4740852268790192', '1.0']]
2. top50:[[['1.0', '0.5803058536221922', '0.0'], ['1.0', '0.14653146069843329', '0.6676342525399129'], ['1.0', '0.7420027608764279', '0.21978021978021983'], ['1.0', '0.44239458293397693', '0.1923076923076923'], ['1.0', '0.2612584532488408', '0.0'], ['1.0', '0.4740852268790192', '1.0'], ['1.0', '0.3449787911919208', '0.170940170940171'], ['1.0', '0.5495226683929625', '0.4905239687848383'], ['1.0', '0.4879473989012259', '0.0'], ['1.0', '0.2915698381094367', '0.717948717948718'], ['1.0', '0.2631996845074287', '0.0'], ['1.0', '0.6648924360299309', '0.5128205128205129'], ['1.0', '0.4976649265070102', '0.3846153846153846'], ['1.0', '0.3974682180119476', '0.5128205128205129'], ['1.0', '0.45618067035146975', '0.0'], ['1.0', '0.5943883285254443', '0.0'], ['1.0', '0.7492661661578791', '0.4923076923076922'], ['1.0', '0.529906576814425', '0.40485829959514175'], ['1.0', '0.7640056181142776', '0.1538461538461538'], ['1.0', '0.880554795300196', '0.879120879120879'], ['1.0', '0.5336037778318089', '0.05917159763313605'], ['1.0', '0.4175312010876515', '0.574052812858783'], ['1.0', '0.5867191109861083', '0.1809954751131222'], ['1.0', '0.7566853324250261', '0.8228980322003578'], ['1.0', '0.37095690076345533', '0.8717948717948717'], ['1.0', '0.39152261295359064', '0.0'], ['1.0', '0.6522286133283123', '0.0'], ['1.0', '0.5766789994958976', '0.49773755656108587'], ['1.0', '0.34164570033407515', '0.1636661211129297'], ['1.0', '0.6724006167906499', '0.170940170940171'], ['1.0', '0.6108628109699409', '0.1431127012522362'], ['1.0', '0.6240976148753099', '0.7459207459207459'], ['1.0', '0.18354371151845558', '0.7692307692307692'], ['1.0', '0.515240421139051', '0.8421052631578946'], ['1.0', '0.7638893891658647', '0.28846153846153844'], ['1.0', '0.8658152809483808', '0.608974358974359'], ['1.0', '0.7917048844199869', '0.25641025641025633'], ['1.0', '0.8085560424167252', '0.12307692307692301'], ['1.0', '0.4379504564827494', '0.08205128205128207'], ['1.0', '0.9010521476593695', '0.32967032967032966'], ['1.0', '0.6194207942432713', '1.0'], ['1.0', '0.18477043916602306', '0.41958041958041953'], ['1.0', '0.24844284733630256', '0.8191808191808193'], ['1.0', '0.8286474702541661', '0.0854700854700855'], ['1.0', '0.1425684019822926', '0.24813895781637713'], ['1.0', '0.7803550473448094', '0.27613412228796846'], ['1.0', '0.8212040826483523', '0.3365384615384615'], ['1.0', '0.12423181592844994', '0.8723235527359238'], ['1.0', '0.8730166604829818', '0.25641025641025633'], ['1.0', '0.38487068646085026', '0.0']]]
3. most: ['1.0', '0.0', '0.0']
4: rand:[1.         0.46450088 0.27050718]
4: rand:[1.         0.28383544 0.40781469]
4: rand:[1.         0.52414214 0.45016303]
4: rand:[1.         0.39962732 0.41852507]
4: rand:[1.         0.4083222  0.25764988]
4: rand:[1.        0.5621065 0.1821274]
4: rand:[1.         0.54778754 0.30800585]
4: rand:[1.         0.52238988 0.37825185]
4: rand:[1.         0.57394802 0.41784542]
4: rand:[1.         0.52327582 0.59863714]
5: mid: [1.0, 0.49356587389571827, 0.34723950072293125]
5: mid: [1.0, 0.47071964424674856, 0.6416465908640376]
5: mid: [1.0, 0.49571102419687135, 0.597301075140024]
5: mid: [1.0, 0.5884102007806262, 0.6745063335687062]
5: mid: [1.0, 0.4875967246531263, 0.3353657238781789]
5: mid: [1.0, 0.449719896376286, 0.4016425084556221]
5: mid: [1.0, 0.6111563664880092, 0.5084622194604395]
5: mid: [1.0, 0.43808317838491895, 0.5497070939858725]
5: mid: [1.0, 0.5001721676006874, 0.3838166957091353]
5: mid: [1.0, 0.5439369633062628, 0.21501972780433523]
6: top: ['1.0', '0.25776827966543364', '0.0']
6: top: ['1.0', '0.20050018323646868', '1.0']
6: top: ['1.0', '0.20050018323646868', '1.0']
6: top: ['1.0', '0.20050018323646868', '1.0']
6: top: ['1.0', '0.25776827966543364', '0.0']
6: top: ['1.0', '0.6108628109699409', '0.1431127012522362']
6: top: ['1.0', '0.20050018323646868', '1.0']
6: top: ['1.0', '0.20050018323646868', '1.0']
6: top: ['1.0', '0.6108628109699409', '0.1431127012522362']
6: top: ['1.0', '0.25776827966543364', '0.0']
========================================================================================================================
========================================================================================================================
Current random seed:  13
['Cost-', 'Score-', 'Idle-']
1. top6:[['1.0', '0.7712744874911159', '0.7692307692307692'], ['1.0', '0.45194858434137414', '0.21367521367521358'], ['1.0', '0.4261915871940382', '0.8717948717948717'], ['1.0', '0.3072906257806875', '0.8026755852842808'], ['1.0', '0.6689304743733138', '0.1564537157757496'], ['1.0', '0.44239458293397693', '0.1923076923076923']]
2. top50:[[['1.0', '0.7712744874911159', '0.7692307692307692'], ['1.0', '0.45194858434137414', '0.21367521367521358'], ['1.0', '0.4261915871940382', '0.8717948717948717'], ['1.0', '0.3072906257806875', '0.8026755852842808'], ['1.0', '0.6689304743733138', '0.1564537157757496'], ['1.0', '0.44239458293397693', '0.1923076923076923'], ['1.0', '0.46805223866764195', '0.590094836670179'], ['1.0', '0.6632710240628423', '0.6993006993006994'], ['1.0', '0.7728982409458062', '0.1538461538461538'], ['1.0', '0.4976649265070102', '0.3846153846153846'], ['1.0', '0.849204112769148', '0.5128205128205129'], ['1.0', '0.1268304617590905', '0.0'], ['1.0', '0.5560606941812147', '0.3846153846153846'], ['1.0', '0.4850926484703549', '0.16194331983805665'], ['1.0', '0.6321766155695037', '0.0'], ['1.0', '0.7755650008593371', '0.3496503496503497'], ['1.0', '0.6346283506280187', '0.5128205128205129'], ['1.0', '0.5110019137580363', '0.0'], ['1.0', '0.4551602788733679', '0.15009380863039395'], ['1.0', '0.32385477752223957', '0.21978021978021983'], ['1.0', '0.5343913860263435', '0.6334841628959276'], ['1.0', '0.7420027608764279', '0.21978021978021983'], ['1.0', '0.2718164123527708', '0.170940170940171'], ['1.0', '0.6237538296325699', '0.3846153846153846'], ['1.0', '0.3461570824051774', '0.09925558312655094'], ['1.0', '0.8085560424167252', '0.12307692307692301'], ['1.0', '0.31273920266422983', '0.6153846153846154'], ['1.0', '0.6068849464091599', '0.0'], ['1.0', '0.35953049561353034', '0.0'], ['1.0', '0.2496283081740539', '0.32967032967032966'], ['1.0', '0.7566853324250261', '0.8228980322003578'], ['1.0', '0.209191359116642', '0.3001876172607879'], ['1.0', '0.4461372725456996', '0.41958041958041953'], ['1.0', '0.5336037778318089', '0.05917159763313605'], ['1.0', '0.40880561347065636', '0.4395604395604395'], ['1.0', '0.4159634528775104', '0.6797853309481217'], ['1.0', '0.6474505064005825', '0.5200433369447454'], ['1.0', '0.4522010844139638', '0.0'], ['1.0', '0.12910471315765124', '0.6923076923076922'], ['1.0', '0.5546217917664612', '0.10989010989010983'], ['1.0', '0.4905360093380776', '0.21978021978021983'], ['1.0', '0.7805227266669038', '0.4395604395604395'], ['1.0', '0.37894525915906585', '0.5668016194331984'], ['1.0', '0.2631996845074287', '0.0'], ['1.0', '0.1646657496863521', '0.0'], ['1.0', '0.6977034064062189', '0.34188034188034183'], ['1.0', '0.6843160700033423', '0.4487179487179486'], ['1.0', '0.34587909703489417', '0.1538461538461538'], ['1.0', '0.5292540972083514', '0.7100591715976331'], ['1.0', '0.2745871218744137', '0.8974358974358972']]]
3. most: ['1.0', '0.0', '0.0']
4: rand:[1.         0.88911318 0.38215564]
4: rand:[1.         0.31267144 0.30115636]
4: rand:[1.         0.48061588 0.29092517]
4: rand:[1.         0.39479363 0.38454627]
4: rand:[1.         0.51818877 0.35521394]
4: rand:[1.         0.46667935 0.4236663 ]
4: rand:[1.         0.46226239 0.54501656]
4: rand:[1.         0.5442118  0.50678602]
4: rand:[1.         0.3477836  0.24026553]
4: rand:[1.         0.39010375 0.40787509]
5: mid: [1.0, 0.5004866732561798, 0.5176036628755093]
5: mid: [1.0, 0.56601819624702, 0.6513290029043068]
5: mid: [1.0, 0.5983999740883205, 0.4468456672424424]
5: mid: [1.0, 0.5210433176273056, 0.1766166070643644]
5: mid: [1.0, 0.5174731797007236, 0.1734615174723789]
5: mid: [1.0, 0.6195803720631596, 0.11964990978614017]
5: mid: [1.0, 0.5813822881815391, 0.13004679759915444]
5: mid: [1.0, 0.4814575798344444, 0.4222091619410398]
5: mid: [1.0, 0.437199962269953, 0.3573470210239048]
5: mid: [1.0, 0.47044575144104156, 0.3203319308475393]
6: top: ['1.0', '0.7322032792895758', '0.7977207977207978']
6: top: ['1.0', '0.7322032792895758', '0.7977207977207978']
6: top: ['1.0', '0.7322032792895758', '0.7977207977207978']
6: top: ['1.0', '0.32962538179862344', '0.06410256410256404']
6: top: ['1.0', '0.32962538179862344', '0.06410256410256404']
6: top: ['1.0', '0.7499329043436751', '0.1538461538461538']
6: top: ['1.0', '0.7499329043436751', '0.1538461538461538']
6: top: ['1.0', '0.32962538179862344', '0.06410256410256404']
6: top: ['1.0', '0.32962538179862344', '0.06410256410256404']
6: top: ['1.0', '0.32962538179862344', '0.06410256410256404']
========================================================================================================================
========================================================================================================================
Current random seed:  73
['Cost-', 'Score-', 'Idle-']
1. top6:[['1.0', '0.20541869872994875', '0.0'], ['1.0', '0.3810821947895189', '0.0'], ['1.0', '0.8164699202045018', '0.7818411097099621'], ['1.0', '0.6676965808112953', '0.4395604395604395'], ['1.0', '0.2775153738809942', '1.0'], ['1.0', '0.526858657119861', '0.1538461538461538']]
2. top50:[[['1.0', '0.20541869872994875', '0.0'], ['1.0', '0.3810821947895189', '0.0'], ['1.0', '0.8164699202045018', '0.7818411097099621'], ['1.0', '0.6676965808112953', '0.4395604395604395'], ['1.0', '0.2775153738809942', '1.0'], ['1.0', '0.526858657119861', '0.1538461538461538'], ['1.0', '0.7521304584709575', '0.0'], ['1.0', '0.7595555012524678', '0.879120879120879'], ['1.0', '0.9397859415275274', '0.6923076923076922'], ['1.0', '0.3648928314250252', '0.0'], ['1.0', '0.529906576814425', '0.40485829959514175'], ['1.0', '0.3222638452588592', '0.31558185404339256'], ['1.0', '0.45175661989575855', '0.8391608391608391'], ['1.0', '0.0886334469602038', '0.1538461538461538'], ['1.0', '0.42007221382119336', '0.0'], ['1.0', '0.2631996845074287', '0.0'], ['1.0', '0.47917041415067096', '0.8731808731808731'], ['1.0', '0.4379504564827494', '0.08205128205128207'], ['1.0', '0.3449787911919208', '0.170940170940171'], ['1.0', '0.4525475965337757', '0.7100591715976331'], ['1.0', '0.348828778300268', '0.1923076923076923'], ['1.0', '0.29266863074548244', '0.0'], ['1.0', '0.9010521476593695', '0.32967032967032966'], ['1.0', '0.3277829987722747', '0.8097165991902835'], ['1.0', '0.4719314657687822', '0.0'], ['1.0', '0.5173807350197029', '0.9725906277630415'], ['1.0', '0.12423181592844994', '0.8723235527359238'], ['1.0', '0.8041547510093715', '0.7599629286376275'], ['1.0', '0.49836282174468166', '0.12820512820512825'], ['1.0', '0.5867191109861083', '0.1809954751131222'], ['1.0', '0.7814768454643284', '0.0'], ['1.0', '0.4069295813894458', '0.0'], ['1.0', '0.3923424733362719', '0.9049773755656109'], ['1.0', '0.3546438930467601', '0.0'], ['1.0', '0.14653146069843329', '0.6676342525399129'], ['1.0', '0.20063288119672668', '0.523076923076923'], ['1.0', '0.25097139726746226', '0.8391608391608391'], ['1.0', '0.45618067035146975', '0.0'], ['1.0', '0.6478855108207102', '0.0'], ['1.0', '0.5377043431973513', '0.5465587044534412'], ['1.0', '0.7429864194984104', '0.0'], ['1.0', '0.49065684589020403', '0.5384615384615384'], ['1.0', '0.7487716915548084', '0.35164835164835156'], ['1.0', '0.053828306339472574', '0.0'], ['1.0', '0.7757873037614771', '0.1923076923076923'], ['1.0', '0.24003718621802317', '0.0'], ['1.0', '0.4410325122866526', '0.5668016194331984'], ['1.0', '0.7697948568871563', '0.1538461538461538'], ['1.0', '0.4551602788733679', '0.15009380863039395'], ['1.0', '0.18354371151845558', '0.7692307692307692']]]
3. most: ['1.0', '0.0', '0.0']
4: rand:[1.         0.5881747  0.27930403]
4: rand:[1.         0.34351311 0.60322371]
4: rand:[1.         0.33408995 0.28494695]
4: rand:[1.         0.48355096 0.43251507]
4: rand:[1.         0.54139726 0.53754919]
4: rand:[1.         0.42516047 0.26250429]
4: rand:[1.         0.49687137 0.25021133]
4: rand:[1.         0.60541981 0.3567036 ]
4: rand:[1.         0.49449337 0.49846976]
4: rand:[1.         0.46966094 0.34722141]
5: mid: [1.0, 0.5802957283533519, 0.36969226676973815]
5: mid: [1.0, 0.5393294978815102, 0.35705121656291705]
5: mid: [1.0, 0.5672663855454664, 0.33461154825831935]
5: mid: [1.0, 0.3935864854342663, 0.4732936316814817]
5: mid: [1.0, 0.3836611830654779, 0.44902262365016943]
5: mid: [1.0, 0.5378458162344519, 0.3475330045178982]
5: mid: [1.0, 0.5052584773257819, 0.416802247385087]
5: mid: [1.0, 0.42221865057780383, 0.5051202903835922]
5: mid: [1.0, 0.5901233757389021, 0.6347009181901951]
5: mid: [1.0, 0.4704097003201316, 0.3837866046867176]
6: top: ['1.0', '0.7478309728782464', '0.6293706293706293']
6: top: ['1.0', '0.7478309728782464', '0.6293706293706293']
6: top: ['1.0', '0.7478309728782464', '0.6293706293706293']
6: top: ['1.0', '0.34587909703489417', '0.1538461538461538']
6: top: ['1.0', '0.34587909703489417', '0.1538461538461538']
6: top: ['1.0', '0.7478309728782464', '0.6293706293706293']
6: top: ['1.0', '0.34587909703489417', '0.1538461538461538']
6: top: ['1.0', '0.34587909703489417', '0.1538461538461538']
6: top: ['1.0', '0.7478309728782464', '0.6293706293706293']
6: top: ['1.0', '0.34587909703489417', '0.1538461538461538']
========================================================================================================================
========================================================================================================================
Current random seed:  49
['Cost-', 'Score-', 'Idle-']
1. top6:[['1.0', '0.14765456183417688', '0.651890482398957'], ['1.0', '0.5668719749699502', '0.9049773755656109'], ['1.0', '0.20780668464144392', '0.16194331983805665'], ['1.0', '0.6008271907496804', '0.586080586080586'], ['1.0', '0.47917041415067096', '0.8731808731808731'], ['1.0', '0.512469386561524', '0.0']]
2. top50:[[['1.0', '0.14765456183417688', '0.651890482398957'], ['1.0', '0.5668719749699502', '0.9049773755656109'], ['1.0', '0.20780668464144392', '0.16194331983805665'], ['1.0', '0.6008271907496804', '0.586080586080586'], ['1.0', '0.47917041415067096', '0.8731808731808731'], ['1.0', '0.512469386561524', '0.0'], ['1.0', '0.7438162686720571', '0.05917159763313605'], ['1.0', '0.49836282174468166', '0.12820512820512825'], ['1.0', '0.3880871290947411', '0.19851116625310172'], ['1.0', '0.3306265159301931', '0.8547008547008547'], ['1.0', '0.6025217661840913', '0.0'], ['1.0', '0.54204640732085', '0.5314685314685315'], ['1.0', '0.698259731059971', '0.08791208791208793'], ['1.0', '0.35800971013775584', '0.8695652173913044'], ['1.0', '0.4186509473202861', '0.10033444816053505'], ['1.0', '0.4461372725456996', '0.41958041958041953'], ['1.0', '0.07820385163066285', '1.0'], ['1.0', '1.0', '0.1923076923076923'], ['1.0', '0.6346283506280187', '0.5128205128205129'], ['1.0', '0.4910568666804687', '0.3001876172607879'], ['1.0', '0.7322032792895758', '0.7977207977207978'], ['1.0', '0.25776827966543364', '0.0'], ['1.0', '0.7512299593920883', '0.4081632653061224'], ['1.0', '0.20962888540386274', '0.23076923076923078'], ['1.0', '0.7429864194984104', '0.0'], ['1.0', '0.20706620939665674', '0.6293706293706293'], ['1.0', '0.6946935211688621', '0.09615384615384615'], ['1.0', '0.7134809008430197', '0.1183431952662721'], ['1.0', '0.42571039339676753', '0.22624434389140274'], ['1.0', '0.46816258467750477', '0.5594405594405595'], ['1.0', '0.6371705998369894', '0.036630036630036666'], ['1.0', '0.8085560424167252', '0.12307692307692301'], ['1.0', '0.5759389753775342', '0.9615384615384615'], ['1.0', '0.8730166604829818', '0.25641025641025633'], ['1.0', '0.221033911726927', '0.3001876172607879'], ['1.0', '0.4892682775304377', '0.8058608058608059'], ['1.0', '0.12423181592844994', '0.8723235527359238'], ['1.0', '0.5774480295746028', '0.3076923076923076'], ['1.0', '0.5427045275986638', '0.6334841628959276'], ['1.0', '0.670250808756713', '0.4895104895104896'], ['1.0', '0.7151142184319721', '0.4524886877828053'], ['1.0', '0.23554697442687647', '0.08316008316008316'], ['1.0', '0.46647734496501664', '0.1809954751131222'], ['1.0', '0.7499329043436751', '0.1538461538461538'], ['1.0', '0.7781690498884826', '0.7100591715976331'], ['1.0', '0.48672930544781756', '0.1538461538461538'], ['1.0', '0.3803323342744152', '0.5314685314685315'], ['1.0', '0.999030032093725', '0.0'], ['1.0', '0.7505642783068296', '0.0'], ['1.0', '0.6689304743733138', '0.1564537157757496']]]
3. most: ['1.0', '0.0', '0.0']
4: rand:[1.         0.46160417 0.44445614]
4: rand:[1.         0.32398293 0.44082087]
4: rand:[1.         0.43853786 0.27907841]
4: rand:[1.         0.5709424  0.39743381]
4: rand:[1.         0.45310165 0.45586918]
4: rand:[1.         0.56396305 0.52094344]
4: rand:[1.         0.56241368 0.45074634]
4: rand:[1.         0.44768641 0.31311836]
4: rand:[1.         0.40018251 0.3977718 ]
4: rand:[1.         0.45831565 0.33415717]
5: mid: [1.0, 0.4764256622168955, 0.39583675315161404]
5: mid: [1.0, 0.637301246701408, 0.2863391155183282]
5: mid: [1.0, 0.6422140584399824, 0.27400310821026347]
5: mid: [1.0, 0.44040783058523447, 0.431195350072999]
5: mid: [1.0, 0.59670672596194, 0.2723583875543326]
5: mid: [1.0, 0.5836161101903174, 0.2719676017247441]
5: mid: [1.0, 0.6015204401500673, 0.3009076498269037]
5: mid: [1.0, 0.443850357970892, 0.40781974380763125]
5: mid: [1.0, 0.44548935577278626, 0.43221224407235515]
5: mid: [1.0, 0.4394596993808479, 0.4383581269382813]
6: top: ['1.0', '0.4401818684126407', '0.1183431952662721']
6: top: ['1.0', '0.87938570829424', '0.0']
6: top: ['1.0', '0.87938570829424', '0.0']
6: top: ['1.0', '0.4401818684126407', '0.1183431952662721']
6: top: ['1.0', '0.87938570829424', '0.0']
6: top: ['1.0', '0.87938570829424', '0.0']
6: top: ['1.0', '0.87938570829424', '0.0']
6: top: ['1.0', '0.4401818684126407', '0.1183431952662721']
6: top: ['1.0', '0.4401818684126407', '0.1183431952662721']
6: top: ['1.0', '0.4401818684126407', '0.1183431952662721']
========================================================================================================================
========================================================================================================================
Current random seed:  66
['Cost-', 'Score-', 'Idle-']
1. top6:[['1.0', '0.32385477752223957', '0.21978021978021983'], ['1.0', '0.5413317260978437', '0.5244755244755245'], ['1.0', '0.5804426671147197', '1.0'], ['1.0', '0.3949422390867544', '0.0'], ['1.0', '0.22107427126061763', '0.21978021978021983'], ['1.0', '0.3959085301908223', '0.1398601398601399']]
2. top50:[[['1.0', '0.32385477752223957', '0.21978021978021983'], ['1.0', '0.5413317260978437', '0.5244755244755245'], ['1.0', '0.5804426671147197', '1.0'], ['1.0', '0.3949422390867544', '0.0'], ['1.0', '0.22107427126061763', '0.21978021978021983'], ['1.0', '0.3959085301908223', '0.1398601398601399'], ['1.0', '0.34164570033407515', '0.1636661211129297'], ['1.0', '0.3461570824051774', '0.09925558312655094'], ['1.0', '0.2745871218744137', '0.8974358974358972'], ['1.0', '0.40215973302195746', '0.621301775147929'], ['1.0', '0.6401264486920509', '0.641025641025641'], ['1.0', '0.2798997307109979', '0.5494505494505494'], ['1.0', '0.7492661661578791', '0.4923076923076922'], ['1.0', '0.6237538296325699', '0.3846153846153846'], ['1.0', '0.801543949499575', '0.08097165991902842'], ['1.0', '0.22982045893956948', '0.0'], ['1.0', '0.11897577222477879', '0.8547008547008547'], ['1.0', '0.4879473989012259', '0.0'], ['1.0', '0.5896256466849873', '0.9743589743589742'], ['1.0', '0.11335801349061252', '0.7438715131022823'], ['1.0', '0.41827216699153824', '0.6699751861042182'], ['1.0', '0.8909084666036952', '1.0'], ['1.0', '0.7781690498884826', '0.7100591715976331'], ['1.0', '0.669704166633882', '0.0'], ['1.0', '0.053828306339472574', '0.0'], ['1.0', '0.3367812507541325', '0.6433566433566433'], ['1.0', '0.6961776088555978', '0.925155925155925'], ['1.0', '0.12388731703997348', '0.0'], ['1.0', '0.38320303682280565', '0.6153846153846154'], ['1.0', '0.1344596885499091', '0.21978021978021983'], ['1.0', '0.4491740945048858', '0.4807692307692307'], ['1.0', '0.46798776179872575', '0.7894736842105262'], ['1.0', '0.7203331881966777', '0.6593406593406593'], ['1.0', '0.25933839393850205', '0.32967032967032966'], ['1.0', '0.6090624358009551', '0.39702233250620345'], ['1.0', '0.7512299593920883', '0.4081632653061224'], ['1.0', '0.8085560424167252', '0.12307692307692301'], ['1.0', '0.15461323190537787', '0.3076923076923076'], ['1.0', '0.22581380666604012', '0.9557109557109557'], ['1.0', '0.5196481536968932', '0.611439842209073'], ['1.0', '0.2400490417104684', '0.0'], ['1.0', '0.5224741065745377', '0.3496503496503497'], ['1.0', '0.24414363657518845', '0.3846153846153846'], ['1.0', '0.10387830287284644', '0.0'], ['1.0', '0.6431427430091511', '0.2714932126696833'], ['1.0', '0.24844284733630256', '0.8191808191808193'], ['1.0', '0.5884688939247481', '0.5570291777188328'], ['1.0', '0.7253298660668054', '0.0904977375565611'], ['1.0', '0.5766789994958976', '0.49773755656108587'], ['1.0', '0.6649656336853552', '0.0']]]
3. most: ['1.0', '0.0', '0.0']
4: rand:[1.         0.61409618 0.78279425]
4: rand:[1.         0.38925165 0.01183432]
4: rand:[1.         0.65376935 0.52573522]
4: rand:[1.         0.43662178 0.26838957]
4: rand:[1.         0.39053592 0.29966852]
4: rand:[1.         0.55255683 0.32449288]
4: rand:[1.         0.33328978 0.40710771]
4: rand:[1.         0.48470469 0.34777866]
4: rand:[1.         0.54169866 0.47515484]
4: rand:[1.         0.54389194 0.33750707]
5: mid: [1.0, 0.554380282214674, 0.5151675618829827]
5: mid: [1.0, 0.5499385005633594, 0.3537003096038997]
5: mid: [1.0, 0.6781429992175129, 0.1997126966965584]
5: mid: [1.0, 0.6300912611115392, 0.2961739038832773]
5: mid: [1.0, 0.6202926513829955, 0.2989621535879006]
5: mid: [1.0, 0.41120766493941135, 0.44410638638725997]
5: mid: [1.0, 0.6337320615147062, 0.26179963560067265]
5: mid: [1.0, 0.635838691875547, 0.26041085839128286]
5: mid: [1.0, 0.6376549026291835, 0.22870236685653542]
5: mid: [1.0, 0.6473168667525734, 0.23726087940884763]
6: top: ['1.0', '0.2745871218744137', '0.8974358974358972']
6: top: ['1.0', '0.2745871218744137', '0.8974358974358972']
6: top: ['1.0', '0.8442426309825626', '0.0']
6: top: ['1.0', '0.8442426309825626', '0.0']
6: top: ['1.0', '0.8442426309825626', '0.0']
6: top: ['1.0', '0.46816258467750477', '0.5594405594405595']
6: top: ['1.0', '0.8442426309825626', '0.0']
6: top: ['1.0', '0.8442426309825626', '0.0']
6: top: ['1.0', '0.8442426309825626', '0.0']
6: top: ['1.0', '0.8442426309825626', '0.0']
========================================================================================================================
