========================================================================================================================
Current random seed:  90
[' EFFORT-', ' MONTHS-', ' DEFECTS-', ' RISKS-']
1. top6:[[' 15.681', ' 841.809', ' 0.0'], [' 32.515', ' 7108.177', ' 0.0'], [' 13.826', ' 259.062', ' 0.268'], [' 14.724', ' 706.652', ' 0.0'], [' 32.924', ' 4819.144', ' 0.0'], [' 24.227', ' 3571.343', ' 0.0']]
2. top50:[[[' 15.681', ' 841.809', ' 0.0'], [' 32.515', ' 7108.177', ' 0.0'], [' 13.826', ' 259.062', ' 0.268'], [' 14.724', ' 706.652', ' 0.0'], [' 32.924', ' 4819.144', ' 0.0'], [' 24.227', ' 3571.343', ' 0.0'], [' 27.391', ' 9653.048', ' 2.145'], [' 47.294', ' 15118.693', ' 1.34'], [' 14.632', ' 298.876', ' 0.0'], [' 33.17', ' 4047.905', ' 0.268'], [' 33.31', ' 6399.223', ' 0.536'], [' 21.509', ' 3643.046', ' 0.268'], [' 23.935', ' 4923.382', ' 0.536'], [' 38.123', ' 15793.833', ' 2.145'], [' 26.603', ' 5510.903', ' 2.145'], [' 40.302', ' 12002.066', ' 1.877'], [' 36.997', ' 7024.831', ' 0.536'], [' 30.3', ' 4729.473', ' 0.0'], [' 49.929', ' 29675.934', ' 1.877'], [' 36.831', ' 17363.646', ' 0.536'], [' 21.555', ' 2799.763', ' 0.0'], [' 40.921', ' 25882.112', ' 0.0'], [' 10.62', ' 143.158', ' 0.536'], [' 27.189', ' 3975.695', ' 0.0'], [' 36.946', ' 5186.251', ' 0.536'], [' 48.049', ' 18619.018', ' 0.536'], [' 41.374', ' 32841.266', ' 0.804'], [' 20.338', ' 1249.621', ' 0.536'], [' 34.057', ' 1953.66', ' 0.0'], [' 34.821', ' 15799.814', ' 0.268'], [' 25.734', ' 3993.619', ' 0.536'], [' 32.913', ' 6376.466', ' 0.536'], [' 27.3', ' 4062.458', ' 0.0'], [' 25.788', ' 5700.65', ' 0.0'], [' 30.131', ' 5614.49', ' 0.0'], [' 25.927', ' 3910.748', ' 0.0'], [' 26.406', ' 2475.411', ' 0.0'], [' 19.173', ' 1895.249', ' 0.0'], [' 26.544', ' 5745.755', ' 0.268'], [' 37.774', ' 6335.802', ' 0.0'], [' 17.869', ' 572.374', ' 1.34'], [' 31.382', ' 5285.252', ' 1.34'], [' 41.429', ' 20129.443', ' 0.536'], [' 30.324', ' 6651.062', ' 0.0'], [' 32.62', ' 7852.538', ' 0.268'], [' 26.6', ' 4725.669', ' 0.268'], [' 38.618', ' 7659.23', ' 0.268'], [' 23.904', ' 4462.547', ' 0.0'], [' 33.419', ' 8212.039', ' 0.0'], [' 39.672', ' 54515.39', ' 0.536']]]
3. most: [' 15.681', ' 841.809', ' 0.0']
4: rand:2803.8920000000003
4: rand:3340.2869333333324
4: rand:2254.219666666667
4: rand:3321.90519047619
4: rand:2314.4959166666663
4: rand:2499.5070370370368
4: rand:1646.7092666666665
4: rand:3100.575393939394
4: rand:4129.915861111111
4: rand:1694.0628205128205
5: mid: [0, 0, 0]
5: mid: [0, 0, 0]
5: mid: [0, 0, 0]
5: mid: [0, 0, 0]
5: mid: [0, 0, 0]
5: mid: [0, 0, 0]
5: mid: [0, 0, 0]
5: mid: [0, 0, 0]
5: mid: [0, 0, 0]
5: mid: [0, 0, 0]

========================================================================================================================
========================================================================================================================
Current random seed:  25
[' EFFORT-', ' MONTHS-', ' DEFECTS-', ' RISKS-']
1. top6:[[' 28.425', ' 3583.281', ' 0.0'], [' 37.5', ' 5988.327', ' 0.0'], [' 25.42', ' 4970.294', ' 0.268'], [' 34.302', ' 6774.573', ' 0.536'], [' 42.18', ' 12240.674', ' 1.609'], [' 29.817', ' 2799.994', ' 0.536']]
2. top50:[[[' 28.425', ' 3583.281', ' 0.0'], [' 37.5', ' 5988.327', ' 0.0'], [' 25.42', ' 4970.294', ' 0.268'], [' 34.302', ' 6774.573', ' 0.536'], [' 42.18', ' 12240.674', ' 1.609'], [' 29.817', ' 2799.994', ' 0.536'], [' 39.435', ' 81952.016', ' 1.072'], [' 36.907', ' 13717.526', ' 0.268'], [' 24.699', ' 4604.183', ' 0.0'], [' 36.799', ' 25515.468', ' 0.536'], [' 25.927', ' 3910.748', ' 0.0'], [' 34.757', ' 10393.832', ' 0.0'], [' 28.073', ' 3748.645', ' 0.0'], [' 19.403', ' 885.989', ' 0.0'], [' 38.507', ' 20203.464', ' 1.609'], [' 22.193', ' 1159.299', ' 0.0'], [' 20.227', ' 2357.094', ' 1.34'], [' 20.378', ' 1122.619', ' 0.0'], [' 27.37', ' 3320.362', ' 0.268'], [' 14.137', ' 671.756', ' 0.536'], [' 25.675', ' 3036.066', ' 0.0'], [' 44.843', ' 18841.319', ' 0.536'], [' 29.756', ' 6349.706', ' 0.0'], [' 25.059', ' 1909.083', ' 0.0'], [' 34.889', ' 10762.37', ' 1.609'], [' 33.829', ' 7130.424', ' 0.536'], [' 29.401', ' 5094.711', ' 0.0'], [' 44.612', ' 17322.236', ' 2.145'], [' 33.13', ' 4734.434', ' 0.0'], [' 33.334', ' 5673.134', ' 0.268'], [' 22.633', ' 699.698', ' 0.0'], [' 24.707', ' 5801.68', ' 0.0'], [' 37.022', ' 11352.711', ' 0.0'], [' 24.987', ' 2231.466', ' 0.0'], [' 23.039', ' 1671.199', ' 0.536'], [' 10.555', ' 54.211', ' 0.0'], [' 17.575', ' 1887.98', ' 0.268'], [' 27.525', ' 3719.905', ' 0.0'], [' 15.373', ' 627.811', ' 0.0'], [' 23.018', ' 3246.793', ' 0.536'], [' 24.09', ' 1787.544', ' 0.0'], [' 24.594', ' 2652.066', ' 0.268'], [' 12.513', ' 123.994', ' 0.0'], [' 21.059', ' 1626.851', ' 0.0'], [' 18.207', ' 1165.098', ' 0.0'], [' 30.704', ' 7231.535', ' 0.0'], [' 32.323', ' 12314.964', ' 0.536'], [' 15.415', ' 575.541', ' 0.0'], [' 13.059', ' 828.084', ' 0.268'], [' 25.403', ' 6035.649', ' 0.0']]]
3. most: [' 28.425', ' 3583.281', ' 0.0']
4: rand:1622.1550833333333
4: rand:1415.7315999999998
4: rand:2176.003777777778
4: rand:2694.0898571428575
4: rand:2035.6999583333334
4: rand:5268.547370370369
4: rand:3039.5336666666667
4: rand:1574.667
4: rand:2359.013138888889
4: rand:2582.429153846154
5: mid: [0, 0, 0]
5: mid: [0, 0, 0]
5: mid: [0, 0, 0]
5: mid: [0, 0, 0]
5: mid: [0, 0, 0]
5: mid: [0, 0, 0]
5: mid: [0, 0, 0]
5: mid: [0, 0, 0]
5: mid: [0, 0, 0]
5: mid: [0, 0, 0]

========================================================================================================================
========================================================================================================================
Current random seed:  58
[' EFFORT-', ' MONTHS-', ' DEFECTS-', ' RISKS-']
1. top6:[[' 38.691', ' 9728.832', ' 1.34'], [' 23.637', ' 1510.448', ' 0.0'], [' 24.074', ' 1584.374', ' 0.0'], [' 29.01', ' 8733.074', ' 0.268'], [' 33.482', ' 9316.934', ' 1.072'], [' 35.187', ' 10273.385', ' 0.268']]
2. top50:[[[' 38.691', ' 9728.832', ' 1.34'], [' 23.637', ' 1510.448', ' 0.0'], [' 24.074', ' 1584.374', ' 0.0'], [' 29.01', ' 8733.074', ' 0.268'], [' 33.482', ' 9316.934', ' 1.072'], [' 35.187', ' 10273.385', ' 0.268'], [' 39.877', ' 15949.325', ' 0.0'], [' 24.831', ' 8257.867', ' 0.536'], [' 29.508', ' 3809.758', ' 0.0'], [' 38.792', ' 14918.291', ' 0.0'], [' 27.893', ' 8544.942', ' 0.536'], [' 25.204', ' 1820.028', ' 0.0'], [' 35.646', ' 13674.913', ' 0.0'], [' 30.599', ' 7176.837', ' 1.609'], [' 18.461', ' 5191.783', ' 0.0'], [' 27.085', ' 2320.986', ' 0.0'], [' 32.311', ' 11065.307', ' 0.536'], [' 36.1', ' 11835.872', ' 0.536'], [' 13.272', ' 276.24', ' 0.268'], [' 29.531', ' 12697.286', ' 0.0'], [' 32.838', ' 9968.367', ' 0.268'], [' 26.473', ' 1404.951', ' 0.0'], [' 28.103', ' 8114.914', ' 0.0'], [' 25.575', ' 3075.608', ' 0.0'], [' 23.223', ' 3963.507', ' 0.536'], [' 30.55', ' 20093.578', ' 0.804'], [' 25.392', ' 4313.328', ' 0.536'], [' 19.623', ' 644.707', ' 0.0'], [' 27.597', ' 2651.906', ' 0.0'], [' 23.072', ' 1948.934', ' 0.0'], [' 30.279', ' 7140.429', ' 0.0'], [' 25.44', ' 4451.018', ' 0.268'], [' 13.728', ' 843.375', ' 0.268'], [' 39.419', ' 24634.181', ' 2.145'], [' 23.104', ' 1439.401', ' 0.804'], [' 30.603', ' 19172.203', ' 1.34'], [' 30.934', ' 3471.101', ' 0.0'], [' 28.996', ' 11497.436', ' 0.0'], [' 33.553', ' 2738.111', ' 0.0'], [' 21.92', ' 1813.673', ' 0.0'], [' 37.55', ' 2975.398', ' 0.0'], [' 31.734', ' 1981.87', ' 0.268'], [' 25.388', ' 6666.264', ' 0.0'], [' 31.371', ' 13546.111', ' 0.536'], [' 32.944', ' 27412.413', ' 0.268'], [' 40.582', ' 13460.753', ' 0.268'], [' 35.818', ' 6541.807', ' 0.0'], [' 43.623', ' 20499.629', ' 1.34'], [' 31.455', ' 4369.046', ' 0.268'], [' 23.346', ' 3504.438', ' 0.536']]]
3. most: [' 38.691', ' 9728.832', ' 1.34']
4: rand:2431.8569166666666
4: rand:1835.5579333333335
4: rand:3647.806333333332
4: rand:2102.4900476190473
4: rand:1745.7820416666666
4: rand:3480.2393703703706
4: rand:2601.357366666666
4: rand:2433.7517575757574
4: rand:2861.5851944444444
4: rand:3646.8501025641026
5: mid: [0, 0, 0]
5: mid: [0, 0, 0]
5: mid: [0, 0, 0]
5: mid: [0, 0, 0]
5: mid: [0, 0, 0]
5: mid: [0, 0, 0]
5: mid: [0, 0, 0]
5: mid: [0, 0, 0]
5: mid: [0, 0, 0]
5: mid: [0, 0, 0]

========================================================================================================================
========================================================================================================================
Current random seed:  44
[' EFFORT-', ' MONTHS-', ' DEFECTS-', ' RISKS-']
1. top6:[[' 35.154', ' 9722.092', ' 0.268'], [' 33.049', ' 8729.001', ' 0.536'], [' 37.301', ' 15576.095', ' 0.0'], [' 27.691', ' 5377.478', ' 0.0'], [' 22.906', ' 3474.441', ' 0.268'], [' 27.964', ' 4616.702', ' 1.072']]
2. top50:[[[' 35.154', ' 9722.092', ' 0.268'], [' 33.049', ' 8729.001', ' 0.536'], [' 37.301', ' 15576.095', ' 0.0'], [' 27.691', ' 5377.478', ' 0.0'], [' 22.906', ' 3474.441', ' 0.268'], [' 27.964', ' 4616.702', ' 1.072'], [' 39.445', ' 25312.434', ' 0.0'], [' 37.507', ' 14562.41', ' 2.145'], [' 20.278', ' 720.597', ' 0.0'], [' 38.517', ' 8671.596', ' 0.0'], [' 29.197', ' 2329.83', ' 1.072'], [' 29.152', ' 4021.708', ' 0.0'], [' 40.473', ' 18500.246', ' 0.0'], [' 29.715', ' 8233.031', ' 1.072'], [' 22.143', ' 3015.761', ' 0.0'], [' 30.609', ' 7582.871', ' 0.0'], [' 25.545', ' 2294.403', ' 0.0'], [' 26.524', ' 1941.204', ' 0.268'], [' 18.911', ' 1175.471', ' 0.0'], [' 29.123', ' 4044.723', ' 0.0'], [' 26.536', ' 2987.618', ' 0.0'], [' 33.737', ' 7911.362', ' 1.072'], [' 17.407', ' 1258.071', ' 0.268'], [' 16.239', ' 538.563', ' 0.0'], [' 23.489', ' 1753.855', ' 1.072'], [' 29.992', ' 3343.514', ' 0.268'], [' 33.486', ' 11604.156', ' 0.0'], [' 11.723', ' 139.993', ' 0.268'], [' 31.15', ' 9926.019', ' 1.072'], [' 27.312', ' 7373.154', ' 0.536'], [' 28.209', ' 7160.347', ' 0.0'], [' 29.953', ' 5320.741', ' 0.536'], [' 25.734', ' 1824.114', ' 0.0'], [' 32.575', ' 10060.549', ' 0.804'], [' 38.0', ' 7923.521', ' 0.536'], [' 29.885', ' 12161.178', ' 0.0'], [' 22.619', ' 2400.181', ' 0.0'], [' 28.698', ' 3585.278', ' 0.0'], [' 43.355', ' 20826.645', ' 0.268'], [' 31.834', ' 11253.869', ' 0.0'], [' 28.199', ' 5169.182', ' 0.268'], [' 31.789', ' 6207.413', ' 0.0'], [' 21.496', ' 2361.668', ' 0.0'], [' 35.451', ' 15451.343', ' 0.268'], [' 33.137', ' 9009.414', ' 1.072'], [' 35.838', ' 20974.77', ' 0.0'], [' 30.017', ' 5411.56', ' 0.536'], [' 23.921', ' 2009.48', ' 0.268'], [' 32.932', ' 13499.124', ' 0.268'], [' 32.373', ' 7959.971', ' 0.0']]]
3. most: [' 35.154', ' 9722.092', ' 0.268']
4: rand:2691.871333333333
4: rand:2674.9063333333334
4: rand:2213.3552222222224
4: rand:1824.0491904761902
4: rand:3118.630291666667
4: rand:3967.1491111111122
4: rand:2324.4485333333337
4: rand:2758.667787878788
4: rand:2503.567277777778
4: rand:1790.161333333333
5: mid: [0, 0, 0]
5: mid: [0, 0, 0]
5: mid: [0, 0, 0]
5: mid: [0, 0, 0]
5: mid: [0, 0, 0]
5: mid: [0, 0, 0]
5: mid: [0, 0, 0]
5: mid: [0, 0, 0]
5: mid: [0, 0, 0]
5: mid: [0, 0, 0]

========================================================================================================================
========================================================================================================================
Current random seed:  27
[' EFFORT-', ' MONTHS-', ' DEFECTS-', ' RISKS-']
1. top6:[[' 24.319', ' 3742.583', ' 0.536'], [' 35.828', ' 13149.508', ' 0.536'], [' 37.982', ' 26216.345', ' 0.268'], [' 21.342', ' 1630.12', ' 0.0'], [' 36.485', ' 13147.846', ' 0.268'], [' 16.52', ' 1375.416', ' 0.0']]
2. top50:[[[' 24.319', ' 3742.583', ' 0.536'], [' 35.828', ' 13149.508', ' 0.536'], [' 37.982', ' 26216.345', ' 0.268'], [' 21.342', ' 1630.12', ' 0.0'], [' 36.485', ' 13147.846', ' 0.268'], [' 16.52', ' 1375.416', ' 0.0'], [' 21.543', ' 960.008', ' 0.0'], [' 22.111', ' 2610.479', ' 0.536'], [' 35.229', ' 7149.702', ' 0.0'], [' 25.192', ' 4953.64', ' 1.072'], [' 25.01', ' 2515.76', ' 0.0'], [' 26.144', ' 6557.795', ' 0.0'], [' 38.071', ' 7804.114', ' 0.268'], [' 31.882', ' 9831.387', ' 0.0'], [' 28.681', ' 4907.646', ' 0.0'], [' 10.343', ' 184.898', ' 0.0'], [' 32.475', ' 5292.903', ' 0.0'], [' 21.457', ' 5007.534', ' 1.609'], [' 29.954', ' 7220.021', ' 0.0'], [' 27.856', ' 5253.409', ' 0.0'], [' 36.402', ' 10896.013', ' 2.145'], [' 24.745', ' 5102.524', ' 0.0'], [' 34.692', ' 7521.249', ' 1.609'], [' 33.578', ' 11474.79', ' 0.536'], [' 38.777', ' 24430.853', ' 0.0'], [' 26.148', ' 3221.584', ' 0.0'], [' 24.897', ' 1193.208', ' 0.0'], [' 26.716', ' 3376.598', ' 0.536'], [' 38.981', ' 8678.056', ' 1.072'], [' 20.022', ' 2175.389', ' 0.0'], [' 29.006', ' 5006.017', ' 0.0'], [' 26.779', ' 10636.242', ' 0.0'], [' 16.766', ' 762.765', ' 0.0'], [' 21.191', ' 1284.332', ' 0.0'], [' 27.142', ' 4708.22', ' 0.0'], [' 30.534', ' 9655.871', ' 0.536'], [' 23.253', ' 4515.547', ' 0.536'], [' 16.453', ' 670.245', ' 0.536'], [' 25.295', ' 4720.062', ' 0.0'], [' 24.373', ' 1756.721', ' 0.0'], [' 36.334', ' 7733.027', ' 0.0'], [' 46.692', ' 32367.829', ' 1.072'], [' 46.702', ' 16819.591', ' 0.0'], [' 41.765', ' 10701.253', ' 0.268'], [' 27.799', ' 1863.282', ' 0.268'], [' 40.324', ' 13847.239', ' 0.0'], [' 20.124', ' 4805.073', ' 0.0'], [' 26.244', ' 6868.502', ' 0.536'], [' 29.462', ' 5016.838', ' 0.536'], [' 35.285', ' 12923.816', ' 0.0']]]
3. most: [' 24.319', ' 3742.583', ' 0.536']
4: rand:1459.0491666666667
4: rand:3759.021799999999
4: rand:4311.539277777778
4: rand:1903.6550952380949
4: rand:2225.0506666666665
4: rand:3864.3655555555556
4: rand:2792.2936333333328
4: rand:2995.1582727272726
4: rand:2743.0467499999995
4: rand:3851.7399743589745
5: mid: [0, 0, 0]
5: mid: [0, 0, 0]
5: mid: [0, 0, 0]
5: mid: [0, 0, 0]
5: mid: [0, 0, 0]
5: mid: [0, 0, 0]
5: mid: [0, 0, 0]
5: mid: [0, 0, 0]
5: mid: [0, 0, 0]
5: mid: [0, 0, 0]

========================================================================================================================
========================================================================================================================
Current random seed:  30
[' EFFORT-', ' MONTHS-', ' DEFECTS-', ' RISKS-']
1. top6:[[' 15.822', ' 791.067', ' 0.536'], [' 30.403', ' 4571.386', ' 0.0'], [' 35.873', ' 4624.424', ' 0.0'], [' 22.377', ' 1208.525', ' 0.0'], [' 25.864', ' 4808.164', ' 0.0'], [' 36.537', ' 7507.727', ' 0.0']]
2. top50:[[[' 15.822', ' 791.067', ' 0.536'], [' 30.403', ' 4571.386', ' 0.0'], [' 35.873', ' 4624.424', ' 0.0'], [' 22.377', ' 1208.525', ' 0.0'], [' 25.864', ' 4808.164', ' 0.0'], [' 36.537', ' 7507.727', ' 0.0'], [' 16.11', ' 95.331', ' 0.0'], [' 37.512', ' 10269.071', ' 0.268'], [' 45.159', ' 25429.948', ' 1.072'], [' 31.807', ' 18973.493', ' 1.072'], [' 39.737', ' 20932.606', ' 1.877'], [' 26.673', ' 4543.593', ' 0.804'], [' 32.467', ' 2613.48', ' 0.0'], [' 34.112', ' 36387.545', ' 0.536'], [' 30.018', ' 6188.857', ' 0.536'], [' 21.01', ' 2224.95', ' 0.0'], [' 29.355', ' 3795.231', ' 0.0'], [' 36.251', ' 26562.522', ' 1.609'], [' 20.37', ' 1625.963', ' 1.609'], [' 41.353', ' 35592.626', ' 0.536'], [' 38.231', ' 15882.368', ' 1.072'], [' 31.661', ' 5245.546', ' 0.0'], [' 43.949', ' 17024.765', ' 0.0'], [' 37.609', ' 29200.732', ' 0.536'], [' 21.323', ' 1553.574', ' 1.609'], [' 29.942', ' 1217.915', ' 0.536'], [' 21.409', ' 1500.787', ' 0.536'], [' 26.872', ' 5263.519', ' 0.268'], [' 43.677', ' 17333.445', ' 0.268'], [' 39.714', ' 34206.151', ' 0.536'], [' 36.721', ' 10190.349', ' 0.536'], [' 26.8', ' 4437.737', ' 0.0'], [' 39.447', ' 8668.899', ' 0.804'], [' 26.374', ' 7106.811', ' 0.536'], [' 19.54', ' 787.177', ' 0.0'], [' 37.473', ' 11041.36', ' 0.0'], [' 19.326', ' 639.716', ' 0.0'], [' 24.317', ' 1760.79', ' 0.0'], [' 23.216', ' 1561.559', ' 0.0'], [' 32.926', ' 12417.671', ' 0.268'], [' 30.534', ' 9493.303', ' 0.536'], [' 29.819', ' 17523.371', ' 0.0'], [' 33.812', ' 5853.525', ' 0.0'], [' 32.522', ' 8065.001', ' 0.536'], [' 32.464', ' 8455.772', ' 0.268'], [' 26.414', ' 5948.873', ' 1.072'], [' 26.165', ' 10071.079', ' 0.536'], [' 32.419', ' 15190.487', ' 0.536'], [' 37.773', ' 5109.544', ' 0.268'], [' 36.094', ' 8870.075', ' 0.0']]]
3. most: [' 15.822', ' 791.067', ' 0.536']
4: rand:1695.1632499999998
4: rand:2594.5158666666666
4: rand:2278.336388888889
4: rand:2135.0015714285714
4: rand:2373.915166666667
4: rand:3163.854666666667
4: rand:2452.2005333333336
4: rand:3544.980909090909
4: rand:2406.009611111111
4: rand:2602.8234871794866
5: mid: [0, 0, 0]
5: mid: [0, 0, 0]
5: mid: [0, 0, 0]
5: mid: [0, 0, 0]
5: mid: [0, 0, 0]
5: mid: [0, 0, 0]
5: mid: [0, 0, 0]
5: mid: [0, 0, 0]
5: mid: [0, 0, 0]
5: mid: [0, 0, 0]

========================================================================================================================
========================================================================================================================
Current random seed:  19
[' EFFORT-', ' MONTHS-', ' DEFECTS-', ' RISKS-']
1. top6:[[' 27.05', ' 2523.226', ' 0.0'], [' 46.985', ' 9335.908', ' 0.0'], [' 26.229', ' 4802.651', ' 1.609'], [' 20.655', ' 2708.823', ' 0.0'], [' 23.748', ' 1969.893', ' 0.0'], [' 14.546', ' 309.596', ' 0.0']]
2. top50:[[[' 27.05', ' 2523.226', ' 0.0'], [' 46.985', ' 9335.908', ' 0.0'], [' 26.229', ' 4802.651', ' 1.609'], [' 20.655', ' 2708.823', ' 0.0'], [' 23.748', ' 1969.893', ' 0.0'], [' 14.546', ' 309.596', ' 0.0'], [' 25.428', ' 6072.965', ' 0.536'], [' 17.195', ' 472.307', ' 0.536'], [' 34.424', ' 14862.978', ' 0.0'], [' 36.088', ' 9213.082', ' 0.536'], [' 17.222', ' 637.823', ' 0.536'], [' 28.803', ' 8853.07', ' 0.0'], [' 25.103', ' 2089.289', ' 0.536'], [' 32.575', ' 10060.549', ' 0.804'], [' 35.426', ' 6273.282', ' 0.804'], [' 35.265', ' 6945.513', ' 0.0'], [' 36.848', ' 15788.013', ' 0.536'], [' 30.907', ' 12528.438', ' 2.145'], [' 30.631', ' 13599.759', ' 0.268'], [' 32.697', ' 7961.26', ' 0.0'], [' 34.208', ' 6815.901', ' 1.609'], [' 29.051', ' 2266.455', ' 0.0'], [' 22.094', ' 1513.4', ' 0.0'], [' 33.37', ' 13605.658', ' 0.0'], [' 26.757', ' 2825.312', ' 0.268'], [' 31.612', ' 3444.477', ' 0.268'], [' 27.009', ' 4944.962', ' 1.072'], [' 30.222', ' 6604.943', ' 1.072'], [' 35.72', ' 16232.978', ' 0.0'], [' 25.951', ' 9708.021', ' 0.0'], [' 21.358', ' 2783.023', ' 0.804'], [' 26.062', ' 3582.276', ' 0.536'], [' 41.988', ' 12872.197', ' 0.536'], [' 34.572', ' 6897.072', ' 0.0'], [' 38.725', ' 14439.637', ' 0.0'], [' 23.669', ' 1866.724', ' 0.0'], [' 41.259', ' 13505.681', ' 0.268'], [' 22.76', ' 1411.809', ' 0.0'], [' 28.194', ' 8646.537', ' 0.0'], [' 25.643', ' 1957.467', ' 0.0'], [' 20.462', ' 2318.862', ' 0.0'], [' 25.035', ' 8176.57', ' 0.268'], [' 26.022', ' 6855.425', ' 0.0'], [' 37.303', ' 25830.979', ' 2.145'], [' 48.171', ' 9647.8', ' 0.536'], [' 16.59', ' 504.792', ' 0.0'], [' 34.157', ' 34129.225', ' 0.536'], [' 27.648', ' 5134.118', ' 0.0'], [' 25.135', ' 3943.656', ' 0.0'], [' 27.894', ' 5634.265', ' 0.0']]]
3. most: [' 27.05', ' 2523.226', ' 0.0']
4: rand:3634.5519999999997
4: rand:4392.2166
4: rand:6109.916722222221
4: rand:1564.689571428571
4: rand:2212.0387083333335
4: rand:2230.9553703703705
4: rand:2716.6769666666664
4: rand:1500.4115454545454
4: rand:5454.00513888889
4: rand:3255.588333333333
5: mid: [0, 0, 0]
5: mid: [0, 0, 0]
5: mid: [0, 0, 0]
5: mid: [0, 0, 0]
5: mid: [0, 0, 0]
5: mid: [0, 0, 0]
5: mid: [0, 0, 0]
5: mid: [0, 0, 0]
5: mid: [0, 0, 0]
5: mid: [0, 0, 0]

========================================================================================================================
========================================================================================================================
Current random seed:  48
[' EFFORT-', ' MONTHS-', ' DEFECTS-', ' RISKS-']
1. top6:[[' 29.162', ' 9852.91', ' 0.0'], [' 31.856', ' 8857.985', ' 0.268'], [' 24.699', ' 3344.914', ' 0.804'], [' 35.529', ' 11984.502', ' 0.268'], [' 43.904', ' 16659.335', ' 0.804'], [' 43.827', ' 37556.41', ' 0.0']]
2. top50:[[[' 29.162', ' 9852.91', ' 0.0'], [' 31.856', ' 8857.985', ' 0.268'], [' 24.699', ' 3344.914', ' 0.804'], [' 35.529', ' 11984.502', ' 0.268'], [' 43.904', ' 16659.335', ' 0.804'], [' 43.827', ' 37556.41', ' 0.0'], [' 25.303', ' 5149.558', ' 0.0'], [' 23.065', ' 1496.785', ' 0.0'], [' 29.717', ' 2194.854', ' 1.609'], [' 21.05', ' 2046.412', ' 0.0'], [' 23.887', ' 4887.373', ' 0.268'], [' 33.544', ' 18934.048', ' 0.0'], [' 41.758', ' 9473.007', ' 1.072'], [' 31.054', ' 14387.77', ' 0.0'], [' 43.491', ' 19005.7', ' 0.268'], [' 24.183', ' 6179.82', ' 0.268'], [' 29.942', ' 4923.299', ' 1.072'], [' 26.292', ' 5581.498', ' 0.0'], [' 38.146', ' 11288.719', ' 2.413'], [' 24.024', ' 1233.233', ' 0.0'], [' 26.726', ' 3009.877', ' 0.536'], [' 41.429', ' 20129.443', ' 0.536'], [' 41.284', ' 15701.599', ' 0.268'], [' 42.849', ' 21066.722', ' 0.268'], [' 29.053', ' 6574.818', ' 0.536'], [' 24.317', ' 3032.235', ' 0.536'], [' 30.82', ' 13886.387', ' 0.0'], [' 29.827', ' 6317.626', ' 0.0'], [' 37.02', ' 16292.732', ' 0.0'], [' 34.074', ' 13389.001', ' 1.072'], [' 20.193', ' 1109.375', ' 0.0'], [' 22.788', ' 2326.178', ' 0.536'], [' 21.496', ' 1698.518', ' 0.0'], [' 23.539', ' 4477.486', ' 1.072'], [' 28.324', ' 2388.488', ' 0.0'], [' 23.017', ' 1368.482', ' 0.0'], [' 39.063', ' 32736.082', ' 0.0'], [' 32.978', ' 7571.585', ' 0.0'], [' 16.32', ' 1152.261', ' 1.609'], [' 30.66', ' 5953.904', ' 0.0'], [' 31.631', ' 3853.342', ' 0.0'], [' 15.553', ' 189.521', ' 0.268'], [' 33.911', ' 12070.236', ' 0.268'], [' 32.556', ' 13271.976', ' 0.536'], [' 34.036', ' 6905.222', ' 1.34'], [' 17.28', ' 1540.224', ' 0.0'], [' 41.353', ' 35592.626', ' 0.536'], [' 25.969', ' 3955.168', ' 0.0'], [' 18.477', ' 827.489', ' 0.0'], [' 29.24', ' 5370.162', ' 0.268']]]
3. most: [' 29.162', ' 9852.91', ' 0.0']
4: rand:3420.7708333333335
4: rand:1938.3766666666668
4: rand:842.6815
4: rand:3134.3514761904758
4: rand:2732.96025
4: rand:1909.4619999999998
4: rand:1795.4748666666667
4: rand:2888.30203030303
4: rand:2165.883305555556
4: rand:3033.7127692307686
5: mid: [0, 0, 0]
5: mid: [0, 0, 0]
5: mid: [0, 0, 0]
5: mid: [0, 0, 0]
5: mid: [0, 0, 0]
5: mid: [0, 0, 0]
5: mid: [0, 0, 0]
5: mid: [0, 0, 0]
5: mid: [0, 0, 0]
5: mid: [0, 0, 0]

========================================================================================================================
========================================================================================================================
Current random seed:  82
[' EFFORT-', ' MONTHS-', ' DEFECTS-', ' RISKS-']
1. top6:[[' 34.862', ' 8508.018', ' 0.0'], [' 20.625', ' 1525.197', ' 0.0'], [' 35.04', ' 5796.172', ' 1.072'], [' 30.969', ' 7735.803', ' 0.0'], [' 17.215', ' 553.519', ' 0.0'], [' 30.843', ' 6695.622', ' 0.0']]
2. top50:[[[' 34.862', ' 8508.018', ' 0.0'], [' 20.625', ' 1525.197', ' 0.0'], [' 35.04', ' 5796.172', ' 1.072'], [' 30.969', ' 7735.803', ' 0.0'], [' 17.215', ' 553.519', ' 0.0'], [' 30.843', ' 6695.622', ' 0.0'], [' 27.08', ' 6462.35', ' 0.0'], [' 32.851', ' 3890.697', ' 1.609'], [' 32.096', ' 4221.18', ' 0.0'], [' 30.201', ' 7087.155', ' 0.0'], [' 27.84', ' 3791.3', ' 0.0'], [' 18.705', ' 799.28', ' 0.536'], [' 43.623', ' 20499.629', ' 1.34'], [' 30.08', ' 6421.781', ' 0.0'], [' 19.541', ' 1276.552', ' 0.268'], [' 23.544', ' 3151.564', ' 0.536'], [' 25.202', ' 2730.169', ' 0.0'], [' 35.92', ' 17171.351', ' 0.804'], [' 22.128', ' 3289.19', ' 0.536'], [' 16.646', ' 573.618', ' 0.268'], [' 22.242', ' 1799.723', ' 0.536'], [' 37.153', ' 17989.854', ' 0.0'], [' 27.812', ' 4520.022', ' 0.0'], [' 24.973', ' 6325.481', ' 0.0'], [' 36.786', ' 11957.494', ' 1.609'], [' 32.453', ' 4025.556', ' 0.268'], [' 41.821', ' 17177.593', ' 0.804'], [' 17.6', ' 1242.366', ' 0.268'], [' 31.636', ' 6586.886', ' 0.0'], [' 31.004', ' 8934.987', ' 0.0'], [' 32.484', ' 5691.334', ' 0.0'], [' 18.038', ' 1995.484', ' 0.0'], [' 23.942', ' 3869.969', ' 0.0'], [' 16.311', ' 433.535', ' 0.0'], [' 21.519', ' 1307.502', ' 0.0'], [' 22.701', ' 1861.398', ' 0.0'], [' 20.263', ' 1741.631', ' 0.536'], [' 32.067', ' 7313.68', ' 0.804'], [' 46.211', ' 8421.478', ' 0.0'], [' 20.46', ' 1839.399', ' 0.0'], [' 30.01', ' 7386.94', ' 0.0'], [' 39.311', ' 5422.223', ' 0.268'], [' 24.368', ' 7015.069', ' 0.0'], [' 22.184', ' 991.12', ' 0.0'], [' 28.002', ' 6625.262', ' 0.268'], [' 37.242', ' 12256.157', ' 0.804'], [' 44.421', ' 22248.391', ' 0.0'], [' 33.21', ' 23567.79', ' 0.536'], [' 14.755', ' 462.349', ' 0.268'], [' 21.663', ' 1123.138', ' 0.0']]]
3. most: [' 34.862', ' 8508.018', ' 0.0']
4: rand:3885.5331666666666
4: rand:3537.541066666666
4: rand:1704.8255555555556
4: rand:4443.207809523809
4: rand:3633.475291666667
4: rand:1811.8727037037036
4: rand:1720.9357666666667
4: rand:2788.4598181818183
4: rand:3116.9805277777773
4: rand:2675.933461538462
5: mid: [0, 0, 0]
5: mid: [0, 0, 0]
5: mid: [0, 0, 0]
5: mid: [0, 0, 0]
5: mid: [0, 0, 0]
5: mid: [0, 0, 0]
5: mid: [0, 0, 0]
5: mid: [0, 0, 0]
5: mid: [0, 0, 0]
5: mid: [0, 0, 0]

========================================================================================================================
========================================================================================================================
Current random seed:  95
[' EFFORT-', ' MONTHS-', ' DEFECTS-', ' RISKS-']
1. top6:[[' 32.118', ' 7835.373', ' 0.0'], [' 39.543', ' 11784.099', ' 0.0'], [' 34.649', ' 12368.906', ' 0.0'], [' 15.277', ' 364.348', ' 0.0'], [' 24.77', ' 4985.685', ' 0.0'], [' 26.165', ' 10071.079', ' 0.536']]
2. top50:[[[' 32.118', ' 7835.373', ' 0.0'], [' 39.543', ' 11784.099', ' 0.0'], [' 34.649', ' 12368.906', ' 0.0'], [' 15.277', ' 364.348', ' 0.0'], [' 24.77', ' 4985.685', ' 0.0'], [' 26.165', ' 10071.079', ' 0.536'], [' 24.78', ' 7588.348', ' 0.0'], [' 30.225', ' 6159.085', ' 0.0'], [' 30.779', ' 6095.67', ' 0.0'], [' 25.304', ' 1789.633', ' 0.0'], [' 22.57', ' 2927.788', ' 0.0'], [' 26.493', ' 5169.546', ' 0.268'], [' 42.105', ' 32520.918', ' 0.268'], [' 22.841', ' 2640.375', ' 0.0'], [' 29.322', ' 6188.66', ' 0.268'], [' 32.517', ' 6784.916', ' 0.0'], [' 38.521', ' 13731.069', ' 0.0'], [' 35.85', ' 21228.338', ' 1.609'], [' 29.016', ' 5316.28', ' 0.0'], [' 30.523', ' 4272.972', ' 0.0'], [' 22.125', ' 4542.27', ' 0.0'], [' 31.161', ' 10463.122', ' 0.0'], [' 38.903', ' 11571.204', ' 0.0'], [' 22.008', ' 968.149', ' 0.0'], [' 41.867', ' 14203.956', ' 0.536'], [' 44.144', ' 17839.239', ' 0.0'], [' 52.805', ' 52179.296', ' 0.536'], [' 31.302', ' 9456.089', ' 0.536'], [' 18.804', ' 1311.106', ' 2.413'], [' 31.618', ' 5899.474', ' 0.268'], [' 25.741', ' 1183.8', ' 0.0'], [' 27.265', ' 3008.695', ' 0.0'], [' 21.682', ' 3418.259', ' 0.804'], [' 27.62', ' 3785.814', ' 0.0'], [' 28.839', ' 6609.936', ' 0.536'], [' 25.164', ' 1027.683', ' 0.0'], [' 36.252', ' 8782.055', ' 0.268'], [' 32.396', ' 9403.437', ' 0.536'], [' 34.785', ' 12667.656', ' 0.0'], [' 28.262', ' 2775.966', ' 1.34'], [' 35.284', ' 13353.027', ' 0.268'], [' 36.884', ' 24491.175', ' 0.268'], [' 34.744', ' 6623.819', ' 0.268'], [' 34.26', ' 11796.803', ' 0.0'], [' 35.778', ' 33283.505', ' 0.268'], [' 31.211', ' 7421.818', ' 0.0'], [' 30.953', ' 4315.576', ' 0.0'], [' 30.792', ' 7832.868', ' 0.0'], [' 30.08', ' 6421.781', ' 0.0'], [' 27.936', ' 9472.266', ' 1.072']]]
3. most: [' 32.118', ' 7835.373', ' 0.0']
4: rand:1272.7649166666667
4: rand:2035.5252000000003
4: rand:2955.8513888888892
4: rand:3084.8894761904767
4: rand:3224.1782083333333
4: rand:2629.3160000000003
4: rand:2464.7724
4: rand:2481.5628787878786
4: rand:1810.5856388888888
4: rand:6584.286256410256
5: mid: [0, 0, 0]
5: mid: [0, 0, 0]
5: mid: [0, 0, 0]
5: mid: [0, 0, 0]
5: mid: [0, 0, 0]
5: mid: [0, 0, 0]
5: mid: [0, 0, 0]
5: mid: [0, 0, 0]
5: mid: [0, 0, 0]
5: mid: [0, 0, 0]

========================================================================================================================
========================================================================================================================
Current random seed:  63
[' EFFORT-', ' MONTHS-', ' DEFECTS-', ' RISKS-']
1. top6:[[' 25.061', ' 1389.593', ' 0.0'], [' 40.1', ' 18072.596', ' 0.0'], [' 21.363', ' 1208.521', ' 0.804'], [' 24.897', ' 1193.208', ' 0.0'], [' 28.343', ' 3251.969', ' 0.268'], [' 33.32', ' 5686.275', ' 0.536']]
2. top50:[[[' 25.061', ' 1389.593', ' 0.0'], [' 40.1', ' 18072.596', ' 0.0'], [' 21.363', ' 1208.521', ' 0.804'], [' 24.897', ' 1193.208', ' 0.0'], [' 28.343', ' 3251.969', ' 0.268'], [' 33.32', ' 5686.275', ' 0.536'], [' 34.201', ' 26953.354', ' 0.268'], [' 23.953', ' 1953.404', ' 0.0'], [' 34.221', ' 7481.718', ' 0.268'], [' 22.546', ' 3570.25', ' 0.804'], [' 29.455', ' 8916.601', ' 1.609'], [' 36.485', ' 13147.846', ' 0.268'], [' 40.478', ' 8766.101', ' 0.536'], [' 38.021', ' 6537.084', ' 0.0'], [' 17.665', ' 764.271', ' 0.536'], [' 13.812', ' 313.892', ' 0.0'], [' 31.143', ' 8686.35', ' 0.0'], [' 28.545', ' 4718.519', ' 0.0'], [' 35.023', ' 16530.693', ' 0.0'], [' 34.287', ' 35453.198', ' 0.268'], [' 22.375', ' 714.739', ' 0.0'], [' 27.297', ' 4169.159', ' 0.0'], [' 41.752', ' 20697.928', ' 0.0'], [' 29.827', ' 6317.626', ' 0.0'], [' 36.5', ' 10985.051', ' 0.268'], [' 25.07', ' 3043.112', ' 0.804'], [' 36.159', ' 5154.455', ' 0.536'], [' 28.642', ' 8058.59', ' 0.536'], [' 35.451', ' 7961.217', ' 0.536'], [' 36.436', ' 6337.603', ' 0.268'], [' 17.672', ' 1063.245', ' 0.0'], [' 33.706', ' 4088.449', ' 0.0'], [' 36.121', ' 5076.772', ' 0.0'], [' 37.367', ' 10593.856', ' 0.268'], [' 42.017', ' 5800.782', ' 0.0'], [' 25.358', ' 2125.9', ' 0.0'], [' 35.282', ' 26230.414', ' 1.34'], [' 25.59', ' 4747.972', ' 0.0'], [' 27.466', ' 6499.946', ' 0.536'], [' 23.546', ' 1046.33', ' 0.0'], [' 24.03', ' 3093.098', ' 0.0'], [' 21.14', ' 1594.976', ' 0.0'], [' 35.011', ' 15610.715', ' 0.0'], [' 41.765', ' 10701.253', ' 0.268'], [' 30.757', ' 11367.217', ' 0.0'], [' 22.81', ' 3129.737', ' 0.0'], [' 30.355', ' 2179.799', ' 0.804'], [' 31.813', ' 8487.722', ' 0.0'], [' 22.117', ' 2674.022', ' 0.0'], [' 31.778', ' 17690.523', ' 1.072']]]
3. most: [' 25.061', ' 1389.593', ' 0.0']
4: rand:3187.0574166666665
4: rand:1552.4258666666667
4: rand:3571.2200555555555
4: rand:4818.002904761905
4: rand:2972.081708333333
4: rand:2070.671962962963
4: rand:2392.1043666666665
4: rand:4578.684
4: rand:2148.3628611111108
4: rand:2338.7479487179485
5: mid: [0, 0, 0]
5: mid: [0, 0, 0]
5: mid: [0, 0, 0]
5: mid: [0, 0, 0]
5: mid: [0, 0, 0]
5: mid: [0, 0, 0]
5: mid: [0, 0, 0]
5: mid: [0, 0, 0]
5: mid: [0, 0, 0]
5: mid: [0, 0, 0]

========================================================================================================================
========================================================================================================================
Current random seed:  80
[' EFFORT-', ' MONTHS-', ' DEFECTS-', ' RISKS-']
1. top6:[[' 38.116', ' 13152.275', ' 0.0'], [' 21.243', ' 1261.188', ' 0.268'], [' 29.174', ' 7142.077', ' 1.609'], [' 43.726', ' 21791.912', ' 1.072'], [' 37.478', ' 10679.695', ' 0.536'], [' 28.991', ' 8000.7', ' 0.0']]
2. top50:[[[' 38.116', ' 13152.275', ' 0.0'], [' 21.243', ' 1261.188', ' 0.268'], [' 29.174', ' 7142.077', ' 1.609'], [' 43.726', ' 21791.912', ' 1.072'], [' 37.478', ' 10679.695', ' 0.536'], [' 28.991', ' 8000.7', ' 0.0'], [' 33.183', ' 6307.137', ' 0.268'], [' 18.009', ' 729.233', ' 0.268'], [' 30.975', ' 3528.101', ' 0.0'], [' 27.342', ' 3177.99', ' 0.0'], [' 32.195', ' 12419.444', ' 0.0'], [' 34.373', ' 11124.121', ' 0.0'], [' 27.679', ' 2281.994', ' 0.536'], [' 29.354', ' 14687.314', ' 0.0'], [' 37.411', ' 8191.469', ' 0.268'], [' 32.655', ' 10593.401', ' 0.0'], [' 23.012', ' 5319.8', ' 0.268'], [' 23.5', ' 3726.565', ' 0.0'], [' 38.474', ' 22510.339', ' 0.0'], [' 32.606', ' 12829.57', ' 0.536'], [' 34.862', ' 8508.018', ' 0.0'], [' 24.548', ' 13076.876', ' 1.072'], [' 47.26', ' 18723.972', ' 0.536'], [' 29.992', ' 3343.514', ' 0.268'], [' 31.69', ' 5595.899', ' 0.0'], [' 39.418', ' 17362.914', ' 1.609'], [' 39.292', ' 24702.56', ' 0.804'], [' 26.551', ' 2756.909', ' 0.268'], [' 28.491', ' 2938.627', ' 0.268'], [' 19.031', ' 999.68', ' 0.0'], [' 20.666', ' 2046.848', ' 0.0'], [' 37.099', ' 23803.697', ' 0.268'], [' 22.178', ' 1669.779', ' 0.0'], [' 23.59', ' 4842.455', ' 1.072'], [' 34.869', ' 6955.879', ' 0.0'], [' 26.943', ' 5477.899', ' 0.0'], [' 27.192', ' 3868.961', ' 0.536'], [' 47.928', ' 9372.115', ' 1.072'], [' 35.766', ' 13302.766', ' 0.536'], [' 29.881', ' 2781.285', ' 1.609'], [' 26.925', ' 5582.537', ' 0.0'], [' 20.969', ' 2347.7', ' 0.0'], [' 34.408', ' 3685.718', ' 0.0'], [' 16.5', ' 1020.107', ' 0.0'], [' 37.37', ' 47853.203', ' 0.804'], [' 36.091', ' 7035.343', ' 0.804'], [' 43.693', ' 26022.348', ' 0.536'], [' 29.053', ' 5976.178', ' 0.0'], [' 39.332', ' 4528.871', ' 0.268'], [' 35.725', ' 12938.553', ' 0.0']]]
3. most: [' 38.116', ' 13152.275', ' 0.0']
4: rand:1843.0585
4: rand:1304.788
4: rand:3497.872611111111
4: rand:5180.1368571428575
4: rand:6610.798
4: rand:3862.8005185185184
4: rand:4686.259733333334
4: rand:2540.6599393939396
4: rand:3586.949
4: rand:2341.5809230769228
5: mid: [0, 0, 0]
5: mid: [0, 0, 0]
5: mid: [0, 0, 0]
5: mid: [0, 0, 0]
5: mid: [0, 0, 0]
5: mid: [0, 0, 0]
5: mid: [0, 0, 0]
5: mid: [0, 0, 0]
5: mid: [0, 0, 0]
5: mid: [0, 0, 0]

========================================================================================================================
========================================================================================================================
Current random seed:  76
[' EFFORT-', ' MONTHS-', ' DEFECTS-', ' RISKS-']
1. top6:[[' 31.177', ' 7451.408', ' 0.268'], [' 30.626', ' 7087.269', ' 0.0'], [' 29.746', ' 13368.131', ' 0.0'], [' 27.173', ' 2239.997', ' 0.0'], [' 47.916', ' 20336.836', ' 0.268'], [' 24.133', ' 2994.586', ' 0.0']]
2. top50:[[[' 31.177', ' 7451.408', ' 0.268'], [' 30.626', ' 7087.269', ' 0.0'], [' 29.746', ' 13368.131', ' 0.0'], [' 27.173', ' 2239.997', ' 0.0'], [' 47.916', ' 20336.836', ' 0.268'], [' 24.133', ' 2994.586', ' 0.0'], [' 37.876', ' 22514.619', ' 0.268'], [' 15.2', ' 754.68', ' 0.0'], [' 23.682', ' 4392.401', ' 0.536'], [' 22.327', ' 4442.66', ' 0.0'], [' 24.954', ' 5285.512', ' 0.0'], [' 23.57', ' 1348.084', ' 0.268'], [' 34.92', ' 12010.133', ' 0.0'], [' 41.326', ' 12590.48', ' 0.268'], [' 38.488', ' 14789.13', ' 0.536'], [' 50.35', ' 20516.077', ' 0.536'], [' 20.022', ' 2175.389', ' 0.0'], [' 42.786', ' 51362.592', ' 0.804'], [' 23.226', ' 1395.636', ' 0.536'], [' 15.872', ' 611.452', ' 0.536'], [' 26.673', ' 4543.593', ' 0.804'], [' 31.445', ' 4569.982', ' 0.0'], [' 38.114', ' 6840.319', ' 0.268'], [' 13.657', ' 206.86', ' 0.0'], [' 30.942', ' 3395.858', ' 0.0'], [' 31.035', ' 5164.401', ' 0.0'], [' 33.157', ' 11876.841', ' 0.268'], [' 29.577', ' 4965.672', ' 0.536'], [' 28.168', ' 3056.904', ' 0.0'], [' 27.342', ' 3177.99', ' 0.0'], [' 39.113', ' 25503.492', ' 0.268'], [' 25.995', ' 4842.224', ' 0.0'], [' 29.025', ' 7446.016', ' 2.145'], [' 26.211', ' 10066.473', ' 1.609'], [' 37.944', ' 11033.657', ' 0.0'], [' 24.56', ' 1758.577', ' 0.0'], [' 30.68', ' 4325.034', ' 0.0'], [' 20.42', ' 1559.401', ' 0.0'], [' 27.437', ' 3741.548', ' 0.536'], [' 27.995', ' 4370.797', ' 0.0'], [' 30.245', ' 6999.67', ' 0.268'], [' 34.241', ' 8115.499', ' 0.0'], [' 24.619', ' 2331.223', ' 0.0'], [' 20.293', ' 3194.519', ' 0.268'], [' 16.331', ' 631.418', ' 0.0'], [' 26.308', ' 3272.013', ' 0.0'], [' 28.461', ' 10415.806', ' 0.0'], [' 34.287', ' 35453.198', ' 0.268'], [' 28.356', ' 4716.082', ' 0.0'], [' 25.061', ' 1389.593', ' 0.0']]]
3. most: [' 31.177', ' 7451.408', ' 0.268']
4: rand:1520.0607499999996
4: rand:2654.0829333333336
4: rand:756.4158333333334
4: rand:2879.734666666667
4: rand:4599.395541666666
4: rand:1847.0065925925926
4: rand:2095.1923999999995
4: rand:4663.957787878789
4: rand:4170.047972222222
4: rand:2483.089282051282
5: mid: [0, 0, 0]
5: mid: [0, 0, 0]
5: mid: [0, 0, 0]
5: mid: [0, 0, 0]
5: mid: [0, 0, 0]
5: mid: [0, 0, 0]
5: mid: [0, 0, 0]
5: mid: [0, 0, 0]
5: mid: [0, 0, 0]
5: mid: [0, 0, 0]

========================================================================================================================
========================================================================================================================
Current random seed:  62
[' EFFORT-', ' MONTHS-', ' DEFECTS-', ' RISKS-']
1. top6:[[' 32.488', ' 5046.68', ' 0.0'], [' 28.491', ' 2938.627', ' 0.268'], [' 23.927', ' 5355.352', ' 0.0'], [' 34.253', ' 13804.512', ' 0.268'], [' 31.065', ' 3567.967', ' 0.0'], [' 19.911', ' 5093.636', ' 0.804']]
2. top50:[[[' 32.488', ' 5046.68', ' 0.0'], [' 28.491', ' 2938.627', ' 0.268'], [' 23.927', ' 5355.352', ' 0.0'], [' 34.253', ' 13804.512', ' 0.268'], [' 31.065', ' 3567.967', ' 0.0'], [' 19.911', ' 5093.636', ' 0.804'], [' 36.931', ' 14771.567', ' 0.0'], [' 32.398', ' 7659.977', ' 0.0'], [' 32.983', ' 10894.554', ' 0.0'], [' 25.991', ' 3359.934', ' 0.0'], [' 38.186', ' 24276.551', ' 1.34'], [' 33.241', ' 10502.128', ' 0.0'], [' 34.043', ' 4570.199', ' 0.536'], [' 18.61', ' 740.004', ' 0.0'], [' 26.824', ' 2722.605', ' 0.0'], [' 23.708', ' 3972.159', ' 0.0'], [' 20.844', ' 838.036', ' 0.268'], [' 29.027', ' 6175.423', ' 0.268'], [' 27.739', ' 5537.779', ' 0.536'], [' 31.037', ' 16761.174', ' 2.145'], [' 35.771', ' 9858.516', ' 2.145'], [' 33.871', ' 3996.91', ' 0.536'], [' 36.114', ' 9440.811', ' 0.0'], [' 17.375', ' 824.721', ' 0.0'], [' 36.79', ' 13725.366', ' 0.268'], [' 16.409', ' 420.767', ' 0.268'], [' 40.455', ' 26430.462', ' 0.536'], [' 34.14', ' 19689.38', ' 0.536'], [' 22.274', ' 1452.661', ' 0.0'], [' 24.879', ' 2712.2', ' 0.536'], [' 28.09', ' 3362.957', ' 0.268'], [' 23.838', ' 4703.919', ' 0.536'], [' 34.246', ' 12059.524', ' 1.34'], [' 39.834', ' 15498.483', ' 0.0'], [' 42.589', ' 16001.518', ' 0.0'], [' 45.238', ' 19870.307', ' 0.0'], [' 35.093', ' 8284.228', ' 0.804'], [' 24.539', ' 6354.207', ' 0.268'], [' 44.777', ' 11798.971', ' 0.804'], [' 27.855', ' 7429.288', ' 1.877'], [' 35.701', ' 4867.261', ' 0.0'], [' 29.494', ' 4364.646', ' 0.536'], [' 30.616', ' 9268.016', ' 1.072'], [' 31.322', ' 8556.64', ' 0.0'], [' 32.114', ' 11843.977', ' 0.268'], [' 32.944', ' 27412.413', ' 0.268'], [' 39.092', ' 59914.08', ' 0.0'], [' 23.648', ' 1484.514', ' 1.072'], [' 31.184', ' 11449.475', ' 0.804'], [' 30.459', ' 8338.536', ' 1.072']]]
3. most: [' 32.488', ' 5046.68', ' 0.0']
4: rand:1430.5635833333333
4: rand:3223.1494000000007
4: rand:1222.0825555555555
4: rand:2378.9419999999996
4: rand:2609.9472500000006
4: rand:2759.6334814814813
4: rand:1734.7329
4: rand:2903.8078787878785
4: rand:2727.404611111111
4: rand:3017.490358974359
5: mid: [0, 0, 0]
5: mid: [0, 0, 0]
5: mid: [0, 0, 0]
5: mid: [0, 0, 0]
5: mid: [0, 0, 0]
5: mid: [0, 0, 0]
5: mid: [0, 0, 0]
5: mid: [0, 0, 0]
5: mid: [0, 0, 0]
5: mid: [0, 0, 0]

========================================================================================================================
========================================================================================================================
Current random seed:  42
[' EFFORT-', ' MONTHS-', ' DEFECTS-', ' RISKS-']
1. top6:[[' 28.468', ' 4767.022', ' 0.536'], [' 31.219', ' 15613.025', ' 0.804'], [' 30.768', ' 6971.124', ' 0.536'], [' 34.686', ' 4181.245', ' 0.0'], [' 16.366', ' 364.513', ' 0.0'], [' 27.617', ' 3551.933', ' 0.0']]
2. top50:[[[' 28.468', ' 4767.022', ' 0.536'], [' 31.219', ' 15613.025', ' 0.804'], [' 30.768', ' 6971.124', ' 0.536'], [' 34.686', ' 4181.245', ' 0.0'], [' 16.366', ' 364.513', ' 0.0'], [' 27.617', ' 3551.933', ' 0.0'], [' 17.429', ' 590.659', ' 0.804'], [' 14.693', ' 745.725', ' 0.0'], [' 12.113', ' 245.933', ' 0.0'], [' 26.39', ' 2340.133', ' 0.0'], [' 31.499', ' 11059.192', ' 1.877'], [' 37.277', ' 6389.976', ' 0.268'], [' 27.183', ' 10013.922', ' 0.0'], [' 27.949', ' 8336.541', ' 0.0'], [' 12.404', ' 151.946', ' 0.536'], [' 33.945', ' 11422.639', ' 0.268'], [' 25.303', ' 5149.558', ' 0.0'], [' 28.2', ' 8368.667', ' 0.536'], [' 39.309', ' 8467.362', ' 0.0'], [' 21.732', ' 1763.873', ' 0.0'], [' 16.758', ' 454.635', ' 0.536'], [' 31.717', ' 8096.462', ' 0.536'], [' 22.829', ' 2027.781', ' 0.0'], [' 31.054', ' 14387.77', ' 0.0'], [' 25.862', ' 3570.896', ' 0.0'], [' 30.025', ' 2571.141', ' 0.0'], [' 26.069', ' 5701.606', ' 0.0'], [' 25.77', ' 9460.831', ' 0.0'], [' 37.599', ' 15724.999', ' 0.0'], [' 31.265', ' 2905.502', ' 0.0'], [' 23.128', ' 1087.138', ' 0.0'], [' 32.924', ' 6529.335', ' 0.268'], [' 33.001', ' 11517.289', ' 0.0'], [' 32.516', ' 8474.313', ' 0.0'], [' 28.293', ' 5426.268', ' 0.268'], [' 33.529', ' 2611.702', ' 0.268'], [' 29.546', ' 3684.448', ' 0.0'], [' 43.182', ' 14137.949', ' 0.0'], [' 37.878', ' 24948.559', ' 0.804'], [' 14.003', ' 499.358', ' 0.0'], [' 32.782', ' 12645.481', ' 0.0'], [' 22.323', ' 2777.888', ' 0.268'], [' 25.915', ' 2905.531', ' 0.0'], [' 23.921', ' 2009.48', ' 0.268'], [' 17.051', ' 618.655', ' 0.268'], [' 32.965', ' 10397.9', ' 0.268'], [' 28.191', ' 2585.85', ' 0.0'], [' 24.959', ' 3172.484', ' 0.0'], [' 27.506', ' 9118.206', ' 0.0'], [' 32.829', ' 4947.271', ' 0.268']]]
3. most: [' 28.468', ' 4767.022', ' 0.536']
4: rand:3932.0784999999996
4: rand:1844.5254
4: rand:1792.8932777777777
4: rand:2155.643095238095
4: rand:2613.6004166666667
4: rand:3088.503296296296
4: rand:1170.4880999999998
4: rand:1544.1226060606061
4: rand:3327.248944444444
4: rand:2195.3216410256414
5: mid: [0, 0, 0]
5: mid: [0, 0, 0]
5: mid: [0, 0, 0]
5: mid: [0, 0, 0]
5: mid: [0, 0, 0]
5: mid: [0, 0, 0]
5: mid: [0, 0, 0]
5: mid: [0, 0, 0]
5: mid: [0, 0, 0]
5: mid: [0, 0, 0]

========================================================================================================================
========================================================================================================================
Current random seed:  87
[' EFFORT-', ' MONTHS-', ' DEFECTS-', ' RISKS-']
1. top6:[[' 21.238', ' 900.856', ' 0.0'], [' 24.455', ' 1796.976', ' 0.0'], [' 37.735', ' 13024.428', ' 0.0'], [' 33.529', ' 2611.702', ' 0.268'], [' 29.342', ' 4973.588', ' 0.0'], [' 24.461', ' 3113.725', ' 0.0']]
2. top50:[[[' 21.238', ' 900.856', ' 0.0'], [' 24.455', ' 1796.976', ' 0.0'], [' 37.735', ' 13024.428', ' 0.0'], [' 33.529', ' 2611.702', ' 0.268'], [' 29.342', ' 4973.588', ' 0.0'], [' 24.461', ' 3113.725', ' 0.0'], [' 25.586', ' 4471.127', ' 0.0'], [' 22.458', ' 2697.911', ' 0.536'], [' 32.77', ' 13609.0', ' 1.877'], [' 28.101', ' 5090.894', ' 0.0'], [' 21.449', ' 811.42', ' 0.268'], [' 19.726', ' 2164.401', ' 0.0'], [' 34.083', ' 12581.9', ' 0.268'], [' 38.811', ' 11580.373', ' 0.268'], [' 24.59', ' 3508.425', ' 0.268'], [' 45.23', ' 40989.472', ' 0.0'], [' 15.36', ' 1296.669', ' 0.0'], [' 24.129', ' 2930.629', ' 0.0'], [' 30.656', ' 4325.83', ' 0.536'], [' 21.571', ' 2138.716', ' 0.268'], [' 28.872', ' 8911.685', ' 0.0'], [' 40.297', ' 20133.5', ' 0.268'], [' 17.101', ' 468.022', ' 0.0'], [' 34.258', ' 10179.606', ' 1.072'], [' 33.008', ' 9150.922', ' 0.0'], [' 35.109', ' 5970.729', ' 0.0'], [' 33.451', ' 9899.074', ' 0.536'], [' 29.906', ' 4941.043', ' 0.268'], [' 49.078', ' 10567.657', ' 0.804'], [' 36.5', ' 28612.752', ' 0.536'], [' 36.546', ' 11913.751', ' 0.268'], [' 27.337', ' 3411.81', ' 0.0'], [' 30.616', ' 9268.016', ' 1.072'], [' 25.741', ' 1183.8', ' 0.0'], [' 27.098', ' 3610.711', ' 0.0'], [' 41.234', ' 7360.795', ' 0.536'], [' 24.064', ' 3719.954', ' 0.536'], [' 36.226', ' 13370.207', ' 0.0'], [' 26.533', ' 7606.444', ' 2.145'], [' 23.495', ' 3055.686', ' 0.0'], [' 13.961', ' 842.007', ' 0.0'], [' 37.982', ' 26216.345', ' 0.268'], [' 30.37', ' 4277.001', ' 1.609'], [' 25.856', ' 3923.026', ' 0.0'], [' 25.413', ' 1224.667', ' 0.0'], [' 25.968', ' 6969.58', ' 0.0'], [' 25.868', ' 3991.49', ' 0.268'], [' 30.425', ' 5575.112', ' 1.34'], [' 40.551', ' 21251.701', ' 0.268'], [' 22.415', ' 1158.951', ' 0.0']]]
3. most: [' 21.238', ' 900.856', ' 0.0']
4: rand:1451.6604166666666
4: rand:2080.2843999999996
4: rand:2080.179111111111
4: rand:2553.3902857142857
4: rand:1740.343791666667
4: rand:1230.5504444444446
4: rand:2269.6704999999997
4: rand:3256.4062424242425
4: rand:2692.228194444444
4: rand:3544.3187948717946
5: mid: [0, 0, 0]
5: mid: [0, 0, 0]
5: mid: [0, 0, 0]
5: mid: [0, 0, 0]
5: mid: [0, 0, 0]
5: mid: [0, 0, 0]
5: mid: [0, 0, 0]
5: mid: [0, 0, 0]
5: mid: [0, 0, 0]
5: mid: [0, 0, 0]

========================================================================================================================
========================================================================================================================
Current random seed:  26
[' EFFORT-', ' MONTHS-', ' DEFECTS-', ' RISKS-']
1. top6:[[' 40.424', ' 13516.458', ' 2.145'], [' 34.883', ' 5422.58', ' 0.268'], [' 30.101', ' 5056.146', ' 1.877'], [' 18.804', ' 1311.106', ' 2.413'], [' 23.157', ' 3889.606', ' 0.0'], [' 31.466', ' 10690.672', ' 0.536']]
2. top50:[[[' 40.424', ' 13516.458', ' 2.145'], [' 34.883', ' 5422.58', ' 0.268'], [' 30.101', ' 5056.146', ' 1.877'], [' 18.804', ' 1311.106', ' 2.413'], [' 23.157', ' 3889.606', ' 0.0'], [' 31.466', ' 10690.672', ' 0.536'], [' 25.275', ' 3976.586', ' 0.268'], [' 31.834', ' 11253.869', ' 0.0'], [' 46.963', ' 18555.317', ' 0.268'], [' 29.983', ' 3366.178', ' 0.536'], [' 31.427', ' 5428.417', ' 0.0'], [' 24.866', ' 2686.634', ' 1.34'], [' 21.697', ' 1728.942', ' 1.34'], [' 20.215', ' 1183.955', ' 0.0'], [' 33.732', ' 10676.327', ' 0.268'], [' 26.861', ' 1975.149', ' 0.268'], [' 33.817', ' 5579.782', ' 1.609'], [' 32.637', ' 7442.615', ' 0.536'], [' 31.287', ' 10194.983', ' 0.0'], [' 41.121', ' 10641.468', ' 0.0'], [' 42.982', ' 45112.594', ' 0.804'], [' 25.194', ' 1332.273', ' 0.0'], [' 20.423', ' 1130.361', ' 0.268'], [' 24.85', ' 3134.331', ' 0.268'], [' 22.519', ' 1969.766', ' 0.536'], [' 26.467', ' 5782.639', ' 1.34'], [' 26.256', ' 6757.864', ' 0.268'], [' 44.936', ' 14936.882', ' 0.268'], [' 40.028', ' 11386.696', ' 0.0'], [' 37.88', ' 12168.363', ' 1.072'], [' 28.878', ' 10062.635', ' 0.0'], [' 22.506', ' 1121.274', ' 0.0'], [' 27.799', ' 4106.439', ' 0.0'], [' 23.193', ' 3777.334', ' 0.0'], [' 31.228', ' 8256.615', ' 0.0'], [' 43.123', ' 29556.758', ' 0.804'], [' 16.685', ' 661.764', ' 1.072'], [' 26.554', ' 3276.763', ' 0.268'], [' 40.992', ' 8866.955', ' 0.0'], [' 29.782', ' 10974.11', ' 1.072'], [' 31.477', ' 2638.615', ' 0.0'], [' 32.592', ' 36244.383', ' 0.268'], [' 21.51', ' 2344.205', ' 0.0'], [' 31.731', ' 7540.726', ' 0.268'], [' 32.866', ' 3772.521', ' 0.0'], [' 38.428', ' 11159.858', ' 1.877'], [' 18.119', ' 1167.589', ' 0.268'], [' 29.403', ' 12858.662', ' 0.536'], [' 31.844', ' 6458.132', ' 0.268'], [' 24.719', ' 4489.346', ' 0.0']]]
3. most: [' 40.424', ' 13516.458', ' 2.145']
4: rand:1748.1680000000003
4: rand:3723.9164666666666
4: rand:1232.7167222222222
4: rand:1788.7119999999995
4: rand:3537.1481666666673
4: rand:4974.376074074074
4: rand:1526.3980999999999
4: rand:2834.83006060606
4: rand:3316.322333333333
4: rand:2890.0223846153845
5: mid: [0, 0, 0]
5: mid: [0, 0, 0]
5: mid: [0, 0, 0]
5: mid: [0, 0, 0]
5: mid: [0, 0, 0]
5: mid: [0, 0, 0]
5: mid: [0, 0, 0]
5: mid: [0, 0, 0]
5: mid: [0, 0, 0]
5: mid: [0, 0, 0]

========================================================================================================================
========================================================================================================================
Current random seed:  83
[' EFFORT-', ' MONTHS-', ' DEFECTS-', ' RISKS-']
1. top6:[[' 19.045', ' 1158.835', ' 0.536'], [' 21.204', ' 1593.893', ' 2.413'], [' 19.049', ' 2027.973', ' 1.877'], [' 25.319', ' 2058.621', ' 0.536'], [' 26.524', ' 1941.204', ' 0.268'], [' 12.353', ' 198.843', ' 0.536']]
2. top50:[[[' 19.045', ' 1158.835', ' 0.536'], [' 21.204', ' 1593.893', ' 2.413'], [' 19.049', ' 2027.973', ' 1.877'], [' 25.319', ' 2058.621', ' 0.536'], [' 26.524', ' 1941.204', ' 0.268'], [' 12.353', ' 198.843', ' 0.536'], [' 42.117', ' 31663.233', ' 0.536'], [' 39.254', ' 42625.65', ' 1.072'], [' 24.455', ' 1796.976', ' 0.0'], [' 23.538', ' 1319.838', ' 0.268'], [' 42.128', ' 21096.324', ' 0.804'], [' 28.247', ' 6920.025', ' 0.268'], [' 28.027', ' 5814.428', ' 0.0'], [' 35.932', ' 4831.738', ' 0.804'], [' 33.676', ' 16619.851', ' 0.536'], [' 35.293', ' 7035.449', ' 0.536'], [' 40.004', ' 14796.806', ' 1.609'], [' 43.56', ' 20077.074', ' 0.268'], [' 18.666', ' 1879.494', ' 0.0'], [' 41.916', ' 29218.803', ' 1.877'], [' 27.723', ' 4963.555', ' 0.0'], [' 24.419', ' 1331.444', ' 0.0'], [' 35.117', ' 13262.909', ' 0.0'], [' 17.989', ' 438.304', ' 0.0'], [' 32.944', ' 27412.413', ' 0.268'], [' 32.127', ' 5661.982', ' 0.0'], [' 36.228', ' 3772.521', ' 0.0'], [' 32.863', ' 24265.455', ' 2.145'], [' 28.159', ' 5398.335', ' 0.268'], [' 32.473', ' 13933.228', ' 0.536'], [' 31.617', ' 3592.525', ' 0.536'], [' 23.24', ' 1838.995', ' 0.0'], [' 32.235', ' 9988.617', ' 0.0'], [' 31.834', ' 11253.869', ' 0.0'], [' 28.831', ' 5997.313', ' 0.0'], [' 27.892', ' 12456.436', ' 0.0'], [' 21.144', ' 2907.584', ' 1.609'], [' 44.854', ' 18990.101', ' 0.0'], [' 37.178', ' 8401.683', ' 0.0'], [' 21.795', ' 2138.344', ' 0.0'], [' 23.619', ' 1449.82', ' 0.268'], [' 44.379', ' 20568.758', ' 0.268'], [' 23.843', ' 2909.505', ' 0.0'], [' 31.362', ' 1980.714', ' 1.877'], [' 27.892', ' 4563.382', ' 0.536'], [' 16.508', ' 449.177', ' 0.268'], [' 27.682', ' 3658.41', ' 0.0'], [' 28.547', ' 6978.195', ' 0.268'], [' 44.719', ' 22539.671', ' 0.0'], [' 28.707', ' 3545.141', ' 0.0']]]
3. most: [' 19.045', ' 1158.835', ' 0.536']
4: rand:1992.3015000000003
4: rand:3096.7870666666663
4: rand:1634.797111111111
4: rand:1726.3413333333333
4: rand:2668.8414166666666
4: rand:2673.8135185185183
4: rand:1451.5027
4: rand:1921.466909090909
4: rand:2360.241222222222
4: rand:2327.8856666666666
5: mid: [0, 0, 0]
5: mid: [0, 0, 0]
5: mid: [0, 0, 0]
5: mid: [0, 0, 0]
5: mid: [0, 0, 0]
5: mid: [0, 0, 0]
5: mid: [0, 0, 0]
5: mid: [0, 0, 0]
5: mid: [0, 0, 0]
5: mid: [0, 0, 0]

========================================================================================================================
========================================================================================================================
Current random seed:  60
[' EFFORT-', ' MONTHS-', ' DEFECTS-', ' RISKS-']
1. top6:[[' 11.823', ' 162.261', ' 0.0'], [' 37.613', ' 28696.386', ' 1.072'], [' 36.109', ' 5572.146', ' 0.0'], [' 35.795', ' 16243.151', ' 1.34'], [' 32.743', ' 11622.793', ' 0.0'], [' 36.877', ' 16135.164', ' 0.268']]
2. top50:[[[' 11.823', ' 162.261', ' 0.0'], [' 37.613', ' 28696.386', ' 1.072'], [' 36.109', ' 5572.146', ' 0.0'], [' 35.795', ' 16243.151', ' 1.34'], [' 32.743', ' 11622.793', ' 0.0'], [' 36.877', ' 16135.164', ' 0.268'], [' 23.339', ' 2903.641', ' 0.536'], [' 28.443', ' 4099.735', ' 0.0'], [' 39.524', ' 17494.63', ' 0.0'], [' 26.018', ' 2373.04', ' 0.536'], [' 32.295', ' 10383.965', ' 0.0'], [' 32.354', ' 7285.711', ' 0.0'], [' 38.903', ' 11571.204', ' 0.0'], [' 26.61', ' 2106.718', ' 0.0'], [' 38.803', ' 25483.925', ' 2.145'], [' 37.102', ' 7626.062', ' 0.0'], [' 40.479', ' 15775.532', ' 0.0'], [' 39.374', ' 21879.736', ' 0.0'], [' 35.117', ' 13262.909', ' 0.0'], [' 28.219', ' 7801.977', ' 0.0'], [' 17.591', ' 444.01', ' 0.536'], [' 19.966', ' 4415.182', ' 0.268'], [' 26.528', ' 4051.33', ' 0.0'], [' 27.301', ' 4825.411', ' 1.072'], [' 24.635', ' 7473.715', ' 0.0'], [' 30.678', ' 10179.573', ' 0.536'], [' 32.865', ' 16497.816', ' 0.0'], [' 14.223', ' 152.79', ' 0.536'], [' 35.965', ' 12685.949', ' 0.0'], [' 40.52', ' 21405.852', ' 1.877'], [' 27.597', ' 2651.906', ' 0.0'], [' 23.457', ' 1424.132', ' 0.0'], [' 19.863', ' 727.03', ' 0.0'], [' 19.88', ' 1123.311', ' 0.0'], [' 24.64', ' 3016.493', ' 0.0'], [' 31.372', ' 2297.566', ' 0.804'], [' 21.555', ' 2825.712', ' 0.0'], [' 40.302', ' 12002.066', ' 1.877'], [' 26.092', ' 5937.315', ' 0.268'], [' 33.852', ' 8236.664', ' 0.268'], [' 26.015', ' 1618.554', ' 0.268'], [' 25.909', ' 4254.068', ' 0.536'], [' 42.515', ' 15031.68', ' 0.268'], [' 22.357', ' 2049.009', ' 0.268'], [' 33.041', ' 2465.351', ' 0.0'], [' 23.669', ' 1866.724', ' 0.0'], [' 24.013', ' 5988.762', ' 0.0'], [' 34.257', ' 5698.863', ' 0.536'], [' 21.43', ' 1653.34', ' 0.0'], [' 39.047', ' 14836.068', ' 0.0']]]
3. most: [' 11.823', ' 162.261', ' 0.0']
4: rand:1908.1638333333333
4: rand:4950.521266666666
4: rand:2484.950055555555
4: rand:3763.0394761904763
4: rand:2379.6044166666666
4: rand:1828.4477037037036
4: rand:1750.548633333333
4: rand:1635.5516969696969
4: rand:2325.9583611111107
4: rand:3538.781307692308
5: mid: [0, 0, 0]
5: mid: [0, 0, 0]
5: mid: [0, 0, 0]
5: mid: [0, 0, 0]
5: mid: [0, 0, 0]
5: mid: [0, 0, 0]
5: mid: [0, 0, 0]
5: mid: [0, 0, 0]
5: mid: [0, 0, 0]
5: mid: [0, 0, 0]

========================================================================================================================
========================================================================================================================
Current random seed:  32
[' EFFORT-', ' MONTHS-', ' DEFECTS-', ' RISKS-']
1. top6:[[' 30.326', ' 6080.899', ' 0.268'], [' 33.755', ' 7535.133', ' 0.536'], [' 40.751', ' 25192.639', ' 0.0'], [' 25.546', ' 2880.711', ' 0.536'], [' 33.021', ' 5941.653', ' 0.268'], [' 27.329', ' 2625.532', ' 0.0']]
2. top50:[[[' 30.326', ' 6080.899', ' 0.268'], [' 33.755', ' 7535.133', ' 0.536'], [' 40.751', ' 25192.639', ' 0.0'], [' 25.546', ' 2880.711', ' 0.536'], [' 33.021', ' 5941.653', ' 0.268'], [' 27.329', ' 2625.532', ' 0.0'], [' 43.159', ' 24062.028', ' 0.536'], [' 27.847', ' 3694.475', ' 1.072'], [' 25.483', ' 5831.174', ' 0.536'], [' 25.087', ' 5052.99', ' 0.0'], [' 31.028', ' 6908.084', ' 0.0'], [' 33.196', ' 14301.701', ' 0.0'], [' 27.442', ' 3177.451', ' 0.536'], [' 37.766', ' 7591.232', ' 0.0'], [' 26.276', ' 5232.15', ' 1.072'], [' 36.252', ' 12237.365', ' 0.268'], [' 17.625', ' 896.271', ' 0.0'], [' 27.596', ' 5254.113', ' 0.536'], [' 40.514', ' 6924.91', ' 0.0'], [' 43.201', ' 6099.631', ' 0.0'], [' 22.802', ' 2970.88', ' 0.0'], [' 38.229', ' 9271.139', ' 0.0'], [' 42.467', ' 20385.386', ' 0.268'], [' 33.728', ' 11884.25', ' 0.536'], [' 29.496', ' 6075.704', ' 1.609'], [' 34.67', ' 9747.936', ' 0.268'], [' 41.721', ' 27185.248', ' 1.877'], [' 33.73', ' 6190.603', ' 0.268'], [' 34.431', ' 8265.161', ' 0.536'], [' 30.93', ' 5374.483', ' 0.0'], [' 28.981', ' 9834.568', ' 0.0'], [' 28.313', ' 4476.909', ' 0.0'], [' 44.04', ' 29517.903', ' 1.34'], [' 24.944', ' 1599.074', ' 0.536'], [' 18.546', ' 2167.795', ' 0.268'], [' 32.81', ' 9445.391', ' 0.0'], [' 25.335', ' 1420.109', ' 0.536'], [' 46.729', ' 39045.182', ' 0.804'], [' 20.987', ' 1123.091', ' 0.268'], [' 33.102', ' 9324.141', ' 0.536'], [' 12.376', ' 309.866', ' 0.0'], [' 26.696', ' 3802.546', ' 1.072'], [' 28.39', ' 8545.471', ' 0.0'], [' 24.405', ' 1703.074', ' 0.0'], [' 16.708', ' 690.634', ' 0.0'], [' 35.683', ' 13322.716', ' 0.0'], [' 29.962', ' 5041.977', ' 0.268'], [' 22.95', ' 3798.462', ' 0.0'], [' 27.561', ' 4186.402', ' 0.0'], [' 28.287', ' 4239.613', ' 0.0']]]
3. most: [' 30.326', ' 6080.899', ' 0.268']
4: rand:1721.0721666666668
4: rand:1452.8312
4: rand:1496.553222222222
4: rand:3181.9461428571426
4: rand:2780.7887499999997
4: rand:1410.4581111111108
4: rand:2156.958933333334
4: rand:2158.784212121212
4: rand:1960.526888888889
4: rand:2206.867487179487
5: mid: [0, 0, 0]
5: mid: [0, 0, 0]
5: mid: [0, 0, 0]
5: mid: [0, 0, 0]
5: mid: [0, 0, 0]
5: mid: [0, 0, 0]
5: mid: [0, 0, 0]
5: mid: [0, 0, 0]
5: mid: [0, 0, 0]
5: mid: [0, 0, 0]

========================================================================================================================
